{"C:\\Users\\trendaryo\\Desktop\\Drop-Ship-Automatezip2\\Drop-Ship-Automatezip\\artifacts\\dropflow\\src\\App.tsx": {"path":"C:\\Users\\trendaryo\\Desktop\\Drop-Ship-Automatezip2\\Drop-Ship-Automatezip\\artifacts\\dropflow\\src\\App.tsx","statementMap":{"0":{"start":{"line":38,"column":20},"end":{"line":38,"column":null}},"1":{"start":{"line":41,"column":2},"end":{"line":75,"column":null}},"2":{"start":{"line":80,"column":2},"end":{"line":88,"column":null}}},"fnMap":{"0":{"name":"Router","decl":{"start":{"line":40,"column":9},"end":{"line":40,"column":18}},"loc":{"start":{"line":40,"column":18},"end":{"line":77,"column":null}},"line":40},"1":{"name":"App","decl":{"start":{"line":79,"column":9},"end":{"line":79,"column":15}},"loc":{"start":{"line":79,"column":15},"end":{"line":90,"column":null}},"line":79}},"branchMap":{},"s":{"0":0,"1":0,"2":0},"f":{"0":0,"1":0},"b":{},"meta":{"lastBranch":0,"lastFunction":2,"lastStatement":3,"seen":{"s:38:20:38:Infinity":0,"f:40:9:40:18":0,"s:41:2:75:Infinity":1,"f:79:9:79:15":1,"s:80:2:88:Infinity":2},"fnNames":{}}}
,"C:\\Users\\trendaryo\\Desktop\\Drop-Ship-Automatezip2\\Drop-Ship-Automatezip\\artifacts\\dropflow\\src\\components\\layout.tsx": {"path":"C:\\Users\\trendaryo\\Desktop\\Drop-Ship-Automatezip2\\Drop-Ship-Automatezip\\artifacts\\dropflow\\src\\components\\layout.tsx","statementMap":{"0":{"start":{"line":36,"column":8},"end":{"line":36,"column":null}},"1":{"start":{"line":37,"column":33},"end":{"line":37,"column":null}},"2":{"start":{"line":38,"column":29},"end":{"line":38,"column":null}},"3":{"start":{"line":39,"column":22},"end":{"line":43,"column":null}},"4":{"start":{"line":40,"column":4},"end":{"line":40,"column":null}},"5":{"start":{"line":40,"column":52},"end":{"line":40,"column":null}},"6":{"start":{"line":41,"column":20},"end":{"line":41,"column":null}},"7":{"start":{"line":42,"column":4},"end":{"line":42,"column":null}},"8":{"start":{"line":44,"column":2},"end":{"line":46,"column":null}},"9":{"start":{"line":50,"column":19},"end":{"line":106,"column":null}},"10":{"start":{"line":109,"column":17},"end":{"line":109,"column":null}},"11":{"start":{"line":110,"column":22},"end":{"line":110,"column":null}},"12":{"start":{"line":112,"column":2},"end":{"line":179,"column":null}},"13":{"start":{"line":122,"column":12},"end":{"line":144,"column":null}},"14":{"start":{"line":128,"column":31},"end":{"line":128,"column":null}},"15":{"start":{"line":130,"column":20},"end":{"line":131,"column":null}},"16":{"start":{"line":132,"column":18},"end":{"line":140,"column":null}}},"fnMap":{"0":{"name":"useTotalAlerts","decl":{"start":{"line":35,"column":9},"end":{"line":35,"column":26}},"loc":{"start":{"line":35,"column":26},"end":{"line":48,"column":null}},"line":35},"1":{"name":"(anonymous_1)","decl":{"start":{"line":39,"column":37},"end":{"line":39,"column":38}},"loc":{"start":{"line":39,"column":44},"end":{"line":43,"column":3}},"line":39},"2":{"name":"Layout","decl":{"start":{"line":108,"column":24},"end":{"line":108,"column":31}},"loc":{"start":{"line":108,"column":76},"end":{"line":181,"column":null}},"line":108},"3":{"name":"(anonymous_3)","decl":{"start":{"line":121,"column":26},"end":{"line":121,"column":27}},"loc":{"start":{"line":122,"column":12},"end":{"line":144,"column":null}},"line":122},"4":{"name":"(anonymous_4)","decl":{"start":{"line":127,"column":33},"end":{"line":127,"column":34}},"loc":{"start":{"line":127,"column":43},"end":{"line":142,"column":17}},"line":127}},"branchMap":{"0":{"loc":{"start":{"line":37,"column":16},"end":{"line":37,"column":33}},"type":"default-arg","locations":[{"start":{"line":37,"column":30},"end":{"line":37,"column":33}}],"line":37},"1":{"loc":{"start":{"line":38,"column":16},"end":{"line":38,"column":29}},"type":"default-arg","locations":[{"start":{"line":38,"column":26},"end":{"line":38,"column":29}}],"line":38},"2":{"loc":{"start":{"line":40,"column":4},"end":{"line":40,"column":null}},"type":"if","locations":[{"start":{"line":40,"column":4},"end":{"line":40,"column":null}},{"start":{},"end":{}}],"line":40},"3":{"loc":{"start":{"line":40,"column":8},"end":{"line":40,"column":52}},"type":"binary-expr","locations":[{"start":{"line":40,"column":8},"end":{"line":40,"column":29}},{"start":{"line":40,"column":29},"end":{"line":40,"column":52}}],"line":40},"4":{"loc":{"start":{"line":45,"column":5},"end":{"line":45,"column":null}},"type":"cond-expr","locations":[{"start":{"line":45,"column":38},"end":{"line":45,"column":59}},{"start":{"line":45,"column":59},"end":{"line":45,"column":null}}],"line":45},"5":{"loc":{"start":{"line":130,"column":20},"end":{"line":131,"column":null}},"type":"binary-expr","locations":[{"start":{"line":130,"column":20},"end":{"line":130,"column":null}},{"start":{"line":131,"column":21},"end":{"line":131,"column":42}},{"start":{"line":131,"column":42},"end":{"line":131,"column":null}}],"line":130},"6":{"loc":{"start":{"line":136,"column":125},"end":{"line":136,"column":235}},"type":"cond-expr","locations":[{"start":{"line":136,"column":136},"end":{"line":136,"column":167}},{"start":{"line":136,"column":167},"end":{"line":136,"column":235}}],"line":136},"7":{"loc":{"start":{"line":150,"column":115},"end":{"line":150,"column":246}},"type":"cond-expr","locations":[{"start":{"line":150,"column":147},"end":{"line":150,"column":178}},{"start":{"line":150,"column":178},"end":{"line":150,"column":246}}],"line":150},"8":{"loc":{"start":{"line":154,"column":15},"end":{"line":157,"column":null}},"type":"binary-expr","locations":[{"start":{"line":154,"column":15},"end":{"line":154,"column":null}},{"start":{"line":155,"column":16},"end":{"line":157,"column":null}}],"line":154},"9":{"loc":{"start":{"line":156,"column":19},"end":{"line":156,"column":null}},"type":"cond-expr","locations":[{"start":{"line":156,"column":37},"end":{"line":156,"column":44}},{"start":{"line":156,"column":44},"end":{"line":156,"column":null}}],"line":156},"10":{"loc":{"start":{"line":161,"column":13},"end":{"line":164,"column":null}},"type":"binary-expr","locations":[{"start":{"line":161,"column":13},"end":{"line":161,"column":null}},{"start":{"line":162,"column":14},"end":{"line":164,"column":null}}],"line":161},"11":{"loc":{"start":{"line":169,"column":115},"end":{"line":169,"column":241}},"type":"cond-expr","locations":[{"start":{"line":169,"column":142},"end":{"line":169,"column":173}},{"start":{"line":169,"column":173},"end":{"line":169,"column":241}}],"line":169}},"s":{"0":1,"1":1,"2":1,"3":1,"4":1,"5":0,"6":1,"7":1,"8":1,"9":1,"10":1,"11":1,"12":1,"13":7,"14":24,"15":24,"16":24},"f":{"0":1,"1":1,"2":1,"3":7,"4":24},"b":{"0":[1],"1":[1],"2":[0,1],"3":[1,1],"4":[1,0],"5":[24,23,23],"6":[1,23],"7":[0,1],"8":[1,1],"9":[0,1],"10":[1,1],"11":[0,1]},"meta":{"lastBranch":12,"lastFunction":5,"lastStatement":17,"seen":{"f:35:9:35:26":0,"s:36:8:36:Infinity":0,"s:37:33:37:Infinity":1,"b:37:30:37:33":0,"s:38:29:38:Infinity":2,"b:38:26:38:29":1,"s:39:22:43:Infinity":3,"f:39:37:39:38":1,"b:40:4:40:Infinity:undefined:undefined:undefined:undefined":2,"s:40:4:40:Infinity":4,"b:40:8:40:29:40:29:40:52":3,"s:40:52:40:Infinity":5,"s:41:20:41:Infinity":6,"s:42:4:42:Infinity":7,"s:44:2:46:Infinity":8,"b:45:38:45:59:45:59:45:Infinity":4,"s:50:19:106:Infinity":9,"f:108:24:108:31":2,"s:109:17:109:Infinity":10,"s:110:22:110:Infinity":11,"s:112:2:179:Infinity":12,"f:121:26:121:27":3,"s:122:12:144:Infinity":13,"f:127:33:127:34":4,"s:128:31:128:Infinity":14,"s:130:20:131:Infinity":15,"b:130:20:130:Infinity:131:21:131:42:131:42:131:Infinity":5,"s:132:18:140:Infinity":16,"b:136:136:136:167:136:167:136:235":6,"b:150:147:150:178:150:178:150:246":7,"b:154:15:154:Infinity:155:16:157:Infinity":8,"b:156:37:156:44:156:44:156:Infinity":9,"b:161:13:161:Infinity:162:14:164:Infinity":10,"b:169:142:169:173:169:173:169:241":11},"fnNames":{}}}
,"C:\\Users\\trendaryo\\Desktop\\Drop-Ship-Automatezip2\\Drop-Ship-Automatezip\\artifacts\\dropflow\\src\\hooks\\use-mobile.tsx": {"path":"C:\\Users\\trendaryo\\Desktop\\Drop-Ship-Automatezip2\\Drop-Ship-Automatezip\\artifacts\\dropflow\\src\\hooks\\use-mobile.tsx","statementMap":{"0":{"start":{"line":3,"column":26},"end":{"line":3,"column":null}},"1":{"start":{"line":6,"column":34},"end":{"line":8,"column":null}},"2":{"start":{"line":10,"column":2},"end":{"line":18,"column":null}},"3":{"start":{"line":11,"column":16},"end":{"line":11,"column":null}},"4":{"start":{"line":12,"column":21},"end":{"line":14,"column":null}},"5":{"start":{"line":13,"column":6},"end":{"line":13,"column":null}},"6":{"start":{"line":15,"column":4},"end":{"line":15,"column":null}},"7":{"start":{"line":16,"column":4},"end":{"line":16,"column":null}},"8":{"start":{"line":17,"column":4},"end":{"line":17,"column":null}},"9":{"start":{"line":17,"column":17},"end":{"line":17,"column":null}},"10":{"start":{"line":20,"column":2},"end":{"line":20,"column":null}}},"fnMap":{"0":{"name":"useIsMobile","decl":{"start":{"line":5,"column":16},"end":{"line":5,"column":30}},"loc":{"start":{"line":5,"column":30},"end":{"line":21,"column":null}},"line":5},"1":{"name":"(anonymous_1)","decl":{"start":{"line":10,"column":18},"end":{"line":10,"column":24}},"loc":{"start":{"line":10,"column":24},"end":{"line":18,"column":5}},"line":10},"2":{"name":"(anonymous_2)","decl":{"start":{"line":12,"column":21},"end":{"line":12,"column":27}},"loc":{"start":{"line":12,"column":27},"end":{"line":14,"column":null}},"line":12},"3":{"name":"(anonymous_3)","decl":{"start":{"line":17,"column":11},"end":{"line":17,"column":17}},"loc":{"start":{"line":17,"column":17},"end":{"line":17,"column":null}},"line":17}},"branchMap":{},"s":{"0":1,"1":3,"2":3,"3":1,"4":1,"5":1,"6":1,"7":1,"8":1,"9":1,"10":3},"f":{"0":3,"1":1,"2":1,"3":1},"b":{},"meta":{"lastBranch":0,"lastFunction":4,"lastStatement":11,"seen":{"s:3:26:3:Infinity":0,"f:5:16:5:30":0,"s:6:34:8:Infinity":1,"s:10:2:18:Infinity":2,"f:10:18:10:24":1,"s:11:16:11:Infinity":3,"s:12:21:14:Infinity":4,"f:12:21:12:27":2,"s:13:6:13:Infinity":5,"s:15:4:15:Infinity":6,"s:16:4:16:Infinity":7,"s:17:4:17:Infinity":8,"f:17:11:17:17":3,"s:17:17:17:Infinity":9,"s:20:2:20:Infinity":10},"fnNames":{}}}
,"C:\\Users\\trendaryo\\Desktop\\Drop-Ship-Automatezip2\\Drop-Ship-Automatezip\\artifacts\\dropflow\\src\\hooks\\use-toast.ts": {"path":"C:\\Users\\trendaryo\\Desktop\\Drop-Ship-Automatezip2\\Drop-Ship-Automatezip\\artifacts\\dropflow\\src\\hooks\\use-toast.ts","statementMap":{"0":{"start":{"line":5,"column":20},"end":{"line":5,"column":null}},"1":{"start":{"line":6,"column":27},"end":{"line":6,"column":null}},"2":{"start":{"line":15,"column":20},"end":{"line":20,"column":null}},"3":{"start":{"line":22,"column":12},"end":{"line":22,"column":null}},"4":{"start":{"line":25,"column":2},"end":{"line":25,"column":null}},"5":{"start":{"line":26,"column":2},"end":{"line":26,"column":null}},"6":{"start":{"line":53,"column":22},"end":{"line":53,"column":null}},"7":{"start":{"line":55,"column":25},"end":{"line":69,"column":null}},"8":{"start":{"line":56,"column":2},"end":{"line":58,"column":null}},"9":{"start":{"line":57,"column":4},"end":{"line":57,"column":null}},"10":{"start":{"line":60,"column":18},"end":{"line":66,"column":null}},"11":{"start":{"line":61,"column":4},"end":{"line":61,"column":null}},"12":{"start":{"line":62,"column":4},"end":{"line":65,"column":null}},"13":{"start":{"line":68,"column":2},"end":{"line":68,"column":null}},"14":{"start":{"line":71,"column":23},"end":{"line":124,"column":null}},"15":{"start":{"line":72,"column":2},"end":{"line":123,"column":null}},"16":{"start":{"line":74,"column":6},"end":{"line":77,"column":null}},"17":{"start":{"line":80,"column":6},"end":{"line":85,"column":null}},"18":{"start":{"line":83,"column":10},"end":{"line":83,"column":null}},"19":{"start":{"line":88,"column":26},"end":{"line":88,"column":null}},"20":{"start":{"line":92,"column":6},"end":{"line":98,"column":null}},"21":{"start":{"line":93,"column":8},"end":{"line":93,"column":null}},"22":{"start":{"line":95,"column":8},"end":{"line":97,"column":null}},"23":{"start":{"line":96,"column":10},"end":{"line":96,"column":null}},"24":{"start":{"line":100,"column":6},"end":{"line":110,"column":null}},"25":{"start":{"line":103,"column":10},"end":{"line":108,"column":null}},"26":{"start":{"line":113,"column":6},"end":{"line":118,"column":null}},"27":{"start":{"line":114,"column":8},"end":{"line":117,"column":null}},"28":{"start":{"line":119,"column":6},"end":{"line":122,"column":null}},"29":{"start":{"line":121,"column":43},"end":{"line":121,"column":66}},"30":{"start":{"line":126,"column":49},"end":{"line":126,"column":null}},"31":{"start":{"line":128,"column":25},"end":{"line":128,"column":null}},"32":{"start":{"line":131,"column":2},"end":{"line":131,"column":null}},"33":{"start":{"line":132,"column":2},"end":{"line":134,"column":null}},"34":{"start":{"line":133,"column":4},"end":{"line":133,"column":null}},"35":{"start":{"line":140,"column":13},"end":{"line":140,"column":null}},"36":{"start":{"line":142,"column":17},"end":{"line":146,"column":null}},"37":{"start":{"line":143,"column":4},"end":{"line":146,"column":null}},"38":{"start":{"line":147,"column":18},"end":{"line":147,"column":null}},"39":{"start":{"line":147,"column":24},"end":{"line":147,"column":null}},"40":{"start":{"line":149,"column":2},"end":{"line":159,"column":null}},"41":{"start":{"line":156,"column":8},"end":{"line":156,"column":null}},"42":{"start":{"line":156,"column":19},"end":{"line":156,"column":null}},"43":{"start":{"line":161,"column":2},"end":{"line":165,"column":null}},"44":{"start":{"line":169,"column":28},"end":{"line":169,"column":null}},"45":{"start":{"line":171,"column":2},"end":{"line":179,"column":null}},"46":{"start":{"line":172,"column":4},"end":{"line":172,"column":null}},"47":{"start":{"line":173,"column":4},"end":{"line":178,"column":null}},"48":{"start":{"line":174,"column":20},"end":{"line":174,"column":null}},"49":{"start":{"line":175,"column":6},"end":{"line":177,"column":null}},"50":{"start":{"line":176,"column":8},"end":{"line":176,"column":null}},"51":{"start":{"line":181,"column":2},"end":{"line":185,"column":null}},"52":{"start":{"line":184,"column":35},"end":{"line":184,"column":null}}},"fnMap":{"0":{"name":"genId","decl":{"start":{"line":24,"column":9},"end":{"line":24,"column":17}},"loc":{"start":{"line":24,"column":17},"end":{"line":27,"column":null}},"line":24},"1":{"name":"(anonymous_1)","decl":{"start":{"line":55,"column":25},"end":{"line":55,"column":26}},"loc":{"start":{"line":55,"column":46},"end":{"line":69,"column":null}},"line":55},"2":{"name":"(anonymous_2)","decl":{"start":{"line":60,"column":29},"end":{"line":60,"column":35}},"loc":{"start":{"line":60,"column":35},"end":{"line":66,"column":5}},"line":60},"3":{"name":"(anonymous_3)","decl":{"start":{"line":71,"column":23},"end":{"line":71,"column":24}},"loc":{"start":{"line":71,"column":64},"end":{"line":124,"column":null}},"line":71},"4":{"name":"(anonymous_4)","decl":{"start":{"line":82,"column":33},"end":{"line":82,"column":34}},"loc":{"start":{"line":83,"column":10},"end":{"line":83,"column":null}},"line":83},"5":{"name":"(anonymous_5)","decl":{"start":{"line":95,"column":29},"end":{"line":95,"column":30}},"loc":{"start":{"line":95,"column":40},"end":{"line":97,"column":9}},"line":95},"6":{"name":"(anonymous_6)","decl":{"start":{"line":102,"column":33},"end":{"line":102,"column":34}},"loc":{"start":{"line":103,"column":10},"end":{"line":108,"column":null}},"line":103},"7":{"name":"(anonymous_7)","decl":{"start":{"line":121,"column":36},"end":{"line":121,"column":37}},"loc":{"start":{"line":121,"column":43},"end":{"line":121,"column":66}},"line":121},"8":{"name":"dispatch","decl":{"start":{"line":130,"column":9},"end":{"line":130,"column":18}},"loc":{"start":{"line":130,"column":34},"end":{"line":135,"column":null}},"line":130},"9":{"name":"(anonymous_9)","decl":{"start":{"line":132,"column":20},"end":{"line":132,"column":21}},"loc":{"start":{"line":132,"column":34},"end":{"line":134,"column":3}},"line":132},"10":{"name":"toast","decl":{"start":{"line":139,"column":9},"end":{"line":139,"column":15}},"loc":{"start":{"line":139,"column":36},"end":{"line":166,"column":null}},"line":139},"11":{"name":"(anonymous_11)","decl":{"start":{"line":142,"column":17},"end":{"line":142,"column":18}},"loc":{"start":{"line":143,"column":4},"end":{"line":146,"column":null}},"line":143},"12":{"name":"(anonymous_12)","decl":{"start":{"line":147,"column":18},"end":{"line":147,"column":24}},"loc":{"start":{"line":147,"column":24},"end":{"line":147,"column":null}},"line":147},"13":{"name":"(anonymous_13)","decl":{"start":{"line":155,"column":20},"end":{"line":155,"column":21}},"loc":{"start":{"line":155,"column":30},"end":{"line":157,"column":null}},"line":155},"14":{"name":"useToast","decl":{"start":{"line":168,"column":9},"end":{"line":168,"column":20}},"loc":{"start":{"line":168,"column":20},"end":{"line":186,"column":null}},"line":168},"15":{"name":"(anonymous_15)","decl":{"start":{"line":171,"column":18},"end":{"line":171,"column":24}},"loc":{"start":{"line":171,"column":24},"end":{"line":179,"column":5}},"line":171},"16":{"name":"(anonymous_16)","decl":{"start":{"line":173,"column":11},"end":{"line":173,"column":17}},"loc":{"start":{"line":173,"column":17},"end":{"line":178,"column":null}},"line":173},"17":{"name":"(anonymous_17)","decl":{"start":{"line":184,"column":13},"end":{"line":184,"column":14}},"loc":{"start":{"line":184,"column":35},"end":{"line":184,"column":null}},"line":184}},"branchMap":{"0":{"loc":{"start":{"line":56,"column":2},"end":{"line":58,"column":null}},"type":"if","locations":[{"start":{"line":56,"column":2},"end":{"line":58,"column":null}},{"start":{},"end":{}}],"line":56},"1":{"loc":{"start":{"line":72,"column":2},"end":{"line":123,"column":null}},"type":"switch","locations":[{"start":{"line":73,"column":4},"end":{"line":77,"column":null}},{"start":{"line":79,"column":4},"end":{"line":85,"column":null}},{"start":{"line":87,"column":4},"end":{"line":111,"column":null}},{"start":{"line":112,"column":4},"end":{"line":122,"column":null}}],"line":72},"2":{"loc":{"start":{"line":83,"column":10},"end":{"line":83,"column":null}},"type":"cond-expr","locations":[{"start":{"line":83,"column":37},"end":{"line":83,"column":65}},{"start":{"line":83,"column":65},"end":{"line":83,"column":null}}],"line":83},"3":{"loc":{"start":{"line":92,"column":6},"end":{"line":98,"column":null}},"type":"if","locations":[{"start":{"line":92,"column":6},"end":{"line":98,"column":null}},{"start":{"line":94,"column":13},"end":{"line":98,"column":null}}],"line":92},"4":{"loc":{"start":{"line":103,"column":10},"end":{"line":108,"column":null}},"type":"cond-expr","locations":[{"start":{"line":104,"column":14},"end":{"line":107,"column":null}},{"start":{"line":108,"column":14},"end":{"line":108,"column":null}}],"line":103},"5":{"loc":{"start":{"line":103,"column":10},"end":{"line":103,"column":null}},"type":"binary-expr","locations":[{"start":{"line":103,"column":10},"end":{"line":103,"column":30}},{"start":{"line":103,"column":30},"end":{"line":103,"column":null}}],"line":103},"6":{"loc":{"start":{"line":113,"column":6},"end":{"line":118,"column":null}},"type":"if","locations":[{"start":{"line":113,"column":6},"end":{"line":118,"column":null}},{"start":{},"end":{}}],"line":113},"7":{"loc":{"start":{"line":156,"column":8},"end":{"line":156,"column":null}},"type":"if","locations":[{"start":{"line":156,"column":8},"end":{"line":156,"column":null}},{"start":{},"end":{}}],"line":156},"8":{"loc":{"start":{"line":175,"column":6},"end":{"line":177,"column":null}},"type":"if","locations":[{"start":{"line":175,"column":6},"end":{"line":177,"column":null}},{"start":{},"end":{}}],"line":175}},"s":{"0":3,"1":3,"2":3,"3":3,"4":1,"5":1,"6":3,"7":3,"8":1,"9":0,"10":1,"11":0,"12":0,"13":1,"14":3,"15":3,"16":1,"17":1,"18":1,"19":1,"20":1,"21":1,"22":0,"23":0,"24":1,"25":1,"26":0,"27":0,"28":0,"29":0,"30":3,"31":3,"32":3,"33":3,"34":3,"35":1,"36":1,"37":1,"38":1,"39":1,"40":1,"41":0,"42":0,"43":1,"44":5,"45":5,"46":5,"47":5,"48":5,"49":5,"50":5,"51":5,"52":0},"f":{"0":1,"1":1,"2":0,"3":3,"4":1,"5":0,"6":1,"7":0,"8":3,"9":3,"10":1,"11":1,"12":1,"13":0,"14":5,"15":5,"16":5,"17":0},"b":{"0":[0,1],"1":[1,1,1,0],"2":[1,0],"3":[1,0],"4":[1,0],"5":[1,0],"6":[0,0],"7":[0,0],"8":[5,0]},"meta":{"lastBranch":9,"lastFunction":18,"lastStatement":53,"seen":{"s:5:20:5:Infinity":0,"s:6:27:6:Infinity":1,"s:15:20:20:Infinity":2,"s:22:12:22:Infinity":3,"f:24:9:24:17":0,"s:25:2:25:Infinity":4,"s:26:2:26:Infinity":5,"s:53:22:53:Infinity":6,"s:55:25:69:Infinity":7,"f:55:25:55:26":1,"b:56:2:58:Infinity:undefined:undefined:undefined:undefined":0,"s:56:2:58:Infinity":8,"s:57:4:57:Infinity":9,"s:60:18:66:Infinity":10,"f:60:29:60:35":2,"s:61:4:61:Infinity":11,"s:62:4:65:Infinity":12,"s:68:2:68:Infinity":13,"s:71:23:124:Infinity":14,"f:71:23:71:24":3,"b:73:4:77:Infinity:79:4:85:Infinity:87:4:111:Infinity:112:4:122:Infinity":1,"s:72:2:123:Infinity":15,"s:74:6:77:Infinity":16,"s:80:6:85:Infinity":17,"f:82:33:82:34":4,"s:83:10:83:Infinity":18,"b:83:37:83:65:83:65:83:Infinity":2,"s:88:26:88:Infinity":19,"b:92:6:98:Infinity:94:13:98:Infinity":3,"s:92:6:98:Infinity":20,"s:93:8:93:Infinity":21,"s:95:8:97:Infinity":22,"f:95:29:95:30":5,"s:96:10:96:Infinity":23,"s:100:6:110:Infinity":24,"f:102:33:102:34":6,"s:103:10:108:Infinity":25,"b:104:14:107:Infinity:108:14:108:Infinity":4,"b:103:10:103:30:103:30:103:Infinity":5,"b:113:6:118:Infinity:undefined:undefined:undefined:undefined":6,"s:113:6:118:Infinity":26,"s:114:8:117:Infinity":27,"s:119:6:122:Infinity":28,"f:121:36:121:37":7,"s:121:43:121:66":29,"s:126:49:126:Infinity":30,"s:128:25:128:Infinity":31,"f:130:9:130:18":8,"s:131:2:131:Infinity":32,"s:132:2:134:Infinity":33,"f:132:20:132:21":9,"s:133:4:133:Infinity":34,"f:139:9:139:15":10,"s:140:13:140:Infinity":35,"s:142:17:146:Infinity":36,"f:142:17:142:18":11,"s:143:4:146:Infinity":37,"s:147:18:147:Infinity":38,"f:147:18:147:24":12,"s:147:24:147:Infinity":39,"s:149:2:159:Infinity":40,"f:155:20:155:21":13,"b:156:8:156:Infinity:undefined:undefined:undefined:undefined":7,"s:156:8:156:Infinity":41,"s:156:19:156:Infinity":42,"s:161:2:165:Infinity":43,"f:168:9:168:20":14,"s:169:28:169:Infinity":44,"s:171:2:179:Infinity":45,"f:171:18:171:24":15,"s:172:4:172:Infinity":46,"s:173:4:178:Infinity":47,"f:173:11:173:17":16,"s:174:20:174:Infinity":48,"b:175:6:177:Infinity:undefined:undefined:undefined:undefined":8,"s:175:6:177:Infinity":49,"s:176:8:176:Infinity":50,"s:181:2:185:Infinity":51,"f:184:13:184:14":17,"s:184:35:184:Infinity":52},"fnNames":{}}}
,"C:\\Users\\trendaryo\\Desktop\\Drop-Ship-Automatezip2\\Drop-Ship-Automatezip\\artifacts\\dropflow\\src\\pages\\ad-spend.tsx": {"path":"C:\\Users\\trendaryo\\Desktop\\Drop-Ship-Automatezip2\\Drop-Ship-Automatezip\\artifacts\\dropflow\\src\\pages\\ad-spend.tsx","statementMap":{"0":{"start":{"line":28,"column":13},"end":{"line":28,"column":null}},"1":{"start":{"line":65,"column":18},"end":{"line":73,"column":null}},"2":{"start":{"line":74,"column":48},"end":{"line":82,"column":null}},"3":{"start":{"line":85,"column":2},"end":{"line":89,"column":null}},"4":{"start":{"line":92,"column":2},"end":{"line":96,"column":null}},"5":{"start":{"line":99,"column":19},"end":{"line":108,"column":null}},"6":{"start":{"line":111,"column":8},"end":{"line":111,"column":null}},"7":{"start":{"line":112,"column":16},"end":{"line":112,"column":null}},"8":{"start":{"line":113,"column":28},"end":{"line":113,"column":null}},"9":{"start":{"line":114,"column":22},"end":{"line":114,"column":null}},"10":{"start":{"line":116,"column":56},"end":{"line":121,"column":null}},"11":{"start":{"line":120,"column":19},"end":{"line":120,"column":null}},"12":{"start":{"line":120,"column":65},"end":{"line":120,"column":73}},"13":{"start":{"line":123,"column":22},"end":{"line":127,"column":null}},"14":{"start":{"line":126,"column":6},"end":{"line":126,"column":null}},"15":{"start":{"line":126,"column":58},"end":{"line":126,"column":66}},"16":{"start":{"line":129,"column":8},"end":{"line":142,"column":null}},"17":{"start":{"line":131,"column":6},"end":{"line":135,"column":null}},"18":{"start":{"line":135,"column":21},"end":{"line":135,"column":29}},"19":{"start":{"line":137,"column":6},"end":{"line":137,"column":null}},"20":{"start":{"line":138,"column":6},"end":{"line":138,"column":null}},"21":{"start":{"line":139,"column":6},"end":{"line":139,"column":null}},"22":{"start":{"line":140,"column":6},"end":{"line":140,"column":null}},"23":{"start":{"line":144,"column":8},"end":{"line":152,"column":null}},"24":{"start":{"line":146,"column":6},"end":{"line":146,"column":null}},"25":{"start":{"line":148,"column":6},"end":{"line":148,"column":null}},"26":{"start":{"line":149,"column":6},"end":{"line":149,"column":null}},"27":{"start":{"line":150,"column":6},"end":{"line":150,"column":null}},"28":{"start":{"line":154,"column":23},"end":{"line":163,"column":null}},"29":{"start":{"line":155,"column":4},"end":{"line":162,"column":null}},"30":{"start":{"line":165,"column":20},"end":{"line":170,"column":null}},"31":{"start":{"line":166,"column":4},"end":{"line":170,"column":null}},"32":{"start":{"line":172,"column":21},"end":{"line":209,"column":null}},"33":{"start":{"line":211,"column":2},"end":{"line":510,"column":null}},"34":{"start":{"line":222,"column":31},"end":{"line":222,"column":49}},"35":{"start":{"line":229,"column":10},"end":{"line":241,"column":null}},"36":{"start":{"line":263,"column":42},"end":{"line":263,"column":null}},"37":{"start":{"line":271,"column":43},"end":{"line":271,"column":null}},"38":{"start":{"line":275,"column":22},"end":{"line":278,"column":null}},"39":{"start":{"line":294,"column":18},"end":{"line":318,"column":null}},"40":{"start":{"line":335,"column":18},"end":{"line":335,"column":null}},"41":{"start":{"line":341,"column":33},"end":{"line":341,"column":null}},"42":{"start":{"line":344,"column":18},"end":{"line":346,"column":null}},"43":{"start":{"line":353,"column":18},"end":{"line":353,"column":null}},"44":{"start":{"line":360,"column":33},"end":{"line":360,"column":null}},"45":{"start":{"line":366,"column":33},"end":{"line":366,"column":null}},"46":{"start":{"line":373,"column":18},"end":{"line":373,"column":null}},"47":{"start":{"line":380,"column":33},"end":{"line":380,"column":null}},"48":{"start":{"line":387,"column":18},"end":{"line":387,"column":null}},"49":{"start":{"line":398,"column":55},"end":{"line":398,"column":73}},"50":{"start":{"line":452,"column":32},"end":{"line":452,"column":null}},"51":{"start":{"line":453,"column":34},"end":{"line":453,"column":null}},"52":{"start":{"line":454,"column":31},"end":{"line":454,"column":null}},"53":{"start":{"line":455,"column":18},"end":{"line":502,"column":null}},"54":{"start":{"line":496,"column":41},"end":{"line":496,"column":null}}},"fnMap":{"0":{"name":"fmt","decl":{"start":{"line":84,"column":9},"end":{"line":84,"column":13}},"loc":{"start":{"line":84,"column":24},"end":{"line":90,"column":null}},"line":84},"1":{"name":"fmtShort","decl":{"start":{"line":91,"column":9},"end":{"line":91,"column":18}},"loc":{"start":{"line":91,"column":29},"end":{"line":97,"column":null}},"line":91},"2":{"name":"AdSpendPage","decl":{"start":{"line":110,"column":24},"end":{"line":110,"column":38}},"loc":{"start":{"line":110,"column":38},"end":{"line":512,"column":null}},"line":110},"3":{"name":"(anonymous_3)","decl":{"start":{"line":120,"column":13},"end":{"line":120,"column":19}},"loc":{"start":{"line":120,"column":19},"end":{"line":120,"column":null}},"line":120},"4":{"name":"(anonymous_4)","decl":{"start":{"line":120,"column":58},"end":{"line":120,"column":59}},"loc":{"start":{"line":120,"column":65},"end":{"line":120,"column":73}},"line":120},"5":{"name":"(anonymous_5)","decl":{"start":{"line":125,"column":13},"end":{"line":125,"column":null}},"loc":{"start":{"line":126,"column":6},"end":{"line":126,"column":null}},"line":126},"6":{"name":"(anonymous_6)","decl":{"start":{"line":126,"column":51},"end":{"line":126,"column":52}},"loc":{"start":{"line":126,"column":58},"end":{"line":126,"column":66}},"line":126},"7":{"name":"(anonymous_7)","decl":{"start":{"line":130,"column":16},"end":{"line":130,"column":17}},"loc":{"start":{"line":131,"column":6},"end":{"line":135,"column":null}},"line":131},"8":{"name":"(anonymous_8)","decl":{"start":{"line":135,"column":14},"end":{"line":135,"column":15}},"loc":{"start":{"line":135,"column":21},"end":{"line":135,"column":29}},"line":135},"9":{"name":"(anonymous_9)","decl":{"start":{"line":136,"column":15},"end":{"line":136,"column":21}},"loc":{"start":{"line":136,"column":21},"end":{"line":141,"column":null}},"line":136},"10":{"name":"(anonymous_10)","decl":{"start":{"line":145,"column":16},"end":{"line":145,"column":17}},"loc":{"start":{"line":146,"column":6},"end":{"line":146,"column":null}},"line":146},"11":{"name":"(anonymous_11)","decl":{"start":{"line":147,"column":15},"end":{"line":147,"column":21}},"loc":{"start":{"line":147,"column":21},"end":{"line":151,"column":null}},"line":147},"12":{"name":"(anonymous_12)","decl":{"start":{"line":154,"column":23},"end":{"line":154,"column":29}},"loc":{"start":{"line":154,"column":29},"end":{"line":163,"column":null}},"line":154},"13":{"name":"(anonymous_13)","decl":{"start":{"line":165,"column":20},"end":{"line":165,"column":21}},"loc":{"start":{"line":166,"column":4},"end":{"line":170,"column":null}},"line":166},"14":{"name":"(anonymous_14)","decl":{"start":{"line":222,"column":25},"end":{"line":222,"column":31}},"loc":{"start":{"line":222,"column":31},"end":{"line":222,"column":49}},"line":222},"15":{"name":"(anonymous_15)","decl":{"start":{"line":228,"column":24},"end":{"line":228,"column":25}},"loc":{"start":{"line":229,"column":10},"end":{"line":241,"column":null}},"line":229},"16":{"name":"(anonymous_16)","decl":{"start":{"line":263,"column":35},"end":{"line":263,"column":36}},"loc":{"start":{"line":263,"column":42},"end":{"line":263,"column":null}},"line":263},"17":{"name":"(anonymous_17)","decl":{"start":{"line":271,"column":31},"end":{"line":271,"column":32}},"loc":{"start":{"line":271,"column":43},"end":{"line":271,"column":null}},"line":271},"18":{"name":"(anonymous_18)","decl":{"start":{"line":274,"column":43},"end":{"line":274,"column":44}},"loc":{"start":{"line":275,"column":22},"end":{"line":278,"column":null}},"line":275},"19":{"name":"(anonymous_19)","decl":{"start":{"line":293,"column":39},"end":{"line":293,"column":40}},"loc":{"start":{"line":294,"column":18},"end":{"line":318,"column":null}},"line":294},"20":{"name":"(anonymous_20)","decl":{"start":{"line":334,"column":26},"end":{"line":334,"column":27}},"loc":{"start":{"line":335,"column":18},"end":{"line":335,"column":null}},"line":335},"21":{"name":"(anonymous_21)","decl":{"start":{"line":341,"column":26},"end":{"line":341,"column":27}},"loc":{"start":{"line":341,"column":33},"end":{"line":341,"column":null}},"line":341},"22":{"name":"(anonymous_22)","decl":{"start":{"line":343,"column":31},"end":{"line":343,"column":32}},"loc":{"start":{"line":344,"column":18},"end":{"line":346,"column":null}},"line":344},"23":{"name":"(anonymous_23)","decl":{"start":{"line":352,"column":26},"end":{"line":352,"column":27}},"loc":{"start":{"line":353,"column":18},"end":{"line":353,"column":null}},"line":353},"24":{"name":"(anonymous_24)","decl":{"start":{"line":360,"column":26},"end":{"line":360,"column":27}},"loc":{"start":{"line":360,"column":33},"end":{"line":360,"column":null}},"line":360},"25":{"name":"(anonymous_25)","decl":{"start":{"line":366,"column":26},"end":{"line":366,"column":27}},"loc":{"start":{"line":366,"column":33},"end":{"line":366,"column":null}},"line":366},"26":{"name":"(anonymous_26)","decl":{"start":{"line":372,"column":26},"end":{"line":372,"column":27}},"loc":{"start":{"line":373,"column":18},"end":{"line":373,"column":null}},"line":373},"27":{"name":"(anonymous_27)","decl":{"start":{"line":380,"column":26},"end":{"line":380,"column":27}},"loc":{"start":{"line":380,"column":33},"end":{"line":380,"column":null}},"line":380},"28":{"name":"(anonymous_28)","decl":{"start":{"line":386,"column":26},"end":{"line":386,"column":27}},"loc":{"start":{"line":387,"column":18},"end":{"line":387,"column":null}},"line":387},"29":{"name":"(anonymous_29)","decl":{"start":{"line":398,"column":49},"end":{"line":398,"column":55}},"loc":{"start":{"line":398,"column":55},"end":{"line":398,"column":73}},"line":398},"30":{"name":"(anonymous_30)","decl":{"start":{"line":451,"column":31},"end":{"line":451,"column":32}},"loc":{"start":{"line":451,"column":38},"end":{"line":504,"column":17}},"line":451},"31":{"name":"(anonymous_31)","decl":{"start":{"line":496,"column":35},"end":{"line":496,"column":41}},"loc":{"start":{"line":496,"column":41},"end":{"line":496,"column":null}},"line":496}},"branchMap":{"0":{"loc":{"start":{"line":116,"column":16},"end":{"line":116,"column":32}},"type":"default-arg","locations":[{"start":{"line":116,"column":28},"end":{"line":116,"column":32}}],"line":116},"1":{"loc":{"start":{"line":157,"column":13},"end":{"line":157,"column":null}},"type":"binary-expr","locations":[{"start":{"line":157,"column":13},"end":{"line":157,"column":39}},{"start":{"line":157,"column":39},"end":{"line":157,"column":null}}],"line":157},"2":{"loc":{"start":{"line":158,"column":15},"end":{"line":158,"column":null}},"type":"binary-expr","locations":[{"start":{"line":158,"column":15},"end":{"line":158,"column":43}},{"start":{"line":158,"column":43},"end":{"line":158,"column":null}}],"line":158},"3":{"loc":{"start":{"line":159,"column":19},"end":{"line":159,"column":null}},"type":"binary-expr","locations":[{"start":{"line":159,"column":19},"end":{"line":159,"column":49}},{"start":{"line":159,"column":49},"end":{"line":159,"column":null}}],"line":159},"4":{"loc":{"start":{"line":160,"column":14},"end":{"line":160,"column":null}},"type":"binary-expr","locations":[{"start":{"line":160,"column":14},"end":{"line":160,"column":39}},{"start":{"line":160,"column":39},"end":{"line":160,"column":null}}],"line":160},"5":{"loc":{"start":{"line":161,"column":19},"end":{"line":161,"column":null}},"type":"binary-expr","locations":[{"start":{"line":161,"column":19},"end":{"line":161,"column":49}},{"start":{"line":161,"column":49},"end":{"line":161,"column":null}}],"line":161},"6":{"loc":{"start":{"line":166,"column":4},"end":{"line":170,"column":null}},"type":"cond-expr","locations":[{"start":{"line":167,"column":8},"end":{"line":167,"column":null}},{"start":{"line":168,"column":8},"end":{"line":170,"column":null}}],"line":166},"7":{"loc":{"start":{"line":168,"column":8},"end":{"line":170,"column":null}},"type":"cond-expr","locations":[{"start":{"line":169,"column":10},"end":{"line":169,"column":null}},{"start":{"line":170,"column":10},"end":{"line":170,"column":null}}],"line":168},"8":{"loc":{"start":{"line":175,"column":22},"end":{"line":175,"column":44}},"type":"binary-expr","locations":[{"start":{"line":175,"column":22},"end":{"line":175,"column":43}},{"start":{"line":175,"column":43},"end":{"line":175,"column":44}}],"line":175},"9":{"loc":{"start":{"line":181,"column":22},"end":{"line":181,"column":46}},"type":"binary-expr","locations":[{"start":{"line":181,"column":22},"end":{"line":181,"column":45}},{"start":{"line":181,"column":45},"end":{"line":181,"column":46}}],"line":181},"10":{"loc":{"start":{"line":187,"column":17},"end":{"line":187,"column":35}},"type":"binary-expr","locations":[{"start":{"line":187,"column":17},"end":{"line":187,"column":32}},{"start":{"line":187,"column":32},"end":{"line":187,"column":35}}],"line":187},"11":{"loc":{"start":{"line":189,"column":23},"end":{"line":189,"column":39}},"type":"binary-expr","locations":[{"start":{"line":189,"column":23},"end":{"line":189,"column":38}},{"start":{"line":189,"column":38},"end":{"line":189,"column":39}}],"line":189},"12":{"loc":{"start":{"line":193,"column":14},"end":{"line":193,"column":44}},"type":"binary-expr","locations":[{"start":{"line":193,"column":14},"end":{"line":193,"column":41}},{"start":{"line":193,"column":41},"end":{"line":193,"column":44}}],"line":193},"13":{"loc":{"start":{"line":199,"column":14},"end":{"line":199,"column":39}},"type":"binary-expr","locations":[{"start":{"line":199,"column":14},"end":{"line":199,"column":36}},{"start":{"line":199,"column":36},"end":{"line":199,"column":39}}],"line":199},"14":{"loc":{"start":{"line":205,"column":17},"end":{"line":205,"column":34}},"type":"binary-expr","locations":[{"start":{"line":205,"column":17},"end":{"line":205,"column":31}},{"start":{"line":205,"column":31},"end":{"line":205,"column":34}}],"line":205},"15":{"loc":{"start":{"line":243,"column":6},"end":{"line":323,"column":null}},"type":"binary-expr","locations":[{"start":{"line":243,"column":6},"end":{"line":245,"column":null}},{"start":{"line":246,"column":8},"end":{"line":323,"column":null}}],"line":243},"16":{"loc":{"start":{"line":245,"column":8},"end":{"line":245,"column":42}},"type":"binary-expr","locations":[{"start":{"line":245,"column":8},"end":{"line":245,"column":37}},{"start":{"line":245,"column":37},"end":{"line":245,"column":42}}],"line":245},"17":{"loc":{"start":{"line":255,"column":32},"end":{"line":255,"column":null}},"type":"binary-expr","locations":[{"start":{"line":255,"column":32},"end":{"line":255,"column":53}},{"start":{"line":255,"column":53},"end":{"line":255,"column":null}}],"line":255},"18":{"loc":{"start":{"line":277,"column":30},"end":{"line":277,"column":null}},"type":"binary-expr","locations":[{"start":{"line":277,"column":30},"end":{"line":277,"column":61}},{"start":{"line":277,"column":61},"end":{"line":277,"column":null}}],"line":277},"19":{"loc":{"start":{"line":298,"column":36},"end":{"line":298,"column":null}},"type":"binary-expr","locations":[{"start":{"line":298,"column":36},"end":{"line":298,"column":67}},{"start":{"line":298,"column":67},"end":{"line":298,"column":null}}],"line":298},"20":{"loc":{"start":{"line":309,"column":38},"end":{"line":309,"column":null}},"type":"binary-expr","locations":[{"start":{"line":309,"column":38},"end":{"line":309,"column":69}},{"start":{"line":309,"column":69},"end":{"line":309,"column":null}}],"line":309},"21":{"loc":{"start":{"line":326,"column":7},"end":{"line":403,"column":null}},"type":"binary-expr","locations":[{"start":{"line":326,"column":7},"end":{"line":326,"column":null}},{"start":{"line":327,"column":8},"end":{"line":403,"column":null}}],"line":326},"22":{"loc":{"start":{"line":411,"column":11},"end":{"line":506,"column":null}},"type":"cond-expr","locations":[{"start":{"line":412,"column":12},"end":{"line":414,"column":null}},{"start":{"line":415,"column":14},"end":{"line":506,"column":null}}],"line":411},"23":{"loc":{"start":{"line":415,"column":14},"end":{"line":506,"column":null}},"type":"cond-expr","locations":[{"start":{"line":416,"column":12},"end":{"line":421,"column":null}},{"start":{"line":423,"column":12},"end":{"line":506,"column":null}}],"line":415},"24":{"loc":{"start":{"line":452,"column":39},"end":{"line":452,"column":51}},"type":"binary-expr","locations":[{"start":{"line":452,"column":39},"end":{"line":452,"column":50}},{"start":{"line":452,"column":50},"end":{"line":452,"column":51}}],"line":452},"25":{"loc":{"start":{"line":453,"column":41},"end":{"line":453,"column":55}},"type":"binary-expr","locations":[{"start":{"line":453,"column":41},"end":{"line":453,"column":54}},{"start":{"line":453,"column":54},"end":{"line":453,"column":55}}],"line":453},"26":{"loc":{"start":{"line":454,"column":31},"end":{"line":454,"column":null}},"type":"cond-expr","locations":[{"start":{"line":454,"column":43},"end":{"line":454,"column":61}},{"start":{"line":454,"column":61},"end":{"line":454,"column":null}}],"line":454},"27":{"loc":{"start":{"line":469,"column":32},"end":{"line":469,"column":null}},"type":"binary-expr","locations":[{"start":{"line":469,"column":32},"end":{"line":469,"column":63}},{"start":{"line":469,"column":63},"end":{"line":469,"column":null}}],"line":469},"28":{"loc":{"start":{"line":489,"column":26},"end":{"line":489,"column":41}},"type":"binary-expr","locations":[{"start":{"line":489,"column":26},"end":{"line":489,"column":38}},{"start":{"line":489,"column":38},"end":{"line":489,"column":41}}],"line":489},"29":{"loc":{"start":{"line":492,"column":25},"end":{"line":492,"column":null}},"type":"binary-expr","locations":[{"start":{"line":492,"column":25},"end":{"line":492,"column":42}},{"start":{"line":492,"column":42},"end":{"line":492,"column":null}}],"line":492}},"s":{"0":0,"1":0,"2":0,"3":0,"4":0,"5":0,"6":0,"7":0,"8":0,"9":0,"10":0,"11":0,"12":0,"13":0,"14":0,"15":0,"16":0,"17":0,"18":0,"19":0,"20":0,"21":0,"22":0,"23":0,"24":0,"25":0,"26":0,"27":0,"28":0,"29":0,"30":0,"31":0,"32":0,"33":0,"34":0,"35":0,"36":0,"37":0,"38":0,"39":0,"40":0,"41":0,"42":0,"43":0,"44":0,"45":0,"46":0,"47":0,"48":0,"49":0,"50":0,"51":0,"52":0,"53":0,"54":0},"f":{"0":0,"1":0,"2":0,"3":0,"4":0,"5":0,"6":0,"7":0,"8":0,"9":0,"10":0,"11":0,"12":0,"13":0,"14":0,"15":0,"16":0,"17":0,"18":0,"19":0,"20":0,"21":0,"22":0,"23":0,"24":0,"25":0,"26":0,"27":0,"28":0,"29":0,"30":0,"31":0},"b":{"0":[0],"1":[0,0],"2":[0,0],"3":[0,0],"4":[0,0],"5":[0,0],"6":[0,0],"7":[0,0],"8":[0,0],"9":[0,0],"10":[0,0],"11":[0,0],"12":[0,0],"13":[0,0],"14":[0,0],"15":[0,0],"16":[0,0],"17":[0,0],"18":[0,0],"19":[0,0],"20":[0,0],"21":[0,0],"22":[0,0],"23":[0,0],"24":[0,0],"25":[0,0],"26":[0,0],"27":[0,0],"28":[0,0],"29":[0,0]},"meta":{"lastBranch":30,"lastFunction":32,"lastStatement":55,"seen":{"s:28:13:28:Infinity":0,"s:65:18:73:Infinity":1,"s:74:48:82:Infinity":2,"f:84:9:84:13":0,"s:85:2:89:Infinity":3,"f:91:9:91:18":1,"s:92:2:96:Infinity":4,"s:99:19:108:Infinity":5,"f:110:24:110:38":2,"s:111:8:111:Infinity":6,"s:112:16:112:Infinity":7,"s:113:28:113:Infinity":8,"s:114:22:114:Infinity":9,"s:116:56:121:Infinity":10,"b:116:28:116:32":0,"f:120:13:120:19":3,"s:120:19:120:Infinity":11,"f:120:58:120:59":4,"s:120:65:120:73":12,"s:123:22:127:Infinity":13,"f:125:13:125:Infinity":5,"s:126:6:126:Infinity":14,"f:126:51:126:52":6,"s:126:58:126:66":15,"s:129:8:142:Infinity":16,"f:130:16:130:17":7,"s:131:6:135:Infinity":17,"f:135:14:135:15":8,"s:135:21:135:29":18,"f:136:15:136:21":9,"s:137:6:137:Infinity":19,"s:138:6:138:Infinity":20,"s:139:6:139:Infinity":21,"s:140:6:140:Infinity":22,"s:144:8:152:Infinity":23,"f:145:16:145:17":10,"s:146:6:146:Infinity":24,"f:147:15:147:21":11,"s:148:6:148:Infinity":25,"s:149:6:149:Infinity":26,"s:150:6:150:Infinity":27,"s:154:23:163:Infinity":28,"f:154:23:154:29":12,"s:155:4:162:Infinity":29,"b:157:13:157:39:157:39:157:Infinity":1,"b:158:15:158:43:158:43:158:Infinity":2,"b:159:19:159:49:159:49:159:Infinity":3,"b:160:14:160:39:160:39:160:Infinity":4,"b:161:19:161:49:161:49:161:Infinity":5,"s:165:20:170:Infinity":30,"f:165:20:165:21":13,"s:166:4:170:Infinity":31,"b:167:8:167:Infinity:168:8:170:Infinity":6,"b:169:10:169:Infinity:170:10:170:Infinity":7,"s:172:21:209:Infinity":32,"b:175:22:175:43:175:43:175:44":8,"b:181:22:181:45:181:45:181:46":9,"b:187:17:187:32:187:32:187:35":10,"b:189:23:189:38:189:38:189:39":11,"b:193:14:193:41:193:41:193:44":12,"b:199:14:199:36:199:36:199:39":13,"b:205:17:205:31:205:31:205:34":14,"s:211:2:510:Infinity":33,"f:222:25:222:31":14,"s:222:31:222:49":34,"f:228:24:228:25":15,"s:229:10:241:Infinity":35,"b:243:6:245:Infinity:246:8:323:Infinity":15,"b:245:8:245:37:245:37:245:42":16,"b:255:32:255:53:255:53:255:Infinity":17,"f:263:35:263:36":16,"s:263:42:263:Infinity":36,"f:271:31:271:32":17,"s:271:43:271:Infinity":37,"f:274:43:274:44":18,"s:275:22:278:Infinity":38,"b:277:30:277:61:277:61:277:Infinity":18,"f:293:39:293:40":19,"s:294:18:318:Infinity":39,"b:298:36:298:67:298:67:298:Infinity":19,"b:309:38:309:69:309:69:309:Infinity":20,"b:326:7:326:Infinity:327:8:403:Infinity":21,"f:334:26:334:27":20,"s:335:18:335:Infinity":40,"f:341:26:341:27":21,"s:341:33:341:Infinity":41,"f:343:31:343:32":22,"s:344:18:346:Infinity":42,"f:352:26:352:27":23,"s:353:18:353:Infinity":43,"f:360:26:360:27":24,"s:360:33:360:Infinity":44,"f:366:26:366:27":25,"s:366:33:366:Infinity":45,"f:372:26:372:27":26,"s:373:18:373:Infinity":46,"f:380:26:380:27":27,"s:380:33:380:Infinity":47,"f:386:26:386:27":28,"s:387:18:387:Infinity":48,"f:398:49:398:55":29,"s:398:55:398:73":49,"b:412:12:414:Infinity:415:14:506:Infinity":22,"b:416:12:421:Infinity:423:12:506:Infinity":23,"f:451:31:451:32":30,"s:452:32:452:Infinity":50,"b:452:39:452:50:452:50:452:51":24,"s:453:34:453:Infinity":51,"b:453:41:453:54:453:54:453:55":25,"s:454:31:454:Infinity":52,"b:454:43:454:61:454:61:454:Infinity":26,"s:455:18:502:Infinity":53,"b:469:32:469:63:469:63:469:Infinity":27,"b:489:26:489:38:489:38:489:41":28,"b:492:25:492:42:492:42:492:Infinity":29,"f:496:35:496:41":31,"s:496:41:496:Infinity":54},"fnNames":{}}}
,"C:\\Users\\trendaryo\\Desktop\\Drop-Ship-Automatezip2\\Drop-Ship-Automatezip\\artifacts\\dropflow\\src\\pages\\ai-settings.tsx": {"path":"C:\\Users\\trendaryo\\Desktop\\Drop-Ship-Automatezip2\\Drop-Ship-Automatezip\\artifacts\\dropflow\\src\\pages\\ai-settings.tsx","statementMap":{"0":{"start":{"line":22,"column":13},"end":{"line":22,"column":null}},"1":{"start":{"line":39,"column":47},"end":{"line":46,"column":null}},"2":{"start":{"line":48,"column":48},"end":{"line":70,"column":null}},"3":{"start":{"line":73,"column":16},"end":{"line":73,"column":null}},"4":{"start":{"line":74,"column":8},"end":{"line":74,"column":null}},"5":{"start":{"line":75,"column":30},"end":{"line":75,"column":null}},"6":{"start":{"line":76,"column":32},"end":{"line":78,"column":null}},"7":{"start":{"line":79,"column":28},"end":{"line":79,"column":null}},"8":{"start":{"line":81,"column":31},"end":{"line":85,"column":null}},"9":{"start":{"line":84,"column":6},"end":{"line":84,"column":null}},"10":{"start":{"line":84,"column":61},"end":{"line":84,"column":69}},"11":{"start":{"line":87,"column":31},"end":{"line":90,"column":null}},"12":{"start":{"line":89,"column":19},"end":{"line":89,"column":null}},"13":{"start":{"line":89,"column":64},"end":{"line":89,"column":72}},"14":{"start":{"line":92,"column":8},"end":{"line":127,"column":null}},"15":{"start":{"line":102,"column":6},"end":{"line":106,"column":null}},"16":{"start":{"line":106,"column":21},"end":{"line":106,"column":29}},"17":{"start":{"line":108,"column":6},"end":{"line":115,"column":null}},"18":{"start":{"line":109,"column":8},"end":{"line":113,"column":null}},"19":{"start":{"line":114,"column":8},"end":{"line":114,"column":null}},"20":{"start":{"line":116,"column":6},"end":{"line":116,"column":null}},"21":{"start":{"line":117,"column":6},"end":{"line":117,"column":null}},"22":{"start":{"line":118,"column":6},"end":{"line":121,"column":null}},"23":{"start":{"line":118,"column":30},"end":{"line":121,"column":8}},"24":{"start":{"line":122,"column":6},"end":{"line":125,"column":null}},"25":{"start":{"line":129,"column":8},"end":{"line":136,"column":null}},"26":{"start":{"line":131,"column":6},"end":{"line":131,"column":null}},"27":{"start":{"line":133,"column":6},"end":{"line":133,"column":null}},"28":{"start":{"line":134,"column":6},"end":{"line":134,"column":null}},"29":{"start":{"line":139,"column":4},"end":{"line":139,"column":null}},"30":{"start":{"line":140,"column":4},"end":{"line":166,"column":null}},"31":{"start":{"line":141,"column":18},"end":{"line":143,"column":null}},"32":{"start":{"line":144,"column":20},"end":{"line":144,"column":null}},"33":{"start":{"line":149,"column":6},"end":{"line":157,"column":null}},"34":{"start":{"line":150,"column":8},"end":{"line":150,"column":null}},"35":{"start":{"line":152,"column":8},"end":{"line":156,"column":null}},"36":{"start":{"line":159,"column":6},"end":{"line":163,"column":null}},"37":{"start":{"line":165,"column":6},"end":{"line":165,"column":null}},"38":{"start":{"line":169,"column":19},"end":{"line":169,"column":null}},"39":{"start":{"line":169,"column":59},"end":{"line":169,"column":74}},"40":{"start":{"line":170,"column":26},"end":{"line":170,"column":null}},"41":{"start":{"line":173,"column":4},"end":{"line":173,"column":null}},"42":{"start":{"line":176,"column":2},"end":{"line":433,"column":null}},"43":{"start":{"line":216,"column":24},"end":{"line":216,"column":null}},"44":{"start":{"line":217,"column":25},"end":{"line":217,"column":null}},"45":{"start":{"line":218,"column":23},"end":{"line":218,"column":null}},"46":{"start":{"line":219,"column":25},"end":{"line":219,"column":null}},"47":{"start":{"line":221,"column":10},"end":{"line":389,"column":null}},"48":{"start":{"line":226,"column":33},"end":{"line":226,"column":null}},"49":{"start":{"line":261,"column":28},"end":{"line":261,"column":null}},"50":{"start":{"line":262,"column":28},"end":{"line":262,"column":null}},"51":{"start":{"line":278,"column":28},"end":{"line":278,"column":null}},"52":{"start":{"line":279,"column":28},"end":{"line":279,"column":null}},"53":{"start":{"line":320,"column":28},"end":{"line":326,"column":null}},"54":{"start":{"line":320,"column":52},"end":{"line":326,"column":30}},"55":{"start":{"line":342,"column":28},"end":{"line":348,"column":null}},"56":{"start":{"line":342,"column":52},"end":{"line":348,"column":30}},"57":{"start":{"line":352,"column":28},"end":{"line":354,"column":null}},"58":{"start":{"line":364,"column":26},"end":{"line":368,"column":null}},"59":{"start":{"line":381,"column":39},"end":{"line":381,"column":null}}},"fnMap":{"0":{"name":"AISettingsPage","decl":{"start":{"line":72,"column":24},"end":{"line":72,"column":41}},"loc":{"start":{"line":72,"column":41},"end":{"line":435,"column":null}},"line":72},"1":{"name":"(anonymous_1)","decl":{"start":{"line":83,"column":13},"end":{"line":83,"column":null}},"loc":{"start":{"line":84,"column":6},"end":{"line":84,"column":null}},"line":84},"2":{"name":"(anonymous_2)","decl":{"start":{"line":84,"column":54},"end":{"line":84,"column":55}},"loc":{"start":{"line":84,"column":61},"end":{"line":84,"column":69}},"line":84},"3":{"name":"(anonymous_3)","decl":{"start":{"line":89,"column":13},"end":{"line":89,"column":19}},"loc":{"start":{"line":89,"column":19},"end":{"line":89,"column":null}},"line":89},"4":{"name":"(anonymous_4)","decl":{"start":{"line":89,"column":57},"end":{"line":89,"column":58}},"loc":{"start":{"line":89,"column":64},"end":{"line":89,"column":72}},"line":89},"5":{"name":"(anonymous_5)","decl":{"start":{"line":93,"column":16},"end":{"line":93,"column":17}},"loc":{"start":{"line":102,"column":6},"end":{"line":106,"column":null}},"line":102},"6":{"name":"(anonymous_6)","decl":{"start":{"line":106,"column":14},"end":{"line":106,"column":15}},"loc":{"start":{"line":106,"column":21},"end":{"line":106,"column":29}},"line":106},"7":{"name":"(anonymous_7)","decl":{"start":{"line":107,"column":15},"end":{"line":107,"column":16}},"loc":{"start":{"line":107,"column":31},"end":{"line":126,"column":null}},"line":107},"8":{"name":"(anonymous_8)","decl":{"start":{"line":118,"column":19},"end":{"line":118,"column":20}},"loc":{"start":{"line":118,"column":30},"end":{"line":121,"column":8}},"line":118},"9":{"name":"(anonymous_9)","decl":{"start":{"line":130,"column":16},"end":{"line":130,"column":17}},"loc":{"start":{"line":131,"column":6},"end":{"line":131,"column":null}},"line":131},"10":{"name":"(anonymous_10)","decl":{"start":{"line":132,"column":15},"end":{"line":132,"column":21}},"loc":{"start":{"line":132,"column":21},"end":{"line":135,"column":null}},"line":132},"11":{"name":"testKey","decl":{"start":{"line":138,"column":17},"end":{"line":138,"column":25}},"loc":{"start":{"line":138,"column":43},"end":{"line":167,"column":null}},"line":138},"12":{"name":"(anonymous_12)","decl":{"start":{"line":169,"column":52},"end":{"line":169,"column":53}},"loc":{"start":{"line":169,"column":59},"end":{"line":169,"column":74}},"line":169},"13":{"name":"getForm","decl":{"start":{"line":172,"column":11},"end":{"line":172,"column":19}},"loc":{"start":{"line":172,"column":60},"end":{"line":174,"column":null}},"line":172},"14":{"name":"(anonymous_14)","decl":{"start":{"line":215,"column":23},"end":{"line":215,"column":24}},"loc":{"start":{"line":215,"column":30},"end":{"line":391,"column":9}},"line":215},"15":{"name":"(anonymous_15)","decl":{"start":{"line":226,"column":27},"end":{"line":226,"column":33}},"loc":{"start":{"line":226,"column":33},"end":{"line":226,"column":null}},"line":226},"16":{"name":"(anonymous_16)","decl":{"start":{"line":260,"column":35},"end":{"line":260,"column":36}},"loc":{"start":{"line":260,"column":42},"end":{"line":263,"column":null}},"line":260},"17":{"name":"(anonymous_17)","decl":{"start":{"line":277,"column":35},"end":{"line":277,"column":36}},"loc":{"start":{"line":277,"column":42},"end":{"line":280,"column":null}},"line":277},"18":{"name":"(anonymous_18)","decl":{"start":{"line":319,"column":36},"end":{"line":319,"column":37}},"loc":{"start":{"line":320,"column":28},"end":{"line":326,"column":null}},"line":320},"19":{"name":"(anonymous_19)","decl":{"start":{"line":320,"column":41},"end":{"line":320,"column":42}},"loc":{"start":{"line":320,"column":52},"end":{"line":326,"column":30}},"line":320},"20":{"name":"(anonymous_20)","decl":{"start":{"line":341,"column":36},"end":{"line":341,"column":37}},"loc":{"start":{"line":342,"column":28},"end":{"line":348,"column":null}},"line":342},"21":{"name":"(anonymous_21)","decl":{"start":{"line":342,"column":41},"end":{"line":342,"column":42}},"loc":{"start":{"line":342,"column":52},"end":{"line":348,"column":30}},"line":342},"22":{"name":"(anonymous_22)","decl":{"start":{"line":351,"column":38},"end":{"line":351,"column":39}},"loc":{"start":{"line":352,"column":28},"end":{"line":354,"column":null}},"line":352},"23":{"name":"(anonymous_23)","decl":{"start":{"line":363,"column":33},"end":{"line":363,"column":null}},"loc":{"start":{"line":364,"column":26},"end":{"line":368,"column":null}},"line":364},"24":{"name":"(anonymous_24)","decl":{"start":{"line":381,"column":33},"end":{"line":381,"column":39}},"loc":{"start":{"line":381,"column":39},"end":{"line":381,"column":null}},"line":381}},"branchMap":{"0":{"loc":{"start":{"line":81,"column":16},"end":{"line":81,"column":31}},"type":"default-arg","locations":[{"start":{"line":81,"column":28},"end":{"line":81,"column":31}}],"line":81},"1":{"loc":{"start":{"line":87,"column":16},"end":{"line":87,"column":31}},"type":"default-arg","locations":[{"start":{"line":87,"column":28},"end":{"line":87,"column":31}}],"line":87},"2":{"loc":{"start":{"line":108,"column":6},"end":{"line":115,"column":null}},"type":"if","locations":[{"start":{"line":108,"column":6},"end":{"line":115,"column":null}},{"start":{},"end":{}}],"line":108},"3":{"loc":{"start":{"line":149,"column":6},"end":{"line":157,"column":null}},"type":"if","locations":[{"start":{"line":149,"column":6},"end":{"line":157,"column":null}},{"start":{"line":151,"column":13},"end":{"line":157,"column":null}}],"line":149},"4":{"loc":{"start":{"line":173,"column":11},"end":{"line":173,"column":null}},"type":"binary-expr","locations":[{"start":{"line":173,"column":11},"end":{"line":173,"column":28}},{"start":{"line":173,"column":28},"end":{"line":173,"column":null}}],"line":173},"5":{"loc":{"start":{"line":173,"column":46},"end":{"line":173,"column":65}},"type":"binary-expr","locations":[{"start":{"line":173,"column":46},"end":{"line":173,"column":62}},{"start":{"line":173,"column":62},"end":{"line":173,"column":65}}],"line":173},"6":{"loc":{"start":{"line":189,"column":19},"end":{"line":189,"column":null}},"type":"cond-expr","locations":[{"start":{"line":189,"column":41},"end":{"line":189,"column":53}},{"start":{"line":189,"column":53},"end":{"line":189,"column":null}}],"line":189},"7":{"loc":{"start":{"line":196,"column":7},"end":{"line":211,"column":null}},"type":"binary-expr","locations":[{"start":{"line":196,"column":7},"end":{"line":196,"column":null}},{"start":{"line":197,"column":8},"end":{"line":211,"column":null}}],"line":196},"8":{"loc":{"start":{"line":219,"column":25},"end":{"line":219,"column":null}},"type":"binary-expr","locations":[{"start":{"line":219,"column":25},"end":{"line":219,"column":48}},{"start":{"line":219,"column":48},"end":{"line":219,"column":null}}],"line":219},"9":{"loc":{"start":{"line":222,"column":40},"end":{"line":222,"column":null}},"type":"cond-expr","locations":[{"start":{"line":222,"column":48},"end":{"line":222,"column":70}},{"start":{"line":222,"column":70},"end":{"line":222,"column":null}}],"line":222},"10":{"loc":{"start":{"line":226,"column":45},"end":{"line":226,"column":65}},"type":"cond-expr","locations":[{"start":{"line":226,"column":54},"end":{"line":226,"column":61}},{"start":{"line":226,"column":61},"end":{"line":226,"column":65}}],"line":226},"11":{"loc":{"start":{"line":229,"column":21},"end":{"line":229,"column":null}},"type":"binary-expr","locations":[{"start":{"line":229,"column":21},"end":{"line":229,"column":45}},{"start":{"line":229,"column":45},"end":{"line":229,"column":null}}],"line":229},"12":{"loc":{"start":{"line":234,"column":23},"end":{"line":241,"column":null}},"type":"cond-expr","locations":[{"start":{"line":235,"column":24},"end":{"line":237,"column":null}},{"start":{"line":239,"column":24},"end":{"line":241,"column":null}}],"line":234},"13":{"loc":{"start":{"line":247,"column":21},"end":{"line":250,"column":null}},"type":"binary-expr","locations":[{"start":{"line":247,"column":21},"end":{"line":247,"column":null}},{"start":{"line":248,"column":22},"end":{"line":250,"column":null}}],"line":247},"14":{"loc":{"start":{"line":254,"column":21},"end":{"line":284,"column":null}},"type":"binary-expr","locations":[{"start":{"line":254,"column":21},"end":{"line":254,"column":null}},{"start":{"line":255,"column":22},"end":{"line":284,"column":null}}],"line":254},"15":{"loc":{"start":{"line":266,"column":27},"end":{"line":269,"column":null}},"type":"cond-expr","locations":[{"start":{"line":267,"column":28},"end":{"line":267,"column":null}},{"start":{"line":269,"column":28},"end":{"line":269,"column":null}}],"line":266},"16":{"loc":{"start":{"line":271,"column":27},"end":{"line":271,"column":null}},"type":"cond-expr","locations":[{"start":{"line":271,"column":46},"end":{"line":271,"column":59}},{"start":{"line":271,"column":59},"end":{"line":271,"column":null}}],"line":271},"17":{"loc":{"start":{"line":286,"column":21},"end":{"line":289,"column":null}},"type":"cond-expr","locations":[{"start":{"line":287,"column":22},"end":{"line":287,"column":null}},{"start":{"line":289,"column":22},"end":{"line":289,"column":null}}],"line":286},"18":{"loc":{"start":{"line":294,"column":17},"end":{"line":386,"column":null}},"type":"binary-expr","locations":[{"start":{"line":294,"column":17},"end":{"line":294,"column":null}},{"start":{"line":295,"column":18},"end":{"line":386,"column":null}}],"line":294},"19":{"loc":{"start":{"line":314,"column":28},"end":{"line":316,"column":null}},"type":"cond-expr","locations":[{"start":{"line":315,"column":32},"end":{"line":315,"column":null}},{"start":{"line":316,"column":32},"end":{"line":316,"column":null}}],"line":314},"20":{"loc":{"start":{"line":333,"column":21},"end":{"line":357,"column":null}},"type":"binary-expr","locations":[{"start":{"line":333,"column":21},"end":{"line":333,"column":null}},{"start":{"line":334,"column":22},"end":{"line":357,"column":null}}],"line":333},"21":{"loc":{"start":{"line":370,"column":34},"end":{"line":370,"column":null}},"type":"binary-expr","locations":[{"start":{"line":370,"column":34},"end":{"line":370,"column":54}},{"start":{"line":370,"column":54},"end":{"line":370,"column":null}}],"line":370},"22":{"loc":{"start":{"line":372,"column":25},"end":{"line":376,"column":null}},"type":"cond-expr","locations":[{"start":{"line":373,"column":28},"end":{"line":373,"column":null}},{"start":{"line":374,"column":28},"end":{"line":376,"column":null}}],"line":372},"23":{"loc":{"start":{"line":374,"column":28},"end":{"line":376,"column":null}},"type":"cond-expr","locations":[{"start":{"line":375,"column":30},"end":{"line":375,"column":null}},{"start":{"line":376,"column":30},"end":{"line":376,"column":null}}],"line":374}},"s":{"0":0,"1":0,"2":0,"3":0,"4":0,"5":0,"6":0,"7":0,"8":0,"9":0,"10":0,"11":0,"12":0,"13":0,"14":0,"15":0,"16":0,"17":0,"18":0,"19":0,"20":0,"21":0,"22":0,"23":0,"24":0,"25":0,"26":0,"27":0,"28":0,"29":0,"30":0,"31":0,"32":0,"33":0,"34":0,"35":0,"36":0,"37":0,"38":0,"39":0,"40":0,"41":0,"42":0,"43":0,"44":0,"45":0,"46":0,"47":0,"48":0,"49":0,"50":0,"51":0,"52":0,"53":0,"54":0,"55":0,"56":0,"57":0,"58":0,"59":0},"f":{"0":0,"1":0,"2":0,"3":0,"4":0,"5":0,"6":0,"7":0,"8":0,"9":0,"10":0,"11":0,"12":0,"13":0,"14":0,"15":0,"16":0,"17":0,"18":0,"19":0,"20":0,"21":0,"22":0,"23":0,"24":0},"b":{"0":[0],"1":[0],"2":[0,0],"3":[0,0],"4":[0,0],"5":[0,0],"6":[0,0],"7":[0,0],"8":[0,0],"9":[0,0],"10":[0,0],"11":[0,0],"12":[0,0],"13":[0,0],"14":[0,0],"15":[0,0],"16":[0,0],"17":[0,0],"18":[0,0],"19":[0,0],"20":[0,0],"21":[0,0],"22":[0,0],"23":[0,0]},"meta":{"lastBranch":24,"lastFunction":25,"lastStatement":60,"seen":{"s:22:13:22:Infinity":0,"s:39:47:46:Infinity":1,"s:48:48:70:Infinity":2,"f:72:24:72:41":0,"s:73:16:73:Infinity":3,"s:74:8:74:Infinity":4,"s:75:30:75:Infinity":5,"s:76:32:78:Infinity":6,"s:79:28:79:Infinity":7,"s:81:31:85:Infinity":8,"b:81:28:81:31":0,"f:83:13:83:Infinity":1,"s:84:6:84:Infinity":9,"f:84:54:84:55":2,"s:84:61:84:69":10,"s:87:31:90:Infinity":11,"b:87:28:87:31":1,"f:89:13:89:19":3,"s:89:19:89:Infinity":12,"f:89:57:89:58":4,"s:89:64:89:72":13,"s:92:8:127:Infinity":14,"f:93:16:93:17":5,"s:102:6:106:Infinity":15,"f:106:14:106:15":6,"s:106:21:106:29":16,"f:107:15:107:16":7,"b:108:6:115:Infinity:undefined:undefined:undefined:undefined":2,"s:108:6:115:Infinity":17,"s:109:8:113:Infinity":18,"s:114:8:114:Infinity":19,"s:116:6:116:Infinity":20,"s:117:6:117:Infinity":21,"s:118:6:121:Infinity":22,"f:118:19:118:20":8,"s:118:30:121:8":23,"s:122:6:125:Infinity":24,"s:129:8:136:Infinity":25,"f:130:16:130:17":9,"s:131:6:131:Infinity":26,"f:132:15:132:21":10,"s:133:6:133:Infinity":27,"s:134:6:134:Infinity":28,"f:138:17:138:25":11,"s:139:4:139:Infinity":29,"s:140:4:166:Infinity":30,"s:141:18:143:Infinity":31,"s:144:20:144:Infinity":32,"b:149:6:157:Infinity:151:13:157:Infinity":3,"s:149:6:157:Infinity":33,"s:150:8:150:Infinity":34,"s:152:8:156:Infinity":35,"s:159:6:163:Infinity":36,"s:165:6:165:Infinity":37,"s:169:19:169:Infinity":38,"f:169:52:169:53":12,"s:169:59:169:74":39,"s:170:26:170:Infinity":40,"f:172:11:172:19":13,"s:173:4:173:Infinity":41,"b:173:11:173:28:173:28:173:Infinity":4,"b:173:46:173:62:173:62:173:65":5,"s:176:2:433:Infinity":42,"b:189:41:189:53:189:53:189:Infinity":6,"b:196:7:196:Infinity:197:8:211:Infinity":7,"f:215:23:215:24":14,"s:216:24:216:Infinity":43,"s:217:25:217:Infinity":44,"s:218:23:218:Infinity":45,"s:219:25:219:Infinity":46,"b:219:25:219:48:219:48:219:Infinity":8,"s:221:10:389:Infinity":47,"b:222:48:222:70:222:70:222:Infinity":9,"f:226:27:226:33":15,"s:226:33:226:Infinity":48,"b:226:54:226:61:226:61:226:65":10,"b:229:21:229:45:229:45:229:Infinity":11,"b:235:24:237:Infinity:239:24:241:Infinity":12,"b:247:21:247:Infinity:248:22:250:Infinity":13,"b:254:21:254:Infinity:255:22:284:Infinity":14,"f:260:35:260:36":16,"s:261:28:261:Infinity":49,"s:262:28:262:Infinity":50,"b:267:28:267:Infinity:269:28:269:Infinity":15,"b:271:46:271:59:271:59:271:Infinity":16,"f:277:35:277:36":17,"s:278:28:278:Infinity":51,"s:279:28:279:Infinity":52,"b:287:22:287:Infinity:289:22:289:Infinity":17,"b:294:17:294:Infinity:295:18:386:Infinity":18,"b:315:32:315:Infinity:316:32:316:Infinity":19,"f:319:36:319:37":18,"s:320:28:326:Infinity":53,"f:320:41:320:42":19,"s:320:52:326:30":54,"b:333:21:333:Infinity:334:22:357:Infinity":20,"f:341:36:341:37":20,"s:342:28:348:Infinity":55,"f:342:41:342:42":21,"s:342:52:348:30":56,"f:351:38:351:39":22,"s:352:28:354:Infinity":57,"f:363:33:363:Infinity":23,"s:364:26:368:Infinity":58,"b:370:34:370:54:370:54:370:Infinity":21,"b:373:28:373:Infinity:374:28:376:Infinity":22,"b:375:30:375:Infinity:376:30:376:Infinity":23,"f:381:33:381:39":24,"s:381:39:381:Infinity":59},"fnNames":{}}}
,"C:\\Users\\trendaryo\\Desktop\\Drop-Ship-Automatezip2\\Drop-Ship-Automatezip\\artifacts\\dropflow\\src\\pages\\analytics.tsx": {"path":"C:\\Users\\trendaryo\\Desktop\\Drop-Ship-Automatezip2\\Drop-Ship-Automatezip\\artifacts\\dropflow\\src\\pages\\analytics.tsx","statementMap":{"0":{"start":{"line":25,"column":2},"end":{"line":29,"column":null}},"1":{"start":{"line":33,"column":2},"end":{"line":37,"column":null}},"2":{"start":{"line":40,"column":20},"end":{"line":40,"column":null}},"3":{"start":{"line":41,"column":18},"end":{"line":41,"column":null}},"4":{"start":{"line":46,"column":54},"end":{"line":46,"column":null}},"5":{"start":{"line":47,"column":58},"end":{"line":47,"column":null}},"6":{"start":{"line":48,"column":26},"end":{"line":48,"column":null}},"7":{"start":{"line":49,"column":36},"end":{"line":49,"column":null}},"8":{"start":{"line":51,"column":20},"end":{"line":51,"column":null}},"9":{"start":{"line":53,"column":8},"end":{"line":96,"column":null}},"10":{"start":{"line":54,"column":16},"end":{"line":65,"column":null}},"11":{"start":{"line":67,"column":4},"end":{"line":88,"column":null}},"12":{"start":{"line":68,"column":6},"end":{"line":68,"column":null}},"13":{"start":{"line":68,"column":36},"end":{"line":68,"column":null}},"14":{"start":{"line":69,"column":18},"end":{"line":69,"column":null}},"15":{"start":{"line":70,"column":23},"end":{"line":78,"column":null}},"16":{"start":{"line":79,"column":18},"end":{"line":79,"column":null}},"17":{"start":{"line":80,"column":19},"end":{"line":80,"column":null}},"18":{"start":{"line":81,"column":19},"end":{"line":81,"column":null}},"19":{"start":{"line":82,"column":6},"end":{"line":82,"column":null}},"20":{"start":{"line":83,"column":6},"end":{"line":83,"column":null}},"21":{"start":{"line":84,"column":6},"end":{"line":84,"column":null}},"22":{"start":{"line":85,"column":6},"end":{"line":85,"column":null}},"23":{"start":{"line":86,"column":6},"end":{"line":86,"column":null}},"24":{"start":{"line":87,"column":6},"end":{"line":87,"column":null}},"25":{"start":{"line":90,"column":4},"end":{"line":95,"column":null}},"26":{"start":{"line":91,"column":19},"end":{"line":94,"column":8}},"27":{"start":{"line":95,"column":22},"end":{"line":95,"column":43}},"28":{"start":{"line":98,"column":8},"end":{"line":109,"column":null}},"29":{"start":{"line":99,"column":4},"end":{"line":108,"column":null}},"30":{"start":{"line":100,"column":22},"end":{"line":100,"column":53}},"31":{"start":{"line":102,"column":19},"end":{"line":108,"column":8}},"32":{"start":{"line":111,"column":23},"end":{"line":111,"column":null}},"33":{"start":{"line":111,"column":53},"end":{"line":111,"column":68}},"34":{"start":{"line":112,"column":22},"end":{"line":112,"column":null}},"35":{"start":{"line":112,"column":52},"end":{"line":112,"column":66}},"36":{"start":{"line":113,"column":21},"end":{"line":113,"column":null}},"37":{"start":{"line":113,"column":51},"end":{"line":113,"column":64}},"38":{"start":{"line":115,"column":4},"end":{"line":119,"column":null}},"39":{"start":{"line":117,"column":40},"end":{"line":117,"column":54}},"40":{"start":{"line":121,"column":58},"end":{"line":126,"column":null}},"41":{"start":{"line":128,"column":2},"end":{"line":132,"column":null}},"42":{"start":{"line":129,"column":4},"end":{"line":132,"column":null}},"43":{"start":{"line":135,"column":2},"end":{"line":422,"column":null}},"44":{"start":{"line":175,"column":10},"end":{"line":185,"column":null}},"45":{"start":{"line":198,"column":16},"end":{"line":204,"column":null}},"46":{"start":{"line":200,"column":33},"end":{"line":200,"column":null}},"47":{"start":{"line":234,"column":20},"end":{"line":234,"column":null}},"48":{"start":{"line":247,"column":20},"end":{"line":249,"column":null}},"49":{"start":{"line":254,"column":20},"end":{"line":259,"column":null}},"50":{"start":{"line":280,"column":18},"end":{"line":286,"column":null}},"51":{"start":{"line":282,"column":35},"end":{"line":282,"column":null}},"52":{"start":{"line":330,"column":20},"end":{"line":381,"column":null}},"53":{"start":{"line":413,"column":44},"end":{"line":413,"column":68}}},"fnMap":{"0":{"name":"fmt","decl":{"start":{"line":24,"column":9},"end":{"line":24,"column":13}},"loc":{"start":{"line":24,"column":24},"end":{"line":30,"column":null}},"line":24},"1":{"name":"fmtFull","decl":{"start":{"line":32,"column":9},"end":{"line":32,"column":17}},"loc":{"start":{"line":32,"column":28},"end":{"line":38,"column":null}},"line":32},"2":{"name":"AnalyticsPage","decl":{"start":{"line":45,"column":24},"end":{"line":45,"column":40}},"loc":{"start":{"line":45,"column":40},"end":{"line":424,"column":null}},"line":45},"3":{"name":"(anonymous_3)","decl":{"start":{"line":53,"column":31},"end":{"line":53,"column":37}},"loc":{"start":{"line":53,"column":37},"end":{"line":96,"column":5}},"line":53},"4":{"name":"(anonymous_4)","decl":{"start":{"line":91,"column":11},"end":{"line":91,"column":12}},"loc":{"start":{"line":91,"column":19},"end":{"line":94,"column":8}},"line":91},"5":{"name":"(anonymous_5)","decl":{"start":{"line":95,"column":12},"end":{"line":95,"column":13}},"loc":{"start":{"line":95,"column":22},"end":{"line":95,"column":43}},"line":95},"6":{"name":"(anonymous_6)","decl":{"start":{"line":98,"column":28},"end":{"line":98,"column":34}},"loc":{"start":{"line":98,"column":34},"end":{"line":109,"column":5}},"line":98},"7":{"name":"(anonymous_7)","decl":{"start":{"line":100,"column":12},"end":{"line":100,"column":13}},"loc":{"start":{"line":100,"column":22},"end":{"line":100,"column":53}},"line":100},"8":{"name":"(anonymous_8)","decl":{"start":{"line":102,"column":11},"end":{"line":102,"column":12}},"loc":{"start":{"line":102,"column":19},"end":{"line":108,"column":8}},"line":102},"9":{"name":"(anonymous_9)","decl":{"start":{"line":111,"column":43},"end":{"line":111,"column":44}},"loc":{"start":{"line":111,"column":53},"end":{"line":111,"column":68}},"line":111},"10":{"name":"(anonymous_10)","decl":{"start":{"line":112,"column":42},"end":{"line":112,"column":43}},"loc":{"start":{"line":112,"column":52},"end":{"line":112,"column":66}},"line":112},"11":{"name":"(anonymous_11)","decl":{"start":{"line":113,"column":41},"end":{"line":113,"column":42}},"loc":{"start":{"line":113,"column":51},"end":{"line":113,"column":64}},"line":113},"12":{"name":"(anonymous_12)","decl":{"start":{"line":117,"column":30},"end":{"line":117,"column":31}},"loc":{"start":{"line":117,"column":40},"end":{"line":117,"column":54}},"line":117},"13":{"name":"(anonymous_13)","decl":{"start":{"line":174,"column":14},"end":{"line":174,"column":15}},"loc":{"start":{"line":175,"column":10},"end":{"line":185,"column":null}},"line":175},"14":{"name":"(anonymous_14)","decl":{"start":{"line":197,"column":32},"end":{"line":197,"column":33}},"loc":{"start":{"line":198,"column":16},"end":{"line":204,"column":null}},"line":198},"15":{"name":"(anonymous_15)","decl":{"start":{"line":200,"column":27},"end":{"line":200,"column":33}},"loc":{"start":{"line":200,"column":33},"end":{"line":200,"column":null}},"line":200},"16":{"name":"(anonymous_16)","decl":{"start":{"line":233,"column":33},"end":{"line":233,"column":34}},"loc":{"start":{"line":234,"column":20},"end":{"line":234,"column":null}},"line":234},"17":{"name":"(anonymous_17)","decl":{"start":{"line":246,"column":29},"end":{"line":246,"column":30}},"loc":{"start":{"line":247,"column":20},"end":{"line":249,"column":null}},"line":247},"18":{"name":"(anonymous_18)","decl":{"start":{"line":253,"column":33},"end":{"line":253,"column":34}},"loc":{"start":{"line":254,"column":20},"end":{"line":259,"column":null}},"line":254},"19":{"name":"(anonymous_19)","decl":{"start":{"line":279,"column":34},"end":{"line":279,"column":35}},"loc":{"start":{"line":280,"column":18},"end":{"line":286,"column":null}},"line":280},"20":{"name":"(anonymous_20)","decl":{"start":{"line":282,"column":29},"end":{"line":282,"column":35}},"loc":{"start":{"line":282,"column":35},"end":{"line":282,"column":null}},"line":282},"21":{"name":"(anonymous_21)","decl":{"start":{"line":329,"column":36},"end":{"line":329,"column":37}},"loc":{"start":{"line":330,"column":20},"end":{"line":381,"column":null}},"line":330},"22":{"name":"(anonymous_22)","decl":{"start":{"line":413,"column":37},"end":{"line":413,"column":38}},"loc":{"start":{"line":413,"column":44},"end":{"line":413,"column":68}},"line":413}},"branchMap":{"0":{"loc":{"start":{"line":46,"column":16},"end":{"line":46,"column":29}},"type":"default-arg","locations":[{"start":{"line":46,"column":25},"end":{"line":46,"column":29}}],"line":46},"1":{"loc":{"start":{"line":47,"column":16},"end":{"line":47,"column":31}},"type":"default-arg","locations":[{"start":{"line":47,"column":27},"end":{"line":47,"column":31}}],"line":47},"2":{"loc":{"start":{"line":51,"column":20},"end":{"line":51,"column":null}},"type":"binary-expr","locations":[{"start":{"line":51,"column":20},"end":{"line":51,"column":37}},{"start":{"line":51,"column":37},"end":{"line":51,"column":null}}],"line":51},"3":{"loc":{"start":{"line":68,"column":6},"end":{"line":68,"column":null}},"type":"if","locations":[{"start":{"line":68,"column":6},"end":{"line":68,"column":null}},{"start":{},"end":{}}],"line":68},"4":{"loc":{"start":{"line":69,"column":18},"end":{"line":69,"column":null}},"type":"binary-expr","locations":[{"start":{"line":69,"column":18},"end":{"line":69,"column":35}},{"start":{"line":69,"column":35},"end":{"line":69,"column":null}}],"line":69},"5":{"loc":{"start":{"line":70,"column":23},"end":{"line":78,"column":null}},"type":"binary-expr","locations":[{"start":{"line":70,"column":23},"end":{"line":70,"column":39}},{"start":{"line":70,"column":39},"end":{"line":78,"column":null}}],"line":70},"6":{"loc":{"start":{"line":72,"column":19},"end":{"line":72,"column":null}},"type":"binary-expr","locations":[{"start":{"line":72,"column":19},"end":{"line":72,"column":34}},{"start":{"line":72,"column":34},"end":{"line":72,"column":null}}],"line":72},"7":{"loc":{"start":{"line":79,"column":18},"end":{"line":79,"column":null}},"type":"binary-expr","locations":[{"start":{"line":79,"column":18},"end":{"line":79,"column":32}},{"start":{"line":79,"column":32},"end":{"line":79,"column":null}}],"line":79},"8":{"loc":{"start":{"line":80,"column":19},"end":{"line":80,"column":null}},"type":"binary-expr","locations":[{"start":{"line":80,"column":19},"end":{"line":80,"column":34}},{"start":{"line":80,"column":34},"end":{"line":80,"column":null}}],"line":80},"9":{"loc":{"start":{"line":81,"column":19},"end":{"line":81,"column":null}},"type":"binary-expr","locations":[{"start":{"line":81,"column":19},"end":{"line":81,"column":34}},{"start":{"line":81,"column":34},"end":{"line":81,"column":null}}],"line":81},"10":{"loc":{"start":{"line":93,"column":16},"end":{"line":93,"column":null}},"type":"cond-expr","locations":[{"start":{"line":93,"column":32},"end":{"line":93,"column":75}},{"start":{"line":93,"column":75},"end":{"line":93,"column":null}}],"line":93},"11":{"loc":{"start":{"line":104,"column":10},"end":{"line":106,"column":null}},"type":"cond-expr","locations":[{"start":{"line":105,"column":14},"end":{"line":105,"column":null}},{"start":{"line":106,"column":14},"end":{"line":106,"column":null}}],"line":104},"12":{"loc":{"start":{"line":115,"column":4},"end":{"line":119,"column":null}},"type":"cond-expr","locations":[{"start":{"line":116,"column":8},"end":{"line":118,"column":null}},{"start":{"line":119,"column":8},"end":{"line":119,"column":null}}],"line":115},"13":{"loc":{"start":{"line":128,"column":2},"end":{"line":132,"column":null}},"type":"if","locations":[{"start":{"line":128,"column":2},"end":{"line":132,"column":null}},{"start":{},"end":{}}],"line":128},"14":{"loc":{"start":{"line":201,"column":90},"end":{"line":201,"column":178}},"type":"cond-expr","locations":[{"start":{"line":201,"column":114},"end":{"line":201,"column":140}},{"start":{"line":201,"column":140},"end":{"line":201,"column":178}}],"line":201},"15":{"loc":{"start":{"line":210,"column":11},"end":{"line":263,"column":null}},"type":"cond-expr","locations":[{"start":{"line":211,"column":12},"end":{"line":213,"column":null}},{"start":{"line":215,"column":12},"end":{"line":263,"column":null}}],"line":210},"16":{"loc":{"start":{"line":234,"column":20},"end":{"line":234,"column":null}},"type":"cond-expr","locations":[{"start":{"line":234,"column":47},"end":{"line":234,"column":57}},{"start":{"line":234,"column":57},"end":{"line":234,"column":null}}],"line":234},"17":{"loc":{"start":{"line":247,"column":20},"end":{"line":249,"column":null}},"type":"cond-expr","locations":[{"start":{"line":248,"column":24},"end":{"line":248,"column":null}},{"start":{"line":249,"column":24},"end":{"line":249,"column":null}}],"line":247},"18":{"loc":{"start":{"line":257,"column":24},"end":{"line":257,"column":null}},"type":"cond-expr","locations":[{"start":{"line":257,"column":32},"end":{"line":257,"column":71}},{"start":{"line":257,"column":71},"end":{"line":257,"column":null}}],"line":257},"19":{"loc":{"start":{"line":283,"column":92},"end":{"line":283,"column":205}},"type":"cond-expr","locations":[{"start":{"line":283,"column":111},"end":{"line":283,"column":167}},{"start":{"line":283,"column":167},"end":{"line":283,"column":205}}],"line":283},"20":{"loc":{"start":{"line":293,"column":11},"end":{"line":418,"column":null}},"type":"cond-expr","locations":[{"start":{"line":294,"column":12},"end":{"line":296,"column":null}},{"start":{"line":298,"column":12},"end":{"line":418,"column":null}}],"line":293},"21":{"loc":{"start":{"line":337,"column":28},"end":{"line":343,"column":null}},"type":"cond-expr","locations":[{"start":{"line":338,"column":32},"end":{"line":338,"column":null}},{"start":{"line":339,"column":32},"end":{"line":343,"column":null}}],"line":337},"22":{"loc":{"start":{"line":339,"column":32},"end":{"line":343,"column":null}},"type":"cond-expr","locations":[{"start":{"line":340,"column":34},"end":{"line":340,"column":null}},{"start":{"line":341,"column":34},"end":{"line":343,"column":null}}],"line":339},"23":{"loc":{"start":{"line":341,"column":34},"end":{"line":343,"column":null}},"type":"cond-expr","locations":[{"start":{"line":342,"column":36},"end":{"line":342,"column":null}},{"start":{"line":343,"column":36},"end":{"line":343,"column":null}}],"line":341},"24":{"loc":{"start":{"line":368,"column":28},"end":{"line":372,"column":null}},"type":"cond-expr","locations":[{"start":{"line":369,"column":32},"end":{"line":369,"column":null}},{"start":{"line":370,"column":32},"end":{"line":372,"column":null}}],"line":368},"25":{"loc":{"start":{"line":370,"column":32},"end":{"line":372,"column":null}},"type":"cond-expr","locations":[{"start":{"line":371,"column":34},"end":{"line":371,"column":null}},{"start":{"line":372,"column":34},"end":{"line":372,"column":null}}],"line":370}},"s":{"0":6,"1":27,"2":1,"3":1,"4":3,"5":3,"6":3,"7":3,"8":3,"9":3,"10":3,"11":3,"12":6,"13":0,"14":6,"15":6,"16":6,"17":6,"18":6,"19":6,"20":6,"21":6,"22":6,"23":6,"24":6,"25":3,"26":6,"27":3,"28":3,"29":3,"30":3,"31":6,"32":3,"33":6,"34":3,"35":6,"36":3,"37":6,"38":3,"39":6,"40":3,"41":3,"42":0,"43":3,"44":12,"45":12,"46":1,"47":0,"48":0,"49":6,"50":12,"51":0,"52":6,"53":6},"f":{"0":6,"1":27,"2":3,"3":3,"4":6,"5":3,"6":3,"7":3,"8":6,"9":6,"10":6,"11":6,"12":6,"13":12,"14":12,"15":1,"16":0,"17":0,"18":6,"19":12,"20":0,"21":6,"22":6},"b":{"0":[3],"1":[3],"2":[3,3],"3":[0,6],"4":[6,0],"5":[6,6],"6":[6,0],"7":[6,0],"8":[6,0],"9":[6,0],"10":[6,0],"11":[0,6],"12":[3,0],"13":[0,3],"14":[3,9],"15":[0,3],"16":[0,0],"17":[0,0],"18":[6,0],"19":[3,9],"20":[0,3],"21":[3,3],"22":[3,0],"23":[0,0],"24":[0,6],"25":[6,0]},"meta":{"lastBranch":26,"lastFunction":23,"lastStatement":54,"seen":{"f:24:9:24:13":0,"s:25:2:29:Infinity":0,"f:32:9:32:17":1,"s:33:2:37:Infinity":1,"s:40:20:40:Infinity":2,"s:41:18:41:Infinity":3,"f:45:24:45:40":2,"s:46:54:46:Infinity":4,"b:46:25:46:29":0,"s:47:58:47:Infinity":5,"b:47:27:47:31":1,"s:48:26:4
[...]
l}},"6":{"start":{"line":38,"column":16},"end":{"line":38,"column":null}},"7":{"start":{"line":39,"column":19},"end":{"line":39,"column":null}},"8":{"start":{"line":40,"column":25},"end":{"line":43,"column":null}},"9":{"start":{"line":41,"column":16},"end":{"line":41,"column":null}},"10":{"start":{"line":42,"column":6},"end":{"line":42,"column":null}},"11":{"start":{"line":48,"column":8},"end":{"line":48,"column":null}},"12":{"start":{"line":49,"column":4},"end":{"line":61,"column":null}},"13":{"start":{"line":50,"column":18},"end":{"line":50,"column":null}},"14":{"start":{"line":51,"column":6},"end":{"line":57,"column":null}},"15":{"start":{"line":52,"column":8},"end":{"line":57,"column":null}},"16":{"start":{"line":58,"column":6},"end":{"line":58,"column":null}},"17":{"start":{"line":59,"column":6},"end":{"line":60,"column":null}},"18":{"start":{"line":63,"column":4},"end":{"line":86,"column":null}},"19":{"start":{"line":65,"column":28},"end":{"line":65,"column":null}},"20":{"start":{"line":66,"column":24},"end":{"line":66,"column":null}},"21":{"start":{"line":66,"column":45},"end":{"line":66,"column":65}},"22":{"start":{"line":67,"column":22},"end":{"line":67,"column":null}},"23":{"start":{"line":69,"column":10},"end":{"line":71,"column":null}},"24":{"start":{"line":72,"column":8},"end":{"line":84,"column":null}},"25":{"start":{"line":86,"column":22},"end":{"line":86,"column":51}},"26":{"start":{"line":89,"column":19},"end":{"line":89,"column":null}},"27":{"start":{"line":89,"column":44},"end":{"line":89,"column":68}},"28":{"start":{"line":90,"column":18},"end":{"line":90,"column":null}},"29":{"start":{"line":90,"column":43},"end":{"line":90,"column":66}},"30":{"start":{"line":91,"column":21},"end":{"line":91,"column":null}},"31":{"start":{"line":91,"column":49},"end":{"line":91,"column":62}},"32":{"start":{"line":93,"column":20},"end":{"line":97,"column":null}},"33":{"start":{"line":93,"column":55},"end":{"line":97,"column":4}},"34":{"start":{"line":99,"column":2},"end":{"line":105,"column":null}},"35":{"start":{"line":100,"column":4},"end":{"line":105,"column":null}},"36":{"start":{"line":103,"column":10},"end":{"line":103,"column":null}},"37":{"start":{"line":108,"column":2},"end":{"line":320,"column":null}},"38":{"start":{"line":121,"column":12},"end":{"line":127,"column":null}},"39":{"start":{"line":123,"column":29},"end":{"line":123,"column":null}},"40":{"start":{"line":194,"column":42},"end":{"line":194,"column":null}},"41":{"start":{"line":204,"column":46},"end":{"line":204,"column":null}},"42":{"start":{"line":208,"column":22},"end":{"line":217,"column":null}},"43":{"start":{"line":235,"column":12},"end":{"line":316,"column":null}}},"fnMap":{"0":{"name":"fmt","decl":{"start":{"line":18,"column":9},"end":{"line":18,"column":13}},"loc":{"start":{"line":18,"column":24},"end":{"line":24,"column":null}},"line":18},"1":{"name":"VelocityPage","decl":{"start":{"line":32,"column":24},"end":{"line":32,"column":39}},"loc":{"start":{"line":32,"column":39},"end":{"line":322,"column":null}},"line":32},"2":{"name":"(anonymous_2)","decl":{"start":{"line":37,"column":29},"end":{"line":37,"column":35}},"loc":{"start":{"line":37,"column":35},"end":{"line":87,"column":5}},"line":37},"3":{"name":"(anonymous_3)","decl":{"start":{"line":40,"column":42},"end":{"line":40,"column":43}},"loc":{"start":{"line":40,"column":49},"end":{"line":43,"column":5}},"line":40},"4":{"name":"(anonymous_4)","decl":{"start":{"line":64,"column":11},"end":{"line":64,"column":12}},"loc":{"start":{"line":64,"column":18},"end":{"line":85,"column":7}},"line":64},"5":{"name":"(anonymous_5)","decl":{"start":{"line":66,"column":38},"end":{"line":66,"column":39}},"loc":{"start":{"line":66,"column":45},"end":{"line":66,"column":65}},"line":66},"6":{"name":"(anonymous_6)","decl":{"start":{"line":86,"column":12},"end":{"line":86,"column":13}},"loc":{"start":{"line":86,"column":22},"end":{"line":86,"column":51}},"line":86},"7":{"name":"(anonymous_7)","decl":{"start":{"line":89,"column":37},"end":{"line":89,"column":38}},"loc":{"start":{"line":89,"column":44},"end":{"line":89,"column":68}},"line":89},"8":{"name":"(anonymous_8)","decl":{"start":{"line":90,"column":36},"end":{"line":90,"column":37}},"loc":{"start":{"line":90,"column":43},"end":{"line":90,"column":66}},"line":90},"9":{"name":"(anonymous_9)","decl":{"start":{"line":91,"column":39},"end":{"line":91,"column":40}},"loc":{"start":{"line":91,"column":49},"end":{"line":91,"column":62}},"line":91},"10":{"name":"(anonymous_10)","decl":{"start":{"line":93,"column":47},"end":{"line":93,"column":48}},"loc":{"start":{"line":93,"column":55},"end":{"line":97,"column":4}},"line":93},"11":{"name":"(anonymous_11)","decl":{"start":{"line":102,"column":27},"end":{"line":102,"column":28}},"loc":{"start":{"line":103,"column":10},"end":{"line":103,"column":null}},"line":103},"12":{"name":"(anonymous_12)","decl":{"start":{"line":120,"column":23},"end":{"line":120,"column":24}},"loc":{"start":{"line":121,"column":12},"end":{"line":127,"column":null}},"line":121},"13":{"name":"(anonymous_13)","decl":{"start":{"line":123,"column":23},"end":{"line":123,"column":29}},"loc":{"start":{"line":123,"column":29},"end":{"line":123,"column":null}},"line":123},"14":{"name":"(anonymous_14)","decl":{"start":{"line":194,"column":35},"end":{"line":194,"column":36}},"loc":{"start":{"line":194,"column":42},"end":{"line":194,"column":null}},"line":194},"15":{"name":"(anonymous_15)","decl":{"start":{"line":204,"column":31},"end":{"line":204,"column":32}},"loc":{"start":{"line":204,"column":46},"end":{"line":204,"column":null}},"line":204},"16":{"name":"(anonymous_16)","decl":{"start":{"line":207,"column":35},"end":{"line":207,"column":36}},"loc":{"start":{"line":208,"column":22},"end":{"line":217,"column":null}},"line":208},"17":{"name":"(anonymous_17)","decl":{"start":{"line":234,"column":25},"end":{"line":234,"column":26}},"loc":{"start":{"line":235,"column":12},"end":{"line":316,"column":null}},"line":235}},"branchMap":{"0":{"loc":{"start":{"line":33,"column":16},"end":{"line":33,"column":32}},"type":"default-arg","locations":[{"start":{"line":33,"column":28},"end":{"line":33,"column":32}}],"line":33},"1":{"loc":{"start":{"line":34,"column":16},"end":{"line":34,"column":30}},"type":"default-arg","locations":[{"start":{"line":34,"column":27},"end":{"line":34,"column":30}}],"line":34},"2":{"loc":{"start":{"line":41,"column":16},"end":{"line":41,"column":null}},"type":"cond-expr","locations":[{"start":{"line":41,"column":30},"end":{"line":41,"column":64}},{"start":{"line":41,"column":64},"end":{"line":41,"column":null}}],"line":41},"3":{"loc":{"start":{"line":42,"column":13},"end":{"line":42,"column":null}},"type":"binary-expr","locations":[{"start":{"line":42,"column":13},"end":{"line":42,"column":28}},{"start":{"line":42,"column":28},"end":{"line":42,"column":null}}],"line":42},"4":{"loc":{"start":{"line":50,"column":18},"end":{"line":50,"column":null}},"type":"binary-expr","locations":[{"start":{"line":50,"column":18},"end":{"line":50,"column":35}},{"start":{"line":50,"column":35},"end":{"line":50,"column":null}}],"line":50},"5":{"loc":{"start":{"line":51,"column":6},"end":{"line":57,"column":null}},"type":"if","locations":[{"start":{"line":51,"column":6},"end":{"line":57,"column":null}},{"start":{},"end":{}}],"line":51},"6":{"loc":{"start":{"line":56,"column":21},"end":{"line":56,"column":null}},"type":"binary-expr","locations":[{"start":{"line":56,"column":21},"end":{"line":56,"column":36}},{"start":{"line":56,"column":36},"end":{"line":56,"column":null}}],"line":56},"7":{"loc":{"start":{"line":58,"column":38},"end":{"line":58,"column":53}},"type":"binary-expr","locations":[{"start":{"line":58,"column":38},"end":{"line":58,"column":52}},{"start":{"line":58,"column":52},"end":{"line":58,"column":53}}],"line":58},"8":{"loc":{"start":{"line":60,"column":15},"end":{"line":60,"column":31}},"type":"binary-expr","locations":[{"start":{"line":60,"column":15},"end":{"line":60,"column":30}},{"start":{"line":60,"column":30},"end":{"line":60,"column":31}}],"line":60},"9":{"loc":{"start":{"line":60,"column":42},"end":{"line":60,"column":57}},"type":"binary-expr","locations":[{"start":{"line":60,"column":42},"end":{"line":60,"column":56}},{"start":{"line":60,"column":56},"end":{"line":60,"column":57}}],"line":60},"10":{"loc":{"start":{"line":67,"column":22},"end":{"line":67,"column":null}},"type":"binary-expr","locations":[{"start":{"line":67,"column":22},"end":{"line":67,"column":48}},{"start":{"line":67,"column":48},"end":{"line":67,"column":null}}],"line":67},"11":{"loc":{"start":{"line":69,"column":10},"end":{"line":71,"column":null}},"type":"cond-expr","locations":[{"start":{"line":70,"column":14},"end":{"line":70,"column":null}},{"start":{"line":71,"column":14},"end":{"line":71,"column":null}}],"line":69},"12":{"loc":{"start":{"line":69,"column":10},"end":{"line":69,"column":null}},"type":"binary-expr","locations":[{"start":{"line":69,"column":10},"end":{"line":69,"column":27}},{"start":{"line":69,"column":27},"end":{"line":69,"column":null}}],"line":69},"13":{"loc":{"start":{"line":77,"column":28},"end":{"line":77,"column":null}},"type":"binary-expr","locations":[{"start":{"line":77,"column":28},"end":{"line":77,"column":55}},{"start":{"line":77,"column":55},"end":{"line":77,"column":null}}],"line":77},"14":{"loc":{"start":{"line":79,"column":12},"end":{"line":83,"column":null}},"type":"cond-expr","locations":[{"start":{"line":80,"column":16},"end":{"line":80,"column":null}},{"start":{"line":81,"column":16},"end":{"line":83,"column":null}}],"line":79},"15":{"loc":{"start":{"line":79,"column":12},"end":{"line":79,"column":null}},"type":"binary-expr","locations":[{"start":{"line":79,"column":12},"end":{"line":79,"column":32}},{"start":{"line":79,"column":32},"end":{"line":79,"column":null}}],"line":79},"16":{"loc":{"start":{"line":81,"column":16},"end":{"line":83,"column":null}},"type":"cond-expr","locations":[{"start":{"line":82,"column":18},"end":{"line":82,"column":null}},{"start":{"line":83,"column":18},"end":{"line":83,"column":null}}],"line":81},"17":{"loc":{"start":{"line":81,"column":16},"end":{"line":81,"column":null}},"type":"binary-expr","locations":[{"start":{"line":81,"column":16},"end":{"line":81,"column":36}},{"start":{"line":81,"column":36},"end":{"line":81,"column":null}}],"line":81},"18":{"loc":{"start":{"line":94,"column":10},"end":{"line":94,"column":null}},"type":"cond-expr","locations":[{"start":{"line":94,"column":31},"end":{"line":94,"column":59}},{"start":{"line":94,"column":59},"end":{"line":94,"column":null}}],"line":94},"19":{"loc":{"start":{"line":99,"column":2},"end":{"line":105,"column":null}},"type":"if","locations":[{"start":{"line":99,"column":2},"end":{"line":105,"column":null}},{"start":{},"end":{}}],"line":99},"20":{"loc":{"start":{"line":124,"column":89},"end":{"line":124,"column":202}},"type":"cond-expr","locations":[{"start":{"line":124,"column":109},"end":{"line":124,"column":148}},{"start":{"line":124,"column":148},"end":{"line":124,"column":202}}],"line":124},"21":{"loc":{"start":{"line":165,"column":7},"end":{"line":224,"column":null}},"type":"binary-expr","locations":[{"start":{"line":165,"column":7},"end":{"line":165,"column":null}},{"start":{"line":166,"column":8},"end":{"line":224,"column":null}}],"line":165},"22":{"loc":{"start":{"line":211,"column":26},"end":{"line":215,"column":null}},"type":"cond-expr","locations":[{"start":{"line":212,"column":30},"end":{"line":212,"column":null}},{"start":{"line":213,"column":30},"end":{"line":215,"column":null}}],"line":211},"23":{"loc":{"start":{"line":211,"column":26},"end":{"line":211,"column":null}},"type":"binary-expr","locations":[{"start":{"line":211,"column":26},"end":{"line":211,"column":48}},{"start":{"line":211,"column":48},"end":{"line":211,"column":null}}],"line":211},"24":{"loc":{"start":{"line":213,"column":30},"end":{"line":215,"column":null}},"type":"cond-expr","locations":[{"start":{"line":214,"column":32},"end":{"line":214,"column":null}},{"start":{"line":215,"column":32},"end":{"line":215,"column":null}}],"line":213},"25":{"loc":{"start":{"line":213,"column":30},"end":{"line":213,"column":null}},"type":"binary-expr","locations":[{"start":{"line":213,"column":30},"end":{"line":213,"column":52}},{"start":{"line":213,"column":52},"end":{"line":213,"column":null}}],"line":213},"26":{"loc":{"start":{"line":228,"column":9},"end":{"line":317,"column":null}},"type":"cond-expr","locations":[{"start":{"line":229,"column":10},"end":{"line":232,"column":null}},{"start":{"line":234,"column":10},"end":{"line":317,"column":null}}],"line":228},"27":{"loc":{"start":{"line":238,"column":16},"end":{"line":242,"column":null}},"type":"cond-expr","locations":[{"start":{"line":239,"column":20},"end":{"line":239,"column":null}},{"start":{"line":240,"column":20},"end":{"line":242,"column":null}}],"line":238},"28":{"loc":{"start":{"line":240,"column":20},"end":{"line":242,"column":null}},"type":"cond-expr","locations":[{"start":{"line":241,"column":22},"end":{"line":241,"column":null}},{"start":{"line":242,"column":22},"end":{"line":242,"column":null}}],"line":240},"29":{"loc":{"start":{"line":253,"column":23},"end":{"line":256,"column":null}},"type":"binary-expr","locations":[{"start":{"line":253,"column":23},"end":{"line":253,"column":null}},{"start":{"line":254,"column":24},"end":{"line":256,"column":null}}],"line":253},"30":{"loc":{"start":{"line":258,"column":23},"end":{"line":261,"column":null}},"type":"binary-expr","locations":[{"start":{"line":258,"column":23},"end":{"line":258,"column":null}},{"start":{"line":259,"column":24},"end":{"line":261,"column":null}}],"line":258},"31":{"loc":{"start":{"line":283,"column":23},"end":{"line":291,"column":null}},"type":"binary-expr","locations":[{"start":{"line":283,"column":23},"end":{"line":283,"column":null}},{"start":{"line":284,"column":24},"end":{"line":291,"column":null}}],"line":283},"32":{"loc":{"start":{"line":287,"column":54},"end":{"line":287,"column":161}},"type":"cond-expr","locations":[{"start":{"line":287,"column":81},"end":{"line":287,"column":98}},{"start":{"line":287,"column":98},"end":{"line":287,"column":161}}],"line":287},"33":{"loc":{"start":{"line":287,"column":98},"end":{"line":287,"column":161}},"type":"cond-expr","locations":[{"start":{"line":287,"column":124},"end":{"line":287,"column":144}},{"start":{"line":287,"column":144},"end":{"line":287,"column":161}}],"line":287},"34":{"loc":{"start":{"line":293,"column":23},"end":{"line":302,"column":null}},"type":"binary-expr","locations":[{"start":{"line":293,"column":23},"end":{"line":293,"column":null}},{"start":{"line":294,"column":24},"end":{"line":302,"column":null}}],"line":293},"35":{"loc":{"start":{"line":297,"column":54},"end":{"line":297,"column":160}},"type":"cond-expr","locations":[{"start":{"line":297,"column":81},"end":{"line":297,"column":98}},{"start":{"line":297,"column":98},"end":{"line":297,"column":160}}],"line":297},"36":{"loc":{"start":{"line":297,"column":98},"end":{"line":297,"column":160}},"type":"cond-expr","locations":[{"start":{"line":297,"column":124},"end":{"line":297,"column":144}},{"start":{"line":297,"column":144},"end":{"line":297,"column":160}}],"line":297},"37":{"loc":{"start":{"line":306,"column":19},"end":{"line":312,"column":null}},"type":"binary-expr","locations":[{"start":{"line":306,"column":19},"end":{"line":306,"column":null}},{"start":{"line":307,"column":20},"end":{"line":312,"column":null}}],"line":306},"38":{"loc":{"start":{"line":308,"column":56},"end":{"line":308,"column":162}},"type":"cond-expr","locations":[{"start":{"line":308,"column":83},"end":{"line":308,"column":100}},{"start":{"line":308,"column":100},"end":{"line":308,"column":162}}],"line":308},"39":{"loc":{"start":{"line":308,"column":100},"end":{"line":308,"column":162}},"type":"cond-expr","locations":[{"start":{"line":308,"column":126},"end":{"line":308,"column":146}},{"start":{"line":308,"column":146},"end":{"line":308,"column":162}}],"line":308}},"s":{"0":0,"1":0,"2":0,"3":0,"4":0,"5":0,"6":0,"7":0,"8":0,"9":0,"10":0,"11":0,"12":0,"13":0,"14":0,"15":0,"16":0,"17":0,"18":0,"19":0,"20":0,"21":0,"22":0,"23":0,"24":0,"25":0,"26":0,"27":0,"28":0,"29":0,"30":0,"31":0,"32":0,"33":0,"34":0,"35":0,"36":0,"37":0,"38":0,"39":0,"40":0,"41":0,"42":0,"43":0},"f":{"0":0,"1":0,"2":0,"3":0,"4":0,"5":0,"6":0,"7":0,"8":0,"9":0,"10":0,"11":0,"12":0,"13":0,"14":0,"15":0,"16":0,"17":0},"b":{"0":[0],"1":[0],"2":[0,0],"3":[0,0],"4":[0,0],"5":[0,0],"6":[0,0],"7":[0,0],"8":[0,0],"9":[0,0],"10":[0,0],"11":[0,0],"12":[0,0],"13":[0,0],"14":[0,0],"15":[0,0],"16":[0,0],"17":[0,0],"18":[0,0],"19":[0,0],"20":[0,0],"21":[0,0],"22":[0,0],"23":[0,0],"24":[0,0],"25":[0,0],"26":[0,0],"27":[0,0],"28":[0,0],"29":[0,0],"30":[0,0],"31":[0,0],"32":[0,0],"33":[0,0],"34":[0,0],"35":[0,0],"36":[0,0],"37":[0,0],"38":[0,0],"39":[0,0]},"meta":{"lastBranch":40,"lastFunction":18,"lastStatement":44,"seen":{"f:18:9:18:13":0,"s:19:2:23:Infinity":0,"s:26:16:30:Infinity":1,"f:32:24:32:39":1,"s:33:42:33:Infinity":2,"b:33:28:33:32":0,"s:34:30:34:Infinity":3,"b:34:27:34:30":1,"s:35:26:35:Infinity":4,"s:37:8:87:Infinity":5,"f:37:29:37:35":2,"s:38:16:38:Infinity":6,"s:39:19:39:Infinity":7,"s:40:25:43:Infinity":8,"f:40:42:40:43":3,"s:41:16:41:Infinity":9,"b:41:30:41:64:41:64:41:Infinity":2,"s:42:6:42:Infinity":10,"b:42:13:42:28:42:28:42:Infinity":3,"s:48:8:48:Infinity":11,"s:49:4:61:Infinity":12,"s:50:18:50:Infinity":13,"b:50:18:50:35:50:35:50:Infinity":4,"b:51:6:57:Infinity:undefined:undefined:undefined:undefined":5,"s:51:6:57:Infinity":14,"s:52:8:57:Infinity":15,"b:56:21:56:36:56:36:56:Infinity":6,"s:58:6:58:Infinity":16,"b:58:38:58:52:58:52:58:53":7,"s:59:6:60:Infinity":17,"b:60:15:60:30:60:30:60:31":8,"b:60:42:60:56:60:56:60:57":9,"s:63:4:86:Infinity":18,"f:64:11:64:12":4,"s:65:28:65:Infinity":19,"s:66:24:66:Infinity":20,"f:66:38:66:39":5,"s:66:45:66:65":21,"s:67:22:67:Infinity":22,"b:67:22:67:48:67:48:67:Infinity":10,"s:69:10:71:Infinity":23,"b:70:14:70:Infinity:71:14:71:Infinity":11,"b:69:10:69:27:69:27:69:Infinity":12,"s:72:8:84:Infinity":24,"b:77:28:77:55:77:55:77:Infinity":13,"b:80:16:80:Infinity:81:16:83:Infinity":14,"b:79:12:79:32:79:32:79:Infinity":15,"b:82:18:82:Infinity:83:18:83:Infinity":16,"b:81:16:81:36:81:36:81:Infinity":17,"f:86:12:86:13":6,"s:86:22:86:51":25,"s:89:19:89:Infinity":26,"f:89:37:89:38":7,"s:89:44:89:68":27,"s:90:18:90:Infinity":28,"f:90:36:90:37":8,"s:90:43:90:66":29,"s:91:21:91:Infinity":30,"f:91:39:91:40":9,"s:91:49:91:62":31,"s:93:20:97:Infinity":32,"f:93:47:93:48":10,"s:93:55:97:4":33,"b:94:31:94:59:94:59:94:Infinity":18,"b:99:2:105:Infinity:undefined:undefined:undefined:undefined":19,"s:99:2:105:Infinity":34,"s:100:4:105:Infinity":35,"f:102:27:102:28":11,"s:103:10:103:Infinity":36,"s:108:2:320:Infinity":37,"f:120:23:120:24":12,"s:121:12:127:Infinity":38,"f:123:23:123:29":13,"s:123:29:123:Infinity":39,"b:124:109:124:148:124:148:124:202":20,"b:165:7:165:Infinity:166:8:224:Infinity":21,"f:194:35:194:36":14,"s:194:42:194:Infinity":40,"f:204:31:204:32":15,"s:204:46:204:Infinity":41,"f:207:35:207:36":16,"s:208:22:217:Infinity":42,"b:212:30:212:Infinity:213:30:215:Infinity":22,"b:211:26:211:48:211:48:211:Infinity":23,"b:214:32:214:Infinity:215:32:215:Infinity":24,"b:213:30:213:52:213:52:213:Infinity":25,"b:229:10:232:Infinity:234:10:317:Infinity":26,"f:234:25:234:26":17,"s:235:12:316:Infinity":43,"b:239:20:239:Infinity:240:20:242:Infinity":27,"b:241:22:241:Infinity:242:22:242:Infinity":28,"b:253:23:253:Infinity:254:24:256:Infinity":29,"b:258:23:258:Infinity:259:24:261:Infinity":30,"b:283:23:283:Infinity:284:24:291:Infinity":31,"b:287:81:287:98:287:98:287:161":32,"b:287:124:287:144:287:144:287:161":33,"b:293:23:293:Infinity:294:24:302:Infinity":34,"b:297:81:297:98:297:98:297:160":35,"b:297:124:297:144:297:144:297:160":36,"b:306:19:306:Infinity:307:20:312:Infinity":37,"b:308:83:308:100:308:100:308:162":38,"b:308:126:308:146:308:146:308:162":39},"fnNames":{}}}
}
