{"C:\\Users\\trendaryo\\Desktop\\Drop-Ship-Automatezip2\\Drop-Ship-Automatezip2\\Drop-Ship-Automatezip\\artifacts\\dropflow\\src\\App.tsx": {"path":"C:\\Users\\trendaryo\\Desktop\\Drop-Ship-Automatezip2\\Drop-Ship-Automatezip2\\Drop-Ship-Automatezip\\artifacts\\dropflow\\src\\App.tsx","statementMap":{"0":{"start":{"line":38,"column":20},"end":{"line":38,"column":null}},"1":{"start":{"line":41,"column":2},"end":{"line":75,"column":null}},"2":{"start":{"line":80,"column":2},"end":{"line":88,"column":null}}},"fnMap":{"0":{"name":"Router","decl":{"start":{"line":40,"column":9},"end":{"line":40,"column":18}},"loc":{"start":{"line":40,"column":18},"end":{"line":77,"column":null}},"line":40},"1":{"name":"App","decl":{"start":{"line":79,"column":9},"end":{"line":79,"column":15}},"loc":{"start":{"line":79,"column":15},"end":{"line":90,"column":null}},"line":79}},"branchMap":{},"s":{"0":0,"1":0,"2":0},"f":{"0":0,"1":0},"b":{},"meta":{"lastBranch":0,"lastFunction":2,"lastStatement":3,"seen":{"s:38:20:38:Infinity":0,"f:40:9:40:18":0,"s:41:2:75:Infinity":1,"f:79:9:79:15":1,"s:80:2:88:Infinity":2},"fnNames":{}}}
,"C:\\Users\\trendaryo\\Desktop\\Drop-Ship-Automatezip2\\Drop-Ship-Automatezip2\\Drop-Ship-Automatezip\\artifacts\\dropflow\\src\\components\\layout.tsx": {"path":"C:\\Users\\trendaryo\\Desktop\\Drop-Ship-Automatezip2\\Drop-Ship-Automatezip2\\Drop-Ship-Automatezip\\artifacts\\dropflow\\src\\components\\layout.tsx","statementMap":{"0":{"start":{"line":7,"column":8},"end":{"line":7,"column":null}},"1":{"start":{"line":8,"column":33},"end":{"line":8,"column":null}},"2":{"start":{"line":9,"column":29},"end":{"line":9,"column":null}},"3":{"start":{"line":10,"column":22},"end":{"line":14,"column":null}},"4":{"start":{"line":11,"column":4},"end":{"line":11,"column":null}},"5":{"start":{"line":11,"column":52},"end":{"line":11,"column":null}},"6":{"start":{"line":12,"column":20},"end":{"line":12,"column":null}},"7":{"start":{"line":13,"column":4},"end":{"line":13,"column":null}},"8":{"start":{"line":15,"column":2},"end":{"line":15,"column":null}},"9":{"start":{"line":18,"column":19},"end":{"line":78,"column":null}},"10":{"start":{"line":81,"column":17},"end":{"line":81,"column":null}},"11":{"start":{"line":82,"column":22},"end":{"line":82,"column":null}},"12":{"start":{"line":84,"column":2},"end":{"line":141,"column":null}},"13":{"start":{"line":92,"column":12},"end":{"line":110,"column":null}},"14":{"start":{"line":96,"column":31},"end":{"line":96,"column":null}},"15":{"start":{"line":97,"column":35},"end":{"line":97,"column":null}},"16":{"start":{"line":98,"column":18},"end":{"line":106,"column":null}}},"fnMap":{"0":{"name":"useTotalAlerts","decl":{"start":{"line":6,"column":9},"end":{"line":6,"column":26}},"loc":{"start":{"line":6,"column":26},"end":{"line":16,"column":null}},"line":6},"1":{"name":"(anonymous_1)","decl":{"start":{"line":10,"column":37},"end":{"line":10,"column":38}},"loc":{"start":{"line":10,"column":44},"end":{"line":14,"column":3}},"line":10},"2":{"name":"Layout","decl":{"start":{"line":80,"column":24},"end":{"line":80,"column":31}},"loc":{"start":{"line":80,"column":76},"end":{"line":143,"column":null}},"line":80},"3":{"name":"(anonymous_3)","decl":{"start":{"line":91,"column":26},"end":{"line":91,"column":27}},"loc":{"start":{"line":92,"column":12},"end":{"line":110,"column":null}},"line":92},"4":{"name":"(anonymous_4)","decl":{"start":{"line":95,"column":33},"end":{"line":95,"column":34}},"loc":{"start":{"line":95,"column":43},"end":{"line":108,"column":17}},"line":95}},"branchMap":{"0":{"loc":{"start":{"line":8,"column":16},"end":{"line":8,"column":33}},"type":"default-arg","locations":[{"start":{"line":8,"column":30},"end":{"line":8,"column":33}}],"line":8},"1":{"loc":{"start":{"line":9,"column":16},"end":{"line":9,"column":29}},"type":"default-arg","locations":[{"start":{"line":9,"column":26},"end":{"line":9,"column":29}}],"line":9},"2":{"loc":{"start":{"line":11,"column":4},"end":{"line":11,"column":null}},"type":"if","locations":[{"start":{"line":11,"column":4},"end":{"line":11,"column":null}},{"start":{},"end":{}}],"line":11},"3":{"loc":{"start":{"line":11,"column":8},"end":{"line":11,"column":52}},"type":"binary-expr","locations":[{"start":{"line":11,"column":8},"end":{"line":11,"column":29}},{"start":{"line":11,"column":29},"end":{"line":11,"column":52}}],"line":11},"4":{"loc":{"start":{"line":15,"column":10},"end":{"line":15,"column":69}},"type":"cond-expr","locations":[{"start":{"line":15,"column":43},"end":{"line":15,"column":64}},{"start":{"line":15,"column":64},"end":{"line":15,"column":69}}],"line":15},"5":{"loc":{"start":{"line":97,"column":35},"end":{"line":97,"column":null}},"type":"binary-expr","locations":[{"start":{"line":97,"column":35},"end":{"line":97,"column":62}},{"start":{"line":97,"column":62},"end":{"line":97,"column":83}},{"start":{"line":97,"column":83},"end":{"line":97,"column":null}}],"line":97},"6":{"loc":{"start":{"line":102,"column":125},"end":{"line":102,"column":235}},"type":"cond-expr","locations":[{"start":{"line":102,"column":136},"end":{"line":102,"column":167}},{"start":{"line":102,"column":167},"end":{"line":102,"column":235}}],"line":102},"7":{"loc":{"start":{"line":114,"column":141},"end":{"line":114,"column":272}},"type":"cond-expr","locations":[{"start":{"line":114,"column":173},"end":{"line":114,"column":204}},{"start":{"line":114,"column":204},"end":{"line":114,"column":272}}],"line":114},"8":{"loc":{"start":{"line":117,"column":15},"end":{"line":120,"column":null}},"type":"binary-expr","locations":[{"start":{"line":117,"column":15},"end":{"line":117,"column":null}},{"start":{"line":118,"column":16},"end":{"line":120,"column":null}}],"line":117},"9":{"loc":{"start":{"line":119,"column":19},"end":{"line":119,"column":null}},"type":"cond-expr","locations":[{"start":{"line":119,"column":37},"end":{"line":119,"column":44}},{"start":{"line":119,"column":44},"end":{"line":119,"column":null}}],"line":119},"10":{"loc":{"start":{"line":124,"column":13},"end":{"line":127,"column":null}},"type":"binary-expr","locations":[{"start":{"line":124,"column":13},"end":{"line":124,"column":null}},{"start":{"line":125,"column":14},"end":{"line":127,"column":null}}],"line":124},"11":{"loc":{"start":{"line":130,"column":136},"end":{"line":130,"column":262}},"type":"cond-expr","locations":[{"start":{"line":130,"column":163},"end":{"line":130,"column":194}},{"start":{"line":130,"column":194},"end":{"line":130,"column":262}}],"line":130}},"s":{"0":0,"1":0,"2":0,"3":0,"4":0,"5":0,"6":0,"7":0,"8":0,"9":0,"10":0,"11":0,"12":0,"13":0,"14":0,"15":0,"16":0},"f":{"0":0,"1":0,"2":0,"3":0,"4":0},"b":{"0":[0],"1":[0],"2":[0,0],"3":[0,0],"4":[0,0],"5":[0,0,0],"6":[0,0],"7":[0,0],"8":[0,0],"9":[0,0],"10":[0,0],"11":[0,0]},"meta":{"lastBranch":12,"lastFunction":5,"lastStatement":17,"seen":{"f:6:9:6:26":0,"s:7:8:7:Infinity":0,"s:8:33:8:Infinity":1,"b:8:30:8:33":0,"s:9:29:9:Infinity":2,"b:9:26:9:29":1,"s:10:22:14:Infinity":3,"f:10:37:10:38":1,"b:11:4:11:Infinity:undefined:undefined:undefined:undefined":2,"s:11:4:11:Infinity":4,"b:11:8:11:29:11:29:11:52":3,"s:11:52:11:Infinity":5,"s:12:20:12:Infinity":6,"s:13:4:13:Infinity":7,"s:15:2:15:Infinity":8,"b:15:43:15:64:15:64:15:69":4,"s:18:19:78:Infinity":9,"f:80:24:80:31":2,"s:81:17:81:Infinity":10,"s:82:22:82:Infinity":11,"s:84:2:141:Infinity":12,"f:91:26:91:27":3,"s:92:12:110:Infinity":13,"f:95:33:95:34":4,"s:96:31:96:Infinity":14,"s:97:35:97:Infinity":15,"b:97:35:97:62:97:62:97:83:97:83:97:Infinity":5,"s:98:18:106:Infinity":16,"b:102:136:102:167:102:167:102:235":6,"b:114:173:114:204:114:204:114:272":7,"b:117:15:117:Infinity:118:16:120:Infinity":8,"b:119:37:119:44:119:44:119:Infinity":9,"b:124:13:124:Infinity:125:14:127:Infinity":10,"b:130:163:130:194:130:194:130:262":11},"fnNames":{}}}
,"C:\\Users\\trendaryo\\Desktop\\Drop-Ship-Automatezip2\\Drop-Ship-Automatezip2\\Drop-Ship-Automatezip\\artifacts\\dropflow\\src\\hooks\\use-mobile.tsx": {"path":"C:\\Users\\trendaryo\\Desktop\\Drop-Ship-Automatezip2\\Drop-Ship-Automatezip2\\Drop-Ship-Automatezip\\artifacts\\dropflow\\src\\hooks\\use-mobile.tsx","statementMap":{"0":{"start":{"line":3,"column":26},"end":{"line":3,"column":null}},"1":{"start":{"line":6,"column":34},"end":{"line":6,"column":null}},"2":{"start":{"line":8,"column":2},"end":{"line":16,"column":null}},"3":{"start":{"line":9,"column":16},"end":{"line":9,"column":null}},"4":{"start":{"line":10,"column":21},"end":{"line":12,"column":null}},"5":{"start":{"line":11,"column":6},"end":{"line":11,"column":null}},"6":{"start":{"line":13,"column":4},"end":{"line":13,"column":null}},"7":{"start":{"line":14,"column":4},"end":{"line":14,"column":null}},"8":{"start":{"line":15,"column":4},"end":{"line":15,"column":null}},"9":{"start":{"line":15,"column":17},"end":{"line":15,"column":null}},"10":{"start":{"line":18,"column":2},"end":{"line":18,"column":null}}},"fnMap":{"0":{"name":"useIsMobile","decl":{"start":{"line":5,"column":16},"end":{"line":5,"column":30}},"loc":{"start":{"line":5,"column":30},"end":{"line":19,"column":null}},"line":5},"1":{"name":"(anonymous_1)","decl":{"start":{"line":8,"column":18},"end":{"line":8,"column":24}},"loc":{"start":{"line":8,"column":24},"end":{"line":16,"column":5}},"line":8},"2":{"name":"(anonymous_2)","decl":{"start":{"line":10,"column":21},"end":{"line":10,"column":27}},"loc":{"start":{"line":10,"column":27},"end":{"line":12,"column":null}},"line":10},"3":{"name":"(anonymous_3)","decl":{"start":{"line":15,"column":11},"end":{"line":15,"column":17}},"loc":{"start":{"line":15,"column":17},"end":{"line":15,"column":null}},"line":15}},"branchMap":{},"s":{"0":0,"1":0,"2":0,"3":0,"4":0,"5":0,"6":0,"7":0,"8":0,"9":0,"10":0},"f":{"0":0,"1":0,"2":0,"3":0},"b":{},"meta":{"lastBranch":0,"lastFunction":4,"lastStatement":11,"seen":{"s:3:26:3:Infinity":0,"f:5:16:5:30":0,"s:6:34:6:Infinity":1,"s:8:2:16:Infinity":2,"f:8:18:8:24":1,"s:9:16:9:Infinity":3,"s:10:21:12:Infinity":4,"f:10:21:10:27":2,"s:11:6:11:Infinity":5,"s:13:4:13:Infinity":6,"s:14:4:14:Infinity":7,"s:15:4:15:Infinity":8,"f:15:11:15:17":3,"s:15:17:15:Infinity":9,"s:18:2:18:Infinity":10},"fnNames":{}}}
,"C:\\Users\\trendaryo\\Desktop\\Drop-Ship-Automatezip2\\Drop-Ship-Automatezip2\\Drop-Ship-Automatezip\\artifacts\\dropflow\\src\\hooks\\use-toast.ts": {"path":"C:\\Users\\trendaryo\\Desktop\\Drop-Ship-Automatezip2\\Drop-Ship-Automatezip2\\Drop-Ship-Automatezip\\artifacts\\dropflow\\src\\hooks\\use-toast.ts","statementMap":{"0":{"start":{"line":8,"column":20},"end":{"line":8,"column":null}},"1":{"start":{"line":9,"column":27},"end":{"line":9,"column":null}},"2":{"start":{"line":18,"column":20},"end":{"line":23,"column":null}},"3":{"start":{"line":25,"column":12},"end":{"line":25,"column":null}},"4":{"start":{"line":28,"column":2},"end":{"line":28,"column":null}},"5":{"start":{"line":29,"column":2},"end":{"line":29,"column":null}},"6":{"start":{"line":56,"column":22},"end":{"line":56,"column":null}},"7":{"start":{"line":58,"column":25},"end":{"line":72,"column":null}},"8":{"start":{"line":59,"column":2},"end":{"line":61,"column":null}},"9":{"start":{"line":60,"column":4},"end":{"line":60,"column":null}},"10":{"start":{"line":63,"column":18},"end":{"line":69,"column":null}},"11":{"start":{"line":64,"column":4},"end":{"line":64,"column":null}},"12":{"start":{"line":65,"column":4},"end":{"line":68,"column":null}},"13":{"start":{"line":71,"column":2},"end":{"line":71,"column":null}},"14":{"start":{"line":74,"column":23},"end":{"line":127,"column":null}},"15":{"start":{"line":75,"column":2},"end":{"line":126,"column":null}},"16":{"start":{"line":77,"column":6},"end":{"line":80,"column":null}},"17":{"start":{"line":83,"column":6},"end":{"line":88,"column":null}},"18":{"start":{"line":86,"column":10},"end":{"line":86,"column":null}},"19":{"start":{"line":91,"column":26},"end":{"line":91,"column":null}},"20":{"start":{"line":95,"column":6},"end":{"line":101,"column":null}},"21":{"start":{"line":96,"column":8},"end":{"line":96,"column":null}},"22":{"start":{"line":98,"column":8},"end":{"line":100,"column":null}},"23":{"start":{"line":99,"column":10},"end":{"line":99,"column":null}},"24":{"start":{"line":103,"column":6},"end":{"line":113,"column":null}},"25":{"start":{"line":106,"column":10},"end":{"line":111,"column":null}},"26":{"start":{"line":116,"column":6},"end":{"line":121,"column":null}},"27":{"start":{"line":117,"column":8},"end":{"line":120,"column":null}},"28":{"start":{"line":122,"column":6},"end":{"line":125,"column":null}},"29":{"start":{"line":124,"column":43},"end":{"line":124,"column":66}},"30":{"start":{"line":129,"column":49},"end":{"line":129,"column":null}},"31":{"start":{"line":131,"column":25},"end":{"line":131,"column":null}},"32":{"start":{"line":134,"column":2},"end":{"line":134,"column":null}},"33":{"start":{"line":135,"column":2},"end":{"line":137,"column":null}},"34":{"start":{"line":136,"column":4},"end":{"line":136,"column":null}},"35":{"start":{"line":143,"column":13},"end":{"line":143,"column":null}},"36":{"start":{"line":145,"column":17},"end":{"line":149,"column":null}},"37":{"start":{"line":146,"column":4},"end":{"line":149,"column":null}},"38":{"start":{"line":150,"column":18},"end":{"line":150,"column":null}},"39":{"start":{"line":150,"column":24},"end":{"line":150,"column":null}},"40":{"start":{"line":152,"column":2},"end":{"line":162,"column":null}},"41":{"start":{"line":159,"column":8},"end":{"line":159,"column":null}},"42":{"start":{"line":159,"column":19},"end":{"line":159,"column":null}},"43":{"start":{"line":164,"column":2},"end":{"line":168,"column":null}},"44":{"start":{"line":172,"column":28},"end":{"line":172,"column":null}},"45":{"start":{"line":174,"column":2},"end":{"line":182,"column":null}},"46":{"start":{"line":175,"column":4},"end":{"line":175,"column":null}},"47":{"start":{"line":176,"column":4},"end":{"line":181,"column":null}},"48":{"start":{"line":177,"column":20},"end":{"line":177,"column":null}},"49":{"start":{"line":178,"column":6},"end":{"line":180,"column":null}},"50":{"start":{"line":179,"column":8},"end":{"line":179,"column":null}},"51":{"start":{"line":184,"column":2},"end":{"line":188,"column":null}},"52":{"start":{"line":187,"column":35},"end":{"line":187,"column":null}}},"fnMap":{"0":{"name":"genId","decl":{"start":{"line":27,"column":9},"end":{"line":27,"column":17}},"loc":{"start":{"line":27,"column":17},"end":{"line":30,"column":null}},"line":27},"1":{"name":"(anonymous_1)","decl":{"start":{"line":58,"column":25},"end":{"line":58,"column":26}},"loc":{"start":{"line":58,"column":46},"end":{"line":72,"column":null}},"line":58},"2":{"name":"(anonymous_2)","decl":{"start":{"line":63,"column":29},"end":{"line":63,"column":35}},"loc":{"start":{"line":63,"column":35},"end":{"line":69,"column":5}},"line":63},"3":{"name":"(anonymous_3)","decl":{"start":{"line":74,"column":23},"end":{"line":74,"column":24}},"loc":{"start":{"line":74,"column":64},"end":{"line":127,"column":null}},"line":74},"4":{"name":"(anonymous_4)","decl":{"start":{"line":85,"column":33},"end":{"line":85,"column":34}},"loc":{"start":{"line":86,"column":10},"end":{"line":86,"column":null}},"line":86},"5":{"name":"(anonymous_5)","decl":{"start":{"line":98,"column":29},"end":{"line":98,"column":30}},"loc":{"start":{"line":98,"column":40},"end":{"line":100,"column":9}},"line":98},"6":{"name":"(anonymous_6)","decl":{"start":{"line":105,"column":33},"end":{"line":105,"column":34}},"loc":{"start":{"line":106,"column":10},"end":{"line":111,"column":null}},"line":106},"7":{"name":"(anonymous_7)","decl":{"start":{"line":124,"column":36},"end":{"line":124,"column":37}},"loc":{"start":{"line":124,"column":43},"end":{"line":124,"column":66}},"line":124},"8":{"name":"dispatch","decl":{"start":{"line":133,"column":9},"end":{"line":133,"column":18}},"loc":{"start":{"line":133,"column":34},"end":{"line":138,"column":null}},"line":133},"9":{"name":"(anonymous_9)","decl":{"start":{"line":135,"column":20},"end":{"line":135,"column":21}},"loc":{"start":{"line":135,"column":34},"end":{"line":137,"column":3}},"line":135},"10":{"name":"toast","decl":{"start":{"line":142,"column":9},"end":{"line":142,"column":15}},"loc":{"start":{"line":142,"column":36},"end":{"line":169,"column":null}},"line":142},"11":{"name":"(anonymous_11)","decl":{"start":{"line":145,"column":17},"end":{"line":145,"column":18}},"loc":{"start":{"line":146,"column":4},"end":{"line":149,"column":null}},"line":146},"12":{"name":"(anonymous_12)","decl":{"start":{"line":150,"column":18},"end":{"line":150,"column":24}},"loc":{"start":{"line":150,"column":24},"end":{"line":150,"column":null}},"line":150},"13":{"name":"(anonymous_13)","decl":{"start":{"line":158,"column":20},"end":{"line":158,"column":21}},"loc":{"start":{"line":158,"column":30},"end":{"line":160,"column":null}},"line":158},"14":{"name":"useToast","decl":{"start":{"line":171,"column":9},"end":{"line":171,"column":20}},"loc":{"start":{"line":171,"column":20},"end":{"line":189,"column":null}},"line":171},"15":{"name":"(anonymous_15)","decl":{"start":{"line":174,"column":18},"end":{"line":174,"column":24}},"loc":{"start":{"line":174,"column":24},"end":{"line":182,"column":5}},"line":174},"16":{"name":"(anonymous_16)","decl":{"start":{"line":176,"column":11},"end":{"line":176,"column":17}},"loc":{"start":{"line":176,"column":17},"end":{"line":181,"column":null}},"line":176},"17":{"name":"(anonymous_17)","decl":{"start":{"line":187,"column":13},"end":{"line":187,"column":14}},"loc":{"start":{"line":187,"column":35},"end":{"line":187,"column":null}},"line":187}},"branchMap":{"0":{"loc":{"start":{"line":59,"column":2},"end":{"line":61,"column":null}},"type":"if","locations":[{"start":{"line":59,"column":2},"end":{"line":61,"column":null}},{"start":{},"end":{}}],"line":59},"1":{"loc":{"start":{"line":75,"column":2},"end":{"line":126,"column":null}},"type":"switch","locations":[{"start":{"line":76,"column":4},"end":{"line":80,"column":null}},{"start":{"line":82,"column":4},"end":{"line":88,"column":null}},{"start":{"line":90,"column":4},"end":{"line":114,"column":null}},{"start":{"line":115,"column":4},"end":{"line":125,"column":null}}],"line":75},"2":{"loc":{"start":{"line":86,"column":10},"end":{"line":86,"column":null}},"type":"cond-expr","locations":[{"start":{"line":86,"column":37},"end":{"line":86,"column":65}},{"start":{"line":86,"column":65},"end":{"line":86,"column":null}}],"line":86},"3":{"loc":{"start":{"line":95,"column":6},"end":{"line":101,"column":null}},"type":"if","locations":[{"start":{"line":95,"column":6},"end":{"line":101,"column":null}},{"start":{"line":97,"column":13},"end":{"line":101,"column":null}}],"line":95},"4":{"loc":{"start":{"line":106,"column":10},"end":{"line":111,"column":null}},"type":"cond-expr","locations":[{"start":{"line":107,"column":14},"end":{"line":110,"column":null}},{"start":{"line":111,"column":14},"end":{"line":111,"column":null}}],"line":106},"5":{"loc":{"start":{"line":106,"column":10},"end":{"line":106,"column":null}},"type":"binary-expr","locations":[{"start":{"line":106,"column":10},"end":{"line":106,"column":30}},{"start":{"line":106,"column":30},"end":{"line":106,"column":null}}],"line":106},"6":{"loc":{"start":{"line":116,"column":6},"end":{"line":121,"column":null}},"type":"if","locations":[{"start":{"line":116,"column":6},"end":{"line":121,"column":null}},{"start":{},"end":{}}],"line":116},"7":{"loc":{"start":{"line":159,"column":8},"end":{"line":159,"column":null}},"type":"if","locations":[{"start":{"line":159,"column":8},"end":{"line":159,"column":null}},{"start":{},"end":{}}],"line":159},"8":{"loc":{"start":{"line":178,"column":6},"end":{"line":180,"column":null}},"type":"if","locations":[{"start":{"line":178,"column":6},"end":{"line":180,"column":null}},{"start":{},"end":{}}],"line":178}},"s":{"0":2,"1":2,"2":2,"3":2,"4":0,"5":0,"6":2,"7":2,"8":0,"9":0,"10":0,"11":0,"12":0,"13":0,"14":2,"15":0,"16":0,"17":0,"18":0,"19":0,"20":0,"21":0,"22":0,"23":0,"24":0,"25":0,"26":0,"27":0,"28":0,"29":0,"30":2,"31":2,"32":0,"33":0,"34":0,"35":0,"36":0,"37":0,"38":0,"39":0,"40":0,"41":0,"42":0,"43":0,"44":1,"45":1,"46":1,"47":1,"48":1,"49":1,"50":1,"51":1,"52":0},"f":{"0":0,"1":0,"2":0,"3":0,"4":0,"5":0,"6":0,"7":0,"8":0,"9":0,"10":0,"11":0,"12":0,"13":0,"14":1,"15":1,"16":1,"17":0},"b":{"0":[0,0],"1":[0,0,0,0],"2":[0,0],"3":[0,0],"4":[0,0],"5":[0,0],"6":[0,0],"7":[0,0],"8":[1,0]},"meta":{"lastBranch":9,"lastFunction":18,"lastStatement":53,"seen":{"s:8:20:8:Infinity":0,"s:9:27:9:Infinity":1,"s:18:20:23:Infinity":2,"s:25:12:25:Infinity":3,"f:27:9:27:17":0,"s:28:2:28:Infinity":4,"s:29:2:29:Infinity":5,"s:56:22:56:Infinity":6,"s:58:25:72:Infinity":7,"f:58:25:58:26":1,"b:59:2:61:Infinity:undefined:undefined:undefined:undefined":0,"s:59:2:61:Infinity":8,"s:60:4:60:Infinity":9,"s:63:18:69:Infinity":10,"f:63:29:63:35":2,"s:64:4:64:Infinity":11,"s:65:4:68:Infinity":12,"s:71:2:71:Infinity":13,"s:74:23:127:Infinity":14,"f:74:23:74:24":3,"b:76:4:80:Infinity:82:4:88:Infinity:90:4:114:Infinity:115:4:125:Infinity":1,"s:75:2:126:Infinity":15,"s:77:6:80:Infinity":16,"s:83:6:88:Infinity":17,"f:85:33:85:34":4,"s:86:10:86:Infinity":18,"b:86:37:86:65:86:65:86:Infinity":2,"s:91:26:91:Infinity":19,"b:95:6:101:Infinity:97:13:101:Infinity":3,"s:95:6:101:Infinity":20,"s:96:8:96:Infinity":21,"s:98:8:100:Infinity":22,"f:98:29:98:30":5,"s:99:10:99:Infinity":23,"s:103:6:113:Infinity":24,"f:105:33:105:34":6,"s:106:10:111:Infinity":25,"b:107:14:110:Infinity:111:14:111:Infinity":4,"b:106:10:106:30:106:30:106:Infinity":5,"b:116:6:121:Infinity:undefined:undefined:undefined:undefined":6,"s:116:6:121:Infinity":26,"s:117:8:120:Infinity":27,"s:122:6:125:Infinity":28,"f:124:36:124:37":7,"s:124:43:124:66":29,"s:129:49:129:Infinity":30,"s:131:25:131:Infinity":31,"f:133:9:133:18":8,"s:134:2:134:Infinity":32,"s:135:2:137:Infinity":33,"f:135:20:135:21":9,"s:136:4:136:Infinity":34,"f:142:9:142:15":10,"s:143:13:143:Infinity":35,"s:145:17:149:Infinity":36,"f:145:17:145:18":11,"s:146:4:149:Infinity":37,"s:150:18:150:Infinity":38,"f:150:18:150:24":12,"s:150:24:150:Infinity":39,"s:152:2:162:Infinity":40,"f:158:20:158:21":13,"b:159:8:159:Infinity:undefined:undefined:undefined:undefined":7,"s:159:8:159:Infinity":41,"s:159:19:159:Infinity":42,"s:164:2:168:Infinity":43,"f:171:9:171:20":14,"s:172:28:172:Infinity":44,"s:174:2:182:Infinity":45,"f:174:18:174:24":15,"s:175:4:175:Infinity":46,"s:176:4:181:Infinity":47,"f:176:11:176:17":16,"s:177:20:177:Infinity":48,"b:178:6:180:Infinity:undefined:undefined:undefined:undefined":8,"s:178:6:180:Infinity":49,"s:179:8:179:Infinity":50,"s:184:2:188:Infinity":51,"f:187:13:187:14":17,"s:187:35:187:Infinity":52},"fnNames":{}}}
,"C:\\Users\\trendaryo\\Desktop\\Drop-Ship-Automatezip2\\Drop-Ship-Automatezip2\\Drop-Ship-Automatezip\\artifacts\\dropflow\\src\\pages\\ad-spend.tsx": {"path":"C:\\Users\\trendaryo\\Desktop\\Drop-Ship-Automatezip2\\Drop-Ship-Automatezip2\\Drop-Ship-Automatezip\\artifacts\\dropflow\\src\\pages\\ad-spend.tsx","statementMap":{"0":{"start":{"line":11,"column":13},"end":{"line":11,"column":null}},"1":{"start":{"line":25,"column":18},"end":{"line":25,"column":null}},"2":{"start":{"line":26,"column":48},"end":{"line":29,"column":null}},"3":{"start":{"line":32,"column":2},"end":{"line":32,"column":null}},"4":{"start":{"line":35,"column":2},"end":{"line":35,"column":null}},"5":{"start":{"line":38,"column":19},"end":{"line":38,"column":null}},"6":{"start":{"line":41,"column":8},"end":{"line":41,"column":null}},"7":{"start":{"line":42,"column":16},"end":{"line":42,"column":null}},"8":{"start":{"line":43,"column":28},"end":{"line":43,"column":null}},"9":{"start":{"line":44,"column":22},"end":{"line":44,"column":null}},"10":{"start":{"line":46,"column":56},"end":{"line":49,"column":null}},"11":{"start":{"line":48,"column":19},"end":{"line":48,"column":null}},"12":{"start":{"line":48,"column":65},"end":{"line":48,"column":73}},"13":{"start":{"line":51,"column":22},"end":{"line":54,"column":null}},"14":{"start":{"line":53,"column":19},"end":{"line":53,"column":null}},"15":{"start":{"line":53,"column":71},"end":{"line":53,"column":79}},"16":{"start":{"line":56,"column":8},"end":{"line":65,"column":null}},"17":{"start":{"line":57,"column":34},"end":{"line":59,"column":null}},"18":{"start":{"line":59,"column":19},"end":{"line":59,"column":27}},"19":{"start":{"line":61,"column":6},"end":{"line":61,"column":null}},"20":{"start":{"line":62,"column":6},"end":{"line":62,"column":null}},"21":{"start":{"line":63,"column":6},"end":{"line":63,"column":25}},"22":{"start":{"line":63,"column":25},"end":{"line":63,"column":null}},"23":{"start":{"line":67,"column":8},"end":{"line":74,"column":null}},"24":{"start":{"line":68,"column":32},"end":{"line":68,"column":null}},"25":{"start":{"line":70,"column":6},"end":{"line":70,"column":null}},"26":{"start":{"line":71,"column":6},"end":{"line":71,"column":null}},"27":{"start":{"line":72,"column":6},"end":{"line":72,"column":null}},"28":{"start":{"line":76,"column":23},"end":{"line":85,"column":null}},"29":{"start":{"line":77,"column":4},"end":{"line":84,"column":null}},"30":{"start":{"line":87,"column":20},"end":{"line":87,"column":null}},"31":{"start":{"line":87,"column":38},"end":{"line":87,"column":null}},"32":{"start":{"line":89,"column":21},"end":{"line":96,"column":null}},"33":{"start":{"line":98,"column":2},"end":{"line":247,"column":null}},"34":{"start":{"line":105,"column":31},"end":{"line":105,"column":49}},"35":{"start":{"line":112,"column":10},"end":{"line":122,"column":null}},"36":{"start":{"line":135,"column":88},"end":{"line":135,"column":97}},"37":{"start":{"line":137,"column":43},"end":{"line":137,"column":59}},"38":{"start":{"line":140,"column":22},"end":{"line":140,"column":null}},"39":{"start":{"line":152,"column":18},"end":{"line":159,"column":null}},"40":{"start":{"line":172,"column":92},"end":{"line":172,"column":144}},"41":{"start":{"line":173,"column":132},"end":{"line":173,"column":null}},"42":{"start":{"line":174,"column":38},"end":{"line":174,"column":113}},"43":{"start":{"line":176,"column":101},"end":{"line":176,"column":152}},"44":{"start":{"line":177,"column":95},"end":{"line":177,"column":140}},"45":{"start":{"line":178,"column":99},"end":{"line":178,"column":146}},"46":{"start":{"line":179,"column":103},"end":{"line":179,"column":154}},"47":{"start":{"line":180,"column":93},"end":{"line":180,"column":139}},"48":{"start":{"line":181,"column":103},"end":{"line":181,"column":154}},"49":{"start":{"line":185,"column":55},"end":{"line":185,"column":74}},"50":{"start":{"line":217,"column":32},"end":{"line":217,"column":null}},"51":{"start":{"line":218,"column":34},"end":{"line":218,"column":null}},"52":{"start":{"line":219,"column":31},"end":{"line":219,"column":null}},"53":{"start":{"line":220,"column":18},"end":{"line":239,"column":null}},"54":{"start":{"line":235,"column":47},"end":{"line":235,"column":68}}},"fnMap":{"0":{"name":"fmt","decl":{"start":{"line":31,"column":9},"end":{"line":31,"column":13}},"loc":{"start":{"line":31,"column":24},"end":{"line":33,"column":null}},"line":31},"1":{"name":"fmtShort","decl":{"start":{"line":34,"column":9},"end":{"line":34,"column":18}},"loc":{"start":{"line":34,"column":29},"end":{"line":36,"column":null}},"line":34},"2":{"name":"AdSpendPage","decl":{"start":{"line":40,"column":24},"end":{"line":40,"column":38}},"loc":{"start":{"line":40,"column":38},"end":{"line":249,"column":null}},"line":40},"3":{"name":"(anonymous_3)","decl":{"start":{"line":48,"column":13},"end":{"line":48,"column":19}},"loc":{"start":{"line":48,"column":19},"end":{"line":48,"column":null}},"line":48},"4":{"name":"(anonymous_4)","decl":{"start":{"line":48,"column":58},"end":{"line":48,"column":59}},"loc":{"start":{"line":48,"column":65},"end":{"line":48,"column":73}},"line":48},"5":{"name":"(anonymous_5)","decl":{"start":{"line":53,"column":13},"end":{"line":53,"column":19}},"loc":{"start":{"line":53,"column":19},"end":{"line":53,"column":null}},"line":53},"6":{"name":"(anonymous_6)","decl":{"start":{"line":53,"column":64},"end":{"line":53,"column":65}},"loc":{"start":{"line":53,"column":71},"end":{"line":53,"column":79}},"line":53},"7":{"name":"(anonymous_7)","decl":{"start":{"line":57,"column":16},"end":{"line":57,"column":17}},"loc":{"start":{"line":57,"column":34},"end":{"line":59,"column":null}},"line":57},"8":{"name":"(anonymous_8)","decl":{"start":{"line":59,"column":12},"end":{"line":59,"column":13}},"loc":{"start":{"line":59,"column":19},"end":{"line":59,"column":27}},"line":59},"9":{"name":"(anonymous_9)","decl":{"start":{"line":60,"column":15},"end":{"line":60,"column":21}},"loc":{"start":{"line":60,"column":21},"end":{"line":64,"column":null}},"line":60},"10":{"name":"(anonymous_10)","decl":{"start":{"line":68,"column":16},"end":{"line":68,"column":17}},"loc":{"start":{"line":68,"column":32},"end":{"line":68,"column":null}},"line":68},"11":{"name":"(anonymous_11)","decl":{"start":{"line":69,"column":15},"end":{"line":69,"column":21}},"loc":{"start":{"line":69,"column":21},"end":{"line":73,"column":null}},"line":69},"12":{"name":"(anonymous_12)","decl":{"start":{"line":76,"column":23},"end":{"line":76,"column":29}},"loc":{"start":{"line":76,"column":29},"end":{"line":85,"column":null}},"line":76},"13":{"name":"(anonymous_13)","decl":{"start":{"line":87,"column":20},"end":{"line":87,"column":21}},"loc":{"start":{"line":87,"column":38},"end":{"line":87,"column":null}},"line":87},"14":{"name":"(anonymous_14)","decl":{"start":{"line":105,"column":25},"end":{"line":105,"column":31}},"loc":{"start":{"line":105,"column":31},"end":{"line":105,"column":49}},"line":105},"15":{"name":"(anonymous_15)","decl":{"start":{"line":111,"column":24},"end":{"line":111,"column":25}},"loc":{"start":{"line":112,"column":10},"end":{"line":122,"column":null}},"line":112},"16":{"name":"(anonymous_16)","decl":{"start":{"line":135,"column":81},"end":{"line":135,"column":82}},"loc":{"start":{"line":135,"column":88},"end":{"line":135,"column":97}},"line":135},"17":{"name":"(anonymous_17)","decl":{"start":{"line":137,"column":31},"end":{"line":137,"column":32}},"loc":{"start":{"line":137,"column":43},"end":{"line":137,"column":59}},"line":137},"18":{"name":"(anonymous_18)","decl":{"start":{"line":139,"column":43},"end":{"line":139,"column":44}},"loc":{"start":{"line":140,"column":22},"end":{"line":140,"column":null}},"line":140},"19":{"name":"(anonymous_19)","decl":{"start":{"line":151,"column":39},"end":{"line":151,"column":40}},"loc":{"start":{"line":152,"column":18},"end":{"line":159,"column":null}},"line":152},"20":{"name":"(anonymous_20)","decl":{"start":{"line":172,"column":85},"end":{"line":172,"column":86}},"loc":{"start":{"line":172,"column":92},"end":{"line":172,"column":144}},"line":172},"21":{"name":"(anonymous_21)","decl":{"start":{"line":173,"column":125},"end":{"line":173,"column":126}},"loc":{"start":{"line":173,"column":132},"end":{"line":173,"column":null}},"line":173},"22":{"name":"(anonymous_22)","decl":{"start":{"line":174,"column":31},"end":{"line":174,"column":32}},"loc":{"start":{"line":174,"column":38},"end":{"line":174,"column":113}},"line":174},"23":{"name":"(anonymous_23)","decl":{"start":{"line":176,"column":94},"end":{"line":176,"column":95}},"loc":{"start":{"line":176,"column":101},"end":{"line":176,"column":152}},"line":176},"24":{"name":"(anonymous_24)","decl":{"start":{"line":177,"column":88},"end":{"line":177,"column":89}},"loc":{"start":{"line":177,"column":95},"end":{"line":177,"column":140}},"line":177},"25":{"name":"(anonymous_25)","decl":{"start":{"line":178,"column":92},"end":{"line":178,"column":93}},"loc":{"start":{"line":178,"column":99},"end":{"line":178,"column":146}},"line":178},"26":{"name":"(anonymous_26)","decl":{"start":{"line":179,"column":96},"end":{"line":179,"column":97}},"loc":{"start":{"line":179,"column":103},"end":{"line":179,"column":154}},"line":179},"27":{"name":"(anonymous_27)","decl":{"start":{"line":180,"column":86},"end":{"line":180,"column":87}},"loc":{"start":{"line":180,"column":93},"end":{"line":180,"column":139}},"line":180},"28":{"name":"(anonymous_28)","decl":{"start":{"line":181,"column":96},"end":{"line":181,"column":97}},"loc":{"start":{"line":181,"column":103},"end":{"line":181,"column":154}},"line":181},"29":{"name":"(anonymous_29)","decl":{"start":{"line":185,"column":49},"end":{"line":185,"column":55}},"loc":{"start":{"line":185,"column":55},"end":{"line":185,"column":74}},"line":185},"30":{"name":"(anonymous_30)","decl":{"start":{"line":216,"column":31},"end":{"line":216,"column":32}},"loc":{"start":{"line":216,"column":38},"end":{"line":241,"column":17}},"line":216},"31":{"name":"(anonymous_31)","decl":{"start":{"line":235,"column":41},"end":{"line":235,"column":47}},"loc":{"start":{"line":235,"column":47},"end":{"line":235,"column":68}},"line":235}},"branchMap":{"0":{"loc":{"start":{"line":46,"column":16},"end":{"line":46,"column":32}},"type":"default-arg","locations":[{"start":{"line":46,"column":28},"end":{"line":46,"column":32}}],"line":46},"1":{"loc":{"start":{"line":79,"column":13},"end":{"line":79,"column":null}},"type":"binary-expr","locations":[{"start":{"line":79,"column":13},"end":{"line":79,"column":39}},{"start":{"line":79,"column":39},"end":{"line":79,"column":null}}],"line":79},"2":{"loc":{"start":{"line":80,"column":15},"end":{"line":80,"column":null}},"type":"binary-expr","locations":[{"start":{"line":80,"column":15},"end":{"line":80,"column":43}},{"start":{"line":80,"column":43},"end":{"line":80,"column":null}}],"line":80},"3":{"loc":{"start":{"line":81,"column":19},"end":{"line":81,"column":null}},"type":"binary-expr","locations":[{"start":{"line":81,"column":19},"end":{"line":81,"column":49}},{"start":{"line":81,"column":49},"end":{"line":81,"column":null}}],"line":81},"4":{"loc":{"start":{"line":82,"column":14},"end":{"line":82,"column":null}},"type":"binary-expr","locations":[{"start":{"line":82,"column":14},"end":{"line":82,"column":39}},{"start":{"line":82,"column":39},"end":{"line":82,"column":null}}],"line":82},"5":{"loc":{"start":{"line":83,"column":19},"end":{"line":83,"column":null}},"type":"binary-expr","locations":[{"start":{"line":83,"column":19},"end":{"line":83,"column":49}},{"start":{"line":83,"column":49},"end":{"line":83,"column":null}}],"line":83},"6":{"loc":{"start":{"line":87,"column":38},"end":{"line":87,"column":null}},"type":"cond-expr","locations":[{"start":{"line":87,"column":50},"end":{"line":87,"column":71}},{"start":{"line":87,"column":71},"end":{"line":87,"column":null}}],"line":87},"7":{"loc":{"start":{"line":87,"column":71},"end":{"line":87,"column":null}},"type":"cond-expr","locations":[{"start":{"line":87,"column":83},"end":{"line":87,"column":103}},{"start":{"line":87,"column":103},"end":{"line":87,"column":null}}],"line":87},"8":{"loc":{"start":{"line":90,"column":44},"end":{"line":90,"column":66}},"type":"binary-expr","locations":[{"start":{"line":90,"column":44},"end":{"line":90,"column":65}},{"start":{"line":90,"column":65},"end":{"line":90,"column":66}}],"line":90},"9":{"loc":{"start":{"line":91,"column":46},"end":{"line":91,"column":70}},"type":"binary-expr","locations":[{"start":{"line":91,"column":46},"end":{"line":91,"column":69}},{"start":{"line":91,"column":69},"end":{"line":91,"column":70}}],"line":91},"10":{"loc":{"start":{"line":92,"column":36},"end":{"line":92,"column":54}},"type":"binary-expr","locations":[{"start":{"line":92,"column":36},"end":{"line":92,"column":51}},{"start":{"line":92,"column":51},"end":{"line":92,"column":54}}],"line":92},"11":{"loc":{"start":{"line":92,"column":104},"end":{"line":92,"column":120}},"type":"binary-expr","locations":[{"start":{"line":92,"column":104},"end":{"line":92,"column":119}},{"start":{"line":92,"column":119},"end":{"line":92,"column":120}}],"line":92},"12":{"loc":{"start":{"line":93,"column":42},"end":{"line":93,"column":72}},"type":"binary-expr","locations":[{"start":{"line":93,"column":42},"end":{"line":93,"column":69}},{"start":{"line":93,"column":69},"end":{"line":93,"column":72}}],"line":93},"13":{"loc":{"start":{"line":94,"column":37},"end":{"line":94,"column":62}},"type":"binary-expr","locations":[{"start":{"line":94,"column":37},"end":{"line":94,"column":59}},{"start":{"line":94,"column":59},"end":{"line":94,"column":62}}],"line":94},"14":{"loc":{"start":{"line":95,"column":35},"end":{"line":95,"column":52}},"type":"binary-expr","locations":[{"start":{"line":95,"column":35},"end":{"line":95,"column":49}},{"start":{"line":95,"column":49},"end":{"line":95,"column":52}}],"line":95},"15":{"loc":{"start":{"line":124,"column":6},"end":{"line":164,"column":null}},"type":"binary-expr","locations":[{"start":{"line":124,"column":6},"end":{"line":126,"column":null}},{"start":{"line":127,"column":8},"end":{"line":164,"column":null}}],"line":124},"16":{"loc":{"start":{"line":126,"column":8},"end":{"line":126,"column":42}},"type":"binary-expr","locations":[{"start":{"line":126,"column":8},"end":{"line":126,"column":37}},{"start":{"line":126,"column":37},"end":{"line":126,"column":42}}],"line":126},"17":{"loc":{"start":{"line":132,"column":32},"end":{"line":132,"column":null}},"type":"binary-expr","locations":[{"start":{"line":132,"column":32},"end":{"line":132,"column":53}},{"start":{"line":132,"column":53},"end":{"line":132,"column":null}}],"line":132},"18":{"loc":{"start":{"line":140,"column":51},"end":{"line":140,"column":93}},"type":"binary-expr","locations":[{"start":{"line":140,"column":51},"end":{"line":140,"column":82}},{"start":{"line":140,"column":82},"end":{"line":140,"column":93}}],"line":140},"19":{"loc":{"start":{"line":153,"column":88},"end":{"line":153,"column":129}},"type":"binary-expr","locations":[{"start":{"line":153,"column":88},"end":{"line":153,"column":119}},{"start":{"line":153,"column":119},"end":{"line":153,"column":129}}],"line":153},"20":{"loc":{"start":{"line":156,"column":121},"end":{"line":156,"column":162}},"type":"binary-expr","locations":[{"start":{"line":156,"column":121},"end":{"line":156,"column":152}},{"start":{"line":156,"column":152},"end":{"line":156,"column":162}}],"line":156},"21":{"loc":{"start":{"line":167,"column":7},"end":{"line":188,"column":null}},"type":"binary-expr","locations":[{"start":{"line":167,"column":7},"end":{"line":167,"column":null}},{"start":{"line":168,"column":8},"end":{"line":188,"column":null}}],"line":167},"22":{"loc":{"start":{"line":194,"column":11},"end":{"line":243,"column":null}},"type":"cond-expr","locations":[{"start":{"line":195,"column":12},"end":{"line":195,"column":null}},{"start":{"line":196,"column":14},"end":{"line":243,"column":null}}],"line":194},"23":{"loc":{"start":{"line":196,"column":14},"end":{"line":243,"column":null}},"type":"cond-expr","locations":[{"start":{"line":197,"column":12},"end":{"line":200,"column":null}},{"start":{"line":202,"column":12},"end":{"line":243,"column":null}}],"line":196},"24":{"loc":{"start":{"line":217,"column":39},"end":{"line":217,"column":51}},"type":"binary-expr","locations":[{"start":{"line":217,"column":39},"end":{"line":217,"column":50}},{"start":{"line":217,"column":50},"end":{"line":217,"column":51}}],"line":217},"25":{"loc":{"start":{"line":218,"column":41},"end":{"line":218,"column":55}},"type":"binary-expr","locations":[{"start":{"line":218,"column":41},"end":{"line":218,"column":54}},{"start":{"line":218,"column":54},"end":{"line":218,"column":55}}],"line":218},"26":{"loc":{"start":{"line":219,"column":31},"end":{"line":219,"column":null}},"type":"cond-expr","locations":[{"start":{"line":219,"column":43},"end":{"line":219,"column":61}},{"start":{"line":219,"column":61},"end":{"line":219,"column":null}}],"line":219},"27":{"loc":{"start":{"line":225,"column":94},"end":{"line":225,"column":135}},"type":"binary-expr","locations":[{"start":{"line":225,"column":94},"end":{"line":225,"column":125}},{"start":{"line":225,"column":125},"end":{"line":225,"column":135}}],"line":225},"28":{"loc":{"start":{"line":232,"column":83},"end":{"line":232,"column":98}},"type":"binary-expr","locations":[{"start":{"line":232,"column":83},"end":{"line":232,"column":95}},{"start":{"line":232,"column":95},"end":{"line":232,"column":98}}],"line":232},"29":{"loc":{"start":{"line":233,"column":82},"end":{"line":233,"column":101}},"type":"binary-expr","locations":[{"start":{"line":233,"column":82},"end":{"line":233,"column":99}},{"start":{"line":233,"column":99},"end":{"line":233,"column":101}}],"line":233}},"s":{"0":0,"1":0,"2":0,"3":0,"4":0,"5":0,"6":0,"7":0,"8":0,"9":0,"10":0,"11":0,"12":0,"13":0,"14":0,"15":0,"16":0,"17":0,"18":0,"19":0,"20":0,"21":0,"22":0,"23":0,"24":0,"25":0,"26":0,"27":0,"28":0,"29":0,"30":0,"31":0,"32":0,"33":0,"34":0,"35":0,"36":0,"37":0,"38":0,"39":0,"40":0,"41":0,"42":0,"43":0,"44":0,"45":0,"46":0,"47":0,"48":0,"49":0,"50":0,"51":0,"52":0,"53":0,"54":0},"f":{"0":0,"1":0,"2":0,"3":0,"4":0,"5":0,"6":0,"7":0,"8":0,"9":0,"10":0,"11":0,"12":0,"13":0,"14":0,"15":0,"16":0,"17":0,"18":0,"19":0,"20":0,"21":0,"22":0,"23":0,"24":0,"25":0,"26":0,"27":0,"28":0,"29":0,"30":0,"31":0},"b":{"0":[0],"1":[0,0],"2":[0,0],"3":[0,0],"4":[0,0],"5":[0,0],"6":[0,0],"7":[0,0],"8":[0,0],"9":[0,0],"10":[0,0],"11":[0,0],"12":[0,0],"13":[0,0],"14":[0,0],"15":[0,0],"16":[0,0],"17":[0,0],"18":[0,0],"19":[0,0],"20":[0,0],"21":[0,0],"22":[0,0],"23":[0,0],"24":[0,0],"25":[0,0],"26":[0,0],"27":[0,0],"28":[0,0],"29":[0,0]},"meta":{"lastBranch":30,"lastFunction":32,"lastStatement":55,"seen":{"s:11:13:11:Infinity":0,"s:25:18:25:Infinity":1,"s:26:48:29:Infinity":2,"f:31:9:31:13":0,"s:32:2:32:Infinity":3,"f:34:9:34:18":1,"s:35:2:35:Infinity":4,"s:38:19:38:Infinity":5,"f:40:24:40:38":2,"s:41:8:41:Infinity":6,"s:42:16:42:Infinity":7,"s:43:28:43:Infinity":8,"s:44:22:44:Infinity":9,"s:46:56:49:Infinity":10,"b:46:28:46:32":0,"f:48:13:48:19":3,"s:48:19:48:Infinity":11,"f:48:58:48:59":4,"s:48:65:48:73":12,"s:51:22:54:Infinity":13,"f:53:13:53:19":5,"s:53:19:53:Infinity":14,"f:53:64:53:65":6,"s:53:71:53:79":15,"s:56:8:65:Infinity":16,"f:57:16:57:17":7,"s:57:34:59:Infinity":17,"f:59:12:59:13":8,"s:59:19:59:27":18,"f:60:15:60:21":9,"s:61:6:61:Infinity":19,"s:62:6:62:Infinity":20,"s:63:6:63:25":21,"s:63:25:63:Infinity":22,"s:67:8:74:Infinity":23,"f:68:16:68:17":10,"s:68:32:68:Infinity":24,"f:69:15:69:21":11,"s:70:6:70:Infinity":25,"s:71:6:71:Infinity":26,"s:72:6:72:Infinity":27,"s:76:23:85:Infinity":28,"f:76:23:76:29":12,"s:77:4:84:Infinity":29,"b:79:13:79:39:79:39:79:Infinity":1,"b:80:15:80:43:80:43:80:Infinity":2,"b:81:19:81:49:81:49:81:Infinity":3,"b:82:14:82:39:82:39:82:Infinity":4,"b:83:19:83:49:83:49:83:Infinity":5,"s:87:20:87:Infinity":30,"f:87:20:87:21":13,"s:87:38:87:Infinity":31,"b:87:50:87:71:87:71:87:Infinity":6,"b:87:83:87:103:87:103:87:Infinity":7,"s:89:21:96:Infinity":32,"b:90:44:90:65:90:65:90:66":8,"b:91:46:91:69:91:69:91:70":9,"b:92:36:92:51:92:51:92:54":10,"b:92:104:92:119:92:119:92:120":11,"b:93:42:93:69:93:69:93:72":12,"b:94:37:94:59:94:59:94:62":13,"b:95:35:95:49:95:49:95:52":14,"s:98:2:247:Infinity":33,"f:105:25:105:31":14,"s:105:31:105:49":34,"f:111:24:111:25":15,"s:112:10:122:Infinity":35,"b:124:6:126:Infinity:127:8:164:Infinity":15,"b:126:8:126:37:126:37:126:42":16,"b:132:32:132:53:132:53:132:Infinity":17,"f:135:81:135:82":16,"s:135:88:135:97":36,"f:137:31:137:32":17,"s:137:43:137:59":37,"f:139:43:139:44":18,"s:140:22:140:Infinity":38,"b:140:51:140:82:140:82:140:93":18,"f:151:39:151:40":19,"s:152:18:159:Infinity":39,"b:153:88:153:119:153:119:153:129":19,"b:156:121:156:152:156:152:156:162":20,"b:167:7:167:Infinity:168:8:188:Infinity":21,"f:172:85:172:86":20,"s:172:92:172:144":40,"f:173:125:173:126":21,"s:173:132:173:Infinity":41,"f:174:31:174:32":22,"s:174:38:174:113":42,"f:176:94:176:95":23,"s:176:101:176:152":43,"f:177:88:177:89":24,"s:177:95:177:140":44,"f:178:92:178:93":25,"s:178:99:178:146":45,"f:179:96:179:97":26,"s:179:103:179:154":46,"f:180:86:180:87":27,"s:180:93:180:139":47,"f:181:96:181:97":28,"s:181:103:181:154":48,"f:185:49:185:55":29,"s:185:55:185:74":49,"b:195:12:195:Infinity:196:14:243:Infinity":22,"b:197:12:200:Infinity:202:12:243:Infinity":23,"f:216:31:216:32":30,"s:217:32:217:Infinity":50,"b:217:39:217:50:217:50:217:51":24,"s:218:34:218:Infinity":51,"b:218:41:218:54:218:54:218:55":25,"s:219:31:219:Infinity":52,"b:219:43:219:61:219:61:219:Infinity":26,"s:220:18:239:Infinity":53,"b:225:94:225:125:225:125:225:135":27,"b:232:83:232:95:232:95:232:98":28,"b:233:82:233:99:233:99:233:101":29,"f:235:41:235:47":31,"s:235:47:235:68":54},"fnNames":{}}}
,"C:\\Users\\trendaryo\\Desktop\\Drop-Ship-Automatezip2\\Drop-Ship-Automatezip2\\Drop-Ship-Automatezip\\artifacts\\dropflow\\src\\pages\\ai-settings.tsx": {"path":"C:\\Users\\trendaryo\\Desktop\\Drop-Ship-Automatezip2\\Drop-Ship-Automatezip2\\Drop-Ship-Automatezip\\artifacts\\dropflow\\src\\pages\\ai-settings.tsx","statementMap":{"0":{"start":{"line":13,"column":13},"end":{"line":13,"column":null}},"1":{"start":{"line":30,"column":47},"end":{"line":37,"column":null}},"2":{"start":{"line":39,"column":48},"end":{"line":46,"column":null}},"3":{"start":{"line":49,"column":16},"end":{"line":49,"column":null}},"4":{"start":{"line":50,"column":8},"end":{"line":50,"column":null}},"5":{"start":{"line":51,"column":30},"end":{"line":51,"column":null}},"6":{"start":{"line":52,"column":32},"end":{"line":52,"column":null}},"7":{"start":{"line":53,"column":28},"end":{"line":53,"column":null}},"8":{"start":{"line":55,"column":31},"end":{"line":58,"column":null}},"9":{"start":{"line":57,"column":19},"end":{"line":57,"column":null}},"10":{"start":{"line":57,"column":74},"end":{"line":57,"column":82}},"11":{"start":{"line":60,"column":31},"end":{"line":63,"column":null}},"12":{"start":{"line":62,"column":19},"end":{"line":62,"column":null}},"13":{"start":{"line":62,"column":64},"end":{"line":62,"column":72}},"14":{"start":{"line":65,"column":8},"end":{"line":79,"column":null}},"15":{"start":{"line":67,"column":6},"end":{"line":71,"column":null}},"16":{"start":{"line":71,"column":21},"end":{"line":71,"column":29}},"17":{"start":{"line":73,"column":6},"end":{"line":73,"column":null}},"18":{"start":{"line":73,"column":24},"end":{"line":73,"column":100}},"19":{"start":{"line":73,"column":100},"end":{"line":73,"column":108}},"20":{"start":{"line":74,"column":6},"end":{"line":74,"column":null}},"21":{"start":{"line":75,"column":6},"end":{"line":75,"column":null}},"22":{"start":{"line":76,"column":6},"end":{"line":76,"column":null}},"23":{"start":{"line":76,"column":30},"end":{"line":76,"column":83}},"24":{"start":{"line":77,"column":6},"end":{"line":77,"column":null}},"25":{"start":{"line":81,"column":8},"end":{"line":88,"column":null}},"26":{"start":{"line":83,"column":6},"end":{"line":83,"column":null}},"27":{"start":{"line":85,"column":6},"end":{"line":85,"column":null}},"28":{"start":{"line":86,"column":6},"end":{"line":86,"column":null}},"29":{"start":{"line":91,"column":4},"end":{"line":91,"column":null}},"30":{"start":{"line":92,"column":4},"end":{"line":104,"column":null}},"31":{"start":{"line":93,"column":18},"end":{"line":93,"column":null}},"32":{"start":{"line":94,"column":19},"end":{"line":94,"column":null}},"33":{"start":{"line":95,"column":6},"end":{"line":99,"column":null}},"34":{"start":{"line":96,"column":8},"end":{"line":96,"column":null}},"35":{"start":{"line":98,"column":8},"end":{"line":98,"column":null}},"36":{"start":{"line":101,"column":6},"end":{"line":101,"column":null}},"37":{"start":{"line":103,"column":6},"end":{"line":103,"column":null}},"38":{"start":{"line":107,"column":19},"end":{"line":107,"column":null}},"39":{"start":{"line":107,"column":59},"end":{"line":107,"column":74}},"40":{"start":{"line":108,"column":26},"end":{"line":108,"column":null}},"41":{"start":{"line":111,"column":4},"end":{"line":111,"column":null}},"42":{"start":{"line":114,"column":2},"end":{"line":269,"column":null}},"43":{"start":{"line":146,"column":24},"end":{"line":146,"column":null}},"44":{"start":{"line":147,"column":25},"end":{"line":147,"column":null}},"45":{"start":{"line":148,"column":23},"end":{"line":148,"column":null}},"46":{"start":{"line":149,"column":25},"end":{"line":149,"column":null}},"47":{"start":{"line":151,"column":10},"end":{"line":250,"column":null}},"48":{"start":{"line":156,"column":33},"end":{"line":156,"column":null}},"49":{"start":{"line":182,"column":44},"end":{"line":182,"column":65}},"50":{"start":{"line":182,"column":65},"end":{"line":182,"column":80}},"51":{"start":{"line":192,"column":44},"end":{"line":192,"column":65}},"52":{"start":{"line":192,"column":65},"end":{"line":192,"column":86}},"53":{"start":{"line":218,"column":43},"end":{"line":218,"column":null}},"54":{"start":{"line":218,"column":67},"end":{"line":218,"column":146}},"55":{"start":{"line":230,"column":43},"end":{"line":230,"column":null}},"56":{"start":{"line":230,"column":67},"end":{"line":230,"column":148}},"57":{"start":{"line":232,"column":45},"end":{"line":232,"column":83}},"58":{"start":{"line":240,"column":39},"end":{"line":240,"column":null}},"59":{"start":{"line":245,"column":73},"end":{"line":245,"column":92}}},"fnMap":{"0":{"name":"AISettingsPage","decl":{"start":{"line":48,"column":24},"end":{"line":48,"column":41}},"loc":{"start":{"line":48,"column":41},"end":{"line":271,"column":null}},"line":48},"1":{"name":"(anonymous_1)","decl":{"start":{"line":57,"column":13},"end":{"line":57,"column":19}},"loc":{"start":{"line":57,"column":19},"end":{"line":57,"column":null}},"line":57},"2":{"name":"(anonymous_2)","decl":{"start":{"line":57,"column":67},"end":{"line":57,"column":68}},"loc":{"start":{"line":57,"column":74},"end":{"line":57,"column":82}},"line":57},"3":{"name":"(anonymous_3)","decl":{"start":{"line":62,"column":13},"end":{"line":62,"column":19}},"loc":{"start":{"line":62,"column":19},"end":{"line":62,"column":null}},"line":62},"4":{"name":"(anonymous_4)","decl":{"start":{"line":62,"column":57},"end":{"line":62,"column":58}},"loc":{"start":{"line":62,"column":64},"end":{"line":62,"column":72}},"line":62},"5":{"name":"(anonymous_5)","decl":{"start":{"line":66,"column":16},"end":{"line":66,"column":17}},"loc":{"start":{"line":67,"column":6},"end":{"line":71,"column":null}},"line":67},"6":{"name":"(anonymous_6)","decl":{"start":{"line":71,"column":14},"end":{"line":71,"column":15}},"loc":{"start":{"line":71,"column":21},"end":{"line":71,"column":29}},"line":71},"7":{"name":"(anonymous_7)","decl":{"start":{"line":72,"column":15},"end":{"line":72,"column":16}},"loc":{"start":{"line":72,"column":31},"end":{"line":78,"column":null}},"line":72},"8":{"name":"(anonymous_8)","decl":{"start":{"line":76,"column":19},"end":{"line":76,"column":20}},"loc":{"start":{"line":76,"column":30},"end":{"line":76,"column":83}},"line":76},"9":{"name":"(anonymous_9)","decl":{"start":{"line":82,"column":16},"end":{"line":82,"column":17}},"loc":{"start":{"line":83,"column":6},"end":{"line":83,"column":null}},"line":83},"10":{"name":"(anonymous_10)","decl":{"start":{"line":84,"column":15},"end":{"line":84,"column":21}},"loc":{"start":{"line":84,"column":21},"end":{"line":87,"column":null}},"line":84},"11":{"name":"testKey","decl":{"start":{"line":90,"column":17},"end":{"line":90,"column":25}},"loc":{"start":{"line":90,"column":43},"end":{"line":105,"column":null}},"line":90},"12":{"name":"(anonymous_12)","decl":{"start":{"line":107,"column":52},"end":{"line":107,"column":53}},"loc":{"start":{"line":107,"column":59},"end":{"line":107,"column":74}},"line":107},"13":{"name":"getForm","decl":{"start":{"line":110,"column":11},"end":{"line":110,"column":19}},"loc":{"start":{"line":110,"column":60},"end":{"line":112,"column":null}},"line":110},"14":{"name":"(anonymous_14)","decl":{"start":{"line":145,"column":23},"end":{"line":145,"column":24}},"loc":{"start":{"line":145,"column":30},"end":{"line":252,"column":9}},"line":145},"15":{"name":"(anonymous_15)","decl":{"start":{"line":156,"column":27},"end":{"line":156,"column":33}},"loc":{"start":{"line":156,"column":33},"end":{"line":156,"column":null}},"line":156},"16":{"name":"(anonymous_16)","decl":{"start":{"line":182,"column":35},"end":{"line":182,"column":36}},"loc":{"start":{"line":182,"column":42},"end":{"line":182,"column":null}},"line":182},"17":{"name":"(anonymous_17)","decl":{"start":{"line":192,"column":35},"end":{"line":192,"column":36}},"loc":{"start":{"line":192,"column":42},"end":{"line":192,"column":null}},"line":192},"18":{"name":"(anonymous_18)","decl":{"start":{"line":218,"column":36},"end":{"line":218,"column":37}},"loc":{"start":{"line":218,"column":43},"end":{"line":218,"column":null}},"line":218},"19":{"name":"(anonymous_19)","decl":{"start":{"line":218,"column":56},"end":{"line":218,"column":57}},"loc":{"start":{"line":218,"column":67},"end":{"line":218,"column":146}},"line":218},"20":{"name":"(anonymous_20)","decl":{"start":{"line":230,"column":36},"end":{"line":230,"column":37}},"loc":{"start":{"line":230,"column":43},"end":{"line":230,"column":null}},"line":230},"21":{"name":"(anonymous_21)","decl":{"start":{"line":230,"column":56},"end":{"line":230,"column":57}},"loc":{"start":{"line":230,"column":67},"end":{"line":230,"column":148}},"line":230},"22":{"name":"(anonymous_22)","decl":{"start":{"line":232,"column":38},"end":{"line":232,"column":39}},"loc":{"start":{"line":232,"column":45},"end":{"line":232,"column":83}},"line":232},"23":{"name":"(anonymous_23)","decl":{"start":{"line":240,"column":33},"end":{"line":240,"column":39}},"loc":{"start":{"line":240,"column":39},"end":{"line":240,"column":null}},"line":240},"24":{"name":"(anonymous_24)","decl":{"start":{"line":245,"column":67},"end":{"line":245,"column":73}},"loc":{"start":{"line":245,"column":73},"end":{"line":245,"column":92}},"line":245}},"branchMap":{"0":{"loc":{"start":{"line":55,"column":16},"end":{"line":55,"column":31}},"type":"default-arg","locations":[{"start":{"line":55,"column":28},"end":{"line":55,"column":31}}],"line":55},"1":{"loc":{"start":{"line":60,"column":16},"end":{"line":60,"column":31}},"type":"default-arg","locations":[{"start":{"line":60,"column":28},"end":{"line":60,"column":31}}],"line":60},"2":{"loc":{"start":{"line":73,"column":6},"end":{"line":73,"column":null}},"type":"if","locations":[{"start":{"line":73,"column":6},"end":{"line":73,"column":null}},{"start":{},"end":{}}],"line":73},"3":{"loc":{"start":{"line":95,"column":6},"end":{"line":99,"column":null}},"type":"if","locations":[{"start":{"line":95,"column":6},"end":{"line":99,"column":null}},{"start":{"line":97,"column":13},"end":{"line":99,"column":null}}],"line":95},"4":{"loc":{"start":{"line":111,"column":11},"end":{"line":111,"column":null}},"type":"binary-expr","locations":[{"start":{"line":111,"column":11},"end":{"line":111,"column":28}},{"start":{"line":111,"column":28},"end":{"line":111,"column":null}}],"line":111},"5":{"loc":{"start":{"line":111,"column":46},"end":{"line":111,"column":65}},"type":"binary-expr","locations":[{"start":{"line":111,"column":46},"end":{"line":111,"column":62}},{"start":{"line":111,"column":62},"end":{"line":111,"column":65}}],"line":111},"6":{"loc":{"start":{"line":125,"column":24},"end":{"line":125,"column":71}},"type":"cond-expr","locations":[{"start":{"line":125,"column":46},"end":{"line":125,"column":58}},{"start":{"line":125,"column":58},"end":{"line":125,"column":71}}],"line":125},"7":{"loc":{"start":{"line":130,"column":7},"end":{"line":141,"column":null}},"type":"binary-expr","locations":[{"start":{"line":130,"column":7},"end":{"line":130,"column":null}},{"start":{"line":131,"column":8},"end":{"line":141,"column":null}}],"line":130},"8":{"loc":{"start":{"line":149,"column":25},"end":{"line":149,"column":null}},"type":"binary-expr","locations":[{"start":{"line":149,"column":25},"end":{"line":149,"column":48}},{"start":{"line":149,"column":48},"end":{"line":149,"column":null}}],"line":149},"9":{"loc":{"start":{"line":152,"column":40},"end":{"line":152,"column":null}},"type":"cond-expr","locations":[{"start":{"line":152,"column":48},"end":{"line":152,"column":70}},{"start":{"line":152,"column":70},"end":{"line":152,"column":null}}],"line":152},"10":{"loc":{"start":{"line":156,"column":45},"end":{"line":156,"column":65}},"type":"cond-expr","locations":[{"start":{"line":156,"column":54},"end":{"line":156,"column":61}},{"start":{"line":156,"column":61},"end":{"line":156,"column":65}}],"line":156},"11":{"loc":{"start":{"line":158,"column":62},"end":{"line":158,"column":91}},"type":"binary-expr","locations":[{"start":{"line":158,"column":62},"end":{"line":158,"column":86}},{"start":{"line":158,"column":86},"end":{"line":158,"column":91}}],"line":158},"12":{"loc":{"start":{"line":162,"column":23},"end":{"line":167,"column":null}},"type":"cond-expr","locations":[{"start":{"line":163,"column":24},"end":{"line":165,"column":null}},{"start":{"line":167,"column":24},"end":{"line":167,"column":null}}],"line":162},"13":{"loc":{"start":{"line":171,"column":21},"end":{"line":172,"column":null}},"type":"binary-expr","locations":[{"start":{"line":171,"column":21},"end":{"line":171,"column":null}},{"start":{"line":172,"column":22},"end":{"line":172,"column":null}}],"line":171},"14":{"loc":{"start":{"line":176,"column":21},"end":{"line":196,"column":null}},"type":"binary-expr","locations":[{"start":{"line":176,"column":21},"end":{"line":176,"column":null}},{"start":{"line":177,"column":22},"end":{"line":196,"column":null}}],"line":176},"15":{"loc":{"start":{"line":185,"column":27},"end":{"line":185,"column":null}},"type":"cond-expr","locations":[{"start":{"line":185,"column":46},"end":{"line":185,"column":95}},{"start":{"line":185,"column":95},"end":{"line":185,"column":null}}],"line":185},"16":{"loc":{"start":{"line":186,"column":27},"end":{"line":186,"column":null}},"type":"cond-expr","locations":[{"start":{"line":186,"column":46},"end":{"line":186,"column":59}},{"start":{"line":186,"column":59},"end":{"line":186,"column":null}}],"line":186},"17":{"loc":{"start":{"line":198,"column":21},"end":{"line":198,"column":null}},"type":"cond-expr","locations":[{"start":{"line":198,"column":30},"end":{"line":198,"column":88}},{"start":{"line":198,"column":88},"end":{"line":198,"column":null}}],"line":198},"18":{"loc":{"start":{"line":202,"column":17},"end":{"line":247,"column":null}},"type":"binary-expr","locations":[{"start":{"line":202,"column":17},"end":{"line":202,"column":null}},{"start":{"line":203,"column":18},"end":{"line":247,"column":null}}],"line":202},"19":{"loc":{"start":{"line":216,"column":39},"end":{"line":216,"column":null}},"type":"cond-expr","locations":[{"start":{"line":216,"column":47},"end":{"line":216,"column":77}},{"start":{"line":216,"column":77},"end":{"line":216,"column":null}}],"line":216},"20":{"loc":{"start":{"line":224,"column":21},"end":{"line":234,"column":null}},"type":"binary-expr","locations":[{"start":{"line":224,"column":21},"end":{"line":224,"column":null}},{"start":{"line":225,"column":22},"end":{"line":234,"column":null}}],"line":224},"21":{"loc":{"start":{"line":241,"column":34},"end":{"line":241,"column":null}},"type":"binary-expr","locations":[{"start":{"line":241,"column":34},"end":{"line":241,"column":54}},{"start":{"line":241,"column":54},"end":{"line":241,"column":null}}],"line":241},"22":{"loc":{"start":{"line":243,"column":25},"end":{"line":243,"column":null}},"type":"cond-expr","locations":[{"start":{"line":243,"column":42},"end":{"line":243,"column":54}},{"start":{"line":243,"column":54},"end":{"line":243,"column":null}}],"line":243},"23":{"loc":{"start":{"line":243,"column":54},"end":{"line":243,"column":null}},"type":"cond-expr","locations":[{"start":{"line":243,"column":62},"end":{"line":243,"column":77}},{"start":{"line":243,"column":77},"end":{"line":243,"column":null}}],"line":243}},"s":{"0":0,"1":0,"2":0,"3":0,"4":0,"5":0,"6":0,"7":0,"8":0,"9":0,"10":0,"11":0,"12":0,"13":0,"14":0,"15":0,"16":0,"17":0,"18":0,"19":0,"20":0,"21":0,"22":0,"23":0,"24":0,"25":0,"26":0,"27":0,"28":0,"29":0,"30":0,"31":0,"32":0,"33":0,"34":0,"35":0,"36":0,"37":0,"38":0,"39":0,"40":0,"41":0,"42":0,"43":0,"44":0,"45":0,"46":0,"47":0,"48":0,"49":0,"50":0,"51":0,"52":0,"53":0,"54":0,"55":0,"56":0,"57":0,"58":0,"59":0},"f":{"0":0,"1":0,"2":0,"3":0,"4":0,"5":0,"6":0,"7":0,"8":0,"9":0,"10":0,"11":0,"12":0,"13":0,"14":0,"15":0,"16":0,"17":0,"18":0,"19":0,"20":0,"21":0,"22":0,"23":0,"24":0},"b":{"0":[0],"1":[0],"2":[0,0],"3":[0,0],"4":[0,0],"5":[0,0],"6":[0,0],"7":[0,0],"8":[0,0],"9":[0,0],"10":[0,0],"11":[0,0],"12":[0,0],"13":[0,0],"14":[0,0],"15":[0,0],"16":[0,0],"17":[0,0],"18":[0,0],"19":[0,0],"20":[0,0],"21":[0,0],"22":[0,0],"23":[0,0]},"meta":{"lastBranch":24,"lastFunction":25,"lastStatement":60,"seen":{"s:13:13:13:Infinity":0,"s:30:47:37:Infinity":1,"s:39:48:46:Infinity":2,"f:48:24:48:41":0,"s:49:16:49:Infinity":3,"s:50:8:50:Infinity":4,"s:51:30:51:Infinity":5,"s:52:32:52:Infinity":6,"s:53:28:53:Infinity":7,"s:55:31:58:Infinity":8,"b:55:28:55:31":0,"f:57:13:57:19":1,"s:57:19:57:Infinity":9,"f:57:67:57:68":2,"s:57:74:57:82":10,"s:60:31:63:Infinity":11,"b:60:28:60:31":1,"f:62:13:62:19":3,"s:62:19:62:Infinity":12,"f:62:57:62:58":4,"s:62:64:62:72":13,"s:65:8:79:Infinity":14,"f:66:16:66:17":5,"s:67:6:71:Infinity":15,"f:71:14:71:15":6,"s:71:21:71:29":16,"f:72:15:72:16":7,"b:73:6:73:Infinity:undefined:undefined:undefined:undefined":2,"s:73:6:73:Infinity":17,"s:73:24:73:100":18,"s:73:100:73:108":19,"s:74:6:74:Infinity":20,"s:75:6:75:Infinity":21,"s:76:6:76:Infinity":22,"f:76:19:76:20":8,"s:76:30:76:83":23,"s:77:6:77:Infinity":24,"s:81:8:88:Infinity":25,"f:82:16:82:17":9,"s:83:6:83:Infinity":26,"f:84:15:84:21":10,"s:85:6:85:Infinity":27,"s:86:6:86:Infinity":28,"f:90:17:90:25":11,"s:91:4:91:Infinity":29,"s:92:4:104:Infinity":30,"s:93:18:93:Infinity":31,"s:94:19:94:Infinity":32,"b:95:6:99:Infinity:97:13:99:Infinity":3,"s:95:6:99:Infinity":33,"s:96:8:96:Infinity":34,"s:98:8:98:Infinity":35,"s:101:6:101:Infinity":36,"s:103:6:103:Infinity":37,"s:107:19:107:Infinity":38,"f:107:52:107:53":12,"s:107:59:107:74":39,"s:108:26:108:Infinity":40,"f:110:11:110:19":13,"s:111:4:111:Infinity":41,"b:111:11:111:28:111:28:111:Infinity":4,"b:111:46:111:62:111:62:111:65":5,"s:114:2:269:Infinity":42,"b:125:46:125:58:125:58:125:71":6,"b:130:7:130:Infinity:131:8:141:Infinity":7,"f:145:23:145:24":14,"s:146:24:146:Infinity":43,"s:147:25:147:Infinity":44,"s:148:23:148:Infinity":45,"s:149:25:149:Infinity":46,"b:149:25:149:48:149:48:149:Infinity":8,"s:151:10:250:Infinity":47,"b:152:48:152:70:152:70:152:Infinity":9,"f:156:27:156:33":15,"s:156:33:156:Infinity":48,"b:156:54:156:61:156:61:156:65":10,"b:158:62:158:86:158:86:158:91":11,"b:163:24:165:Infinity:167:24:167:Infinity":12,"b:171:21:171:Infinity:172:22:172:Infinity":13,"b:176:21:176:Infinity:177:22:196:Infinity":14,"f:182:35:182:36":16,"s:182:44:182:65":49,"s:182:65:182:80":50,"b:185:46:185:95:185:95:185:Infinity":15,"b:186:46:186:59:186:59:186:Infinity":16,"f:192:35:192:36":17,"s:192:44:192:65":51,"s:192:65:192:86":52,"b:198:30:198:88:198:88:198:Infinity":17,"b:202:17:202:Infinity:203:18:247:Infinity":18,"b:216:47:216:77:216:77:216:Infinity":19,"f:218:36:218:37":18,"s:218:43:218:Infinity":53,"f:218:56:218:57":19,"s:218:67:218:146":54,"b:224:21:224:Infinity:225:22:234:Infinity":20,"f:230:36:230:37":20,"s:230:43:230:Infinity":55,"f:230:56:230:57":21,"s:230:67:230:148":56,"f:232:38:232:39":22,"s:232:45:232:83":57,"f:240:33:240:39":23,"s:240:39:240:Infinity":58,"b:241:34:241:54:241:54:241:Infinity":21,"b:243:42:243:54:243:54:243:Infinity":22,"b:243:62:243:77:243:77:243:Infinity":23,"f:245:67:245:73":24,"s:245:73:245:92":59},"fnNames":{}}}
,"C:\\Users\\trendaryo\\Desktop\\Drop-Ship-Automatezip2\\Drop-Ship-Automatezip2\\Drop-Ship-Automatezip\\artifacts\\dropflow\\src\\pages\\analytics.tsx": {"path":"C:\\Users\\trendaryo\\Desktop\\Drop-Ship-Automatezip2\\Drop-Ship-Automatezip2\\Drop-Ship-Automatezip\\artifacts\\dropflow\\src\\pages\\analytics.tsx","statementMap":{"0":{"start":{"line":18,"column":2},"end":{"line":18,"column":null}},"1":{"start":{"line":22,"column":2},"end":{"line":22,"column":null}},"2":{"start":{"line":25,"column":20},"end":{"line":25,"column":null}},"3":{"start":{"line":26,"column":18},"end":{"line":26,"column":null}},"4":{"start":{"line":31,"column":54},"end":{"line":31,"column":null}},"5":{"start":{"line":32,"column":58},"end":{"line":32,"column":null}},"6":{"start":{"line":33,"column":26},"end":{"line":33,"column":null}},"7":{"start":{"line":34,"column":36},"end":{"line":34,"column":null}},"8":{"start":{"line":36,"column":20},"end":{"line":36,"column":null}},"9":{"start":{"line":38,"column":8},"end":{"line":78,"column":null}},"10":{"start":{"line":39,"column":16},"end":{"line":47,"column":null}},"11":{"start":{"line":49,"column":4},"end":{"line":70,"column":null}},"12":{"start":{"line":50,"column":6},"end":{"line":50,"column":null}},"13":{"start":{"line":50,"column":36},"end":{"line":50,"column":null}},"14":{"start":{"line":51,"column":18},"end":{"line":51,"column":null}},"15":{"start":{"line":52,"column":23},"end":{"line":60,"column":null}},"16":{"start":{"line":61,"column":18},"end":{"line":61,"column":null}},"17":{"start":{"line":62,"column":19},"end":{"line":62,"column":null}},"18":{"start":{"line":63,"column":19},"end":{"line":63,"column":null}},"19":{"start":{"line":64,"column":6},"end":{"line":64,"column":null}},"20":{"start":{"line":65,"column":6},"end":{"line":65,"column":null}},"21":{"start":{"line":66,"column":6},"end":{"line":66,"column":null}},"22":{"start":{"line":67,"column":6},"end":{"line":67,"column":null}},"23":{"start":{"line":68,"column":6},"end":{"line":68,"column":null}},"24":{"start":{"line":69,"column":6},"end":{"line":69,"column":null}},"25":{"start":{"line":72,"column":4},"end":{"line":77,"column":null}},"26":{"start":{"line":73,"column":19},"end":{"line":76,"column":8}},"27":{"start":{"line":77,"column":22},"end":{"line":77,"column":43}},"28":{"start":{"line":80,"column":8},"end":{"line":88,"column":null}},"29":{"start":{"line":81,"column":4},"end":{"line":87,"column":null}},"30":{"start":{"line":82,"column":22},"end":{"line":82,"column":53}},"31":{"start":{"line":84,"column":19},"end":{"line":87,"column":8}},"32":{"start":{"line":90,"column":23},"end":{"line":90,"column":null}},"33":{"start":{"line":90,"column":53},"end":{"line":90,"column":68}},"34":{"start":{"line":91,"column":22},"end":{"line":91,"column":null}},"35":{"start":{"line":91,"column":52},"end":{"line":91,"column":66}},"36":{"start":{"line":92,"column":21},"end":{"line":92,"column":null}},"37":{"start":{"line":92,"column":51},"end":{"line":92,"column":64}},"38":{"start":{"line":93,"column":20},"end":{"line":95,"column":null}},"39":{"start":{"line":94,"column":47},"end":{"line":94,"column":61}},"40":{"start":{"line":97,"column":58},"end":{"line":102,"column":null}},"41":{"start":{"line":104,"column":2},"end":{"line":107,"column":null}},"42":{"start":{"line":104,"column":17},"end":{"line":107,"column":null}},"43":{"start":{"line":110,"column":2},"end":{"line":289,"column":null}},"44":{"start":{"line":130,"column":10},"end":{"line":138,"column":null}},"45":{"start":{"line":149,"column":16},"end":{"line":155,"column":null}},"46":{"start":{"line":151,"column":33},"end":{"line":151,"column":null}},"47":{"start":{"line":170,"column":86},"end":{"line":170,"column":132}},"48":{"start":{"line":174,"column":44},"end":{"line":174,"column":null}},"49":{"start":{"line":178,"column":20},"end":{"line":178,"column":null}},"50":{"start":{"line":199,"column":18},"end":{"line":205,"column":null}},"51":{"start":{"line":201,"column":35},"end":{"line":201,"column":null}},"52":{"start":{"line":233,"column":20},"end":{"line":266,"column":null}},"53":{"start":{"line":281,"column":102},"end":{"line":281,"column":126}}},"fnMap":{"0":{"name":"fmt","decl":{"start":{"line":17,"column":9},"end":{"line":17,"column":13}},"loc":{"start":{"line":17,"column":24},"end":{"line":19,"column":null}},"line":17},"1":{"name":"fmtFull","decl":{"start":{"line":21,"column":9},"end":{"line":21,"column":17}},"loc":{"start":{"line":21,"column":28},"end":{"line":23,"column":null}},"line":21},"2":{"name":"AnalyticsPage","decl":{"start":{"line":30,"column":24},"end":{"line":30,"column":40}},"loc":{"start":{"line":30,"column":40},"end":{"line":291,"column":null}},"line":30},"3":{"name":"(anonymous_3)","decl":{"start":{"line":38,"column":31},"end":{"line":38,"column":37}},"loc":{"start":{"line":38,"column":37},"end":{"line":78,"column":5}},"line":38},"4":{"name":"(anonymous_4)","decl":{"start":{"line":73,"column":11},"end":{"line":73,"column":12}},"loc":{"start":{"line":73,"column":19},"end":{"line":76,"column":8}},"line":73},"5":{"name":"(anonymous_5)","decl":{"start":{"line":77,"column":12},"end":{"line":77,"column":13}},"loc":{"start":{"line":77,"column":22},"end":{"line":77,"column":43}},"line":77},"6":{"name":"(anonymous_6)","decl":{"start":{"line":80,"column":28},"end":{"line":80,"column":34}},"loc":{"start":{"line":80,"column":34},"end":{"line":88,"column":5}},"line":80},"7":{"name":"(anonymous_7)","decl":{"start":{"line":82,"column":12},"end":{"line":82,"column":13}},"loc":{"start":{"line":82,"column":22},"end":{"line":82,"column":53}},"line":82},"8":{"name":"(anonymous_8)","decl":{"start":{"line":84,"column":11},"end":{"line":84,"column":12}},"loc":{"start":{"line":84,"column":19},"end":{"line":87,"column":8}},"line":84},"9":{"name":"(anonymous_9)","decl":{"start":{"line":90,"column":43},"end":{"line":90,"column":44}},"loc":{"start":{"line":90,"column":53},"end":{"line":90,"column":68}},"line":90},"10":{"name":"(anonymous_10)","decl":{"start":{"line":91,"column":42},"end":{"line":91,"column":43}},"loc":{"start":{"line":91,"column":52},"end":{"line":91,"column":66}},"line":91},"11":{"name":"(anonymous_11)","decl":{"start":{"line":92,"column":41},"end":{"line":92,"column":42}},"loc":{"start":{"line":92,"column":51},"end":{"line":92,"column":64}},"line":92},"12":{"name":"(anonymous_12)","decl":{"start":{"line":94,"column":37},"end":{"line":94,"column":38}},"loc":{"start":{"line":94,"column":47},"end":{"line":94,"column":61}},"line":94},"13":{"name":"(anonymous_13)","decl":{"start":{"line":129,"column":14},"end":{"line":129,"column":15}},"loc":{"start":{"line":130,"column":10},"end":{"line":138,"column":null}},"line":130},"14":{"name":"(anonymous_14)","decl":{"start":{"line":148,"column":32},"end":{"line":148,"column":33}},"loc":{"start":{"line":149,"column":16},"end":{"line":155,"column":null}},"line":149},"15":{"name":"(anonymous_15)","decl":{"start":{"line":151,"column":27},"end":{"line":151,"column":33}},"loc":{"start":{"line":151,"column":33},"end":{"line":151,"column":null}},"line":151},"16":{"name":"(anonymous_16)","decl":{"start":{"line":170,"column":79},"end":{"line":170,"column":80}},"loc":{"start":{"line":170,"column":86},"end":{"line":170,"column":132}},"line":170},"17":{"name":"(anonymous_17)","decl":{"start":{"line":174,"column":29},"end":{"line":174,"column":30}},"loc":{"start":{"line":174,"column":44},"end":{"line":174,"column":null}},"line":174},"18":{"name":"(anonymous_18)","decl":{"start":{"line":177,"column":33},"end":{"line":177,"column":34}},"loc":{"start":{"line":178,"column":20},"end":{"line":178,"column":null}},"line":178},"19":{"name":"(anonymous_19)","decl":{"start":{"line":198,"column":34},"end":{"line":198,"column":35}},"loc":{"start":{"line":199,"column":18},"end":{"line":205,"column":null}},"line":199},"20":{"name":"(anonymous_20)","decl":{"start":{"line":201,"column":29},"end":{"line":201,"column":35}},"loc":{"start":{"line":201,"column":35},"end":{"line":201,"column":null}},"line":201},"21":{"name":"(anonymous_21)","decl":{"start":{"line":232,"column":36},"end":{"line":232,"column":37}},"loc":{"start":{"line":233,"column":20},"end":{"line":266,"column":null}},"line":233},"22":{"name":"(anonymous_22)","decl":{"start":{"line":281,"column":97},"end":{"line":281,"column":102}},"loc":{"start":{"line":281,"column":102},"end":{"line":281,"column":126}},"line":281}},"branchMap":{"0":{"loc":{"start":{"line":31,"column":16},"end":{"line":31,"column":29}},"type":"default-arg","locations":[{"start":{"line":31,"column":25},"end":{"line":31,"column":29}}],"line":31},"1":{"loc":{"start":{"line":32,"column":16},"end":{"line":32,"column":31}},"type":"default-arg","locations":[{"start":{"line":32,"column":27},"end":{"line":32,"column":31}}],"line":32},"2":{"loc":{"start":{"line":36,"column":20},"end":{"line":36,"column":null}},"type":"binary-expr","locations":[{"start":{"line":36,"column":20},"end":{"line":36,"column":37}},{"start":{"line":36,"column":37},"end":{"line":36,"column":null}}],"line":36},"3":{"loc":{"start":{"line":50,"column":6},"end":{"line":50,"column":null}},"type":"if","locations":[{"start":{"line":50,"column":6},"end":{"line":50,"column":null}},{"start":{},"end":{}}],"line":50},"4":{"loc":{"start":{"line":51,"column":18},"end":{"line":51,"column":null}},"type":"binary-expr","locations":[{"start":{"line":51,"column":18},"end":{"line":51,"column":35}},{"start":{"line":51,"column":35},"end":{"line":51,"column":null}}],"line":51},"5":{"loc":{"start":{"line":52,"column":23},"end":{"line":60,"column":null}},"type":"binary-expr","locations":[{"start":{"line":52,"column":23},"end":{"line":52,"column":39}},{"start":{"line":52,"column":39},"end":{"line":60,"column":null}}],"line":52},"6":{"loc":{"start":{"line":54,"column":19},"end":{"line":54,"column":null}},"type":"binary-expr","locations":[{"start":{"line":54,"column":19},"end":{"line":54,"column":34}},{"start":{"line":54,"column":34},"end":{"line":54,"column":null}}],"line":54},"7":{"loc":{"start":{"line":61,"column":18},"end":{"line":61,"column":null}},"type":"binary-expr","locations":[{"start":{"line":61,"column":18},"end":{"line":61,"column":32}},{"start":{"line":61,"column":32},"end":{"line":61,"column":null}}],"line":61},"8":{"loc":{"start":{"line":62,"column":19},"end":{"line":62,"column":null}},"type":"binary-expr","locations":[{"start":{"line":62,"column":19},"end":{"line":62,"column":34}},{"start":{"line":62,"column":34},"end":{"line":62,"column":null}}],"line":62},"9":{"loc":{"start":{"line":63,"column":19},"end":{"line":63,"column":null}},"type":"binary-expr","locations":[{"start":{"line":63,"column":19},"end":{"line":63,"column":34}},{"start":{"line":63,"column":34},"end":{"line":63,"column":null}}],"line":63},"10":{"loc":{"start":{"line":75,"column":16},"end":{"line":75,"column":null}},"type":"cond-expr","locations":[{"start":{"line":75,"column":32},"end":{"line":75,"column":75}},{"start":{"line":75,"column":75},"end":{"line":75,"column":null}}],"line":75},"11":{"loc":{"start":{"line":85,"column":14},"end":{"line":85,"column":null}},"type":"cond-expr","locations":[{"start":{"line":85,"column":42},"end":{"line":85,"column":77}},{"start":{"line":85,"column":77},"end":{"line":85,"column":null}}],"line":85},"12":{"loc":{"start":{"line":93,"column":20},"end":{"line":95,"column":null}},"type":"cond-expr","locations":[{"start":{"line":94,"column":6},"end":{"line":94,"column":null}},{"start":{"line":95,"column":6},"end":{"line":95,"column":null}}],"line":93},"13":{"loc":{"start":{"line":104,"column":2},"end":{"line":107,"column":null}},"type":"if","locations":[{"start":{"line":104,"column":2},"end":{"line":107,"column":null}},{"start":{},"end":{}}],"line":104},"14":{"loc":{"start":{"line":152,"column":90},"end":{"line":152,"column":178}},"type":"cond-expr","locations":[{"start":{"line":152,"column":114},"end":{"line":152,"column":140}},{"start":{"line":152,"column":140},"end":{"line":152,"column":178}}],"line":152},"15":{"loc":{"start":{"line":161,"column":11},"end":{"line":182,"column":null}},"type":"cond-expr","locations":[{"start":{"line":162,"column":12},"end":{"line":164,"column":null}},{"start":{"line":166,"column":12},"end":{"line":182,"column":null}}],"line":161},"16":{"loc":{"start":{"line":170,"column":86},"end":{"line":170,"column":132}},"type":"cond-expr","locations":[{"start":{"line":170,"column":113},"end":{"line":170,"column":123}},{"start":{"line":170,"column":123},"end":{"line":170,"column":132}}],"line":170},"17":{"loc":{"start":{"line":174,"column":44},"end":{"line":174,"column":null}},"type":"cond-expr","locations":[{"start":{"line":174,"column":71},"end":{"line":174,"column":92}},{"start":{"line":174,"column":92},"end":{"line":174,"column":null}}],"line":174},"18":{"loc":{"start":{"line":178,"column":40},"end":{"line":178,"column":98}},"type":"cond-expr","locations":[{"start":{"line":178,"column":48},"end":{"line":178,"column":87}},{"start":{"line":178,"column":87},"end":{"line":178,"column":98}}],"line":178},"19":{"loc":{"start":{"line":202,"column":92},"end":{"line":202,"column":205}},"type":"cond-expr","locations":[{"start":{"line":202,"column":111},"end":{"line":202,"column":167}},{"start":{"line":202,"column":167},"end":{"line":202,"column":205}}],"line":202},"20":{"loc":{"start":{"line":212,"column":11},"end":{"line":285,"column":null}},"type":"cond-expr","locations":[{"start":{"line":213,"column":12},"end":{"line":215,"column":null}},{"start":{"line":217,"column":12},"end":{"line":285,"column":null}}],"line":212},"21":{"loc":{"start":{"line":237,"column":28},"end":{"line":240,"column":null}},"type":"cond-expr","locations":[{"start":{"line":237,"column":38},"end":{"line":237,"column":null}},{"start":{"line":238,"column":28},"end":{"line":240,"column":null}}],"line":237},"22":{"loc":{"start":{"line":238,"column":28},"end":{"line":240,"column":null}},"type":"cond-expr","locations":[{"start":{"line":238,"column":38},"end":{"line":238,"column":null}},{"start":{"line":239,"column":28},"end":{"line":240,"column":null}}],"line":238},"23":{"loc":{"start":{"line":239,"column":28},"end":{"line":240,"column":null}},"type":"cond-expr","locations":[{"start":{"line":239,"column":38},"end":{"line":239,"column":null}},{"start":{"line":240,"column":28},"end":{"line":240,"column":null}}],"line":239},"24":{"loc":{"start":{"line":257,"column":28},"end":{"line":259,"column":null}},"type":"cond-expr","locations":[{"start":{"line":257,"column":45},"end":{"line":257,"column":null}},{"start":{"line":258,"column":28},"end":{"line":259,"column":null}}],"line":257},"25":{"loc":{"start":{"line":258,"column":28},"end":{"line":259,"column":null}},"type":"cond-expr","locations":[{"start":{"line":258,"column":45},"end":{"line":258,"column":null}},{"start":{"line":259,"column":28},"end":{"line":259,"column":null}}],"line":258}},"s":{"0":0,"1":0,"2":0,"3":0,"4":0,"5":0,"6":0,"7":0,"8":0,"9":0,"10":0,"11":0,"12":0,"13":0,"14":0,"15":0,"16":0,"17":0,"18":0,"19":0,"20":0,"21":0,"22":0,"23":0,"24":0,"25":0,"26":0,"27":0,"28":0,"29":0,"30":0,"31":0,"32":0,"33":0,"34":0,"35":0,"36":0,"37":0,"38":0,"39":0,"40":0,"41":0,"42":0,"43":0,"44":0,"45":0,"46":0,"47":0,"48":0,"49":0,"50":0,"51":0,"52":0,"53":0},"f":{"0":0,"1":0,"2":0,"3":0,"4":0,"5":0,"6":0,"7":0,"8":0,"9":0,"10":0,"11":0,"12":0,"13":0,"14":0,"15":0,"16":0,"17":0,"18":0,"19":0,"20":0,"21":0,"22":0},"b":{"0":[0],"1":[0],"2":[0,0],"3":[0,0],"4":[0,0],"5":[0,0],"6":[0,0],"7":[0,0],"8":[0,0],"9":[0,0],"10":[0,0],"11":[0,0],"12":[0,0],"13":[0,0],"14":[0,0],"15":[0,0],"16":[0,0],"17":[0,0],"18":[0,0],"19":[0,0],"20":[0,0],"21":[0,0],"22":[0,0],"23":[0,0],"24":[0,0],"25":[0,0]},"meta":{"lastBranch":26,"lastFunction":23,"lastStatement":54,"seen":{"f:17:9:17:13":0,"s:18:2:18:Infinity":0,"f:21:9:21:17":1,"s:22:2:22:Infinity":1,"s:25:20:25:Infinity":2,"s:26:18:26:Infinity":3,"f:30:24:30:40":2,"s:31:54:31:Infinity":4,"b:31:25:31:29":0,"s:32:58:32:Infinity":5,"b:32:27:32:31":1,"s:33:26:33:Infinity":6,"s:34:36:34:Infinity":7,"s:36:20:36:Infinity":8,"b:36:20:36:37:36:37:36:Infinity":2,"s:38:8:78:Infinity":9,"f:38:31:38:37":3,"s:39:16:47:Infinity":10,"s:49:4:70:Infinity":11,"b:50:6:50:Infinity:undefined:undefined:undefined:undefined":3,"s:50:6:50:Infinity":12,"s:50:36:50:Infinity":13,"s:51:18:51:Infinity":14,"b:51:18:51:35:51:35:51:Infinity":4,"s:52:23:60:Infinity":15,"b:52:23:52:39:52:39:60:Infinity":5,"b:54:19:54:34:54:34:54:Infinity":6,"s:61:18:61:Infinity":16,"b:61:18:61:32:61:32:61:Infinity":7,"s:62:19:62:Infinity":17,"b:62:19:62:34:62:34:62:Infi
[...]
line":17,"column":42},"end":{"line":17,"column":null}},"3":{"start":{"line":18,"column":30},"end":{"line":18,"column":null}},"4":{"start":{"line":19,"column":26},"end":{"line":19,"column":null}},"5":{"start":{"line":21,"column":8},"end":{"line":51,"column":null}},"6":{"start":{"line":22,"column":16},"end":{"line":22,"column":null}},"7":{"start":{"line":23,"column":19},"end":{"line":23,"column":null}},"8":{"start":{"line":24,"column":25},"end":{"line":27,"column":null}},"9":{"start":{"line":25,"column":16},"end":{"line":25,"column":null}},"10":{"start":{"line":26,"column":6},"end":{"line":26,"column":null}},"11":{"start":{"line":29,"column":115},"end":{"line":29,"column":null}},"12":{"start":{"line":30,"column":4},"end":{"line":35,"column":null}},"13":{"start":{"line":31,"column":18},"end":{"line":31,"column":null}},"14":{"start":{"line":32,"column":6},"end":{"line":32,"column":null}},"15":{"start":{"line":32,"column":28},"end":{"line":32,"column":null}},"16":{"start":{"line":33,"column":6},"end":{"line":33,"column":null}},"17":{"start":{"line":34,"column":6},"end":{"line":34,"column":null}},"18":{"start":{"line":37,"column":4},"end":{"line":50,"column":null}},"19":{"start":{"line":38,"column":26},"end":{"line":38,"column":null}},"20":{"start":{"line":39,"column":22},"end":{"line":39,"column":null}},"21":{"start":{"line":39,"column":41},"end":{"line":39,"column":61}},"22":{"start":{"line":40,"column":20},"end":{"line":40,"column":null}},"23":{"start":{"line":41,"column":23},"end":{"line":41,"column":null}},"24":{"start":{"line":42,"column":6},"end":{"line":49,"column":null}},"25":{"start":{"line":50,"column":22},"end":{"line":50,"column":51}},"26":{"start":{"line":53,"column":19},"end":{"line":53,"column":null}},"27":{"start":{"line":53,"column":42},"end":{"line":53,"column":66}},"28":{"start":{"line":54,"column":18},"end":{"line":54,"column":null}},"29":{"start":{"line":54,"column":41},"end":{"line":54,"column":64}},"30":{"start":{"line":55,"column":21},"end":{"line":55,"column":null}},"31":{"start":{"line":55,"column":49},"end":{"line":55,"column":62}},"32":{"start":{"line":57,"column":20},"end":{"line":61,"column":null}},"33":{"start":{"line":57,"column":53},"end":{"line":61,"column":4}},"34":{"start":{"line":63,"column":2},"end":{"line":63,"column":null}},"35":{"start":{"line":63,"column":17},"end":{"line":63,"column":null}},"36":{"start":{"line":63,"column":84},"end":{"line":63,"column":150}},"37":{"start":{"line":65,"column":2},"end":{"line":143,"column":null}},"38":{"start":{"line":74,"column":12},"end":{"line":74,"column":null}},"39":{"start":{"line":74,"column":48},"end":{"line":74,"column":67}},"40":{"start":{"line":95,"column":120},"end":{"line":95,"column":130}},"41":{"start":{"line":96,"column":154},"end":{"line":96,"column":186}},"42":{"start":{"line":98,"column":45},"end":{"line":98,"column":181}},"43":{"start":{"line":114,"column":10},"end":{"line":140,"column":null}}},"fnMap":{"0":{"name":"fmt","decl":{"start":{"line":8,"column":9},"end":{"line":8,"column":13}},"loc":{"start":{"line":8,"column":24},"end":{"line":8,"column":null}},"line":8},"1":{"name":"VelocityPage","decl":{"start":{"line":16,"column":24},"end":{"line":16,"column":39}},"loc":{"start":{"line":16,"column":39},"end":{"line":145,"column":null}},"line":16},"2":{"name":"(anonymous_2)","decl":{"start":{"line":21,"column":29},"end":{"line":21,"column":35}},"loc":{"start":{"line":21,"column":35},"end":{"line":51,"column":5}},"line":21},"3":{"name":"(anonymous_3)","decl":{"start":{"line":24,"column":42},"end":{"line":24,"column":47}},"loc":{"start":{"line":24,"column":47},"end":{"line":27,"column":5}},"line":24},"4":{"name":"(anonymous_4)","decl":{"start":{"line":37,"column":41},"end":{"line":37,"column":46}},"loc":{"start":{"line":37,"column":46},"end":{"line":50,"column":5}},"line":37},"5":{"name":"(anonymous_5)","decl":{"start":{"line":39,"column":36},"end":{"line":39,"column":41}},"loc":{"start":{"line":39,"column":41},"end":{"line":39,"column":61}},"line":39},"6":{"name":"(anonymous_6)","decl":{"start":{"line":50,"column":12},"end":{"line":50,"column":13}},"loc":{"start":{"line":50,"column":22},"end":{"line":50,"column":51}},"line":50},"7":{"name":"(anonymous_7)","decl":{"start":{"line":53,"column":37},"end":{"line":53,"column":42}},"loc":{"start":{"line":53,"column":42},"end":{"line":53,"column":66}},"line":53},"8":{"name":"(anonymous_8)","decl":{"start":{"line":54,"column":36},"end":{"line":54,"column":41}},"loc":{"start":{"line":54,"column":41},"end":{"line":54,"column":64}},"line":54},"9":{"name":"(anonymous_9)","decl":{"start":{"line":55,"column":39},"end":{"line":55,"column":40}},"loc":{"start":{"line":55,"column":49},"end":{"line":55,"column":62}},"line":55},"10":{"name":"(anonymous_10)","decl":{"start":{"line":57,"column":47},"end":{"line":57,"column":53}},"loc":{"start":{"line":57,"column":53},"end":{"line":61,"column":4}},"line":57},"11":{"name":"(anonymous_11)","decl":{"start":{"line":63,"column":74},"end":{"line":63,"column":75}},"loc":{"start":{"line":63,"column":84},"end":{"line":63,"column":150}},"line":63},"12":{"name":"(anonymous_12)","decl":{"start":{"line":73,"column":23},"end":{"line":73,"column":null}},"loc":{"start":{"line":74,"column":12},"end":{"line":74,"column":null}},"line":74},"13":{"name":"(anonymous_13)","decl":{"start":{"line":74,"column":42},"end":{"line":74,"column":48}},"loc":{"start":{"line":74,"column":48},"end":{"line":74,"column":67}},"line":74},"14":{"name":"(anonymous_14)","decl":{"start":{"line":95,"column":115},"end":{"line":95,"column":120}},"loc":{"start":{"line":95,"column":120},"end":{"line":95,"column":130}},"line":95},"15":{"name":"(anonymous_15)","decl":{"start":{"line":96,"column":139},"end":{"line":96,"column":140}},"loc":{"start":{"line":96,"column":154},"end":{"line":96,"column":186}},"line":96},"16":{"name":"(anonymous_16)","decl":{"start":{"line":98,"column":35},"end":{"line":98,"column":36}},"loc":{"start":{"line":98,"column":45},"end":{"line":98,"column":181}},"line":98},"17":{"name":"(anonymous_17)","decl":{"start":{"line":113,"column":27},"end":{"line":113,"column":28}},"loc":{"start":{"line":114,"column":10},"end":{"line":140,"column":null}},"line":114}},"branchMap":{"0":{"loc":{"start":{"line":17,"column":16},"end":{"line":17,"column":32}},"type":"default-arg","locations":[{"start":{"line":17,"column":28},"end":{"line":17,"column":32}}],"line":17},"1":{"loc":{"start":{"line":18,"column":16},"end":{"line":18,"column":30}},"type":"default-arg","locations":[{"start":{"line":18,"column":27},"end":{"line":18,"column":30}}],"line":18},"2":{"loc":{"start":{"line":25,"column":16},"end":{"line":25,"column":null}},"type":"cond-expr","locations":[{"start":{"line":25,"column":30},"end":{"line":25,"column":64}},{"start":{"line":25,"column":64},"end":{"line":25,"column":null}}],"line":25},"3":{"loc":{"start":{"line":26,"column":13},"end":{"line":26,"column":null}},"type":"binary-expr","locations":[{"start":{"line":26,"column":13},"end":{"line":26,"column":28}},{"start":{"line":26,"column":28},"end":{"line":26,"column":null}}],"line":26},"4":{"loc":{"start":{"line":31,"column":18},"end":{"line":31,"column":null}},"type":"binary-expr","locations":[{"start":{"line":31,"column":18},"end":{"line":31,"column":35}},{"start":{"line":31,"column":35},"end":{"line":31,"column":null}}],"line":31},"5":{"loc":{"start":{"line":32,"column":6},"end":{"line":32,"column":null}},"type":"if","locations":[{"start":{"line":32,"column":6},"end":{"line":32,"column":null}},{"start":{},"end":{}}],"line":32},"6":{"loc":{"start":{"line":32,"column":92},"end":{"line":32,"column":112}},"type":"binary-expr","locations":[{"start":{"line":32,"column":92},"end":{"line":32,"column":107}},{"start":{"line":32,"column":107},"end":{"line":32,"column":112}}],"line":32},"7":{"loc":{"start":{"line":33,"column":38},"end":{"line":33,"column":53}},"type":"binary-expr","locations":[{"start":{"line":33,"column":38},"end":{"line":33,"column":52}},{"start":{"line":33,"column":52},"end":{"line":33,"column":53}}],"line":33},"8":{"loc":{"start":{"line":34,"column":40},"end":{"line":34,"column":56}},"type":"binary-expr","locations":[{"start":{"line":34,"column":40},"end":{"line":34,"column":55}},{"start":{"line":34,"column":55},"end":{"line":34,"column":56}}],"line":34},"9":{"loc":{"start":{"line":34,"column":67},"end":{"line":34,"column":82}},"type":"binary-expr","locations":[{"start":{"line":34,"column":67},"end":{"line":34,"column":81}},{"start":{"line":34,"column":81},"end":{"line":34,"column":82}}],"line":34},"10":{"loc":{"start":{"line":40,"column":20},"end":{"line":40,"column":null}},"type":"binary-expr","locations":[{"start":{"line":40,"column":20},"end":{"line":40,"column":46}},{"start":{"line":40,"column":46},"end":{"line":40,"column":null}}],"line":40},"11":{"loc":{"start":{"line":41,"column":23},"end":{"line":41,"column":null}},"type":"cond-expr","locations":[{"start":{"line":41,"column":58},"end":{"line":41,"column":92}},{"start":{"line":41,"column":92},"end":{"line":41,"column":null}}],"line":41},"12":{"loc":{"start":{"line":41,"column":23},"end":{"line":41,"column":58}},"type":"binary-expr","locations":[{"start":{"line":41,"column":23},"end":{"line":41,"column":40}},{"start":{"line":41,"column":40},"end":{"line":41,"column":58}}],"line":41},"13":{"loc":{"start":{"line":47,"column":26},"end":{"line":47,"column":null}},"type":"binary-expr","locations":[{"start":{"line":47,"column":26},"end":{"line":47,"column":53}},{"start":{"line":47,"column":53},"end":{"line":47,"column":null}}],"line":47},"14":{"loc":{"start":{"line":48,"column":17},"end":{"line":48,"column":null}},"type":"cond-expr","locations":[{"start":{"line":48,"column":52},"end":{"line":48,"column":65}},{"start":{"line":48,"column":65},"end":{"line":48,"column":null}}],"line":48},"15":{"loc":{"start":{"line":48,"column":17},"end":{"line":48,"column":52}},"type":"binary-expr","locations":[{"start":{"line":48,"column":17},"end":{"line":48,"column":37}},{"start":{"line":48,"column":37},"end":{"line":48,"column":52}}],"line":48},"16":{"loc":{"start":{"line":48,"column":65},"end":{"line":48,"column":null}},"type":"cond-expr","locations":[{"start":{"line":48,"column":101},"end":{"line":48,"column":113}},{"start":{"line":48,"column":113},"end":{"line":48,"column":null}}],"line":48},"17":{"loc":{"start":{"line":48,"column":65},"end":{"line":48,"column":101}},"type":"binary-expr","locations":[{"start":{"line":48,"column":65},"end":{"line":48,"column":85}},{"start":{"line":48,"column":85},"end":{"line":48,"column":101}}],"line":48},"18":{"loc":{"start":{"line":58,"column":10},"end":{"line":58,"column":null}},"type":"cond-expr","locations":[{"start":{"line":58,"column":31},"end":{"line":58,"column":59}},{"start":{"line":58,"column":59},"end":{"line":58,"column":null}}],"line":58},"19":{"loc":{"start":{"line":63,"column":2},"end":{"line":63,"column":null}},"type":"if","locations":[{"start":{"line":63,"column":2},"end":{"line":63,"column":null}},{"start":{},"end":{}}],"line":63},"20":{"loc":{"start":{"line":74,"column":142},"end":{"line":74,"column":255}},"type":"cond-expr","locations":[{"start":{"line":74,"column":162},"end":{"line":74,"column":201}},{"start":{"line":74,"column":201},"end":{"line":74,"column":255}}],"line":74},"21":{"loc":{"start":{"line":86,"column":7},"end":{"line":104,"column":null}},"type":"binary-expr","locations":[{"start":{"line":86,"column":7},"end":{"line":86,"column":null}},{"start":{"line":87,"column":8},"end":{"line":104,"column":null}}],"line":86},"22":{"loc":{"start":{"line":98,"column":65},"end":{"line":98,"column":179}},"type":"cond-expr","locations":[{"start":{"line":98,"column":104},"end":{"line":98,"column":116}},{"start":{"line":98,"column":116},"end":{"line":98,"column":179}}],"line":98},"23":{"loc":{"start":{"line":98,"column":65},"end":{"line":98,"column":104}},"type":"binary-expr","locations":[{"start":{"line":98,"column":65},"end":{"line":98,"column":87}},{"start":{"line":98,"column":87},"end":{"line":98,"column":104}}],"line":98},"24":{"loc":{"start":{"line":98,"column":116},"end":{"line":98,"column":179}},"type":"cond-expr","locations":[{"start":{"line":98,"column":156},"end":{"line":98,"column":168}},{"start":{"line":98,"column":168},"end":{"line":98,"column":179}}],"line":98},"25":{"loc":{"start":{"line":98,"column":116},"end":{"line":98,"column":156}},"type":"binary-expr","locations":[{"start":{"line":98,"column":116},"end":{"line":98,"column":138}},{"start":{"line":98,"column":138},"end":{"line":98,"column":156}}],"line":98},"26":{"loc":{"start":{"line":108,"column":9},"end":{"line":141,"column":null}},"type":"cond-expr","locations":[{"start":{"line":109,"column":10},"end":{"line":112,"column":null}},{"start":{"line":113,"column":12},"end":{"line":141,"column":null}}],"line":108},"27":{"loc":{"start":{"line":114,"column":35},"end":{"line":114,"column":null}},"type":"cond-expr","locations":[{"start":{"line":114,"column":62},"end":{"line":114,"column":84}},{"start":{"line":114,"column":84},"end":{"line":114,"column":null}}],"line":114},"28":{"loc":{"start":{"line":114,"column":84},"end":{"line":114,"column":null}},"type":"cond-expr","locations":[{"start":{"line":114,"column":110},"end":{"line":114,"column":135}},{"start":{"line":114,"column":135},"end":{"line":114,"column":null}}],"line":114},"29":{"loc":{"start":{"line":121,"column":21},"end":{"line":121,"column":null}},"type":"binary-expr","locations":[{"start":{"line":121,"column":21},"end":{"line":121,"column":49}},{"start":{"line":121,"column":49},"end":{"line":121,"column":null}}],"line":121},"30":{"loc":{"start":{"line":122,"column":21},"end":{"line":122,"column":null}},"type":"binary-expr","locations":[{"start":{"line":122,"column":21},"end":{"line":122,"column":48}},{"start":{"line":122,"column":48},"end":{"line":122,"column":null}}],"line":122},"31":{"loc":{"start":{"line":128,"column":21},"end":{"line":128,"column":null}},"type":"binary-expr","locations":[{"start":{"line":128,"column":21},"end":{"line":128,"column":40}},{"start":{"line":128,"column":40},"end":{"line":128,"column":null}}],"line":128},"32":{"loc":{"start":{"line":128,"column":85},"end":{"line":128,"column":192}},"type":"cond-expr","locations":[{"start":{"line":128,"column":112},"end":{"line":128,"column":129}},{"start":{"line":128,"column":129},"end":{"line":128,"column":192}}],"line":128},"33":{"loc":{"start":{"line":128,"column":129},"end":{"line":128,"column":192}},"type":"cond-expr","locations":[{"start":{"line":128,"column":155},"end":{"line":128,"column":175}},{"start":{"line":128,"column":175},"end":{"line":128,"column":192}}],"line":128},"34":{"loc":{"start":{"line":129,"column":21},"end":{"line":129,"column":null}},"type":"binary-expr","locations":[{"start":{"line":129,"column":21},"end":{"line":129,"column":43}},{"start":{"line":129,"column":43},"end":{"line":129,"column":null}}],"line":129},"35":{"loc":{"start":{"line":129,"column":82},"end":{"line":129,"column":188}},"type":"cond-expr","locations":[{"start":{"line":129,"column":109},"end":{"line":129,"column":126}},{"start":{"line":129,"column":126},"end":{"line":129,"column":188}}],"line":129},"36":{"loc":{"start":{"line":129,"column":126},"end":{"line":129,"column":188}},"type":"cond-expr","locations":[{"start":{"line":129,"column":152},"end":{"line":129,"column":172}},{"start":{"line":129,"column":172},"end":{"line":129,"column":188}}],"line":129},"37":{"loc":{"start":{"line":132,"column":17},"end":{"line":136,"column":null}},"type":"binary-expr","locations":[{"start":{"line":132,"column":17},"end":{"line":132,"column":null}},{"start":{"line":133,"column":18},"end":{"line":136,"column":null}}],"line":132},"38":{"loc":{"start":{"line":133,"column":57},"end":{"line":133,"column":163}},"type":"cond-expr","locations":[{"start":{"line":133,"column":84},"end":{"line":133,"column":101}},{"start":{"line":133,"column":101},"end":{"line":133,"column":163}}],"line":133},"39":{"loc":{"start":{"line":133,"column":101},"end":{"line":133,"column":163}},"type":"cond-expr","locations":[{"start":{"line":133,"column":127},"end":{"line":133,"column":147}},{"start":{"line":133,"column":147},"end":{"line":133,"column":163}}],"line":133}},"s":{"0":0,"1":0,"2":0,"3":0,"4":0,"5":0,"6":0,"7":0,"8":0,"9":0,"10":0,"11":0,"12":0,"13":0,"14":0,"15":0,"16":0,"17":0,"18":0,"19":0,"20":0,"21":0,"22":0,"23":0,"24":0,"25":0,"26":0,"27":0,"28":0,"29":0,"30":0,"31":0,"32":0,"33":0,"34":0,"35":0,"36":0,"37":0,"38":0,"39":0,"40":0,"41":0,"42":0,"43":0},"f":{"0":0,"1":0,"2":0,"3":0,"4":0,"5":0,"6":0,"7":0,"8":0,"9":0,"10":0,"11":0,"12":0,"13":0,"14":0,"15":0,"16":0,"17":0},"b":{"0":[0],"1":[0],"2":[0,0],"3":[0,0],"4":[0,0],"5":[0,0],"6":[0,0],"7":[0,0],"8":[0,0],"9":[0,0],"10":[0,0],"11":[0,0],"12":[0,0],"13":[0,0],"14":[0,0],"15":[0,0],"16":[0,0],"17":[0,0],"18":[0,0],"19":[0,0],"20":[0,0],"21":[0,0],"22":[0,0],"23":[0,0],"24":[0,0],"25":[0,0],"26":[0,0],"27":[0,0],"28":[0,0],"29":[0,0],"30":[0,0],"31":[0,0],"32":[0,0],"33":[0,0],"34":[0,0],"35":[0,0],"36":[0,0],"37":[0,0],"38":[0,0],"39":[0,0]},"meta":{"lastBranch":40,"lastFunction":18,"lastStatement":44,"seen":{"f:8:9:8:13":0,"s:8:26:8:126":0,"s:10:16:14:Infinity":1,"f:16:24:16:39":1,"s:17:42:17:Infinity":2,"b:17:28:17:32":0,"s:18:30:18:Infinity":3,"b:18:27:18:30":1,"s:19:26:19:Infinity":4,"s:21:8:51:Infinity":5,"f:21:29:21:35":2,"s:22:16:22:Infinity":6,"s:23:19:23:Infinity":7,"s:24:25:27:Infinity":8,"f:24:42:24:47":3,"s:25:16:25:Infinity":9,"b:25:30:25:64:25:64:25:Infinity":2,"s:26:6:26:Infinity":10,"b:26:13:26:28:26:28:26:Infinity":3,"s:29:115:29:Infinity":11,"s:30:4:35:Infinity":12,"s:31:18:31:Infinity":13,"b:31:18:31:35:31:35:31:Infinity":4,"b:32:6:32:Infinity:undefined:undefined:undefined:undefined":5,"s:32:6:32:Infinity":14,"s:32:28:32:Infinity":15,"b:32:92:32:107:32:107:32:112":6,"s:33:6:33:Infinity":16,"b:33:38:33:52:33:52:33:53":7,"s:34:6:34:Infinity":17,"b:34:40:34:55:34:55:34:56":8,"b:34:67:34:81:34:81:34:82":9,"s:37:4:50:Infinity":18,"f:37:41:37:46":4,"s:38:26:38:Infinity":19,"s:39:22:39:Infinity":20,"f:39:36:39:41":5,"s:39:41:39:61":21,"s:40:20:40:Infinity":22,"b:40:20:40:46:40:46:40:Infinity":10,"s:41:23:41:Infinity":23,"b:41:58:41:92:41:92:41:Infinity":11,"b:41:23:41:40:41:40:41:58":12,"s:42:6:49:Infinity":24,"b:47:26:47:53:47:53:47:Infinity":13,"b:48:52:48:65:48:65:48:Infinity":14,"b:48:17:48:37:48:37:48:52":15,"b:48:101:48:113:48:113:48:Infinity":16,"b:48:65:48:85:48:85:48:101":17,"f:50:12:50:13":6,"s:50:22:50:51":25,"s:53:19:53:Infinity":26,"f:53:37:53:42":7,"s:53:42:53:66":27,"s:54:18:54:Infinity":28,"f:54:36:54:41":8,"s:54:41:54:64":29,"s:55:21:55:Infinity":30,"f:55:39:55:40":9,"s:55:49:55:62":31,"s:57:20:61:Infinity":32,"f:57:47:57:53":10,"s:57:53:61:4":33,"b:58:31:58:59:58:59:58:Infinity":18,"b:63:2:63:Infinity:undefined:undefined:undefined:undefined":19,"s:63:2:63:Infinity":34,"s:63:17:63:Infinity":35,"f:63:74:63:75":11,"s:63:84:63:150":36,"s:65:2:143:Infinity":37,"f:73:23:73:Infinity":12,"s:74:12:74:Infinity":38,"f:74:42:74:48":13,"s:74:48:74:67":39,"b:74:162:74:201:74:201:74:255":20,"b:86:7:86:Infinity:87:8:104:Infinity":21,"f:95:115:95:120":14,"s:95:120:95:130":40,"f:96:139:96:140":15,"s:96:154:96:186":41,"f:98:35:98:36":16,"s:98:45:98:181":42,"b:98:104:98:116:98:116:98:179":22,"b:98:65:98:87:98:87:98:104":23,"b:98:156:98:168:98:168:98:179":24,"b:98:116:98:138:98:138:98:156":25,"b:109:10:112:Infinity:113:12:141:Infinity":26,"f:113:27:113:28":17,"s:114:10:140:Infinity":43,"b:114:62:114:84:114:84:114:Infinity":27,"b:114:110:114:135:114:135:114:Infinity":28,"b:121:21:121:49:121:49:121:Infinity":29,"b:122:21:122:48:122:48:122:Infinity":30,"b:128:21:128:40:128:40:128:Infinity":31,"b:128:112:128:129:128:129:128:192":32,"b:128:155:128:175:128:175:128:192":33,"b:129:21:129:43:129:43:129:Infinity":34,"b:129:109:129:126:129:126:129:188":35,"b:129:152:129:172:129:172:129:188":36,"b:132:17:132:Infinity:133:18:136:Infinity":37,"b:133:84:133:101:133:101:133:163":38,"b:133:127:133:147:133:147:133:163":39},"fnNames":{}}}
}
