TN:
SF:src\App.tsx
FN:40,Router
FN:79,App
FNF:2
FNH:0
FNDA:0,Router
FNDA:0,App
DA:38,0
DA:41,0
DA:80,0
LF:3
LH:0
BRF:0
BRH:0
end_of_record
TN:
SF:src\components\layout.tsx
FN:35,useTotalAlerts
FN:39,(anonymous_1)
FN:108,Layout
FN:121,(anonymous_3)
FN:127,(anonymous_4)
FNF:5
FNH:0
FNDA:0,useTotalAlerts
FNDA:0,(anonymous_1)
FNDA:0,Layout
FNDA:0,(anonymous_3)
FNDA:0,(anonymous_4)
DA:36,0
DA:37,0
DA:38,0
DA:39,0
DA:40,0
DA:41,0
DA:42,0
DA:44,0
DA:50,0
DA:109,0
DA:110,0
DA:112,0
DA:122,0
DA:128,0
DA:130,0
DA:132,0
LF:16
LH:0
BRDA:37,0,0,0
BRDA:38,1,0,0
BRDA:40,2,0,0
BRDA:40,2,1,0
BRDA:40,3,0,0
BRDA:40,3,1,0
BRDA:45,4,0,0
BRDA:45,4,1,0
BRDA:130,5,0,0
BRDA:130,5,1,0
BRDA:130,5,2,0
BRDA:136,6,0,0
BRDA:136,6,1,0
BRDA:150,7,0,0
BRDA:150,7,1,0
BRDA:154,8,0,0
BRDA:154,8,1,0
BRDA:156,9,0,0
BRDA:156,9,1,0
BRDA:161,10,0,0
BRDA:161,10,1,0
BRDA:169,11,0,0
BRDA:169,11,1,0
BRF:23
BRH:0
end_of_record
TN:
SF:src\hooks\use-mobile.tsx
FN:5,useIsMobile
FN:10,(anonymous_1)
FN:12,(anonymous_2)
FN:17,(anonymous_3)
FNF:4
FNH:0
FNDA:0,useIsMobile
FNDA:0,(anonymous_1)
FNDA:0,(anonymous_2)
FNDA:0,(anonymous_3)
DA:3,0
DA:6,0
DA:10,0
DA:11,0
DA:12,0
DA:13,0
DA:15,0
DA:16,0
DA:17,0
DA:20,0
LF:10
LH:0
BRF:0
BRH:0
end_of_record
TN:
SF:src\hooks\use-toast.ts
FN:24,genId
FN:55,(anonymous_1)
FN:60,(anonymous_2)
FN:71,(anonymous_3)
FN:82,(anonymous_4)
FN:95,(anonymous_5)
FN:102,(anonymous_6)
FN:121,(anonymous_7)
FN:130,dispatch
FN:132,(anonymous_9)
FN:139,toast
FN:142,(anonymous_11)
FN:147,(anonymous_12)
FN:155,(anonymous_13)
FN:168,useToast
FN:171,(anonymous_15)
FN:173,(anonymous_16)
FN:184,(anonymous_17)
FNF:18
FNH:3
FNDA:0,genId
FNDA:0,(anonymous_1)
FNDA:0,(anonymous_2)
FNDA:0,(anonymous_3)
FNDA:0,(anonymous_4)
FNDA:0,(anonymous_5)
FNDA:0,(anonymous_6)
FNDA:0,(anonymous_7)
FNDA:0,dispatch
FNDA:0,(anonymous_9)
FNDA:0,toast
FNDA:0,(anonymous_11)
FNDA:0,(anonymous_12)
FNDA:0,(anonymous_13)
FNDA:1,useToast
FNDA:1,(anonymous_15)
FNDA:1,(anonymous_16)
FNDA:0,(anonymous_17)
DA:5,2
DA:6,2
DA:15,2
DA:22,2
DA:25,0
DA:26,0
DA:53,2
DA:55,2
DA:56,0
DA:57,0
DA:60,0
DA:61,0
DA:62,0
DA:68,0
DA:71,2
DA:72,0
DA:74,0
DA:80,0
DA:83,0
DA:88,0
DA:92,0
DA:93,0
DA:95,0
DA:96,0
DA:100,0
DA:103,0
DA:113,0
DA:114,0
DA:119,0
DA:121,0
DA:126,2
DA:128,2
DA:131,0
DA:132,0
DA:133,0
DA:140,0
DA:142,0
DA:143,0
DA:147,0
DA:149,0
DA:156,0
DA:161,0
DA:169,1
DA:171,1
DA:172,1
DA:173,1
DA:174,1
DA:175,1
DA:176,1
DA:181,1
DA:184,0
LF:51
LH:17
BRDA:56,0,0,0
BRDA:56,0,1,0
BRDA:72,1,0,0
BRDA:72,1,1,0
BRDA:72,1,2,0
BRDA:72,1,3,0
BRDA:83,2,0,0
BRDA:83,2,1,0
BRDA:92,3,0,0
BRDA:92,3,1,0
BRDA:103,4,0,0
BRDA:103,4,1,0
BRDA:103,5,0,0
BRDA:103,5,1,0
BRDA:113,6,0,0
BRDA:113,6,1,0
BRDA:156,7,0,0
BRDA:156,7,1,0
BRDA:175,8,0,1
BRDA:175,8,1,0
BRF:20
BRH:1
end_of_record
TN:
SF:src\pages\ad-spend.tsx
FN:84,fmt
FN:91,fmtShort
FN:110,AdSpendPage
FN:120,(anonymous_3)
FN:120,(anonymous_4)
FN:125,(anonymous_5)
FN:126,(anonymous_6)
FN:130,(anonymous_7)
FN:135,(anonymous_8)
FN:136,(anonymous_9)
FN:145,(anonymous_10)
FN:147,(anonymous_11)
FN:154,(anonymous_12)
FN:165,(anonymous_13)
FN:222,(anonymous_14)
FN:228,(anonymous_15)
FN:263,(anonymous_16)
FN:271,(anonymous_17)
FN:274,(anonymous_18)
FN:293,(anonymous_19)
FN:334,(anonymous_20)
FN:341,(anonymous_21)
FN:343,(anonymous_22)
FN:352,(anonymous_23)
FN:360,(anonymous_24)
FN:366,(anonymous_25)
FN:372,(anonymous_26)
FN:380,(anonymous_27)
FN:386,(anonymous_28)
FN:398,(anonymous_29)
FN:451,(anonymous_30)
FN:496,(anonymous_31)
FNF:32
FNH:0
FNDA:0,fmt
FNDA:0,fmtShort
FNDA:0,AdSpendPage
FNDA:0,(anonymous_3)
FNDA:0,(anonymous_4)
FNDA:0,(anonymous_5)
FNDA:0,(anonymous_6)
FNDA:0,(anonymous_7)
FNDA:0,(anonymous_8)
FNDA:0,(anonymous_9)
FNDA:0,(anonymous_10)
FNDA:0,(anonymous_11)
FNDA:0,(anonymous_12)
FNDA:0,(anonymous_13)
FNDA:0,(anonymous_14)
FNDA:0,(anonymous_15)
FNDA:0,(anonymous_16)
FNDA:0,(anonymous_17)
FNDA:0,(anonymous_18)
FNDA:0,(anonymous_19)
FNDA:0,(anonymous_20)
FNDA:0,(anonymous_21)
FNDA:0,(anonymous_22)
FNDA:0,(anonymous_23)
FNDA:0,(anonymous_24)
FNDA:0,(anonymous_25)
FNDA:0,(anonymous_26)
FNDA:0,(anonymous_27)
FNDA:0,(anonymous_28)
FNDA:0,(anonymous_29)
FNDA:0,(anonymous_30)
FNDA:0,(anonymous_31)
DA:28,0
DA:65,0
DA:74,0
DA:85,0
DA:92,0
DA:99,0
DA:111,0
DA:112,0
DA:113,0
DA:114,0
DA:116,0
DA:120,0
DA:123,0
DA:126,0
DA:129,0
DA:131,0
DA:135,0
DA:137,0
DA:138,0
DA:139,0
DA:140,0
DA:144,0
DA:146,0
DA:148,0
DA:149,0
DA:150,0
DA:154,0
DA:155,0
DA:165,0
DA:166,0
DA:172,0
DA:211,0
DA:222,0
DA:229,0
DA:263,0
DA:271,0
DA:275,0
DA:294,0
DA:335,0
DA:341,0
DA:344,0
DA:353,0
DA:360,0
DA:366,0
DA:373,0
DA:380,0
DA:387,0
DA:398,0
DA:452,0
DA:453,0
DA:454,0
DA:455,0
DA:496,0
LF:53
LH:0
BRDA:116,0,0,0
BRDA:157,1,0,0
BRDA:157,1,1,0
BRDA:158,2,0,0
BRDA:158,2,1,0
BRDA:159,3,0,0
BRDA:159,3,1,0
BRDA:160,4,0,0
BRDA:160,4,1,0
BRDA:161,5,0,0
BRDA:161,5,1,0
BRDA:166,6,0,0
BRDA:166,6,1,0
BRDA:168,7,0,0
BRDA:168,7,1,0
BRDA:175,8,0,0
BRDA:175,8,1,0
BRDA:181,9,0,0
BRDA:181,9,1,0
BRDA:187,10,0,0
BRDA:187,10,1,0
BRDA:189,11,0,0
BRDA:189,11,1,0
BRDA:193,12,0,0
BRDA:193,12,1,0
BRDA:199,13,0,0
BRDA:199,13,1,0
BRDA:205,14,0,0
BRDA:205,14,1,0
BRDA:243,15,0,0
BRDA:243,15,1,0
BRDA:245,16,0,0
BRDA:245,16,1,0
BRDA:255,17,0,0
BRDA:255,17,1,0
BRDA:277,18,0,0
BRDA:277,18,1,0
BRDA:298,19,0,0
BRDA:298,19,1,0
BRDA:309,20,0,0
BRDA:309,20,1,0
BRDA:326,21,0,0
BRDA:326,21,1,0
BRDA:411,22,0,0
BRDA:411,22,1,0
BRDA:415,23,0,0
BRDA:415,23,1,0
BRDA:452,24,0,0
BRDA:452,24,1,0
BRDA:453,25,0,0
BRDA:453,25,1,0
BRDA:454,26,0,0
BRDA:454,26,1,0
BRDA:469,27,0,0
BRDA:469,27,1,0
BRDA:489,28,0,0
BRDA:489,28,1,0
BRDA:492,29,0,0
BRDA:492,29,1,0
BRF:59
BRH:0
end_of_record
TN:
SF:src\pages\ai-settings.tsx
FN:72,AISettingsPage
FN:83,(anonymous_1)
FN:84,(anonymous_2)
FN:89,(anonymous_3)
FN:89,(anonymous_4)
FN:93,(anonymous_5)
FN:106,(anonymous_6)
FN:107,(anonymous_7)
FN:118,(anonymous_8)
FN:130,(anonymous_9)
FN:132,(anonymous_10)
FN:138,testKey
FN:169,(anonymous_12)
FN:172,getForm
FN:215,(anonymous_14)
FN:226,(anonymous_15)
FN:260,(anonymous_16)
FN:277,(anonymous_17)
FN:319,(anonymous_18)
FN:320,(anonymous_19)
FN:341,(anonymous_20)
FN:342,(anonymous_21)
FN:351,(anonymous_22)
FN:363,(anonymous_23)
FN:381,(anonymous_24)
FNF:25
FNH:0
FNDA:0,AISettingsPage
FNDA:0,(anonymous_1)
FNDA:0,(anonymous_2)
FNDA:0,(anonymous_3)
FNDA:0,(anonymous_4)
FNDA:0,(anonymous_5)
FNDA:0,(anonymous_6)
FNDA:0,(anonymous_7)
FNDA:0,(anonymous_8)
FNDA:0,(anonymous_9)
FNDA:0,(anonymous_10)
FNDA:0,testKey
FNDA:0,(anonymous_12)
FNDA:0,getForm
FNDA:0,(anonymous_14)
FNDA:0,(anonymous_15)
FNDA:0,(anonymous_16)
FNDA:0,(anonymous_17)
FNDA:0,(anonymous_18)
FNDA:0,(anonymous_19)
FNDA:0,(anonymous_20)
FNDA:0,(anonymous_21)
FNDA:0,(anonymous_22)
FNDA:0,(anonymous_23)
FNDA:0,(anonymous_24)
DA:22,0
DA:39,0
DA:48,0
DA:73,0
DA:74,0
DA:75,0
DA:76,0
DA:79,0
DA:81,0
DA:84,0
DA:87,0
DA:89,0
DA:92,0
DA:102,0
DA:106,0
DA:108,0
DA:109,0
DA:114,0
DA:116,0
DA:117,0
DA:118,0
DA:122,0
DA:129,0
DA:131,0
DA:133,0
DA:134,0
DA:139,0
DA:140,0
DA:141,0
DA:144,0
DA:149,0
DA:150,0
DA:152,0
DA:159,0
DA:165,0
DA:169,0
DA:170,0
DA:173,0
DA:176,0
DA:216,0
DA:217,0
DA:218,0
DA:219,0
DA:221,0
DA:226,0
DA:261,0
DA:262,0
DA:278,0
DA:279,0
DA:320,0
DA:342,0
DA:352,0
DA:364,0
DA:381,0
LF:54
LH:0
BRDA:81,0,0,0
BRDA:87,1,0,0
BRDA:108,2,0,0
BRDA:108,2,1,0
BRDA:149,3,0,0
BRDA:149,3,1,0
BRDA:173,4,0,0
BRDA:173,4,1,0
BRDA:173,5,0,0
BRDA:173,5,1,0
BRDA:189,6,0,0
BRDA:189,6,1,0
BRDA:196,7,0,0
BRDA:196,7,1,0
BRDA:219,8,0,0
BRDA:219,8,1,0
BRDA:222,9,0,0
BRDA:222,9,1,0
BRDA:226,10,0,0
BRDA:226,10,1,0
BRDA:229,11,0,0
BRDA:229,11,1,0
BRDA:234,12,0,0
BRDA:234,12,1,0
BRDA:247,13,0,0
BRDA:247,13,1,0
BRDA:254,14,0,0
BRDA:254,14,1,0
BRDA:266,15,0,0
BRDA:266,15,1,0
BRDA:271,16,0,0
BRDA:271,16,1,0
BRDA:286,17,0,0
BRDA:286,17,1,0
BRDA:294,18,0,0
BRDA:294,18,1,0
BRDA:314,19,0,0
BRDA:314,19,1,0
BRDA:333,20,0,0
BRDA:333,20,1,0
BRDA:370,21,0,0
BRDA:370,21,1,0
BRDA:372,22,0,0
BRDA:372,22,1,0
BRDA:374,23,0,0
BRDA:374,23,1,0
BRF:46
BRH:0
end_of_record
TN:
SF:src\pages\analytics.tsx
FN:24,fmt
FN:32,fmtFull
FN:45,AnalyticsPage
FN:53,(anonymous_3)
FN:91,(anonymous_4)
FN:95,(anonymous_5)
FN:98,(anonymous_6)
FN:100,(anonymous_7)
FN:102,(anonymous_8)
FN:111,(anonymous_9)
FN:112,(anonymous_10)
FN:113,(anonymous_11)
FN:117,(anonymous_12)
FN:174,(anonymous_13)
FN:197,(anonymous_14)
FN:200,(anonymous_15)
FN:233,(anonymous_16)
FN:246,(anonymous_17)
FN:253,(anonymous_18)
FN:279,(anonymous_19)
FN:282,(anonymous_20)
FN:329,(anonymous_21)
FN:413,(anonymous_22)
FNF:23
FNH:0
FNDA:0,fmt
FNDA:0,fmtFull
FNDA:0,AnalyticsPage
FNDA:0,(anonymous_3)
FNDA:0,(anonymous_4)
FNDA:0,(anonymous_5)
FNDA:0,(anonymous_6)
FNDA:0,(anonymous_7)
FNDA:0,(anonymous_8)
FNDA:0,(anonymous_9)
FNDA:0,(anonymous_10)
FNDA:0,(anonymous_11)
FNDA:0,(anonymous_12)
FNDA:0,(anonymous_13)
FNDA:0,(anonymous_14)
FNDA:0,(anonymous_15)
FNDA:0,(anonymous_16)
FNDA:0,(anonymous_17)
FNDA:0,(anonymous_18)
FNDA:0,(anonymous_19)
FNDA:0,(anonymous_20)
FNDA:0,(anonymous_21)
FNDA:0,(anonymous_22)
DA:25,0
DA:33,0
DA:40,0
DA:41,0
DA:46,0
DA:47,0
DA:48,0
DA:49,0
DA:51,0
DA:53,0
DA:54,0
DA:67,0
DA:68,0
DA:69,0
DA:70,0
DA:79,0
DA:80,0
DA:81,0
DA:82,0
DA:83,0
DA:84,0
DA:85,0
DA:86,0
DA:87,0
DA:90,0
DA:91,0
DA:95,0
DA:98,0
DA:99,0
DA:100,0
DA:102,0
DA:111,0
DA:112,0
DA:113,0
DA:115,0
DA:117,0
DA:121,0
DA:128,0
DA:129,0
DA:135,0
DA:175,0
DA:198,0
DA:200,0
DA:234,0
DA:247,0
DA:254,0
DA:280,0
DA:282,0
DA:330,0
DA:413,0
LF:50
LH:0
BRDA:46,0,0,0
BRDA:47,1,0,0
BRDA:51,2,0,0
BRDA:51,2,1,0
BRDA:68,3,0,0
BRDA:68,3,1,0
BRDA:69,4,0,0
BRDA:69,4,1,0
BRDA:70,5,0,0
BRDA:70,5,1,0
BRDA:72,6,0,0
BRDA:72,6,1,0
BRDA:79,7,0,0
BRDA:79,7,1,0
BRDA:80,8,0,0
BRDA:80,8,1,0
BRDA:81,9,0,0
BRDA:81,9,1,0
BRDA:93,10,0,0
BRDA:93,10,1,0
BRDA:104,11,0,0
BRDA:104,11,1,0
BRDA:115,12,0,0
BRDA:115,12,1,0
BRDA:128,13,0,0
BRDA:128,13,1,0
BRDA:201,14,0,0
BRDA:201,14,1,0
BRDA:210,15,0,0
BRDA:210,15,1,0
BRDA:234,16,0,0
BRDA:234,16,1,0
BRDA:247,17,0,0
BRDA:247,17,1,0
BRDA:257,18,0,0
BRDA:257,18,1,0
BRDA:283,19,0,0
BRDA:283,19,1,0
BRDA:293,20,0,0
BRDA:293,20,1,0
BRDA:337,21,0,0
BRDA:337,21,1,0
BRDA:339,22,0,0
BRDA:339,22,1,0
BRDA:341,23,0,0
BRDA:341,23,1,0
BRDA:368,24,0,0
BRDA:368,24,1,0
BRDA:370,25,0,0
BRDA:370,25,1,0
BRF:50
BRH:0
end_of_record
TN:
SF:src\pages\cash-flow.tsx
FN:26,fmt
FN:33,fmtFull
FN:41,CashFlowPage
FN:44,(anonymous_3)
FN:45,(anonymous_4)
FN:118,(anonymous_5)
FN:128,(anonymous_6)
FN:181,(anonymous_7)
FN:189,(anonymous_8)
FN:237,(anonymous_9)
FN:245,(anonymous_10)
FNF:11
FNH:0
FNDA:0,fmt
FNDA:0,fmtFull
FNDA:0,CashFlowPage
FNDA:0,(anonymous_3)
FNDA:0,(anonymous_4)
FNDA:0,(anonymous_5)
FNDA:0,(anonymous_6)
FNDA:0,(anonymous_7)
FNDA:0,(anonymous_8)
FNDA:0,(anonymous_9)
FNDA:0,(anonymous_10)
DA:24,0
DA:27,0
DA:34,0
DA:42,0
DA:45,0
DA:48,0
DA:49,0
DA:50,0
DA:55,0
DA:106,0
DA:119,0
DA:129,0
DA:181,0
DA:189,0
DA:237,0
DA:245,0
LF:16
LH:0
BRDA:48,0,0,0
BRDA:48,0,1,0
BRDA:49,1,0,0
BRDA:49,1,1,0
BRDA:50,2,0,0
BRDA:50,2,1,0
BRDA:58,3,0,0
BRDA:58,3,1,0
BRDA:60,4,0,0
BRDA:60,4,1,0
BRDA:61,5,0,0
BRDA:61,5,1,0
BRDA:68,6,0,0
BRDA:68,6,1,0
BRDA:75,7,0,0
BRDA:75,7,1,0
BRDA:82,8,0,0
BRDA:82,8,1,0
BRDA:84,9,0,0
BRDA:84,9,1,0
BRDA:85,10,0,0
BRDA:85,10,1,0
BRDA:92,11,0,0
BRDA:92,11,1,0
BRDA:99,12,0,0
BRDA:99,12,1,0
BRDA:116,13,0,0
BRDA:116,13,1,0
BRDA:159,14,0,0
BRDA:159,14,1,0
BRDA:221,15,0,0
BRDA:221,15,1,0
BRDA:223,16,0,0
BRDA:223,16,1,0
BRDA:273,17,0,0
BRDA:273,17,1,0
BRDA:281,18,0,0
BRDA:281,18,1,0
BRDA:287,19,0,0
BRDA:287,19,1,0
BRDA:287,20,0,0
BRDA:287,20,1,0
BRDA:289,21,0,0
BRDA:289,21,1,0
BRDA:298,22,0,0
BRDA:298,22,1,0
BRDA:298,23,0,0
BRDA:298,23,1,0
BRDA:305,24,0,0
BRDA:305,24,1,0
BRDA:307,25,0,0
BRDA:307,25,1,0
BRDA:307,26,0,0
BRDA:307,26,1,0
BRDA:314,27,0,0
BRDA:314,27,1,0
BRDA:314,27,2,0
BRDA:324,28,0,0
BRDA:324,28,1,0
BRDA:326,29,0,0
BRDA:326,29,1,0
BRDA:327,30,0,0
BRDA:327,30,1,0
BRF:63
BRH:0
end_of_record
TN:
SF:src\pages\customers.tsx
FN:21,fmt
FN:28,shortDate
FN:100,CustomersPage
FN:114,(anonymous_3)
FN:114,(anonymous_4)
FN:117,(anonymous_5)
FN:141,(anonymous_6)
FN:144,(anonymous_7)
FN:146,(anonymous_8)
FN:154,(anonymous_9)
FN:158,(anonymous_10)
FN:163,(anonymous_11)
FN:173,(anonymous_12)
FN:177,(anonymous_13)
FN:179,(anonymous_14)
FN:186,(anonymous_15)
FN:187,(anonymous_16)
FN:210,(anonymous_17)
FN:216,(anonymous_18)
FN:286,(anonymous_19)
FN:290,(anonymous_20)
FN:293,(anonymous_21)
FN:304,(anonymous_22)
FN:344,(anonymous_23)
FN:400,(anonymous_24)
FN:406,(anonymous_25)
FN:437,(anonymous_26)
FN:442,(anonymous_27)
FN:452,(anonymous_28)
FN:498,(anonymous_29)
FN:513,(anonymous_30)
FNF:31
FNH:0
FNDA:0,fmt
FNDA:0,shortDate
FNDA:0,CustomersPage
FNDA:0,(anonymous_3)
FNDA:0,(anonymous_4)
FNDA:0,(anonymous_5)
FNDA:0,(anonymous_6)
FNDA:0,(anonymous_7)
FNDA:0,(anonymous_8)
FNDA:0,(anonymous_9)
FNDA:0,(anonymous_10)
FNDA:0,(anonymous_11)
FNDA:0,(anonymous_12)
FNDA:0,(anonymous_13)
FNDA:0,(anonymous_14)
FNDA:0,(anonymous_15)
FNDA:0,(anonymous_16)
FNDA:0,(anonymous_17)
FNDA:0,(anonymous_18)
FNDA:0,(anonymous_19)
FNDA:0,(anonymous_20)
FNDA:0,(anonymous_21)
FNDA:0,(anonymous_22)
FNDA:0,(anonymous_23)
FNDA:0,(anonymous_24)
FNDA:0,(anonymous_25)
FNDA:0,(anonymous_26)
FNDA:0,(anonymous_27)
FNDA:0,(anonymous_28)
FNDA:0,(anonymous_29)
FNDA:0,(anonymous_30)
DA:19,0
DA:22,0
DA:29,0
DA:30,0
DA:57,0
DA:101,0
DA:102,0
DA:103,0
DA:104,0
DA:105,0
DA:107,0
DA:114,0
DA:117,0
DA:118,0
DA:119,0
DA:120,0
DA:121,0
DA:122,0
DA:123,0
DA:133,0
DA:134,0
DA:135,0
DA:136,0
DA:137,0
DA:138,0
DA:139,0
DA:141,0
DA:144,0
DA:146,0
DA:154,0
DA:155,0
DA:156,0
DA:159,0
DA:163,0
DA:164,0
DA:165,0
DA:166,0
DA:167,0
DA:168,0
DA:169,0
DA:173,0
DA:174,0
DA:175,0
DA:176,0
DA:177,0
DA:180,0
DA:186,0
DA:187,0
DA:188,0
DA:190,0
DA:197,0
DA:199,0
DA:210,0
DA:216,0
DA:286,0
DA:291,0
DA:293,0
DA:305,0
DA:345,0
DA:401,0
DA:402,0
DA:403,0
DA:407,0
DA:437,0
DA:442,0
DA:453,0
DA:499,0
DA:500,0
DA:514,0
LF:69
LH:0
BRDA:29,0,0,0
BRDA:29,0,1,0
BRDA:101,1,0,0
BRDA:120,2,0,0
BRDA:120,2,1,0
BRDA:120,2,2,0
BRDA:121,3,0,0
BRDA:121,3,1,0
BRDA:122,4,0,0
BRDA:122,4,1,0
BRDA:124,5,0,0
BRDA:124,5,1,0
BRDA:125,6,0,0
BRDA:125,6,1,0
BRDA:135,7,0,0
BRDA:135,7,1,0
BRDA:135,8,0,0
BRDA:135,8,1,0
BRDA:136,9,0,0
BRDA:136,9,1,0
BRDA:137,10,0,0
BRDA:137,10,1,0
BRDA:138,11,0,0
BRDA:138,11,1,0
BRDA:138,12,0,0
BRDA:138,12,1,0
BRDA:139,13,0,0
BRDA:139,13,1,0
BRDA:150,14,0,0
BRDA:150,14,1,0
BRDA:150,15,0,0
BRDA:150,15,1,0
BRDA:156,16,0,0
BRDA:156,16,1,0
BRDA:159,17,0,0
BRDA:159,17,1,0
BRDA:164,18,0,0
BRDA:164,18,1,0
BRDA:165,19,0,0
BRDA:165,19,1,0
BRDA:166,20,0,0
BRDA:166,20,1,0
BRDA:167,21,0,0
BRDA:167,21,1,0
BRDA:168,22,0,0
BRDA:168,22,1,0
BRDA:168,23,0,0
BRDA:168,23,1,0
BRDA:174,24,0,0
BRDA:174,24,1,0
BRDA:177,25,0,0
BRDA:177,25,1,0
BRDA:180,26,0,0
BRDA:180,26,1,0
BRDA:180,26,2,0
BRDA:188,27,0,0
BRDA:188,27,1,0
BRDA:197,28,0,0
BRDA:197,28,1,0
BRDA:211,29,0,0
BRDA:211,29,1,0
BRDA:217,30,0,0
BRDA:217,30,1,0
BRDA:277,31,0,0
BRDA:277,31,1,0
BRDA:294,32,0,0
BRDA:294,32,1,0
BRDA:302,33,0,0
BRDA:302,33,1,0
BRDA:312,34,0,0
BRDA:312,34,1,0
BRDA:351,35,0,0
BRDA:351,35,1,0
BRDA:376,36,0,0
BRDA:376,36,1,0
BRDA:378,37,0,0
BRDA:378,37,1,0
BRDA:396,38,0,0
BRDA:396,38,1,0
BRDA:398,39,0,0
BRDA:398,39,1,0
BRDA:401,40,0,0
BRDA:401,40,1,0
BRDA:407,41,0,0
BRDA:407,41,1,0
BRDA:409,42,0,0
BRDA:409,42,1,0
BRDA:440,43,0,0
BRDA:440,43,1,0
BRDA:450,44,0,0
BRDA:450,44,1,0
BRDA:460,45,0,0
BRDA:460,45,1,0
BRDA:507,46,0,0
BRDA:507,46,1,0
BRDA:516,47,0,0
BRDA:516,47,1,0
BRDA:516,48,0,0
BRDA:516,48,1,0
BRDA:516,49,0,0
BRDA:516,49,1,0
BRDA:532,50,0,0
BRDA:532,50,1,0
BRF:103
BRH:0
end_of_record
TN:
SF:src\pages\dashboard.tsx
FN:47,Dashboard
FN:93,(anonymous_1)
FN:110,(anonymous_2)
FN:184,(anonymous_3)
FN:190,(anonymous_4)
FN:260,(anonymous_5)
FN:277,(anonymous_6)
FN:296,(anonymous_7)
FN:301,(anonymous_8)
FN:351,(anonymous_9)
FN:385,(anonymous_10)
FN:492,(anonymous_11)
FN:537,(anonymous_12)
FNF:13
FNH:1
FNDA:3,Dashboard
FNDA:0,(anonymous_1)
FNDA:0,(anonymous_2)
FNDA:0,(anonymous_3)
FNDA:0,(anonymous_4)
FNDA:0,(anonymous_5)
FNDA:0,(anonymous_6)
FNDA:0,(anonymous_7)
FNDA:0,(anonymous_8)
FNDA:0,(anonymous_9)
FNDA:0,(anonymous_10)
FNDA:0,(anonymous_11)
FNDA:0,(anonymous_12)
DA:48,3
DA:49,3
DA:50,3
DA:51,3
DA:53,3
DA:54,3
DA:56,3
DA:57,3
DA:59,3
DA:60,2
DA:66,1
DA:94,0
DA:110,0
DA:184,0
DA:190,0
DA:261,0
DA:262,0
DA:263,0
DA:264,0
DA:268,0
DA:278,0
DA:297,0
DA:298,0
DA:299,0
DA:302,0
DA:303,0
DA:304,0
DA:309,0
DA:352,0
DA:353,0
DA:354,0
DA:355,0
DA:359,0
DA:386,0
DA:387,0
DA:388,0
DA:393,0
DA:493,0
DA:538,0
LF:39
LH:11
BRDA:57,0,0,3
BRDA:59,1,0,2
BRDA:59,1,1,1
BRDA:59,2,0,3
BRDA:59,2,1,1
BRDA:59,2,2,1
BRDA:73,3,0,1
BRDA:73,3,1,0
BRDA:82,4,0,3
BRDA:82,4,1,0
BRDA:82,4,2,0
BRDA:90,5,0,0
BRDA:90,5,1,0
BRDA:128,6,0,3
BRDA:128,6,1,1
BRDA:143,7,0,3
BRDA:143,7,1,1
BRDA:157,8,0,3
BRDA:157,8,1,1
BRDA:159,9,0,3
BRDA:159,9,1,1
BRDA:171,10,0,3
BRDA:171,10,1,1
BRDA:185,11,0,1
BRDA:185,11,1,0
BRDA:191,12,0,0
BRDA:191,12,1,1
BRDA:198,13,0,0
BRDA:198,13,1,1
BRDA:204,14,0,0
BRDA:204,14,1,1
BRDA:261,15,0,0
BRDA:261,15,1,0
BRDA:264,16,0,0
BRDA:264,16,1,0
BRDA:278,17,0,0
BRDA:278,17,1,0
BRDA:297,18,0,0
BRDA:297,18,1,0
BRDA:297,19,0,0
BRDA:297,19,1,0
BRDA:302,20,0,0
BRDA:302,20,1,0
BRDA:306,21,0,0
BRDA:306,21,1,0
BRDA:352,22,0,0
BRDA:352,22,1,0
BRDA:355,23,0,0
BRDA:355,23,1,0
BRDA:386,24,0,0
BRDA:386,24,1,0
BRDA:390,25,0,0
BRDA:390,25,1,0
BRDA:421,26,0,0
BRDA:421,26,1,0
BRDA:423,27,0,0
BRDA:423,27,1,0
BRDA:438,28,0,0
BRDA:438,28,1,0
BRDA:440,29,0,0
BRDA:440,29,1,0
BRDA:455,30,0,0
BRDA:455,30,1,0
BRDA:457,31,0,0
BRDA:457,31,1,0
BRDA:509,32,0,0
BRDA:509,32,1,0
BRDA:511,33,0,0
BRDA:511,33,1,0
BRF:69
BRH:22
end_of_record
TN:
SF:src\pages\fulfillment.tsx
FN:56,statusBadge
FN:84,FulfillmentPage
FN:96,(anonymous_2)
FN:96,(anonymous_3)
FN:102,(anonymous_4)
FN:102,(anonymous_5)
FN:107,(anonymous_6)
FN:109,(anonymous_7)
FN:111,(anonymous_8)
FN:130,(anonymous_9)
FN:132,(anonymous_10)
FN:134,(anonymous_11)
FN:145,(anonymous_12)
FN:150,(anonymous_13)
FN:151,(anonymous_14)
FN:160,(anonymous_15)
FN:162,(anonymous_16)
FN:179,(anonymous_17)
FN:219,(anonymous_18)
FN:251,(anonymous_19)
FN:256,(anonymous_20)
FN:292,(anonymous_21)
FN:307,(anonymous_22)
FN:359,(anonymous_23)
FN:366,(anonymous_24)
FN:375,(anonymous_25)
FN:482,(anonymous_26)
FN:489,(anonymous_27)
FN:503,(anonymous_28)
FNF:29
FNH:0
FNDA:0,statusBadge
FNDA:0,FulfillmentPage
FNDA:0,(anonymous_2)
FNDA:0,(anonymous_3)
FNDA:0,(anonymous_4)
FNDA:0,(anonymous_5)
FNDA:0,(anonymous_6)
FNDA:0,(anonymous_7)
FNDA:0,(anonymous_8)
FNDA:0,(anonymous_9)
FNDA:0,(anonymous_10)
FNDA:0,(anonymous_11)
FNDA:0,(anonymous_12)
FNDA:0,(anonymous_13)
FNDA:0,(anonymous_14)
FNDA:0,(anonymous_15)
FNDA:0,(anonymous_16)
FNDA:0,(anonymous_17)
FNDA:0,(anonymous_18)
FNDA:0,(anonymous_19)
FNDA:0,(anonymous_20)
FNDA:0,(anonymous_21)
FNDA:0,(anonymous_22)
FNDA:0,(anonymous_23)
FNDA:0,(anonymous_24)
FNDA:0,(anonymous_25)
FNDA:0,(anonymous_26)
FNDA:0,(anonymous_27)
FNDA:0,(anonymous_28)
DA:22,0
DA:57,0
DA:58,0
DA:66,0
DA:67,0
DA:75,0
DA:76,0
DA:81,0
DA:85,0
DA:86,0
DA:87,0
DA:88,0
DA:89,0
DA:90,0
DA:94,0
DA:96,0
DA:100,0
DA:102,0
DA:106,0
DA:108,0
DA:109,0
DA:112,0
DA:113,0
DA:118,0
DA:120,0
DA:121,0
DA:122,0
DA:129,0
DA:131,0
DA:132,0
DA:135,0
DA:136,0
DA:137,0
DA:144,0
DA:146,0
DA:150,0
DA:152,0
DA:153,0
DA:154,0
DA:155,0
DA:156,0
DA:160,0
DA:161,0
DA:162,0
DA:165,0
DA:179,0
DA:220,0
DA:252,0
DA:256,0
DA:293,0
DA:294,0
DA:295,0
DA:297,0
DA:307,0
DA:359,0
DA:366,0
DA:376,0
DA:377,0
DA:482,0
DA:490,0
DA:504,0
DA:505,0
LF:62
LH:0
BRDA:57,0,0,0
BRDA:57,0,1,0
BRDA:66,1,0,0
BRDA:66,1,1,0
BRDA:75,2,0,0
BRDA:75,2,1,0
BRDA:100,3,0,0
BRDA:112,4,0,0
BRDA:112,4,1,0
BRDA:160,5,0,0
BRDA:160,5,1,0
BRDA:177,6,0,0
BRDA:177,6,1,0
BRDA:183,7,0,0
BRDA:183,7,1,0
BRDA:197,8,0,0
BRDA:197,8,1,0
BRDA:203,9,0,0
BRDA:203,9,1,0
BRDA:209,10,0,0
BRDA:209,10,1,0
BRDA:215,11,0,0
BRDA:215,11,1,0
BRDA:255,12,0,0
BRDA:255,12,1,0
BRDA:259,13,0,0
BRDA:259,13,1,0
BRDA:260,14,0,0
BRDA:260,14,1,0
BRDA:261,15,0,0
BRDA:261,15,1,0
BRDA:262,16,0,0
BRDA:262,16,1,0
BRDA:263,17,0,0
BRDA:263,17,1,0
BRDA:264,18,0,0
BRDA:264,18,1,0
BRDA:265,19,0,0
BRDA:265,19,1,0
BRDA:271,20,0,0
BRDA:271,20,1,0
BRDA:277,21,0,0
BRDA:277,21,1,0
BRDA:277,21,2,0
BRDA:281,22,0,0
BRDA:281,22,1,0
BRDA:301,23,0,0
BRDA:301,23,1,0
BRDA:307,24,0,0
BRDA:307,24,1,0
BRDA:315,25,0,0
BRDA:315,25,1,0
BRDA:320,26,0,0
BRDA:320,26,1,0
BRDA:320,26,2,0
BRDA:331,27,0,0
BRDA:331,27,1,0
BRDA:336,28,0,0
BRDA:336,28,1,0
BRDA:339,29,0,0
BRDA:339,29,1,0
BRDA:342,30,0,0
BRDA:342,30,1,0
BRDA:345,31,0,0
BRDA:345,31,1,0
BRDA:347,32,0,0
BRDA:347,32,1,0
BRDA:361,33,0,0
BRDA:361,33,1,0
BRDA:384,34,0,0
BRDA:384,34,1,0
BRDA:384,34,2,0
BRDA:389,35,0,0
BRDA:389,35,1,0
BRDA:397,36,0,0
BRDA:397,36,1,0
BRDA:419,37,0,0
BRDA:419,37,1,0
BRDA:425,38,0,0
BRDA:425,38,1,0
BRDA:435,39,0,0
BRDA:435,39,1,0
BRDA:435,40,0,0
BRDA:435,40,1,0
BRDA:435,41,0,0
BRDA:435,41,1,0
BRDA:435,42,0,0
BRDA:435,42,1,0
BRDA:437,43,0,0
BRDA:437,43,1,0
BRDA:441,44,0,0
BRDA:441,44,1,0
BRDA:452,45,0,0
BRDA:452,45,1,0
BRDA:456,46,0,0
BRDA:456,46,1,0
BRDA:462,47,0,0
BRDA:462,47,1,0
BRDA:467,48,0,0
BRDA:467,48,1,0
BRDA:470,49,0,0
BRDA:470,49,1,0
BRDA:476,50,0,0
BRDA:476,50,1,0
BRDA:476,50,2,0
BRF:105
BRH:0
end_of_record
TN:
SF:src\pages\import.tsx
FN:79,mapShopifyRow
FN:96,validateShopifyRow
FN:129,parseCsv
FN:137,(anonymous_3)
FN:138,(anonymous_4)
FN:139,(anonymous_5)
FN:141,(anonymous_6)
FN:149,validateProductRow
FN:166,validateOrderRow
FN:183,downloadCsv
FN:195,ImportPage
FN:206,(anonymous_11)
FN:214,(anonymous_12)
FN:220,(anonymous_13)
FN:232,(anonymous_14)
FN:242,(anonymous_15)
FN:250,(anonymous_16)
FN:259,(anonymous_17)
FN:264,(anonymous_18)
FN:265,(anonymous_19)
FN:267,(anonymous_20)
FN:278,(anonymous_21)
FN:320,(anonymous_22)
FN:327,(anonymous_23)
FN:334,(anonymous_24)
FN:364,(anonymous_25)
FN:389,(anonymous_26)
FN:409,(anonymous_27)
FN:413,(anonymous_28)
FN:415,(anonymous_29)
FN:483,(anonymous_30)
FN:494,(anonymous_31)
FN:509,(anonymous_32)
FN:543,(anonymous_33)
FN:616,(anonymous_34)
FNF:35
FNH:0
FNDA:0,mapShopifyRow
FNDA:0,validateShopifyRow
FNDA:0,parseCsv
FNDA:0,(anonymous_3)
FNDA:0,(anonymous_4)
FNDA:0,(anonymous_5)
FNDA:0,(anonymous_6)
FNDA:0,validateProductRow
FNDA:0,validateOrderRow
FNDA:0,downloadCsv
FNDA:0,ImportPage
FNDA:0,(anonymous_11)
FNDA:0,(anonymous_12)
FNDA:0,(anonymous_13)
FNDA:0,(anonymous_14)
FNDA:0,(anonymous_15)
FNDA:0,(anonymous_16)
FNDA:0,(anonymous_17)
FNDA:0,(anonymous_18)
FNDA:0,(anonymous_19)
FNDA:0,(anonymous_20)
FNDA:0,(anonymous_21)
FNDA:0,(anonymous_22)
FNDA:0,(anonymous_23)
FNDA:0,(anonymous_24)
FNDA:0,(anonymous_25)
FNDA:0,(anonymous_26)
FNDA:0,(anonymous_27)
FNDA:0,(anonymous_28)
FNDA:0,(anonymous_29)
FNDA:0,(anonymous_30)
FNDA:0,(anonymous_31)
FNDA:0,(anonymous_32)
FNDA:0,(anonymous_33)
FNDA:0,(anonymous_34)
DA:37,0
DA:50,0
DA:62,0
DA:73,0
DA:80,0
DA:100,0
DA:101,0
DA:102,0
DA:103,0
DA:106,0
DA:107,0
DA:115,0
DA:122,0
DA:133,0
DA:134,0
DA:135,0
DA:137,0
DA:138,0
DA:139,0
DA:140,0
DA:141,0
DA:142,0
DA:144,0
DA:146,0
DA:153,0
DA:154,0
DA:155,0
DA:156,0
DA:157,0
DA:158,0
DA:159,0
DA:160,0
DA:161,0
DA:162,0
DA:163,0
DA:170,0
DA:171,0
DA:172,0
DA:173,0
DA:174,0
DA:175,0
DA:176,0
DA:177,0
DA:178,0
DA:179,0
DA:180,0
DA:184,0
DA:185,0
DA:186,0
DA:187,0
DA:188,0
DA:189,0
DA:190,0
DA:193,0
DA:196,0
DA:197,0
DA:198,0
DA:199,0
DA:200,0
DA:201,0
DA:202,0
DA:203,0
DA:204,0
DA:206,0
DA:207,0
DA:208,0
DA:209,0
DA:210,0
DA:211,0
DA:214,0
DA:215,0
DA:216,0
DA:219,0
DA:221,0
DA:222,0
DA:227,0
DA:229,0
DA:230,0
DA:231,0
DA:232,0
DA:233,0
DA:234,0
DA:235,0
DA:237,0
DA:242,0
DA:244,0
DA:249,0
DA:251,0
DA:252,0
DA:253,0
DA:254,0
DA:259,0
DA:260,0
DA:261,0
DA:264,0
DA:265,0
DA:267,0
DA:268,0
DA:269,0
DA:270,0
DA:272,0
DA:275,0
DA:278,0
DA:280,0
DA:281,0
DA:282,0
DA:283,0
DA:285,0
DA:286,0
DA:292,0
DA:298,0
DA:302,0
DA:303,0
DA:305,0
DA:320,0
DA:327,0
DA:334,0
DA:365,0
DA:390,0
DA:410,0
DA:411,0
DA:413,0
DA:415,0
DA:484,0
DA:495,0
DA:510,0
DA:544,0
DA:617,0
LF:128
LH:0
BRDA:81,0,0,0
BRDA:81,0,1,0
BRDA:82,1,0,0
BRDA:82,1,1,0
BRDA:83,2,0,0
BRDA:83,2,1,0
BRDA:84,3,0,0
BRDA:84,3,1,0
BRDA:85,4,0,0
BRDA:85,4,1,0
BRDA:86,5,0,0
BRDA:86,5,1,0
BRDA:88,6,0,0
BRDA:88,6,1,0
BRDA:90,7,0,0
BRDA:90,7,1,0
BRDA:101,8,0,0
BRDA:101,8,1,0
BRDA:102,9,0,0
BRDA:102,9,1,0
BRDA:134,10,0,0
BRDA:134,10,1,0
BRDA:142,11,0,0
BRDA:142,11,1,0
BRDA:154,12,0,0
BRDA:154,12,1,0
BRDA:155,13,0,0
BRDA:155,13,1,0
BRDA:155,14,0,0
BRDA:155,14,1,0
BRDA:157,15,0,0
BRDA:157,15,1,0
BRDA:157,16,0,0
BRDA:157,16,1,0
BRDA:159,17,0,0
BRDA:159,17,1,0
BRDA:159,18,0,0
BRDA:159,18,1,0
BRDA:161,19,0,0
BRDA:161,19,1,0
BRDA:161,20,0,0
BRDA:161,20,1,0
BRDA:171,21,0,0
BRDA:171,21,1,0
BRDA:172,22,0,0
BRDA:172,22,1,0
BRDA:172,23,0,0
BRDA:172,23,1,0
BRDA:174,24,0,0
BRDA:174,24,1,0
BRDA:174,25,0,0
BRDA:174,25,1,0
BRDA:176,26,0,0
BRDA:176,26,1,0
BRDA:176,27,0,0
BRDA:176,27,1,0
BRDA:178,28,0,0
BRDA:178,28,1,0
BRDA:178,29,0,0
BRDA:178,29,1,0
BRDA:193,30,0,0
BRDA:193,30,1,0
BRDA:211,31,0,0
BRDA:211,31,1,0
BRDA:221,32,0,0
BRDA:221,32,1,0
BRDA:237,33,0,0
BRDA:237,33,1,0
BRDA:239,34,0,0
BRDA:239,34,1,0
BRDA:254,35,0,0
BRDA:254,35,1,0
BRDA:261,36,0,0
BRDA:261,36,1,0
BRDA:264,37,0,0
BRDA:264,37,1,0
BRDA:265,38,0,0
BRDA:265,38,1,0
BRDA:268,39,0,0
BRDA:268,39,1,0
BRDA:272,40,0,0
BRDA:272,40,1,0
BRDA:282,41,0,0
BRDA:282,41,1,0
BRDA:285,42,0,0
BRDA:285,42,1,0
BRDA:302,43,0,0
BRDA:302,43,1,0
BRDA:303,44,0,0
BRDA:303,44,1,0
BRDA:321,45,0,0
BRDA:321,45,1,0
BRDA:328,46,0,0
BRDA:328,46,1,0
BRDA:335,47,0,0
BRDA:335,47,1,0
BRDA:350,48,0,0
BRDA:350,48,1,0
BRDA:352,49,0,0
BRDA:352,49,1,0
BRDA:359,50,0,0
BRDA:359,50,1,0
BRDA:361,51,0,0
BRDA:361,51,1,0
BRDA:373,52,0,0
BRDA:373,52,1,0
BRDA:391,53,0,0
BRDA:391,53,1,0
BRDA:393,54,0,0
BRDA:393,54,1,0
BRDA:407,55,0,0
BRDA:407,55,1,0
BRDA:417,56,0,0
BRDA:417,56,1,0
BRDA:420,57,0,0
BRDA:420,57,1,0
BRDA:423,58,0,0
BRDA:423,58,1,0
BRDA:441,59,0,0
BRDA:441,59,1,0
BRDA:441,59,2,0
BRDA:455,60,0,0
BRDA:455,60,1,0
BRDA:497,61,0,0
BRDA:497,61,1,0
BRDA:503,62,0,0
BRDA:503,62,1,0
BRDA:515,63,0,0
BRDA:515,63,1,0
BRDA:522,64,0,0
BRDA:522,64,1,0
BRDA:537,65,0,0
BRDA:537,65,1,0
BRDA:548,66,0,0
BRDA:548,66,1,0
BRDA:562,67,0,0
BRDA:562,67,1,0
BRDA:565,68,0,0
BRDA:565,68,1,0
BRDA:583,69,0,0
BRDA:583,69,1,0
BRDA:587,70,0,0
BRDA:587,70,1,0
BRDA:594,71,0,0
BRDA:594,71,1,0
BRDA:602,72,0,0
BRDA:602,72,1,0
BRDA:611,73,0,0
BRDA:611,73,1,0
BRF:149
BRH:0
end_of_record
TN:
SF:src\pages\launches.tsx
FN:47,LaunchesPage
FN:57,(anonymous_1)
FN:57,(anonymous_2)
FN:61,(anonymous_3)
FN:66,(anonymous_4)
FN:67,(anonymous_5)
FN:76,(anonymous_6)
FN:81,(anonymous_7)
FN:82,(anonymous_8)
FN:86,(anonymous_9)
FN:88,(anonymous_10)
FN:94,toggleStep
FN:95,(anonymous_12)
FN:100,(anonymous_13)
FN:115,changeStatus
FN:122,(anonymous_15)
FN:124,(anonymous_16)
FN:125,(anonymous_17)
FN:139,(anonymous_18)
FN:158,(anonymous_19)
FN:176,(anonymous_20)
FN:182,(anonymous_21)
FN:186,(anonymous_22)
FN:196,(anonymous_23)
FN:206,(anonymous_24)
FN:223,(anonymous_25)
FN:225,(anonymous_26)
FN:240,(anonymous_27)
FN:284,(anonymous_28)
FN:289,(anonymous_29)
FN:291,(anonymous_30)
FN:298,(anonymous_31)
FN:308,(anonymous_32)
FN:312,(anonymous_33)
FNF:34
FNH:0
FNDA:0,LaunchesPage
FNDA:0,(anonymous_1)
FNDA:0,(anonymous_2)
FNDA:0,(anonymous_3)
FNDA:0,(anonymous_4)
FNDA:0,(anonymous_5)
FNDA:0,(anonymous_6)
FNDA:0,(anonymous_7)
FNDA:0,(anonymous_8)
FNDA:0,(anonymous_9)
FNDA:0,(anonymous_10)
FNDA:0,toggleStep
FNDA:0,(anonymous_12)
FNDA:0,(anonymous_13)
FNDA:0,changeStatus
FNDA:0,(anonymous_15)
FNDA:0,(anonymous_16)
FNDA:0,(anonymous_17)
FNDA:0,(anonymous_18)
FNDA:0,(anonymous_19)
FNDA:0,(anonymous_20)
FNDA:0,(anonymous_21)
FNDA:0,(anonymous_22)
FNDA:0,(anonymous_23)
FNDA:0,(anonymous_24)
FNDA:0,(anonymous_25)
FNDA:0,(anonymous_26)
FNDA:0,(anonymous_27)
FNDA:0,(anonymous_28)
FNDA:0,(anonymous_29)
FNDA:0,(anonymous_30)
FNDA:0,(anonymous_31)
FNDA:0,(anonymous_32)
FNDA:0,(anonymous_33)
DA:19,0
DA:37,0
DA:45,0
DA:48,0
DA:49,0
DA:50,0
DA:51,0
DA:52,0
DA:53,0
DA:55,0
DA:57,0
DA:60,0
DA:62,0
DA:66,0
DA:68,0
DA:69,0
DA:70,0
DA:71,0
DA:75,0
DA:77,0
DA:81,0
DA:82,0
DA:85,0
DA:87,0
DA:89,0
DA:90,0
DA:95,0
DA:96,0
DA:100,0
DA:102,0
DA:109,0
DA:116,0
DA:119,0
DA:122,0
DA:124,0
DA:125,0
DA:128,0
DA:139,0
DA:159,0
DA:176,0
DA:182,0
DA:187,0
DA:196,0
DA:207,0
DA:224,0
DA:225,0
DA:227,0
DA:229,0
DA:230,0
DA:232,0
DA:240,0
DA:284,0
DA:289,0
DA:292,0
DA:298,0
DA:309,0
DA:312,0
LF:57
LH:0
BRDA:55,0,0,0
BRDA:96,1,0,0
BRDA:96,1,1,0
BRDA:97,2,0,0
BRDA:97,2,1,0
BRDA:102,3,0,0
BRDA:102,3,1,0
BRDA:104,4,0,0
BRDA:104,4,1,0
BRDA:106,5,0,0
BRDA:106,5,1,0
BRDA:122,6,0,0
BRDA:122,6,1,0
BRDA:168,7,0,0
BRDA:168,7,1,0
BRDA:189,8,0,0
BRDA:189,8,1,0
BRDA:204,9,0,0
BRDA:204,9,1,0
BRDA:214,10,0,0
BRDA:214,10,1,0
BRDA:229,11,0,0
BRDA:229,11,1,0
BRDA:235,12,0,0
BRDA:235,12,1,0
BRDA:240,13,0,0
BRDA:240,13,1,0
BRDA:242,14,0,0
BRDA:242,14,1,0
BRDA:254,15,0,0
BRDA:254,15,1,0
BRDA:269,16,0,0
BRDA:269,16,1,0
BRDA:306,17,0,0
BRDA:306,17,1,0
BRDA:314,18,0,0
BRDA:314,18,1,0
BRDA:320,19,0,0
BRDA:320,19,1,0
BRF:39
BRH:0
end_of_record
TN:
SF:src\pages\margin-calculator.tsx
FN:14,fmt
FN:23,pct
FN:33,MarginCalculator
FN:44,(anonymous_3)
FN:54,(anonymous_4)
FN:73,(anonymous_5)
FN:124,(anonymous_6)
FN:142,(anonymous_7)
FN:160,(anonymous_8)
FN:186,(anonymous_9)
FN:277,(anonymous_10)
FN:342,(anonymous_11)
FNF:12
FNH:0
FNDA:0,fmt
FNDA:0,pct
FNDA:0,MarginCalculator
FNDA:0,(anonymous_3)
FNDA:0,(anonymous_4)
FNDA:0,(anonymous_5)
FNDA:0,(anonymous_6)
FNDA:0,(anonymous_7)
FNDA:0,(anonymous_8)
FNDA:0,(anonymous_9)
FNDA:0,(anonymous_10)
FNDA:0,(anonymous_11)
DA:15,0
DA:24,0
DA:34,0
DA:35,0
DA:36,0
DA:37,0
DA:39,0
DA:40,0
DA:41,0
DA:42,0
DA:44,0
DA:45,0
DA:46,0
DA:47,0
DA:49,0
DA:51,0
DA:53,0
DA:54,0
DA:55,0
DA:56,0
DA:57,0
DA:63,0
DA:65,0
DA:66,0
DA:73,0
DA:79,0
DA:89,0
DA:124,0
DA:142,0
DA:160,0
DA:186,0
DA:278,0
DA:280,0
DA:284,0
DA:285,0
DA:286,0
DA:343,0
LF:37
LH:0
BRDA:39,0,0,0
BRDA:39,0,1,0
BRDA:40,1,0,0
BRDA:40,1,1,0
BRDA:41,2,0,0
BRDA:41,2,1,0
BRDA:45,3,0,0
BRDA:45,3,1,0
BRDA:45,4,0,0
BRDA:45,4,1,0
BRDA:49,5,0,0
BRDA:49,5,1,0
BRDA:51,6,0,0
BRDA:51,6,1,0
BRDA:56,7,0,0
BRDA:56,7,1,0
BRDA:65,8,0,0
BRDA:65,8,1,0
BRDA:200,9,0,0
BRDA:200,9,1,0
BRDA:280,10,0,0
BRDA:280,10,1,0
BRDA:289,11,0,0
BRDA:289,11,1,0
BRDA:295,12,0,0
BRDA:295,12,1,0
BRDA:300,13,0,0
BRDA:300,13,1,0
BRDA:303,14,0,0
BRDA:303,14,1,0
BRDA:305,15,0,0
BRDA:305,15,1,0
BRF:32
BRH:0
end_of_record
TN:
SF:src\pages\not-found.tsx
FN:4,NotFound
FNF:1
FNH:0
FNDA:0,NotFound
DA:5,0
LF:1
LH:0
BRF:0
BRH:0
end_of_record
TN:
SF:src\pages\notifications.tsx
FN:18,fmt
FN:26,NotificationsPage
FN:32,(anonymous_2)
FN:38,(anonymous_3)
FN:39,(anonymous_4)
FN:106,(anonymous_5)
FN:157,(anonymous_6)
FN:191,(anonymous_7)
FNF:8
FNH:0
FNDA:0,fmt
FNDA:0,NotificationsPage
FNDA:0,(anonymous_2)
FNDA:0,(anonymous_3)
FNDA:0,(anonymous_4)
FNDA:0,(anonymous_5)
FNDA:0,(anonymous_6)
FNDA:0,(anonymous_7)
DA:19,0
DA:27,0
DA:28,0
DA:30,0
DA:32,0
DA:33,0
DA:34,0
DA:35,0
DA:38,0
DA:39,0
DA:41,0
DA:43,0
DA:44,0
DA:46,0
DA:107,0
DA:158,0
DA:159,0
DA:160,0
DA:192,0
DA:193,0
DA:194,0
LF:21
LH:0
BRDA:28,0,0,0
BRDA:30,1,0,0
BRDA:33,2,0,0
BRDA:33,2,1,0
BRDA:33,3,0,0
BRDA:33,3,1,0
BRDA:41,4,0,0
BRDA:41,4,1,0
BRDA:44,5,0,0
BRDA:44,5,1,0
BRDA:53,6,0,0
BRDA:53,6,1,0
BRDA:65,7,0,0
BRDA:65,7,1,0
BRDA:69,8,0,0
BRDA:69,8,1,0
BRDA:76,9,0,0
BRDA:76,9,1,0
BRDA:90,10,0,0
BRDA:90,10,1,0
BRDA:142,11,0,0
BRDA:142,11,1,0
BRF:22
BRH:0
end_of_record
TN:
SF:src\pages\order-detail.tsx
FN:44,fmt
FN:51,fmtDate
FN:71,OrderDetail
FN:80,(anonymous_3)
FN:81,(anonymous_4)
FN:89,(anonymous_5)
FN:103,(anonymous_6)
FN:280,(anonymous_7)
FNF:8
FNH:0
FNDA:0,fmt
FNDA:0,fmtDate
FNDA:0,OrderDetail
FNDA:0,(anonymous_3)
FNDA:0,(anonymous_4)
FNDA:0,(anonymous_5)
FNDA:0,(anonymous_6)
FNDA:0,(anonymous_7)
DA:25,0
DA:27,0
DA:35,0
DA:45,0
DA:52,0
DA:53,0
DA:72,0
DA:73,0
DA:74,0
DA:75,0
DA:78,0
DA:81,0
DA:84,0
DA:86,0
DA:87,0
DA:90,0
DA:94,0
DA:97,0
DA:103,0
DA:104,0
DA:107,0
DA:282,0
DA:283,0
LF:23
LH:0
BRDA:44,0,0,0
BRDA:45,1,0,0
BRDA:45,1,1,0
BRDA:52,2,0,0
BRDA:52,2,1,0
BRDA:73,3,0,0
BRDA:73,3,1,0
BRDA:78,4,0,0
BRDA:86,5,0,0
BRDA:86,5,1,0
BRDA:94,6,0,0
BRDA:94,6,1,0
BRDA:97,7,0,0
BRDA:97,7,1,0
BRDA:97,8,0,0
BRDA:97,8,1,0
BRDA:121,9,0,0
BRDA:121,9,1,0
BRDA:143,10,0,0
BRDA:143,10,1,0
BRDA:146,11,0,0
BRDA:146,11,1,0
BRDA:164,12,0,0
BRDA:164,12,1,0
BRDA:165,13,0,0
BRDA:165,13,1,0
BRDA:176,14,0,0
BRDA:176,14,1,0
BRDA:209,15,0,0
BRDA:209,15,1,0
BRDA:214,16,0,0
BRDA:214,16,1,0
BRDA:218,17,0,0
BRDA:218,17,1,0
BRDA:218,18,0,0
BRDA:218,18,1,0
BRDA:248,19,0,0
BRDA:248,19,1,0
BRDA:271,20,0,0
BRDA:271,20,1,0
BRDA:282,21,0,0
BRDA:282,21,1,0
BRDA:282,22,0,0
BRDA:282,22,1,0
BRDA:293,23,0,0
BRDA:293,23,1,0
BRDA:293,23,2,0
BRDA:299,24,0,0
BRDA:299,24,1,0
BRDA:335,25,0,0
BRDA:335,25,1,0
BRDA:338,26,0,0
BRDA:338,26,1,0
BRDA:351,27,0,0
BRDA:351,27,1,0
BRF:55
BRH:0
end_of_record
TN:
SF:src\pages\orders.tsx
FN:59,exportOrdersCsv
FN:74,(anonymous_1)
FN:80,(anonymous_2)
FN:108,fmt
FN:124,getStatusBadge
FN:132,CustomerInsightsPanel
FN:137,(anonymous_6)
FN:137,(anonymous_7)
FN:191,(anonymous_8)
FN:203,(anonymous_9)
FN:206,(anonymous_10)
FN:326,(anonymous_11)
FN:364,Orders
FN:383,(anonymous_13)
FN:386,(anonymous_14)
FN:413,(anonymous_15)
FN:429,(anonymous_16)
FN:437,(anonymous_17)
FN:450,(anonymous_18)
FN:460,(anonymous_19)
FN:462,(anonymous_20)
FN:464,(anonymous_21)
FN:467,(anonymous_22)
FN:468,(anonymous_23)
FN:472,(anonymous_24)
FN:493,(anonymous_25)
FN:504,(anonymous_26)
FN:521,(anonymous_27)
FN:617,(anonymous_28)
FN:626,(anonymous_29)
FN:633,(anonymous_30)
FN:637,(anonymous_31)
FN:689,(anonymous_32)
FN:690,(anonymous_33)
FN:695,(anonymous_34)
FN:704,(anonymous_35)
FN:754,(anonymous_36)
FN:762,(anonymous_37)
FN:833,(anonymous_38)
FN:836,(anonymous_39)
FN:850,(anonymous_40)
FN:866,(anonymous_41)
FN:875,(anonymous_42)
FN:884,(anonymous_43)
FN:897,(anonymous_44)
FN:918,(anonymous_45)
FNF:46
FNH:0
FNDA:0,exportOrdersCsv
FNDA:0,(anonymous_1)
FNDA:0,(anonymous_2)
FNDA:0,fmt
FNDA:0,getStatusBadge
FNDA:0,CustomerInsightsPanel
FNDA:0,(anonymous_6)
FNDA:0,(anonymous_7)
FNDA:0,(anonymous_8)
FNDA:0,(anonymous_9)
FNDA:0,(anonymous_10)
FNDA:0,(anonymous_11)
FNDA:0,Orders
FNDA:0,(anonymous_13)
FNDA:0,(anonymous_14)
FNDA:0,(anonymous_15)
FNDA:0,(anonymous_16)
FNDA:0,(anonymous_17)
FNDA:0,(anonymous_18)
FNDA:0,(anonymous_19)
FNDA:0,(anonymous_20)
FNDA:0,(anonymous_21)
FNDA:0,(anonymous_22)
FNDA:0,(anonymous_23)
FNDA:0,(anonymous_24)
FNDA:0,(anonymous_25)
FNDA:0,(anonymous_26)
FNDA:0,(anonymous_27)
FNDA:0,(anonymous_28)
FNDA:0,(anonymous_29)
FNDA:0,(anonymous_30)
FNDA:0,(anonymous_31)
FNDA:0,(anonymous_32)
FNDA:0,(anonymous_33)
FNDA:0,(anonymous_34)
FNDA:0,(anonymous_35)
FNDA:0,(anonymous_36)
FNDA:0,(anonymous_37)
FNDA:0,(anonymous_38)
FNDA:0,(anonymous_39)
FNDA:0,(anonymous_40)
FNDA:0,(anonymous_41)
FNDA:0,(anonymous_42)
FNDA:0,(anonymous_43)
FNDA:0,(anonymous_44)
FNDA:0,(anonymous_45)
DA:60,0
DA:74,0
DA:75,0
DA:76,0
DA:80,0
DA:81,0
DA:98,0
DA:99,0
DA:100,0
DA:101,0
DA:102,0
DA:103,0
DA:104,0
DA:105,0
DA:109,0
DA:112,0
DA:125,0
DA:133,0
DA:134,0
DA:136,0
DA:137,0
DA:141,0
DA:142,0
DA:149,0
DA:150,0
DA:157,0
DA:159,0
DA:191,0
DA:204,0
DA:207,0
DA:327,0
DA:365,0
DA:366,0
DA:367,0
DA:368,0
DA:369,0
DA:370,0
DA:371,0
DA:372,0
DA:374,0
DA:375,0
DA:377,0
DA:383,0
DA:384,0
DA:385,0
DA:386,0
DA:387,0
DA:389,0
DA:394,0
DA:396,0
DA:397,0
DA:398,0
DA:400,0
DA:401,0
DA:402,0
DA:403,0
DA:404,0
DA:406,0
DA:410,0
DA:411,0
DA:413,0
DA:414,0
DA:415,0
DA:416,0
DA:430,0
DA:431,0
DA:437,0
DA:438,0
DA:439,0
DA:440,0
DA:441,0
DA:451,0
DA:452,0
DA:453,0
DA:454,0
DA:460,0
DA:461,0
DA:462,0
DA:463,0
DA:464,0
DA:467,0
DA:468,0
DA:469,0
DA:472,0
DA:473,0
DA:474,0
DA:475,0
DA:476,0
DA:479,0
DA:485,0
DA:493,0
DA:504,0
DA:521,0
DA:617,0
DA:626,0
DA:633,0
DA:638,0
DA:639,0
DA:640,0
DA:690,0
DA:691,0
DA:692,0
DA:695,0
DA:704,0
DA:755,0
DA:763,0
DA:835,0
DA:836,0
DA:838,0
DA:839,0
DA:850,0
DA:866,0
DA:875,0
DA:884,0
DA:897,0
DA:918,0
LF:116
LH:0
BRDA:75,0,0,0
BRDA:75,0,1,0
BRDA:76,1,0,0
BRDA:76,1,1,0
BRDA:76,2,0,0
BRDA:76,2,1,0
BRDA:76,2,2,0
BRDA:93,3,0,0
BRDA:93,3,1,0
BRDA:126,4,0,0
BRDA:126,4,1,0
BRDA:133,5,0,0
BRDA:137,6,0,0
BRDA:137,6,1,0
BRDA:141,7,0,0
BRDA:141,7,1,0
BRDA:149,8,0,0
BRDA:149,8,1,0
BRDA:207,9,0,0
BRDA:207,9,1,0
BRDA:210,10,0,0
BRDA:210,10,1,0
BRDA:217,11,0,0
BRDA:217,11,1,0
BRDA:219,12,0,0
BRDA:219,12,1,0
BRDA:221,13,0,0
BRDA:221,13,1,0
BRDA:233,14,0,0
BRDA:233,14,1,0
BRDA:245,15,0,0
BRDA:245,15,1,0
BRDA:253,16,0,0
BRDA:253,16,1,0
BRDA:261,17,0,0
BRDA:261,17,1,0
BRDA:269,18,0,0
BRDA:269,18,1,0
BRDA:294,19,0,0
BRDA:294,19,1,0
BRDA:337,20,0,0
BRDA:337,20,1,0
BRDA:341,21,0,0
BRDA:341,21,1,0
BRDA:342,22,0,0
BRDA:342,22,1,0
BRDA:378,23,0,0
BRDA:378,23,1,0
BRDA:384,24,0,0
BRDA:384,24,1,0
BRDA:387,25,0,0
BRDA:387,25,1,0
BRDA:389,26,0,0
BRDA:389,26,1,0
BRDA:389,26,2,0
BRDA:389,26,3,0
BRDA:389,26,4,0
BRDA:394,27,0,0
BRDA:394,27,1,0
BRDA:396,28,0,0
BRDA:396,28,1,0
BRDA:397,29,0,0
BRDA:397,29,1,0
BRDA:398,30,0,0
BRDA:398,30,1,0
BRDA:398,31,0,0
BRDA:398,31,1,0
BRDA:400,32,0,0
BRDA:400,32,1,0
BRDA:401,33,0,0
BRDA:401,33,1,0
BRDA:404,34,0,0
BRDA:404,34,1,0
BRDA:404,35,0,0
BRDA:404,35,1,0
BRDA:421,36,0,0
BRDA:421,36,1,0
BRDA:422,37,0,0
BRDA:422,37,1,0
BRDA:424,38,0,0
BRDA:424,38,1,0
BRDA:425,39,0,0
BRDA:425,39,1,0
BRDA:438,40,0,0
BRDA:438,40,1,0
BRDA:439,41,0,0
BRDA:439,41,1,0
BRDA:440,42,0,0
BRDA:440,42,1,0
BRDA:440,43,0,0
BRDA:440,43,1,0
BRDA:445,44,0,0
BRDA:445,44,1,0
BRDA:446,45,0,0
BRDA:446,45,1,0
BRDA:461,46,0,0
BRDA:461,46,1,0
BRDA:463,47,0,0
BRDA:463,47,1,0
BRDA:468,48,0,0
BRDA:468,48,1,0
BRDA:468,49,0,0
BRDA:468,49,1,0
BRDA:474,50,0,0
BRDA:474,50,1,0
BRDA:480,51,0,0
BRDA:480,51,1,0
BRDA:480,51,2,0
BRDA:495,52,0,0
BRDA:495,52,1,0
BRDA:506,53,0,0
BRDA:506,53,1,0
BRDA:521,54,0,0
BRDA:521,54,1,0
BRDA:522,55,0,0
BRDA:522,55,1,0
BRDA:595,56,0,0
BRDA:595,56,1,0
BRDA:604,57,0,0
BRDA:604,57,1,0
BRDA:634,58,0,0
BRDA:634,58,1,0
BRDA:634,58,2,0
BRDA:634,58,3,0
BRDA:648,59,0,0
BRDA:648,59,1,0
BRDA:648,59,2,0
BRDA:648,59,3,0
BRDA:683,60,0,0
BRDA:683,60,1,0
BRDA:683,60,2,0
BRDA:691,61,0,0
BRDA:691,61,1,0
BRDA:702,62,0,0
BRDA:702,62,1,0
BRDA:736,63,0,0
BRDA:736,63,1,0
BRDA:744,64,0,0
BRDA:744,64,1,0
BRDA:757,65,0,0
BRDA:757,65,1,0
BRDA:780,66,0,0
BRDA:780,66,1,0
BRDA:782,67,0,0
BRDA:782,67,1,0
BRDA:785,68,0,0
BRDA:785,68,1,0
BRDA:789,69,0,0
BRDA:789,69,1,0
BRDA:794,70,0,0
BRDA:794,70,1,0
BRDA:797,71,0,0
BRDA:797,71,1,0
BRDA:809,72,0,0
BRDA:809,72,1,0
BRDA:819,73,0,0
BRDA:819,73,1,0
BRDA:835,74,0,0
BRDA:835,74,1,0
BRDA:836,75,0,0
BRDA:836,75,1,0
BRDA:838,76,0,0
BRDA:838,76,1,0
BRDA:920,77,0,0
BRDA:920,77,1,0
BRDA:920,77,2,0
BRDA:925,78,0,0
BRDA:925,78,1,0
BRF:168
BRH:0
end_of_record
TN:
SF:src\pages\pl-report.tsx
FN:20,fmt
FN:28,pct
FN:32,toLocalDateString
FN:36,defaultRange
FN:51,marginColor
FN:57,exportCSV
FN:82,(anonymous_6)
FN:102,PlReportPage
FN:132,(anonymous_8)
FN:136,(anonymous_9)
FN:147,(anonymous_10)
FN:184,(anonymous_11)
FN:193,(anonymous_12)
FN:200,(anonymous_13)
FN:203,(anonymous_14)
FN:233,(anonymous_15)
FN:341,(anonymous_16)
FN:352,(anonymous_17)
FN:401,(anonymous_18)
FNF:19
FNH:0
FNDA:0,fmt
FNDA:0,pct
FNDA:0,toLocalDateString
FNDA:0,defaultRange
FNDA:0,marginColor
FNDA:0,exportCSV
FNDA:0,(anonymous_6)
FNDA:0,PlReportPage
FNDA:0,(anonymous_8)
FNDA:0,(anonymous_9)
FNDA:0,(anonymous_10)
FNDA:0,(anonymous_11)
FNDA:0,(anonymous_12)
FNDA:0,(anonymous_13)
FNDA:0,(anonymous_14)
FNDA:0,(anonymous_15)
FNDA:0,(anonymous_16)
FNDA:0,(anonymous_17)
FNDA:0,(anonymous_18)
DA:21,0
DA:29,0
DA:33,0
DA:37,0
DA:38,0
DA:39,0
DA:40,0
DA:45,0
DA:52,0
DA:53,0
DA:54,0
DA:70,0
DA:78,0
DA:83,0
DA:93,0
DA:94,0
DA:95,0
DA:96,0
DA:97,0
DA:98,0
DA:99,0
DA:103,0
DA:104,0
DA:105,0
DA:106,0
DA:107,0
DA:113,0
DA:132,0
DA:133,0
DA:136,0
DA:137,0
DA:138,0
DA:147,0
DA:154,0
DA:184,0
DA:193,0
DA:201,0
DA:203,0
DA:234,0
DA:341,0
DA:352,0
DA:402,0
LF:42
LH:0
BRDA:52,0,0,0
BRDA:52,0,1,0
BRDA:53,1,0,0
BRDA:53,1,1,0
BRDA:121,2,0,0
BRDA:121,2,1,0
BRDA:137,3,0,0
BRDA:137,3,1,0
BRDA:147,4,0,0
BRDA:147,4,1,0
BRDA:148,5,0,0
BRDA:148,5,1,0
BRDA:167,6,0,0
BRDA:167,6,1,0
BRDA:205,7,0,0
BRDA:205,7,1,0
BRDA:220,8,0,0
BRDA:220,8,1,0
BRDA:231,9,0,0
BRDA:231,9,1,0
BRDA:243,10,0,0
BRDA:243,10,1,0
BRDA:243,10,2,0
BRDA:271,11,0,0
BRDA:271,11,1,0
BRDA:299,12,0,0
BRDA:299,12,1,0
BRDA:308,13,0,0
BRDA:308,13,1,0
BRDA:313,14,0,0
BRDA:313,14,1,0
BRDA:384,15,0,0
BRDA:384,15,1,0
BRDA:417,16,0,0
BRDA:417,16,1,0
BRDA:425,17,0,0
BRDA:425,17,1,0
BRDA:427,18,0,0
BRDA:427,18,1,0
BRDA:452,19,0,0
BRDA:452,19,1,0
BRDA:460,20,0,0
BRDA:460,20,1,0
BRDA:462,21,0,0
BRDA:462,21,1,0
BRF:45
BRH:0
end_of_record
TN:
SF:src\pages\price-watch.tsx
FN:37,fmt
FN:46,shortDate
FN:56,PriceTrend
FN:71,SnapshotPanel
FN:85,(anonymous_4)
FN:108,(anonymous_5)
FN:129,(anonymous_6)
FN:136,(anonymous_7)
FN:171,(anonymous_8)
FN:182,(anonymous_9)
FN:224,(anonymous_10)
FN:260,WatchCard
FN:271,(anonymous_12)
FN:374,(anonymous_13)
FN:374,(anonymous_14)
FN:402,PriceWatchPage
FN:414,(anonymous_16)
FN:444,(anonymous_17)
FN:448,(anonymous_18)
FN:464,(anonymous_19)
FN:464,(anonymous_20)
FN:513,(anonymous_21)
FN:521,(anonymous_22)
FN:537,(anonymous_23)
FN:546,(anonymous_24)
FN:554,(anonymous_25)
FN:574,(anonymous_26)
FNF:27
FNH:1
FNDA:0,fmt
FNDA:0,shortDate
FNDA:0,PriceTrend
FNDA:0,SnapshotPanel
FNDA:0,(anonymous_4)
FNDA:0,(anonymous_5)
FNDA:0,(anonymous_6)
FNDA:0,(anonymous_7)
FNDA:0,(anonymous_8)
FNDA:0,(anonymous_9)
FNDA:0,(anonymous_10)
FNDA:0,WatchCard
FNDA:0,(anonymous_12)
FNDA:0,(anonymous_13)
FNDA:0,(anonymous_14)
FNDA:1,PriceWatchPage
FNDA:0,(anonymous_16)
FNDA:0,(anonymous_17)
FNDA:0,(anonymous_18)
FNDA:0,(anonymous_19)
FNDA:0,(anonymous_20)
FNDA:0,(anonymous_21)
FNDA:0,(anonymous_22)
FNDA:0,(anonymous_23)
FNDA:0,(anonymous_24)
FNDA:0,(anonymous_25)
FNDA:0,(anonymous_26)
DA:38,0
DA:39,0
DA:47,0
DA:48,0
DA:63,0
DA:64,0
DA:65,0
DA:66,0
DA:67,0
DA:68,0
DA:78,0
DA:79,0
DA:80,0
DA:81,0
DA:82,0
DA:83,0
DA:85,0
DA:86,0
DA:87,0
DA:88,0
DA:89,0
DA:91,0
DA:92,0
DA:93,0
DA:97,0
DA:98,0
DA:99,0
DA:100,0
DA:102,0
DA:104,0
DA:108,0
DA:114,0
DA:129,0
DA:136,0
DA:171,0
DA:182,0
DA:225,0
DA:226,0
DA:267,0
DA:268,0
DA:269,0
DA:271,0
DA:272,0
DA:273,0
DA:274,0
DA:275,0
DA:277,0
DA:282,0
DA:285,0
DA:286,0
DA:288,0
DA:374,0
DA:403,1
DA:404,1
DA:405,1
DA:407,1
DA:408,1
DA:409,1
DA:410,1
DA:411,1
DA:412,1
DA:414,1
DA:415,0
DA:416,0
DA:417,0
DA:419,0
DA:420,0
DA:421,0
DA:429,0
DA:430,0
DA:431,0
DA:432,0
DA:433,0
DA:434,0
DA:435,0
DA:437,0
DA:439,0
DA:443,1
DA:445,0
DA:447,1
DA:449,0
DA:452,1
DA:464,0
DA:513,0
DA:521,0
DA:537,0
DA:546,0
DA:554,0
DA:575,0
LF:89
LH:13
BRDA:38,0,0,0
BRDA:38,0,1,0
BRDA:63,1,0,0
BRDA:63,1,1,0
BRDA:63,2,0,0
BRDA:63,2,1,0
BRDA:65,3,0,0
BRDA:65,3,1,0
BRDA:67,4,0,0
BRDA:67,4,1,0
BRDA:78,5,0,0
BRDA:87,6,0,0
BRDA:87,6,1,0
BRDA:87,7,0,0
BRDA:87,7,1,0
BRDA:95,8,0,0
BRDA:95,8,1,0
BRDA:138,9,0,0
BRDA:138,9,1,0
BRDA:143,10,0,0
BRDA:143,10,1,0
BRDA:184,11,0,0
BRDA:184,11,1,0
BRDA:195,12,0,0
BRDA:195,12,1,0
BRDA:217,13,0,0
BRDA:217,13,1,0
BRDA:225,14,0,0
BRDA:225,14,1,0
BRDA:234,15,0,0
BRDA:234,15,1,0
BRDA:236,16,0,0
BRDA:236,16,1,0
BRDA:236,17,0,0
BRDA:236,17,1,0
BRDA:238,18,0,0
BRDA:238,18,1,0
BRDA:240,19,0,0
BRDA:240,19,1,0
BRDA:246,20,0,0
BRDA:246,20,1,0
BRDA:282,21,0,0
BRDA:282,21,1,0
BRDA:282,22,0,0
BRDA:282,22,1,0
BRDA:285,23,0,0
BRDA:285,23,1,0
BRDA:286,24,0,0
BRDA:286,24,1,0
BRDA:294,25,0,0
BRDA:294,25,1,0
BRDA:295,26,0,0
BRDA:295,26,1,0
BRDA:297,27,0,0
BRDA:297,27,1,0
BRDA:297,28,0,0
BRDA:297,28,1,0
BRDA:298,29,0,0
BRDA:298,29,1,0
BRDA:301,30,0,0
BRDA:301,30,1,0
BRDA:306,31,0,0
BRDA:306,31,1,0
BRDA:321,32,0,0
BRDA:321,32,1,0
BRDA:332,33,0,0
BRDA:332,33,1,0
BRDA:335,34,0,0
BRDA:335,34,1,0
BRDA:336,35,0,0
BRDA:336,35,1,0
BRDA:344,36,0,0
BRDA:344,36,1,0
BRDA:351,37,0,0
BRDA:351,37,1,0
BRDA:357,38,0,0
BRDA:357,38,1,0
BRDA:359,39,0,0
BRDA:359,39,1,0
BRDA:361,40,0,0
BRDA:361,40,1,0
BRDA:376,41,0,0
BRDA:376,41,1,0
BRDA:394,42,0,0
BRDA:394,42,1,0
BRDA:395,43,0,0
BRDA:395,43,1,0
BRDA:403,44,0,1
BRDA:415,45,0,0
BRDA:415,45,1,0
BRDA:415,46,0,0
BRDA:415,46,1,0
BRDA:425,47,0,0
BRDA:425,47,1,0
BRDA:426,48,0,0
BRDA:426,48,1,0
BRDA:445,49,0,0
BRDA:445,49,1,0
BRDA:445,49,2,0
BRDA:449,50,0,0
BRDA:449,50,1,0
BRDA:449,50,2,0
BRDA:471,51,0,1
BRDA:471,51,1,0
BRDA:501,52,0,1
BRDA:501,52,1,0
BRDA:563,53,0,1
BRDA:563,53,1,0
BRF:108
BRH:4
end_of_record
TN:
SF:src\pages\product-detail.tsx
FN:38,TagsSection
FN:47,(anonymous_1)
FN:48,(anonymous_2)
FN:53,(anonymous_3)
FN:53,(anonymous_4)
FN:56,(anonymous_5)
FN:57,(anonymous_6)
FN:59,(anonymous_7)
FN:68,(anonymous_8)
FN:75,(anonymous_9)
FN:108,(anonymous_10)
FN:115,(anonymous_11)
FN:125,(anonymous_12)
FN:128,(anonymous_13)
FN:140,(anonymous_14)
FN:141,(anonymous_15)
FN:167,statusColor
FN:180,ProductDetail
FN:212,(anonymous_18)
FN:236,(anonymous_19)
FN:237,(anonymous_20)
FN:242,(anonymous_21)
FN:244,(anonymous_22)
FN:285,(anonymous_23)
FN:298,(anonymous_24)
FN:421,(anonymous_25)
FN:424,(anonymous_26)
FN:424,(anonymous_27)
FN:619,(anonymous_28)
FNF:29
FNH:0
FNDA:0,TagsSection
FNDA:0,(anonymous_1)
FNDA:0,(anonymous_2)
FNDA:0,(anonymous_3)
FNDA:0,(anonymous_4)
FNDA:0,(anonymous_5)
FNDA:0,(anonymous_6)
FNDA:0,(anonymous_7)
FNDA:0,(anonymous_8)
FNDA:0,(anonymous_9)
FNDA:0,(anonymous_10)
FNDA:0,(anonymous_11)
FNDA:0,(anonymous_12)
FNDA:0,(anonymous_13)
FNDA:0,(anonymous_14)
FNDA:0,(anonymous_15)
FNDA:0,statusColor
FNDA:0,ProductDetail
FNDA:0,(anonymous_18)
FNDA:0,(anonymous_19)
FNDA:0,(anonymous_20)
FNDA:0,(anonymous_21)
FNDA:0,(anonymous_22)
FNDA:0,(anonymous_23)
FNDA:0,(anonymous_24)
FNDA:0,(anonymous_25)
FNDA:0,(anonymous_26)
FNDA:0,(anonymous_27)
FNDA:0,(anonymous_28)
DA:30,0
DA:39,0
DA:40,0
DA:41,0
DA:43,0
DA:48,0
DA:51,0
DA:53,0
DA:56,0
DA:57,0
DA:59,0
DA:60,0
DA:65,0
DA:68,0
DA:69,0
DA:72,0
DA:75,0
DA:76,0
DA:77,0
DA:78,0
DA:79,0
DA:84,0
DA:85,0
DA:86,0
DA:87,0
DA:89,0
DA:91,0
DA:95,0
DA:109,0
DA:115,0
DA:126,0
DA:128,0
DA:140,0
DA:141,0
DA:160,0
DA:168,0
DA:170,0
DA:172,0
DA:174,0
DA:176,0
DA:181,0
DA:182,0
DA:183,0
DA:184,0
DA:185,0
DA:187,0
DA:190,0
DA:191,0
DA:192,0
DA:193,0
DA:195,0
DA:209,0
DA:210,0
DA:212,0
DA:213,0
DA:214,0
DA:236,0
DA:237,0
DA:242,0
DA:244,0
DA:245,0
DA:246,0
DA:247,0
DA:249,0
DA:250,0
DA:251,0
DA:274,0
DA:277,0
DA:279,0
DA:281,0
DA:285,0
DA:286,0
DA:287,0
DA:288,0
DA:289,0
DA:290,0
DA:291,0
DA:293,0
DA:294,0
DA:298,0
DA:299,0
DA:300,0
DA:301,0
DA:304,0
DA:306,0
DA:314,0
DA:321,0
DA:323,0
DA:325,0
DA:327,0
DA:328,0
DA:333,0
DA:334,0
DA:336,0
DA:422,0
DA:424,0
DA:620,0
LF:97
LH:0
BRDA:43,0,0,0
BRDA:51,1,0,0
BRDA:76,2,0,0
BRDA:76,2,1,0
BRDA:105,3,0,0
BRDA:105,3,1,0
BRDA:123,4,0,0
BRDA:123,4,1,0
BRDA:141,5,0,0
BRDA:141,5,1,0
BRDA:150,6,0,0
BRDA:150,6,1,0
BRDA:168,7,0,0
BRDA:168,7,1,0
BRDA:168,7,2,0
BRDA:168,7,3,0
BRDA:182,8,0,0
BRDA:182,8,1,0
BRDA:190,9,0,0
BRDA:213,10,0,0
BRDA:213,10,1,0
BRDA:215,11,0,0
BRDA:215,11,1,0
BRDA:216,12,0,0
BRDA:216,12,1,0
BRDA:217,13,0,0
BRDA:217,13,1,0
BRDA:219,14,0,0
BRDA:219,14,1,0
BRDA:220,15,0,0
BRDA:220,15,1,0
BRDA:221,16,0,0
BRDA:221,16,1,0
BRDA:222,17,0,0
BRDA:222,17,1,0
BRDA:223,18,0,0
BRDA:223,18,1,0
BRDA:224,19,0,0
BRDA:224,19,1,0
BRDA:226,20,0,0
BRDA:226,20,1,0
BRDA:228,21,0,0
BRDA:228,21,1,0
BRDA:230,22,0,0
BRDA:230,22,1,0
BRDA:245,23,0,0
BRDA:245,23,1,0
BRDA:255,24,0,0
BRDA:255,24,1,0
BRDA:256,25,0,0
BRDA:256,25,1,0
BRDA:258,26,0,0
BRDA:258,26,1,0
BRDA:259,27,0,0
BRDA:259,27,1,0
BRDA:260,28,0,0
BRDA:260,28,1,0
BRDA:261,29,0,0
BRDA:261,29,1,0
BRDA:262,30,0,0
BRDA:262,30,1,0
BRDA:263,31,0,0
BRDA:263,31,1,0
BRDA:265,32,0,0
BRDA:265,32,1,0
BRDA:269,33,0,0
BRDA:269,33,1,0
BRDA:286,34,0,0
BRDA:286,34,1,0
BRDA:314,35,0,0
BRDA:314,35,1,0
BRDA:314,36,0,0
BRDA:314,36,1,0
BRDA:314,36,2,0
BRDA:321,37,0,0
BRDA:321,37,1,0
BRDA:323,38,0,0
BRDA:323,38,1,0
BRDA:325,39,0,0
BRDA:325,39,1,0
BRDA:325,39,2,0
BRDA:327,40,0,0
BRDA:327,40,1,0
BRDA:333,41,0,0
BRDA:333,41,1,0
BRDA:365,42,0,0
BRDA:365,42,1,0
BRDA:369,43,0,0
BRDA:369,43,1,0
BRDA:375,44,0,0
BRDA:375,44,1,0
BRDA:380,45,0,0
BRDA:380,45,1,0
BRDA:426,46,0,0
BRDA:426,46,1,0
BRDA:472,47,0,0
BRDA:472,47,1,0
BRDA:490,48,0,0
BRDA:490,48,1,0
BRDA:492,49,0,0
BRDA:492,49,1,0
BRDA:543,50,0,0
BRDA:543,50,1,0
BRDA:549,51,0,0
BRDA:549,51,1,0
BRDA:551,52,0,0
BRDA:551,52,1,0
BRDA:596,53,0,0
BRDA:596,53,1,0
BRDA:600,54,0,0
BRDA:600,54,1,0
BRF:111
BRH:0
end_of_record
TN:
SF:src\pages\product-scorer.tsx
FN:39,ScoreBar
FN:53,ViralityRing
FN:114,ProductScorerPage
FN:120,(anonymous_3)
FN:128,(anonymous_4)
FN:131,(anonymous_5)
FN:162,(anonymous_6)
FN:176,(anonymous_7)
FN:179,(anonymous_8)
FN:218,(anonymous_9)
FN:302,(anonymous_10)
FNF:11
FNH:0
FNDA:0,ScoreBar
FNDA:0,ViralityRing
FNDA:0,ProductScorerPage
FNDA:0,(anonymous_3)
FNDA:0,(anonymous_4)
FNDA:0,(anonymous_5)
FNDA:0,(anonymous_6)
FNDA:0,(anonymous_7)
FNDA:0,(anonymous_8)
FNDA:0,(anonymous_9)
FNDA:0,(anonymous_10)
DA:17,0
DA:40,0
DA:55,0
DA:62,0
DA:63,0
DA:64,0
DA:65,0
DA:102,0
DA:108,0
DA:115,0
DA:116,0
DA:117,0
DA:119,0
DA:121,0
DA:126,0
DA:128,0
DA:131,0
DA:132,0
DA:133,0
DA:136,0
DA:143,0
DA:162,0
DA:177,0
DA:180,0
DA:181,0
DA:219,0
DA:303,0
LF:27
LH:0
BRDA:55,0,0,0
BRDA:55,0,1,0
BRDA:57,1,0,0
BRDA:57,1,1,0
BRDA:59,2,0,0
BRDA:59,2,1,0
BRDA:117,3,0,0
BRDA:133,4,0,0
BRDA:133,4,1,0
BRDA:165,5,0,0
BRDA:165,5,1,0
BRDA:166,6,0,0
BRDA:166,6,1,0
BRDA:170,7,0,0
BRDA:170,7,1,0
BRDA:194,8,0,0
BRDA:194,8,1,0
BRDA:203,9,0,0
BRDA:203,9,1,0
BRDA:203,9,2,0
BRDA:222,10,0,0
BRDA:222,10,1,0
BRDA:224,11,0,0
BRDA:224,11,1,0
BRDA:249,12,0,0
BRDA:249,12,1,0
BRDA:262,13,0,0
BRDA:262,13,1,0
BRDA:312,14,0,0
BRDA:312,14,1,0
BRDA:319,15,0,0
BRDA:319,15,1,0
BRDA:319,16,0,0
BRDA:319,16,1,0
BRDA:330,17,0,0
BRDA:330,17,1,0
BRDA:330,17,2,0
BRF:37
BRH:0
end_of_record
TN:
SF:src\pages\products.tsx
FN:31,exportProductsCsv
FN:46,(anonymous_1)
FN:52,(anonymous_2)
FN:80,Products
FN:88,(anonymous_4)
FN:107,(anonymous_5)
FN:118,(anonymous_6)
FN:144,(anonymous_7)
FN:194,(anonymous_8)
FN:212,(anonymous_9)
FNF:10
FNH:3
FNDA:0,exportProductsCsv
FNDA:0,(anonymous_1)
FNDA:0,(anonymous_2)
FNDA:1,Products
FNDA:0,(anonymous_4)
FNDA:0,(anonymous_5)
FNDA:1,(anonymous_6)
FNDA:0,(anonymous_7)
FNDA:0,(anonymous_8)
FNDA:1,(anonymous_9)
DA:32,0
DA:46,0
DA:47,0
DA:48,0
DA:52,0
DA:53,0
DA:70,0
DA:71,0
DA:72,0
DA:73,0
DA:74,0
DA:75,0
DA:76,0
DA:77,0
DA:81,1
DA:82,1
DA:83,1
DA:84,1
DA:85,1
DA:86,1
DA:88,1
DA:89,0
DA:90,0
DA:91,0
DA:92,0
DA:94,0
DA:96,0
DA:108,0
DA:111,0
DA:117,1
DA:119,1
DA:123,1
DA:124,0
DA:130,1
DA:144,0
DA:194,0
DA:213,1
LF:37
LH:12
BRDA:47,0,0,0
BRDA:47,0,1,0
BRDA:48,1,0,0
BRDA:48,1,1,0
BRDA:48,2,0,0
BRDA:48,2,1,0
BRDA:48,2,2,0
BRDA:94,3,0,0
BRDA:94,3,1,0
BRDA:119,4,0,1
BRDA:119,4,1,0
BRDA:123,5,0,0
BRDA:123,5,1,1
BRDA:144,6,0,0
BRDA:144,6,1,0
BRDA:145,7,0,1
BRDA:145,7,1,1
BRDA:178,8,0,0
BRDA:178,8,1,1
BRDA:222,9,0,1
BRDA:222,9,1,0
BRDA:226,10,0,1
BRDA:226,10,1,0
BRDA:228,11,0,0
BRDA:228,11,1,0
BRDA:230,12,0,0
BRDA:230,12,1,0
BRDA:239,13,0,1
BRDA:239,13,1,0
BRDA:242,14,0,1
BRDA:242,14,1,0
BRDA:246,15,0,0
BRDA:246,15,1,1
BRDA:246,16,0,1
BRDA:246,16,1,1
BRDA:246,16,2,1
BRDA:248,17,0,1
BRDA:248,17,1,1
BRDA:248,17,2,1
BRDA:248,17,3,0
BRDA:253,18,0,1
BRDA:253,18,1,0
BRDA:258,19,0,1
BRDA:258,19,1,0
BRF:44
BRH:18
end_of_record
TN:
SF:src\pages\promotions.tsx
FN:37,fmt
FN:44,shortDate
FN:76,PromotionsPage
FN:82,(anonymous_3)
FN:82,(anonymous_4)
FN:99,(anonymous_5)
FN:104,(anonymous_6)
FN:105,(anonymous_7)
FN:120,(anonymous_8)
FN:125,(anonymous_9)
FN:126,(anonymous_10)
FN:133,(anonymous_11)
FN:135,(anonymous_12)
FN:141,(anonymous_13)
FN:146,(anonymous_14)
FN:163,(anonymous_15)
FN:165,(anonymous_16)
FN:170,(anonymous_17)
FN:171,(anonymous_18)
FN:188,(anonymous_19)
FN:188,(anonymous_20)
FN:281,(anonymous_21)
FN:289,(anonymous_22)
FN:312,(anonymous_23)
FN:324,(anonymous_24)
FN:351,(anonymous_25)
FN:359,(anonymous_26)
FN:367,(anonymous_27)
FN:380,(anonymous_28)
FN:389,(anonymous_29)
FN:398,(anonymous_30)
FN:416,(anonymous_31)
FN:467,(anonymous_32)
FN:480,(anonymous_33)
FN:492,(anonymous_34)
FNF:35
FNH:0
FNDA:0,fmt
FNDA:0,shortDate
FNDA:0,PromotionsPage
FNDA:0,(anonymous_3)
FNDA:0,(anonymous_4)
FNDA:0,(anonymous_5)
FNDA:0,(anonymous_6)
FNDA:0,(anonymous_7)
FNDA:0,(anonymous_8)
FNDA:0,(anonymous_9)
FNDA:0,(anonymous_10)
FNDA:0,(anonymous_11)
FNDA:0,(anonymous_12)
FNDA:0,(anonymous_13)
FNDA:0,(anonymous_14)
FNDA:0,(anonymous_15)
FNDA:0,(anonymous_16)
FNDA:0,(anonymous_17)
FNDA:0,(anonymous_18)
FNDA:0,(anonymous_19)
FNDA:0,(anonymous_20)
FNDA:0,(anonymous_21)
FNDA:0,(anonymous_22)
FNDA:0,(anonymous_23)
FNDA:0,(anonymous_24)
FNDA:0,(anonymous_25)
FNDA:0,(anonymous_26)
FNDA:0,(anonymous_27)
FNDA:0,(anonymous_28)
FNDA:0,(anonymous_29)
FNDA:0,(anonymous_30)
FNDA:0,(anonymous_31)
FNDA:0,(anonymous_32)
FNDA:0,(anonymous_33)
FNDA:0,(anonymous_34)
DA:35,0
DA:38,0
DA:45,0
DA:46,0
DA:53,0
DA:77,0
DA:78,0
DA:79,0
DA:80,0
DA:82,0
DA:85,0
DA:86,0
DA:87,0
DA:88,0
DA:89,0
DA:90,0
DA:91,0
DA:92,0
DA:93,0
DA:94,0
DA:95,0
DA:96,0
DA:98,0
DA:100,0
DA:104,0
DA:106,0
DA:107,0
DA:108,0
DA:109,0
DA:110,0
DA:111,0
DA:112,0
DA:113,0
DA:114,0
DA:115,0
DA:119,0
DA:121,0
DA:125,0
DA:127,0
DA:128,0
DA:132,0
DA:134,0
DA:136,0
DA:137,0
DA:141,0
DA:142,0
DA:143,0
DA:144,0
DA:146,0
DA:147,0
DA:163,0
DA:164,0
DA:165,0
DA:169,0
DA:170,0
DA:171,0
DA:177,0
DA:188,0
DA:281,0
DA:289,0
DA:312,0
DA:325,0
DA:351,0
DA:359,0
DA:367,0
DA:380,0
DA:389,0
DA:398,0
DA:417,0
DA:468,0
DA:481,0
DA:492,0
LF:72
LH:0
BRDA:38,0,0,0
BRDA:38,0,1,0
BRDA:45,1,0,0
BRDA:45,1,1,0
BRDA:79,2,0,0
BRDA:80,3,0,0
BRDA:142,4,0,0
BRDA:142,4,1,0
BRDA:142,5,0,0
BRDA:142,5,1,0
BRDA:152,6,0,0
BRDA:152,6,1,0
BRDA:153,7,0,0
BRDA:153,7,1,0
BRDA:155,8,0,0
BRDA:155,8,1,0
BRDA:156,9,0,0
BRDA:156,9,1,0
BRDA:159,10,0,0
BRDA:159,10,1,0
BRDA:165,11,0,0
BRDA:165,11,1,0
BRDA:172,12,0,0
BRDA:172,12,1,0
BRDA:174,13,0,0
BRDA:174,13,1,0
BRDA:193,14,0,0
BRDA:193,14,1,0
BRDA:222,15,0,0
BRDA:222,15,1,0
BRDA:270,16,0,0
BRDA:270,16,1,0
BRDA:308,17,0,0
BRDA:308,17,1,0
BRDA:313,18,0,0
BRDA:313,18,1,0
BRDA:406,19,0,0
BRDA:406,19,1,0
BRDA:424,20,0,0
BRDA:424,20,1,0
BRDA:428,21,0,0
BRDA:428,21,1,0
BRDA:436,22,0,0
BRDA:436,22,1,0
BRDA:438,23,0,0
BRDA:438,23,1,0
BRDA:442,24,0,0
BRDA:442,24,1,0
BRDA:443,25,0,0
BRDA:443,25,1,0
BRDA:444,26,0,0
BRDA:444,26,1,0
BRDA:449,27,0,0
BRDA:449,27,1,0
BRDA:455,28,0,0
BRDA:455,28,1,0
BRDA:462,29,0,0
BRDA:462,29,1,0
BRDA:475,30,0,0
BRDA:475,30,1,0
BRF:60
BRH:0
end_of_record
TN:
SF:src\pages\purchase-orders.tsx
FN:31,fmt
FN:40,shortDate
FN:76,PurchaseOrdersPage
FN:83,(anonymous_3)
FN:83,(anonymous_4)
FN:96,(anonymous_5)
FN:101,(anonymous_6)
FN:102,(anonymous_7)
FN:114,(anonymous_8)
FN:119,(anonymous_9)
FN:120,(anonymous_10)
FN:127,(anonymous_11)
FN:129,(anonymous_12)
FN:135,(anonymous_13)
FN:137,(anonymous_14)
FN:138,(anonymous_15)
FN:142,(anonymous_16)
FN:143,(anonymous_17)
FN:143,(anonymous_18)
FN:144,(anonymous_19)
FN:145,(anonymous_20)
FN:146,(anonymous_21)
FN:150,(anonymous_22)
FN:154,(anonymous_23)
FN:168,(anonymous_24)
FN:171,(anonymous_25)
FN:172,(anonymous_26)
FN:173,(anonymous_27)
FN:174,(anonymous_28)
FN:187,(anonymous_29)
FN:187,(anonymous_30)
FN:199,(anonymous_31)
FN:224,(anonymous_32)
FN:237,(anonymous_33)
FN:245,(anonymous_34)
FN:257,(anonymous_35)
FN:263,(anonymous_36)
FN:267,(anonymous_37)
FN:283,(anonymous_38)
FN:295,(anonymous_39)
FN:306,(anonymous_40)
FN:319,(anonymous_41)
FN:329,(anonymous_42)
FN:345,(anonymous_43)
FN:363,(anonymous_44)
FN:406,(anonymous_45)
FN:437,(anonymous_46)
FN:451,(anonymous_47)
FN:471,POItems
FN:474,(anonymous_49)
FN:475,(anonymous_50)
FN:491,(anonymous_51)
FNF:52
FNH:0
FNDA:0,fmt
FNDA:0,shortDate
FNDA:0,PurchaseOrdersPage
FNDA:0,(anonymous_3)
FNDA:0,(anonymous_4)
FNDA:0,(anonymous_5)
FNDA:0,(anonymous_6)
FNDA:0,(anonymous_7)
FNDA:0,(anonymous_8)
FNDA:0,(anonymous_9)
FNDA:0,(anonymous_10)
FNDA:0,(anonymous_11)
FNDA:0,(anonymous_12)
FNDA:0,(anonymous_13)
FNDA:0,(anonymous_14)
FNDA:0,(anonymous_15)
FNDA:0,(anonymous_16)
FNDA:0,(anonymous_17)
FNDA:0,(anonymous_18)
FNDA:0,(anonymous_19)
FNDA:0,(anonymous_20)
FNDA:0,(anonymous_21)
FNDA:0,(anonymous_22)
FNDA:0,(anonymous_23)
FNDA:0,(anonymous_24)
FNDA:0,(anonymous_25)
FNDA:0,(anonymous_26)
FNDA:0,(anonymous_27)
FNDA:0,(anonymous_28)
FNDA:0,(anonymous_29)
FNDA:0,(anonymous_30)
FNDA:0,(anonymous_31)
FNDA:0,(anonymous_32)
FNDA:0,(anonymous_33)
FNDA:0,(anonymous_34)
FNDA:0,(anonymous_35)
FNDA:0,(anonymous_36)
FNDA:0,(anonymous_37)
FNDA:0,(anonymous_38)
FNDA:0,(anonymous_39)
FNDA:0,(anonymous_40)
FNDA:0,(anonymous_41)
FNDA:0,(anonymous_42)
FNDA:0,(anonymous_43)
FNDA:0,(anonymous_44)
FNDA:0,(anonymous_45)
FNDA:0,(anonymous_46)
FNDA:0,(anonymous_47)
FNDA:0,POItems
FNDA:0,(anonymous_49)
FNDA:0,(anonymous_50)
FNDA:0,(anonymous_51)
DA:29,0
DA:32,0
DA:33,0
DA:41,0
DA:42,0
DA:49,0
DA:57,0
DA:77,0
DA:78,0
DA:79,0
DA:80,0
DA:81,0
DA:83,0
DA:86,0
DA:87,0
DA:88,0
DA:89,0
DA:90,0
DA:91,0
DA:95,0
DA:97,0
DA:101,0
DA:103,0
DA:104,0
DA:105,0
DA:106,0
DA:107,0
DA:108,0
DA:109,0
DA:113,0
DA:115,0
DA:119,0
DA:121,0
DA:122,0
DA:126,0
DA:128,0
DA:130,0
DA:131,0
DA:135,0
DA:137,0
DA:138,0
DA:142,0
DA:143,0
DA:144,0
DA:145,0
DA:146,0
DA:149,0
DA:150,0
DA:154,0
DA:155,0
DA:156,0
DA:157,0
DA:159,0
DA:168,0
DA:169,0
DA:171,0
DA:172,0
DA:173,0
DA:174,0
DA:176,0
DA:187,0
DA:200,0
DA:225,0
DA:237,0
DA:245,0
DA:258,0
DA:264,0
DA:265,0
DA:267,0
DA:268,0
DA:269,0
DA:270,0
DA:284,0
DA:296,0
DA:307,0
DA:320,0
DA:329,0
DA:345,0
DA:364,0
DA:407,0
DA:438,0
DA:451,0
DA:472,0
DA:475,0
DA:477,0
DA:478,0
DA:479,0
DA:480,0
DA:492,0
LF:89
LH:0
BRDA:32,0,0,0
BRDA:32,0,1,0
BRDA:41,1,0,0
BRDA:41,1,1,0
BRDA:79,2,0,0
BRDA:80,3,0,0
BRDA:81,4,0,0
BRDA:146,5,0,0
BRDA:146,5,1,0
BRDA:150,6,0,0
BRDA:150,6,1,0
BRDA:150,7,0,0
BRDA:150,7,1,0
BRDA:155,8,0,0
BRDA:155,8,1,0
BRDA:163,9,0,0
BRDA:163,9,1,0
BRDA:192,10,0,0
BRDA:192,10,1,0
BRDA:210,11,0,0
BRDA:210,11,1,0
BRDA:261,12,0,0
BRDA:261,12,1,0
BRDA:264,13,0,0
BRDA:264,13,1,0
BRDA:269,14,0,0
BRDA:269,14,1,0
BRDA:273,15,0,0
BRDA:273,15,1,0
BRDA:290,16,0,0
BRDA:290,16,1,0
BRDA:324,17,0,0
BRDA:324,17,1,0
BRDA:353,18,0,0
BRDA:353,18,1,0
BRDA:373,19,0,0
BRDA:373,19,1,0
BRDA:377,20,0,0
BRDA:377,20,1,0
BRDA:385,21,0,0
BRDA:385,21,1,0
BRDA:388,22,0,0
BRDA:388,22,1,0
BRDA:394,23,0,0
BRDA:394,23,1,0
BRDA:401,24,0,0
BRDA:401,24,1,0
BRDA:413,25,0,0
BRDA:413,25,1,0
BRDA:419,26,0,0
BRDA:419,26,1,0
BRDA:425,27,0,0
BRDA:425,27,1,0
BRDA:438,28,0,0
BRDA:438,28,1,0
BRDA:441,29,0,0
BRDA:441,29,1,0
BRDA:457,30,0,0
BRDA:457,30,1,0
BRDA:477,31,0,0
BRDA:477,31,1,0
BRDA:478,32,0,0
BRDA:478,32,1,0
BRDA:496,33,0,0
BRDA:496,33,1,0
BRDA:499,34,0,0
BRDA:499,34,1,0
BRF:67
BRH:0
end_of_record
TN:
SF:src\pages\reorder.tsx
FN:25,fmt
FN:45,SupplierGroup
FN:57,(anonymous_2)
FN:59,(anonymous_3)
FN:70,(anonymous_4)
FN:76,(anonymous_5)
FN:78,(anonymous_6)
FN:92,(anonymous_7)
FN:101,(anonymous_8)
FN:102,(anonymous_9)
FN:111,(anonymous_10)
FN:127,(anonymous_11)
FN:127,(anonymous_12)
FN:135,(anonymous_13)
FN:187,(anonymous_14)
FN:230,(anonymous_15)
FN:231,(anonymous_16)
FN:256,(anonymous_17)
FN:288,ReorderPage
FN:293,(anonymous_19)
FN:293,(anonymous_20)
FN:297,(anonymous_21)
FN:300,(anonymous_22)
FN:305,(anonymous_23)
FN:320,(anonymous_24)
FN:323,(anonymous_25)
FN:333,(anonymous_26)
FN:337,(anonymous_27)
FN:338,(anonymous_28)
FN:432,(anonymous_29)
FNF:30
FNH:0
FNDA:0,fmt
FNDA:0,SupplierGroup
FNDA:0,(anonymous_2)
FNDA:0,(anonymous_3)
FNDA:0,(anonymous_4)
FNDA:0,(anonymous_5)
FNDA:0,(anonymous_6)
FNDA:0,(anonymous_7)
FNDA:0,(anonymous_8)
FNDA:0,(anonymous_9)
FNDA:0,(anonymous_10)
FNDA:0,(anonymous_11)
FNDA:0,(anonymous_12)
FNDA:0,(anonymous_13)
FNDA:0,(anonymous_14)
FNDA:0,(anonymous_15)
FNDA:0,(anonymous_16)
FNDA:0,(anonymous_17)
FNDA:0,ReorderPage
FNDA:0,(anonymous_19)
FNDA:0,(anonymous_20)
FNDA:0,(anonymous_21)
FNDA:0,(anonymous_22)
FNDA:0,(anonymous_23)
FNDA:0,(anonymous_24)
FNDA:0,(anonymous_25)
FNDA:0,(anonymous_26)
FNDA:0,(anonymous_27)
FNDA:0,(anonymous_28)
FNDA:0,(anonymous_29)
DA:26,0
DA:56,0
DA:57,0
DA:58,0
DA:59,0
DA:65,0
DA:66,0
DA:67,0
DA:68,0
DA:70,0
DA:71,0
DA:72,0
DA:73,0
DA:76,0
DA:78,0
DA:79,0
DA:80,0
DA:81,0
DA:85,0
DA:87,0
DA:88,0
DA:92,0
DA:93,0
DA:94,0
DA:95,0
DA:97,0
DA:101,0
DA:102,0
DA:103,0
DA:104,0
DA:105,0
DA:106,0
DA:107,0
DA:111,0
DA:116,0
DA:117,0
DA:118,0
DA:121,0
DA:127,0
DA:135,0
DA:188,0
DA:189,0
DA:190,0
DA:191,0
DA:231,0
DA:256,0
DA:289,0
DA:290,0
DA:292,0
DA:293,0
DA:297,0
DA:298,0
DA:301,0
DA:307,0
DA:308,0
DA:320,0
DA:323,0
DA:324,0
DA:328,0
DA:329,0
DA:330,0
DA:331,0
DA:333,0
DA:336,0
DA:337,0
DA:338,0
DA:339,0
DA:340,0
DA:342,0
DA:344,0
DA:345,0
DA:371,0
DA:433,0
LF:73
LH:0
BRDA:71,0,0,0
BRDA:71,0,1,0
BRDA:72,1,0,0
BRDA:72,1,1,0
BRDA:72,2,0,0
BRDA:72,2,1,0
BRDA:73,3,0,0
BRDA:73,3,1,0
BRDA:79,4,0,0
BRDA:79,4,1,0
BRDA:79,5,0,0
BRDA:79,5,1,0
BRDA:80,6,0,0
BRDA:80,6,1,0
BRDA:104,7,0,0
BRDA:104,7,1,0
BRDA:104,8,0,0
BRDA:104,8,1,0
BRDA:105,9,0,0
BRDA:105,9,1,0
BRDA:132,10,0,0
BRDA:132,10,1,0
BRDA:145,11,0,0
BRDA:145,11,1,0
BRDA:147,12,0,0
BRDA:147,12,1,0
BRDA:156,13,0,0
BRDA:156,13,1,0
BRDA:162,14,0,0
BRDA:162,14,1,0
BRDA:162,14,2,0
BRDA:170,15,0,0
BRDA:170,15,1,0
BRDA:188,16,0,0
BRDA:188,16,1,0
BRDA:188,17,0,0
BRDA:188,17,1,0
BRDA:189,18,0,0
BRDA:189,18,1,0
BRDA:192,19,0,0
BRDA:192,19,1,0
BRDA:220,20,0,0
BRDA:220,20,1,0
BRDA:229,21,0,0
BRDA:229,21,1,0
BRDA:240,22,0,0
BRDA:240,22,1,0
BRDA:243,23,0,0
BRDA:243,23,1,0
BRDA:246,24,0,0
BRDA:246,24,1,0
BRDA:267,25,0,0
BRDA:267,25,1,0
BRDA:289,26,0,0
BRDA:290,27,0,0
BRDA:301,28,0,0
BRDA:301,28,1,0
BRDA:301,28,2,0
BRDA:307,29,0,0
BRDA:307,29,1,0
BRDA:315,30,0,0
BRDA:315,30,1,0
BRDA:316,31,0,0
BRDA:316,31,1,0
BRDA:317,32,0,0
BRDA:317,32,1,0
BRDA:330,33,0,0
BRDA:330,33,1,0
BRDA:340,34,0,0
BRDA:340,34,1,0
BRDA:344,35,0,0
BRDA:344,35,1,0
BRF:72
BRH:0
end_of_record
TN:
SF:src\pages\research.tsx
FN:33,Research
FN:44,(anonymous_1)
FN:51,(anonymous_2)
FN:61,(anonymous_3)
FN:66,(anonymous_4)
FN:71,(anonymous_5)
FN:84,(anonymous_6)
FN:99,(anonymous_7)
FN:114,(anonymous_8)
FN:147,(anonymous_9)
FN:247,(anonymous_10)
FN:262,(anonymous_11)
FN:275,(anonymous_12)
FN:329,(anonymous_13)
FN:333,(anonymous_14)
FN:366,(anonymous_15)
FNF:16
FNH:0
FNDA:0,Research
FNDA:0,(anonymous_1)
FNDA:0,(anonymous_2)
FNDA:0,(anonymous_3)
FNDA:0,(anonymous_4)
FNDA:0,(anonymous_5)
FNDA:0,(anonymous_6)
FNDA:0,(anonymous_7)
FNDA:0,(anonymous_8)
FNDA:0,(anonymous_9)
FNDA:0,(anonymous_10)
FNDA:0,(anonymous_11)
FNDA:0,(anonymous_12)
FNDA:0,(anonymous_13)
FNDA:0,(anonymous_14)
FNDA:0,(anonymous_15)
DA:34,0
DA:35,0
DA:37,0
DA:38,0
DA:40,0
DA:41,0
DA:42,0
DA:44,0
DA:45,0
DA:46,0
DA:48,0
DA:52,0
DA:53,0
DA:61,0
DA:62,0
DA:63,0
DA:66,0
DA:67,0
DA:68,0
DA:72,0
DA:73,0
DA:74,0
DA:76,0
DA:84,0
DA:85,0
DA:87,0
DA:89,0
DA:91,0
DA:93,0
DA:95,0
DA:99,0
DA:100,0
DA:102,0
DA:104,0
DA:106,0
DA:108,0
DA:110,0
DA:114,0
DA:115,0
DA:116,0
DA:126,0
DA:129,0
DA:147,0
DA:248,0
DA:263,0
DA:276,0
DA:330,0
DA:333,0
DA:366,0
LF:49
LH:0
BRDA:46,0,0,0
BRDA:46,0,1,0
BRDA:72,1,0,0
BRDA:72,1,1,0
BRDA:85,2,0,0
BRDA:85,2,1,0
BRDA:85,2,2,0
BRDA:85,2,3,0
BRDA:85,2,4,0
BRDA:100,3,0,0
BRDA:100,3,1,0
BRDA:100,3,2,0
BRDA:100,3,3,0
BRDA:100,3,4,0
BRDA:115,4,0,0
BRDA:115,4,1,0
BRDA:119,5,0,0
BRDA:119,5,1,0
BRDA:154,6,0,0
BRDA:154,6,1,0
BRDA:156,7,0,0
BRDA:156,7,1,0
BRDA:164,8,0,0
BRDA:164,8,1,0
BRDA:164,8,2,0
BRDA:173,9,0,0
BRDA:173,9,1,0
BRDA:173,9,2,0
BRDA:285,10,0,0
BRDA:285,10,1,0
BRDA:313,11,0,0
BRDA:313,11,1,0
BRDA:319,12,0,0
BRDA:319,12,1,0
BRDA:332,13,0,0
BRDA:332,13,1,0
BRF:36
BRH:0
end_of_record
TN:
SF:src\pages\returns.tsx
FN:21,fmt
FN:30,shortDate
FN:71,ReturnsPage
FN:77,(anonymous_3)
FN:77,(anonymous_4)
FN:90,(anonymous_5)
FN:95,(anonymous_6)
FN:96,(anonymous_7)
FN:111,(anonymous_8)
FN:116,(anonymous_9)
FN:117,(anonymous_10)
FN:124,(anonymous_11)
FN:126,(anonymous_12)
FN:132,(anonymous_13)
FN:134,(anonymous_14)
FN:136,(anonymous_15)
FN:145,(anonymous_16)
FN:163,(anonymous_17)
FN:164,(anonymous_18)
FN:166,(anonymous_19)
FN:180,(anonymous_20)
FN:180,(anonymous_21)
FN:229,(anonymous_22)
FN:230,(anonymous_23)
FN:242,(anonymous_24)
FN:250,(anonymous_25)
FN:260,(anonymous_26)
FN:270,(anonymous_27)
FN:289,(anonymous_28)
FN:298,(anonymous_29)
FN:307,(anonymous_30)
FN:325,(anonymous_31)
FN:375,(anonymous_32)
FN:386,(anonymous_33)
FN:400,(anonymous_34)
FN:412,(anonymous_35)
FNF:36
FNH:0
FNDA:0,fmt
FNDA:0,shortDate
FNDA:0,ReturnsPage
FNDA:0,(anonymous_3)
FNDA:0,(anonymous_4)
FNDA:0,(anonymous_5)
FNDA:0,(anonymous_6)
FNDA:0,(anonymous_7)
FNDA:0,(anonymous_8)
FNDA:0,(anonymous_9)
FNDA:0,(anonymous_10)
FNDA:0,(anonymous_11)
FNDA:0,(anonymous_12)
FNDA:0,(anonymous_13)
FNDA:0,(anonymous_14)
FNDA:0,(anonymous_15)
FNDA:0,(anonymous_16)
FNDA:0,(anonymous_17)
FNDA:0,(anonymous_18)
FNDA:0,(anonymous_19)
FNDA:0,(anonymous_20)
FNDA:0,(anonymous_21)
FNDA:0,(anonymous_22)
FNDA:0,(anonymous_23)
FNDA:0,(anonymous_24)
FNDA:0,(anonymous_25)
FNDA:0,(anonymous_26)
FNDA:0,(anonymous_27)
FNDA:0,(anonymous_28)
FNDA:0,(anonymous_29)
FNDA:0,(anonymous_30)
FNDA:0,(anonymous_31)
FNDA:0,(anonymous_32)
FNDA:0,(anonymous_33)
FNDA:0,(anonymous_34)
FNDA:0,(anonymous_35)
DA:19,0
DA:22,0
DA:23,0
DA:31,0
DA:32,0
DA:39,0
DA:46,0
DA:72,0
DA:73,0
DA:74,0
DA:75,0
DA:77,0
DA:80,0
DA:81,0
DA:82,0
DA:83,0
DA:84,0
DA:85,0
DA:86,0
DA:87,0
DA:89,0
DA:91,0
DA:95,0
DA:97,0
DA:98,0
DA:99,0
DA:100,0
DA:101,0
DA:102,0
DA:103,0
DA:104,0
DA:105,0
DA:106,0
DA:110,0
DA:112,0
DA:116,0
DA:118,0
DA:119,0
DA:123,0
DA:125,0
DA:127,0
DA:128,0
DA:132,0
DA:134,0
DA:135,0
DA:136,0
DA:137,0
DA:138,0
DA:139,0
DA:140,0
DA:141,0
DA:145,0
DA:146,0
DA:147,0
DA:148,0
DA:150,0
DA:162,0
DA:163,0
DA:164,0
DA:165,0
DA:166,0
DA:169,0
DA:180,0
DA:229,0
DA:231,0
DA:242,0
DA:250,0
DA:260,0
DA:271,0
DA:289,0
DA:298,0
DA:307,0
DA:326,0
DA:376,0
DA:387,0
DA:401,0
DA:412,0
LF:77
LH:0
BRDA:22,0,0,0
BRDA:22,0,1,0
BRDA:31,1,0,0
BRDA:31,1,1,0
BRDA:74,2,0,0
BRDA:75,3,0,0
BRDA:137,4,0,0
BRDA:137,4,1,0
BRDA:138,5,0,0
BRDA:138,5,1,0
BRDA:139,6,0,0
BRDA:139,6,1,0
BRDA:140,7,0,0
BRDA:140,7,1,0
BRDA:141,8,0,0
BRDA:141,8,1,0
BRDA:146,9,0,0
BRDA:146,9,1,0
BRDA:151,10,0,0
BRDA:151,10,1,0
BRDA:157,11,0,0
BRDA:157,11,1,0
BRDA:164,12,0,0
BRDA:164,12,1,0
BRDA:166,13,0,0
BRDA:166,13,1,0
BRDA:185,14,0,0
BRDA:185,14,1,0
BRDA:214,15,0,0
BRDA:214,15,1,0
BRDA:315,16,0,0
BRDA:315,16,1,0
BRDA:335,17,0,0
BRDA:335,17,1,0
BRDA:339,18,0,0
BRDA:339,18,1,0
BRDA:347,19,0,0
BRDA:347,19,1,0
BRDA:354,20,0,0
BRDA:354,20,1,0
BRDA:355,21,0,0
BRDA:355,21,1,0
BRDA:362,22,0,0
BRDA:362,22,1,0
BRDA:369,23,0,0
BRDA:369,23,1,0
BRDA:395,24,0,0
BRDA:395,24,1,0
BRF:48
BRH:0
end_of_record
TN:
SF:src\pages\settings.tsx
FN:95,loadSettings
FN:105,saveSettings
FN:109,convertCurrency
FN:116,getCurrencySymbol
FN:117,(anonymous_4)
FN:120,SettingsPage
FN:125,(anonymous_6)
FN:129,(anonymous_7)
FN:130,(anonymous_8)
FN:133,(anonymous_9)
FN:138,(anonymous_10)
FN:145,(anonymous_11)
FN:188,(anonymous_12)
FN:211,(anonymous_13)
FN:217,(anonymous_14)
FN:272,(anonymous_15)
FN:300,(anonymous_16)
FN:336,(anonymous_17)
FN:356,(anonymous_18)
FN:371,(anonymous_19)
FN:387,(anonymous_20)
FN:419,(anonymous_21)
FN:429,(anonymous_22)
FN:443,(anonymous_23)
FN:455,(anonymous_24)
FN:467,(anonymous_25)
FNF:26
FNH:1
FNDA:1,loadSettings
FNDA:0,saveSettings
FNDA:0,convertCurrency
FNDA:0,getCurrencySymbol
FNDA:0,(anonymous_4)
FNDA:0,SettingsPage
FNDA:0,(anonymous_6)
FNDA:0,(anonymous_7)
FNDA:0,(anonymous_8)
FNDA:0,(anonymous_9)
FNDA:0,(anonymous_10)
FNDA:0,(anonymous_11)
FNDA:0,(anonymous_12)
FNDA:0,(anonymous_13)
FNDA:0,(anonymous_14)
FNDA:0,(anonymous_15)
FNDA:0,(anonymous_16)
FNDA:0,(anonymous_17)
FNDA:0,(anonymous_18)
FNDA:0,(anonymous_19)
FNDA:0,(anonymous_20)
FNDA:0,(anonymous_21)
FNDA:0,(anonymous_22)
FNDA:0,(anonymous_23)
FNDA:0,(anonymous_24)
FNDA:0,(anonymous_25)
DA:35,1
DA:37,1
DA:50,1
DA:79,1
DA:96,1
DA:97,1
DA:98,1
DA:99,0
DA:101,1
DA:106,0
DA:113,0
DA:117,0
DA:121,0
DA:122,0
DA:123,0
DA:125,0
DA:126,0
DA:129,0
DA:130,0
DA:133,0
DA:134,0
DA:135,0
DA:136,0
DA:138,0
DA:139,0
DA:140,0
DA:141,0
DA:142,0
DA:145,0
DA:147,0
DA:188,0
DA:211,0
DA:218,0
DA:272,0
DA:301,0
DA:336,0
DA:356,0
DA:371,0
DA:387,0
DA:419,0
DA:429,0
DA:443,0
DA:455,0
DA:467,0
LF:44
LH:8
BRDA:98,0,0,0
BRDA:98,0,1,1
BRDA:113,1,0,0
BRDA:113,1,1,0
BRDA:117,2,0,0
BRDA:117,2,1,0
BRDA:225,3,0,0
BRDA:225,3,1,0
BRDA:303,4,0,0
BRDA:303,4,1,0
BRDA:374,5,0,0
BRDA:374,5,1,0
BRDA:422,6,0,0
BRDA:422,6,1,0
BRF:14
BRH:1
end_of_record
TN:
SF:src\pages\store-connections.tsx
FN:73,CopyButton
FN:75,(anonymous_1)
FN:78,(anonymous_2)
FN:102,StoreConnectionsPage
FN:112,(anonymous_4)
FN:112,(anonymous_5)
FN:117,(anonymous_6)
FN:119,(anonymous_7)
FN:127,(anonymous_8)
FN:132,(anonymous_9)
FN:133,(anonymous_10)
FN:147,(anonymous_11)
FN:149,(anonymous_12)
FN:156,(anonymous_13)
FN:161,(anonymous_14)
FN:162,(anonymous_15)
FN:166,(anonymous_16)
FN:169,(anonymous_17)
FN:170,(anonymous_18)
FN:172,(anonymous_19)
FN:181,(anonymous_20)
FN:184,(anonymous_21)
FN:185,(anonymous_22)
FN:196,(anonymous_23)
FN:207,(anonymous_24)
FN:222,(anonymous_25)
FN:281,(anonymous_26)
FN:288,(anonymous_27)
FN:293,(anonymous_28)
FN:295,(anonymous_29)
FN:304,(anonymous_30)
FN:318,(anonymous_31)
FN:329,(anonymous_32)
FN:340,(anonymous_33)
FN:352,(anonymous_34)
FN:367,(anonymous_35)
FN:377,(anonymous_36)
FN:395,(anonymous_37)
FN:403,(anonymous_38)
FN:450,(anonymous_39)
FN:453,(anonymous_40)
FN:465,(anonymous_41)
FN:484,(anonymous_42)
FN:485,(anonymous_43)
FN:500,(anonymous_44)
FN:521,(anonymous_45)
FN:586,(anonymous_46)
FNF:47
FNH:0
FNDA:0,CopyButton
FNDA:0,(anonymous_1)
FNDA:0,(anonymous_2)
FNDA:0,StoreConnectionsPage
FNDA:0,(anonymous_4)
FNDA:0,(anonymous_5)
FNDA:0,(anonymous_6)
FNDA:0,(anonymous_7)
FNDA:0,(anonymous_8)
FNDA:0,(anonymous_9)
FNDA:0,(anonymous_10)
FNDA:0,(anonymous_11)
FNDA:0,(anonymous_12)
FNDA:0,(anonymous_13)
FNDA:0,(anonymous_14)
FNDA:0,(anonymous_15)
FNDA:0,(anonymous_16)
FNDA:0,(anonymous_17)
FNDA:0,(anonymous_18)
FNDA:0,(anonymous_19)
FNDA:0,(anonymous_20)
FNDA:0,(anonymous_21)
FNDA:0,(anonymous_22)
FNDA:0,(anonymous_23)
FNDA:0,(anonymous_24)
FNDA:0,(anonymous_25)
FNDA:0,(anonymous_26)
FNDA:0,(anonymous_27)
FNDA:0,(anonymous_28)
FNDA:0,(anonymous_29)
FNDA:0,(anonymous_30)
FNDA:0,(anonymous_31)
FNDA:0,(anonymous_32)
FNDA:0,(anonymous_33)
FNDA:0,(anonymous_34)
FNDA:0,(anonymous_35)
FNDA:0,(anonymous_36)
FNDA:0,(anonymous_37)
FNDA:0,(anonymous_38)
FNDA:0,(anonymous_39)
FNDA:0,(anonymous_40)
FNDA:0,(anonymous_41)
FNDA:0,(anonymous_42)
FNDA:0,(anonymous_43)
FNDA:0,(anonymous_44)
FNDA:0,(anonymous_45)
FNDA:0,(anonymous_46)
DA:25,0
DA:50,0
DA:63,0
DA:68,0
DA:74,0
DA:75,0
DA:76,0
DA:77,0
DA:78,0
DA:80,0
DA:94,0
DA:103,0
DA:104,0
DA:105,0
DA:106,0
DA:107,0
DA:108,0
DA:110,0
DA:112,0
DA:115,0
DA:118,0
DA:120,0
DA:126,0
DA:128,0
DA:132,0
DA:134,0
DA:135,0
DA:136,0
DA:137,0
DA:138,0
DA:139,0
DA:146,0
DA:148,0
DA:150,0
DA:151,0
DA:155,0
DA:157,0
DA:161,0
DA:162,0
DA:165,0
DA:167,0
DA:169,0
DA:171,0
DA:172,0
DA:173,0
DA:180,0
DA:182,0
DA:184,0
DA:186,0
DA:187,0
DA:189,0
DA:197,0
DA:205,0
DA:207,0
DA:208,0
DA:210,0
DA:222,0
DA:282,0
DA:288,0
DA:293,0
DA:296,0
DA:304,0
DA:319,0
DA:330,0
DA:341,0
DA:353,0
DA:354,0
DA:359,0
DA:361,0
DA:367,0
DA:378,0
DA:396,0
DA:397,0
DA:398,0
DA:403,0
DA:450,0
DA:454,0
DA:465,0
DA:485,0
DA:500,0
DA:521,0
DA:588,0
DA:589,0
LF:83
LH:0
BRDA:85,0,0,0
BRDA:85,0,1,0
BRDA:110,1,0,0
BRDA:115,2,0,0
BRDA:118,3,0,0
BRDA:118,3,1,0
BRDA:186,4,0,0
BRDA:186,4,1,0
BRDA:273,5,0,0
BRDA:273,5,1,0
BRDA:306,6,0,0
BRDA:306,6,1,0
BRDA:306,6,2,0
BRDA:313,7,0,0
BRDA:313,7,1,0
BRDA:317,8,0,0
BRDA:317,8,1,0
BRDA:325,9,0,0
BRDA:325,9,1,0
BRDA:328,10,0,0
BRDA:328,10,1,0
BRDA:339,11,0,0
BRDA:339,11,1,0
BRDA:353,12,0,0
BRDA:353,12,1,0
BRDA:365,13,0,0
BRDA:365,13,1,0
BRDA:375,14,0,0
BRDA:375,14,1,0
BRDA:385,15,0,0
BRDA:385,15,1,0
BRDA:403,16,0,0
BRDA:403,16,1,0
BRDA:405,17,0,0
BRDA:405,17,1,0
BRDA:417,18,0,0
BRDA:417,18,1,0
BRDA:424,19,0,0
BRDA:424,19,1,0
BRDA:432,20,0,0
BRDA:432,20,1,0
BRDA:457,21,0,0
BRDA:457,21,1,0
BRDA:460,22,0,0
BRDA:460,22,1,0
BRDA:462,23,0,0
BRDA:462,23,1,0
BRDA:473,24,0,0
BRDA:473,24,1,0
BRDA:481,25,0,0
BRDA:481,25,1,0
BRDA:492,26,0,0
BRDA:492,26,1,0
BRDA:498,27,0,0
BRDA:498,27,1,0
BRDA:507,28,0,0
BRDA:507,28,1,0
BRDA:507,28,2,0
BRDA:513,29,0,0
BRDA:513,29,1,0
BRDA:526,30,0,0
BRDA:526,30,1,0
BRDA:528,31,0,0
BRDA:528,31,1,0
BRDA:548,32,0,0
BRDA:548,32,1,0
BRDA:579,33,0,0
BRDA:579,33,1,0
BRDA:588,34,0,0
BRDA:588,34,1,0
BRDA:595,35,0,0
BRDA:595,35,1,0
BRDA:601,36,0,0
BRDA:601,36,1,0
BRF:74
BRH:0
end_of_record
TN:
SF:src\pages\supplier-detail.tsx
FN:9,SupplierDetail
FNF:1
FNH:0
FNDA:0,SupplierDetail
DA:10,0
DA:11,0
DA:12,0
DA:18,0
DA:25,0
DA:26,0
DA:28,0
LF:7
LH:0
BRDA:11,0,0,0
BRDA:11,0,1,0
BRDA:25,1,0,0
BRDA:25,1,1,0
BRDA:26,2,0,0
BRDA:26,2,1,0
BRF:6
BRH:0
end_of_record
TN:
SF:src\pages\supplier-finder.tsx
FN:37,SupplierFinder
FN:51,(anonymous_1)
FN:66,(anonymous_2)
FN:76,(anonymous_3)
FN:83,(anonymous_4)
FN:88,(anonymous_5)
FN:103,(anonymous_6)
FN:134,(anonymous_7)
FN:156,(anonymous_8)
FN:170,(anonymous_9)
FN:217,(anonymous_10)
FN:278,(anonymous_11)
FN:305,(anonymous_12)
FN:316,(anonymous_13)
FN:341,(anonymous_14)
FN:383,(anonymous_15)
FN:387,(anonymous_16)
FN:404,(anonymous_17)
FNF:18
FNH:0
FNDA:0,SupplierFinder
FNDA:0,(anonymous_1)
FNDA:0,(anonymous_2)
FNDA:0,(anonymous_3)
FNDA:0,(anonymous_4)
FNDA:0,(anonymous_5)
FNDA:0,(anonymous_6)
FNDA:0,(anonymous_7)
FNDA:0,(anonymous_8)
FNDA:0,(anonymous_9)
FNDA:0,(anonymous_10)
FNDA:0,(anonymous_11)
FNDA:0,(anonymous_12)
FNDA:0,(anonymous_13)
FNDA:0,(anonymous_14)
FNDA:0,(anonymous_15)
FNDA:0,(anonymous_16)
FNDA:0,(anonymous_17)
DA:38,0
DA:39,0
DA:40,0
DA:41,0
DA:45,0
DA:46,0
DA:48,0
DA:49,0
DA:51,0
DA:52,0
DA:53,0
DA:55,0
DA:67,0
DA:68,0
DA:76,0
DA:77,0
DA:78,0
DA:79,0
DA:80,0
DA:83,0
DA:84,0
DA:85,0
DA:89,0
DA:90,0
DA:91,0
DA:92,0
DA:93,0
DA:95,0
DA:103,0
DA:104,0
DA:108,0
DA:134,0
DA:156,0
DA:170,0
DA:218,0
DA:279,0
DA:305,0
DA:317,0
DA:342,0
DA:384,0
DA:387,0
DA:404,0
LF:42
LH:0
BRDA:53,0,0,0
BRDA:53,0,1,0
BRDA:59,1,0,0
BRDA:59,1,1,0
BRDA:62,2,0,0
BRDA:62,2,1,0
BRDA:78,3,0,0
BRDA:78,3,1,0
BRDA:79,4,0,0
BRDA:79,4,1,0
BRDA:89,5,0,0
BRDA:89,5,1,0
BRDA:180,6,0,0
BRDA:180,6,1,0
BRDA:183,7,0,0
BRDA:183,7,1,0
BRDA:196,8,0,0
BRDA:196,8,1,0
BRDA:196,8,2,0
BRDA:205,9,0,0
BRDA:205,9,1,0
BRDA:205,9,2,0
BRDA:234,10,0,0
BRDA:234,10,1,0
BRDA:292,11,0,0
BRDA:292,11,1,0
BRDA:300,12,0,0
BRDA:300,12,1,0
BRDA:311,13,0,0
BRDA:311,13,1,0
BRDA:367,14,0,0
BRDA:367,14,1,0
BRDA:373,15,0,0
BRDA:373,15,1,0
BRDA:386,16,0,0
BRDA:386,16,1,0
BRF:36
BRH:0
end_of_record
TN:
SF:src\pages\suppliers.tsx
FN:50,fmt
FN:59,calcScore
FN:73,getGrade
FN:122,getRecommendation
FN:201,Bar1
FN:222,StatusBar
FN:230,(anonymous_6)
FN:233,(anonymous_7)
FN:246,ScoreRing
FN:305,Suppliers
FN:312,(anonymous_10)
FN:312,(anonymous_11)
FN:323,(anonymous_12)
FN:323,(anonymous_13)
FN:327,(anonymous_14)
FN:328,(anonymous_15)
FN:330,(anonymous_16)
FN:332,(anonymous_17)
FN:334,(anonymous_18)
FN:338,(anonymous_19)
FN:339,(anonymous_20)
FN:340,(anonymous_21)
FN:341,(anonymous_22)
FN:342,(anonymous_23)
FN:343,(anonymous_24)
FN:346,(anonymous_25)
FN:350,(anonymous_26)
FN:370,(anonymous_27)
FN:373,(anonymous_28)
FN:402,(anonymous_29)
FN:403,(anonymous_30)
FN:416,(anonymous_31)
FN:425,(anonymous_32)
FN:437,(anonymous_33)
FN:438,(anonymous_34)
FN:441,(anonymous_35)
FN:445,(anonymous_36)
FN:447,(anonymous_37)
FN:465,(anonymous_38)
FN:469,(anonymous_39)
FN:474,(anonymous_40)
FN:480,(anonymous_41)
FN:486,(anonymous_42)
FN:492,(anonymous_43)
FN:498,(anonymous_44)
FN:499,(anonymous_45)
FN:510,(anonymous_46)
FN:534,(anonymous_47)
FN:542,(anonymous_48)
FN:584,(anonymous_49)
FN:624,(anonymous_50)
FN:654,(anonymous_51)
FN:667,(anonymous_52)
FN:670,(anonymous_53)
FN:674,(anonymous_54)
FN:681,(anonymous_55)
FN:686,(anonymous_56)
FN:693,(anonymous_57)
FN:698,(anonymous_58)
FN:703,(anonymous_59)
FN:708,(anonymous_60)
FN:710,(anonymous_61)
FN:715,(anonymous_62)
FN:739,(anonymous_63)
FN:742,(anonymous_64)
FN:773,(anonymous_65)
FN:789,(anonymous_66)
FN:795,(anonymous_67)
FN:799,(anonymous_68)
FN:835,(anonymous_69)
FN:838,(anonymous_70)
FN:848,(anonymous_71)
FN:853,(anonymous_72)
FN:855,(anonymous_73)
FN:932,(anonymous_74)
FNF:75
FNH:0
FNDA:0,fmt
FNDA:0,calcScore
FNDA:0,getGrade
FNDA:0,getRecommendation
FNDA:0,Bar1
FNDA:0,StatusBar
FNDA:0,(anonymous_6)
FNDA:0,(anonymous_7)
FNDA:0,ScoreRing
FNDA:0,Suppliers
FNDA:0,(anonymous_10)
FNDA:0,(anonymous_11)
FNDA:0,(anonymous_12)
FNDA:0,(anonymous_13)
FNDA:0,(anonymous_14)
FNDA:0,(anonymous_15)
FNDA:0,(anonymous_16)
FNDA:0,(anonymous_17)
FNDA:0,(anonymous_18)
FNDA:0,(anonymous_19)
FNDA:0,(anonymous_20)
FNDA:0,(anonymous_21)
FNDA:0,(anonymous_22)
FNDA:0,(anonymous_23)
FNDA:0,(anonymous_24)
FNDA:0,(anonymous_25)
FNDA:0,(anonymous_26)
FNDA:0,(anonymous_27)
FNDA:0,(anonymous_28)
FNDA:0,(anonymous_29)
FNDA:0,(anonymous_30)
FNDA:0,(anonymous_31)
FNDA:0,(anonymous_32)
FNDA:0,(anonymous_33)
FNDA:0,(anonymous_34)
FNDA:0,(anonymous_35)
FNDA:0,(anonymous_36)
FNDA:0,(anonymous_37)
FNDA:0,(anonymous_38)
FNDA:0,(anonymous_39)
FNDA:0,(anonymous_40)
FNDA:0,(anonymous_41)
FNDA:0,(anonymous_42)
FNDA:0,(anonymous_43)
FNDA:0,(anonymous_44)
FNDA:0,(anonymous_45)
FNDA:0,(anonymous_46)
FNDA:0,(anonymous_47)
FNDA:0,(anonymous_48)
FNDA:0,(anonymous_49)
FNDA:0,(anonymous_50)
FNDA:0,(anonymous_51)
FNDA:0,(anonymous_52)
FNDA:0,(anonymous_53)
FNDA:0,(anonymous_54)
FNDA:0,(anonymous_55)
FNDA:0,(anonymous_56)
FNDA:0,(anonymous_57)
FNDA:0,(anonymous_58)
FNDA:0,(anonymous_59)
FNDA:0,(anonymous_60)
FNDA:0,(anonymous_61)
FNDA:0,(anonymous_62)
FNDA:0,(anonymous_63)
FNDA:0,(anonymous_64)
FNDA:0,(anonymous_65)
FNDA:0,(anonymous_66)
FNDA:0,(anonymous_67)
FNDA:0,(anonymous_68)
FNDA:0,(anonymous_69)
FNDA:0,(anonymous_70)
FNDA:0,(anonymous_71)
FNDA:0,(anonymous_72)
FNDA:0,(anonymous_73)
FNDA:0,(anonymous_74)
DA:48,0
DA:51,0
DA:60,0
DA:61,0
DA:62,0
DA:63,0
DA:64,0
DA:65,0
DA:79,0
DA:80,0
DA:86,0
DA:87,0
DA:93,0
DA:94,0
DA:100,0
DA:101,0
DA:107,0
DA:108,0
DA:114,0
DA:127,0
DA:128,0
DA:133,0
DA:134,0
DA:139,0
DA:140,0
DA:145,0
DA:146,0
DA:151,0
DA:152,0
DA:157,0
DA:158,0
DA:163,0
DA:164,0
DA:169,0
DA:210,0
DA:211,0
DA:223,0
DA:224,0
DA:230,0
DA:231,0
DA:234,0
DA:253,0
DA:254,0
DA:255,0
DA:256,0
DA:306,0
DA:308,0
DA:309,0
DA:310,0
DA:312,0
DA:315,0
DA:316,0
DA:319,0
DA:320,0
DA:322,0
DA:323,0
DA:327,0
DA:328,0
DA:329,0
DA:330,0
DA:332,0
DA:333,0
DA:334,0
DA:337,0
DA:338,0
DA:339,0
DA:340,0
DA:341,0
DA:342,0
DA:343,0
DA:345,0
DA:346,0
DA:349,0
DA:350,0
DA:353,0
DA:354,0
DA:357,0
DA:359,0
DA:360,0
DA:362,0
DA:363,0
DA:364,0
DA:365,0
DA:369,0
DA:370,0
DA:373,0
DA:375,0
DA:397,0
DA:401,0
DA:403,0
DA:404,0
DA:405,0
DA:406,0
DA:407,0
DA:408,0
DA:409,0
DA:410,0
DA:415,0
DA:417,0
DA:425,0
DA:437,0
DA:438,0
DA:440,0
DA:441,0
DA:444,0
DA:445,0
DA:447,0
DA:449,0
DA:457,0
DA:465,0
DA:466,0
DA:469,0
DA:474,0
DA:480,0
DA:486,0
DA:492,0
DA:496,0
DA:498,0
DA:499,0
DA:500,0
DA:501,0
DA:502,0
DA:503,0
DA:507,0
DA:508,0
DA:511,0
DA:516,0
DA:534,0
DA:542,0
DA:585,0
DA:625,0
DA:655,0
DA:667,0
DA:670,0
DA:675,0
DA:682,0
DA:687,0
DA:694,0
DA:699,0
DA:704,0
DA:708,0
DA:711,0
DA:716,0
DA:740,0
DA:742,0
DA:774,0
DA:789,0
DA:795,0
DA:800,0
DA:836,0
DA:838,0
DA:849,0
DA:850,0
DA:851,0
DA:852,0
DA:853,0
DA:854,0
DA:855,0
DA:859,0
DA:932,0
LF:160
LH:0
BRDA:60,0,0,0
BRDA:60,0,1,0
BRDA:79,1,0,0
BRDA:79,1,1,0
BRDA:86,2,0,0
BRDA:86,2,1,0
BRDA:93,3,0,0
BRDA:93,3,1,0
BRDA:100,4,0,0
BRDA:100,4,1,0
BRDA:107,5,0,0
BRDA:107,5,1,0
BRDA:127,6,0,0
BRDA:127,6,1,0
BRDA:133,7,0,0
BRDA:133,7,1,0
BRDA:139,8,0,0
BRDA:139,8,1,0
BRDA:139,9,0,0
BRDA:139,9,1,0
BRDA:145,10,0,0
BRDA:145,10,1,0
BRDA:151,11,0,0
BRDA:151,11,1,0
BRDA:151,12,0,0
BRDA:151,12,1,0
BRDA:157,13,0,0
BRDA:157,13,1,0
BRDA:157,14,0,0
BRDA:157,14,1,0
BRDA:163,15,0,0
BRDA:163,15,1,0
BRDA:204,16,0,0
BRDA:210,17,0,0
BRDA:210,17,1,0
BRDA:223,18,0,0
BRDA:223,18,1,0
BRDA:274,19,0,0
BRDA:274,19,1,0
BRDA:276,20,0,0
BRDA:276,20,1,0
BRDA:278,21,0,0
BRDA:278,21,1,0
BRDA:306,22,0,0
BRDA:308,23,0,0
BRDA:309,24,0,0
BRDA:310,25,0,0
BRDA:334,26,0,0
BRDA:334,26,1,0
BRDA:346,27,0,0
BRDA:346,27,1,0
BRDA:346,28,0,0
BRDA:346,28,1,0
BRDA:350,29,0,0
BRDA:350,29,1,0
BRDA:350,30,0,0
BRDA:350,30,1,0
BRDA:354,31,0,0
BRDA:354,31,1,0
BRDA:357,32,0,0
BRDA:357,32,1,0
BRDA:359,33,0,0
BRDA:359,33,1,0
BRDA:360,34,0,0
BRDA:360,34,1,0
BRDA:364,35,0,0
BRDA:364,35,1,0
BRDA:366,36,0,0
BRDA:366,36,1,0
BRDA:367,37,0,0
BRDA:367,37,1,0
BRDA:367,38,0,0
BRDA:367,38,1,0
BRDA:373,39,0,0
BRDA:373,39,1,0
BRDA:378,40,0,0
BRDA:378,40,1,0
BRDA:379,41,0,0
BRDA:379,41,1,0
BRDA:404,42,0,0
BRDA:404,42,1,0
BRDA:405,43,0,0
BRDA:405,43,1,0
BRDA:406,44,0,0
BRDA:406,44,1,0
BRDA:407,45,0,0
BRDA:407,45,1,0
BRDA:408,46,0,0
BRDA:408,46,1,0
BRDA:409,47,0,0
BRDA:409,47,1,0
BRDA:417,48,0,0
BRDA:417,48,1,0
BRDA:419,49,0,0
BRDA:419,49,1,0
BRDA:421,50,0,0
BRDA:421,50,1,0
BRDA:426,51,0,0
BRDA:426,51,1,0
BRDA:428,52,0,0
BRDA:428,52,1,0
BRDA:430,53,0,0
BRDA:430,53,1,0
BRDA:432,54,0,0
BRDA:432,54,1,0
BRDA:440,55,0,0
BRDA:440,55,1,0
BRDA:444,56,0,0
BRDA:444,56,1,0
BRDA:501,57,0,0
BRDA:501,57,1,0
BRDA:501,58,0,0
BRDA:501,58,1,0
BRDA:507,59,0,0
BRDA:507,59,1,0
BRDA:533,60,0,0
BRDA:533,60,1,0
BRDA:541,61,0,0
BRDA:541,61,1,0
BRDA:546,62,0,0
BRDA:546,62,1,0
BRDA:569,63,0,0
BRDA:569,63,1,0
BRDA:575,64,0,0
BRDA:575,64,1,0
BRDA:580,65,0,0
BRDA:580,65,1,0
BRDA:598,66,0,0
BRDA:598,66,1,0
BRDA:598,66,2,0
BRDA:675,67,0,0
BRDA:675,67,1,0
BRDA:682,68,0,0
BRDA:682,68,1,0
BRDA:687,69,0,0
BRDA:687,69,1,0
BRDA:694,70,0,0
BRDA:694,70,1,0
BRDA:699,71,0,0
BRDA:699,71,1,0
BRDA:704,72,0,0
BRDA:704,72,1,0
BRDA:730,73,0,0
BRDA:730,73,1,0
BRDA:730,73,2,0
BRDA:743,74,0,0
BRDA:743,74,1,0
BRDA:774,75,0,0
BRDA:774,75,1,0
BRDA:776,76,0,0
BRDA:776,76,1,0
BRDA:778,77,0,0
BRDA:778,77,1,0
BRDA:790,78,0,0
BRDA:790,78,1,0
BRDA:792,79,0,0
BRDA:792,79,1,0
BRDA:795,80,0,0
BRDA:795,80,1,0
BRDA:828,81,0,0
BRDA:828,81,1,0
BRDA:839,82,0,0
BRDA:839,82,1,0
BRDA:862,83,0,0
BRDA:862,83,1,0
BRDA:876,84,0,0
BRDA:876,84,1,0
BRDA:878,85,0,0
BRDA:878,85,1,0
BRDA:880,86,0,0
BRDA:880,86,1,0
BRDA:894,87,0,0
BRDA:894,87,1,0
BRDA:901,88,0,0
BRDA:901,88,1,0
BRDA:903,89,0,0
BRDA:903,89,1,0
BRDA:903,89,2,0
BRDA:909,90,0,0
BRDA:909,90,1,0
BRDA:909,90,2,0
BRDA:915,91,0,0
BRDA:915,91,1,0
BRDA:922,92,0,0
BRDA:922,92,1,0
BRDA:933,93,0,0
BRDA:933,93,1,0
BRDA:935,94,0,0
BRDA:935,94,1,0
BRDA:947,95,0,0
BRDA:947,95,1,0
BRDA:947,96,0,0
BRDA:947,96,1,0
BRDA:949,97,0,0
BRDA:949,97,1,0
BRDA:958,98,0,0
BRDA:958,98,1,0
BRDA:960,99,0,0
BRDA:960,99,1,0
BRDA:972,100,0,0
BRDA:972,100,1,0
BRDA:972,101,0,0
BRDA:972,101,1,0
BRDA:974,102,0,0
BRDA:974,102,1,0
BRDA:981,103,0,0
BRDA:981,103,1,0
BRDA:983,104,0,0
BRDA:983,104,1,0
BRDA:993,105,0,0
BRDA:993,105,1,0
BRDA:1019,106,0,0
BRDA:1019,106,1,0
BRDA:1021,107,0,0
BRDA:1021,107,1,0
BRDA:1027,108,0,0
BRDA:1027,108,1,0
BRDA:1033,109,0,0
BRDA:1033,109,1,0
BRDA:1039,110,0,0
BRDA:1039,110,1,0
BRDA:1045,111,0,0
BRDA:1045,111,1,0
BRDA:1051,112,0,0
BRDA:1051,112,1,0
BRDA:1063,113,0,0
BRDA:1063,113,1,0
BRDA:1065,114,0,0
BRDA:1065,114,1,0
BRDA:1067,115,0,0
BRDA:1067,115,1,0
BRDA:1069,116,0,0
BRDA:1069,116,1,0
BRDA:1071,117,0,0
BRDA:1071,117,1,0
BRDA:1089,118,0,0
BRDA:1089,118,1,0
BRF:237
BRH:0
end_of_record
TN:
SF:src\pages\velocity.tsx
FN:18,fmt
FN:32,VelocityPage
FN:37,(anonymous_2)
FN:40,(anonymous_3)
FN:64,(anonymous_4)
FN:66,(anonymous_5)
FN:86,(anonymous_6)
FN:89,(anonymous_7)
FN:90,(anonymous_8)
FN:91,(anonymous_9)
FN:93,(anonymous_10)
FN:102,(anonymous_11)
FN:120,(anonymous_12)
FN:123,(anonymous_13)
FN:194,(anonymous_14)
FN:204,(anonymous_15)
FN:207,(anonymous_16)
FN:234,(anonymous_17)
FNF:18
FNH:0
FNDA:0,fmt
FNDA:0,VelocityPage
FNDA:0,(anonymous_2)
FNDA:0,(anonymous_3)
FNDA:0,(anonymous_4)
FNDA:0,(anonymous_5)
FNDA:0,(anonymous_6)
FNDA:0,(anonymous_7)
FNDA:0,(anonymous_8)
FNDA:0,(anonymous_9)
FNDA:0,(anonymous_10)
FNDA:0,(anonymous_11)
FNDA:0,(anonymous_12)
FNDA:0,(anonymous_13)
FNDA:0,(anonymous_14)
FNDA:0,(anonymous_15)
FNDA:0,(anonymous_16)
FNDA:0,(anonymous_17)
DA:19,0
DA:26,0
DA:33,0
DA:34,0
DA:35,0
DA:37,0
DA:38,0
DA:39,0
DA:40,0
DA:41,0
DA:42,0
DA:48,0
DA:49,0
DA:50,0
DA:51,0
DA:52,0
DA:58,0
DA:59,0
DA:63,0
DA:65,0
DA:66,0
DA:67,0
DA:69,0
DA:72,0
DA:86,0
DA:89,0
DA:90,0
DA:91,0
DA:93,0
DA:99,0
DA:100,0
DA:103,0
DA:108,0
DA:121,0
DA:123,0
DA:194,0
DA:204,0
DA:208,0
DA:235,0
LF:39
LH:0
BRDA:33,0,0,0
BRDA:34,1,0,0
BRDA:41,2,0,0
BRDA:41,2,1,0
BRDA:42,3,0,0
BRDA:42,3,1,0
BRDA:50,4,0,0
BRDA:50,4,1,0
BRDA:51,5,0,0
BRDA:51,5,1,0
BRDA:56,6,0,0
BRDA:56,6,1,0
BRDA:58,7,0,0
BRDA:58,7,1,0
BRDA:60,8,0,0
BRDA:60,8,1,0
BRDA:60,9,0,0
BRDA:60,9,1,0
BRDA:67,10,0,0
BRDA:67,10,1,0
BRDA:69,11,0,0
BRDA:69,11,1,0
BRDA:69,12,0,0
BRDA:69,12,1,0
BRDA:77,13,0,0
BRDA:77,13,1,0
BRDA:79,14,0,0
BRDA:79,14,1,0
BRDA:79,15,0,0
BRDA:79,15,1,0
BRDA:81,16,0,0
BRDA:81,16,1,0
BRDA:81,17,0,0
BRDA:81,17,1,0
BRDA:94,18,0,0
BRDA:94,18,1,0
BRDA:99,19,0,0
BRDA:99,19,1,0
BRDA:124,20,0,0
BRDA:124,20,1,0
BRDA:165,21,0,0
BRDA:165,21,1,0
BRDA:211,22,0,0
BRDA:211,22,1,0
BRDA:211,23,0,0
BRDA:211,23,1,0
BRDA:213,24,0,0
BRDA:213,24,1,0
BRDA:213,25,0,0
BRDA:213,25,1,0
BRDA:228,26,0,0
BRDA:228,26,1,0
BRDA:238,27,0,0
BRDA:238,27,1,0
BRDA:240,28,0,0
BRDA:240,28,1,0
BRDA:253,29,0,0
BRDA:253,29,1,0
BRDA:258,30,0,0
BRDA:258,30,1,0
BRDA:283,31,0,0
BRDA:283,31,1,0
BRDA:287,32,0,0
BRDA:287,32,1,0
BRDA:287,33,0,0
BRDA:287,33,1,0
BRDA:293,34,0,0
BRDA:293,34,1,0
BRDA:297,35,0,0
BRDA:297,35,1,0
BRDA:297,36,0,0
BRDA:297,36,1,0
BRDA:306,37,0,0
BRDA:306,37,1,0
BRDA:308,38,0,0
BRDA:308,38,1,0
BRDA:308,39,0,0
BRDA:308,39,1,0
BRF:78
BRH:0
end_of_record
