TN:
SF:src\App.tsx
FN:40,Router
FN:79,App
FNF:2
FNH:0
FNDA:0,Router
FNDA:0,App
DA:38,0
DA:41,0
DA:80,0
LF:3
LH:0
BRF:0
BRH:0
end_of_record
TN:
SF:src\components\layout.tsx
FN:6,useTotalAlerts
FN:10,(anonymous_1)
FN:80,Layout
FN:91,(anonymous_3)
FN:95,(anonymous_4)
FNF:5
FNH:0
FNDA:0,useTotalAlerts
FNDA:0,(anonymous_1)
FNDA:0,Layout
FNDA:0,(anonymous_3)
FNDA:0,(anonymous_4)
DA:7,0
DA:8,0
DA:9,0
DA:10,0
DA:11,0
DA:12,0
DA:13,0
DA:15,0
DA:18,0
DA:81,0
DA:82,0
DA:84,0
DA:92,0
DA:96,0
DA:97,0
DA:98,0
LF:16
LH:0
BRDA:8,0,0,0
BRDA:9,1,0,0
BRDA:11,2,0,0
BRDA:11,2,1,0
BRDA:11,3,0,0
BRDA:11,3,1,0
BRDA:15,4,0,0
BRDA:15,4,1,0
BRDA:97,5,0,0
BRDA:97,5,1,0
BRDA:97,5,2,0
BRDA:102,6,0,0
BRDA:102,6,1,0
BRDA:114,7,0,0
BRDA:114,7,1,0
BRDA:117,8,0,0
BRDA:117,8,1,0
BRDA:119,9,0,0
BRDA:119,9,1,0
BRDA:124,10,0,0
BRDA:124,10,1,0
BRDA:130,11,0,0
BRDA:130,11,1,0
BRF:23
BRH:0
end_of_record
TN:
SF:src\hooks\use-mobile.tsx
FN:5,useIsMobile
FN:8,(anonymous_1)
FN:10,(anonymous_2)
FN:15,(anonymous_3)
FNF:4
FNH:0
FNDA:0,useIsMobile
FNDA:0,(anonymous_1)
FNDA:0,(anonymous_2)
FNDA:0,(anonymous_3)
DA:3,0
DA:6,0
DA:8,0
DA:9,0
DA:10,0
DA:11,0
DA:13,0
DA:14,0
DA:15,0
DA:18,0
LF:10
LH:0
BRF:0
BRH:0
end_of_record
TN:
SF:src\hooks\use-toast.ts
FN:27,genId
FN:58,(anonymous_1)
FN:63,(anonymous_2)
FN:74,(anonymous_3)
FN:85,(anonymous_4)
FN:98,(anonymous_5)
FN:105,(anonymous_6)
FN:124,(anonymous_7)
FN:133,dispatch
FN:135,(anonymous_9)
FN:142,toast
FN:145,(anonymous_11)
FN:150,(anonymous_12)
FN:158,(anonymous_13)
FN:171,useToast
FN:174,(anonymous_15)
FN:176,(anonymous_16)
FN:187,(anonymous_17)
FNF:18
FNH:3
FNDA:0,genId
FNDA:0,(anonymous_1)
FNDA:0,(anonymous_2)
FNDA:0,(anonymous_3)
FNDA:0,(anonymous_4)
FNDA:0,(anonymous_5)
FNDA:0,(anonymous_6)
FNDA:0,(anonymous_7)
FNDA:0,dispatch
FNDA:0,(anonymous_9)
FNDA:0,toast
FNDA:0,(anonymous_11)
FNDA:0,(anonymous_12)
FNDA:0,(anonymous_13)
FNDA:1,useToast
FNDA:1,(anonymous_15)
FNDA:1,(anonymous_16)
FNDA:0,(anonymous_17)
DA:8,2
DA:9,2
DA:18,2
DA:25,2
DA:28,0
DA:29,0
DA:56,2
DA:58,2
DA:59,0
DA:60,0
DA:63,0
DA:64,0
DA:65,0
DA:71,0
DA:74,2
DA:75,0
DA:77,0
DA:83,0
DA:86,0
DA:91,0
DA:95,0
DA:96,0
DA:98,0
DA:99,0
DA:103,0
DA:106,0
DA:116,0
DA:117,0
DA:122,0
DA:124,0
DA:129,2
DA:131,2
DA:134,0
DA:135,0
DA:136,0
DA:143,0
DA:145,0
DA:146,0
DA:150,0
DA:152,0
DA:159,0
DA:164,0
DA:172,1
DA:174,1
DA:175,1
DA:176,1
DA:177,1
DA:178,1
DA:179,1
DA:184,1
DA:187,0
LF:51
LH:17
BRDA:59,0,0,0
BRDA:59,0,1,0
BRDA:75,1,0,0
BRDA:75,1,1,0
BRDA:75,1,2,0
BRDA:75,1,3,0
BRDA:86,2,0,0
BRDA:86,2,1,0
BRDA:95,3,0,0
BRDA:95,3,1,0
BRDA:106,4,0,0
BRDA:106,4,1,0
BRDA:106,5,0,0
BRDA:106,5,1,0
BRDA:116,6,0,0
BRDA:116,6,1,0
BRDA:159,7,0,0
BRDA:159,7,1,0
BRDA:178,8,0,1
BRDA:178,8,1,0
BRF:20
BRH:1
end_of_record
TN:
SF:src\pages\ad-spend.tsx
FN:31,fmt
FN:34,fmtShort
FN:40,AdSpendPage
FN:48,(anonymous_3)
FN:48,(anonymous_4)
FN:53,(anonymous_5)
FN:53,(anonymous_6)
FN:57,(anonymous_7)
FN:59,(anonymous_8)
FN:60,(anonymous_9)
FN:68,(anonymous_10)
FN:69,(anonymous_11)
FN:76,(anonymous_12)
FN:87,(anonymous_13)
FN:105,(anonymous_14)
FN:111,(anonymous_15)
FN:135,(anonymous_16)
FN:137,(anonymous_17)
FN:139,(anonymous_18)
FN:151,(anonymous_19)
FN:172,(anonymous_20)
FN:173,(anonymous_21)
FN:174,(anonymous_22)
FN:176,(anonymous_23)
FN:177,(anonymous_24)
FN:178,(anonymous_25)
FN:179,(anonymous_26)
FN:180,(anonymous_27)
FN:181,(anonymous_28)
FN:185,(anonymous_29)
FN:216,(anonymous_30)
FN:235,(anonymous_31)
FNF:32
FNH:0
FNDA:0,fmt
FNDA:0,fmtShort
FNDA:0,AdSpendPage
FNDA:0,(anonymous_3)
FNDA:0,(anonymous_4)
FNDA:0,(anonymous_5)
FNDA:0,(anonymous_6)
FNDA:0,(anonymous_7)
FNDA:0,(anonymous_8)
FNDA:0,(anonymous_9)
FNDA:0,(anonymous_10)
FNDA:0,(anonymous_11)
FNDA:0,(anonymous_12)
FNDA:0,(anonymous_13)
FNDA:0,(anonymous_14)
FNDA:0,(anonymous_15)
FNDA:0,(anonymous_16)
FNDA:0,(anonymous_17)
FNDA:0,(anonymous_18)
FNDA:0,(anonymous_19)
FNDA:0,(anonymous_20)
FNDA:0,(anonymous_21)
FNDA:0,(anonymous_22)
FNDA:0,(anonymous_23)
FNDA:0,(anonymous_24)
FNDA:0,(anonymous_25)
FNDA:0,(anonymous_26)
FNDA:0,(anonymous_27)
FNDA:0,(anonymous_28)
FNDA:0,(anonymous_29)
FNDA:0,(anonymous_30)
FNDA:0,(anonymous_31)
DA:11,0
DA:25,0
DA:26,0
DA:32,0
DA:35,0
DA:38,0
DA:41,0
DA:42,0
DA:43,0
DA:44,0
DA:46,0
DA:48,0
DA:51,0
DA:53,0
DA:56,0
DA:57,0
DA:59,0
DA:61,0
DA:62,0
DA:63,0
DA:67,0
DA:68,0
DA:70,0
DA:71,0
DA:72,0
DA:76,0
DA:77,0
DA:87,0
DA:89,0
DA:98,0
DA:105,0
DA:112,0
DA:135,0
DA:137,0
DA:140,0
DA:152,0
DA:172,0
DA:173,0
DA:174,0
DA:176,0
DA:177,0
DA:178,0
DA:179,0
DA:180,0
DA:181,0
DA:185,0
DA:217,0
DA:218,0
DA:219,0
DA:220,0
DA:235,0
LF:51
LH:0
BRDA:46,0,0,0
BRDA:79,1,0,0
BRDA:79,1,1,0
BRDA:80,2,0,0
BRDA:80,2,1,0
BRDA:81,3,0,0
BRDA:81,3,1,0
BRDA:82,4,0,0
BRDA:82,4,1,0
BRDA:83,5,0,0
BRDA:83,5,1,0
BRDA:87,6,0,0
BRDA:87,6,1,0
BRDA:87,7,0,0
BRDA:87,7,1,0
BRDA:90,8,0,0
BRDA:90,8,1,0
BRDA:91,9,0,0
BRDA:91,9,1,0
BRDA:92,10,0,0
BRDA:92,10,1,0
BRDA:92,11,0,0
BRDA:92,11,1,0
BRDA:93,12,0,0
BRDA:93,12,1,0
BRDA:94,13,0,0
BRDA:94,13,1,0
BRDA:95,14,0,0
BRDA:95,14,1,0
BRDA:124,15,0,0
BRDA:124,15,1,0
BRDA:126,16,0,0
BRDA:126,16,1,0
BRDA:132,17,0,0
BRDA:132,17,1,0
BRDA:140,18,0,0
BRDA:140,18,1,0
BRDA:153,19,0,0
BRDA:153,19,1,0
BRDA:156,20,0,0
BRDA:156,20,1,0
BRDA:167,21,0,0
BRDA:167,21,1,0
BRDA:194,22,0,0
BRDA:194,22,1,0
BRDA:196,23,0,0
BRDA:196,23,1,0
BRDA:217,24,0,0
BRDA:217,24,1,0
BRDA:218,25,0,0
BRDA:218,25,1,0
BRDA:219,26,0,0
BRDA:219,26,1,0
BRDA:225,27,0,0
BRDA:225,27,1,0
BRDA:232,28,0,0
BRDA:232,28,1,0
BRDA:233,29,0,0
BRDA:233,29,1,0
BRF:59
BRH:0
end_of_record
TN:
SF:src\pages\ai-settings.tsx
FN:48,AISettingsPage
FN:57,(anonymous_1)
FN:57,(anonymous_2)
FN:62,(anonymous_3)
FN:62,(anonymous_4)
FN:66,(anonymous_5)
FN:71,(anonymous_6)
FN:72,(anonymous_7)
FN:76,(anonymous_8)
FN:82,(anonymous_9)
FN:84,(anonymous_10)
FN:90,testKey
FN:107,(anonymous_12)
FN:110,getForm
FN:145,(anonymous_14)
FN:156,(anonymous_15)
FN:182,(anonymous_16)
FN:192,(anonymous_17)
FN:218,(anonymous_18)
FN:218,(anonymous_19)
FN:230,(anonymous_20)
FN:230,(anonymous_21)
FN:232,(anonymous_22)
FN:240,(anonymous_23)
FN:245,(anonymous_24)
FNF:25
FNH:0
FNDA:0,AISettingsPage
FNDA:0,(anonymous_1)
FNDA:0,(anonymous_2)
FNDA:0,(anonymous_3)
FNDA:0,(anonymous_4)
FNDA:0,(anonymous_5)
FNDA:0,(anonymous_6)
FNDA:0,(anonymous_7)
FNDA:0,(anonymous_8)
FNDA:0,(anonymous_9)
FNDA:0,(anonymous_10)
FNDA:0,testKey
FNDA:0,(anonymous_12)
FNDA:0,getForm
FNDA:0,(anonymous_14)
FNDA:0,(anonymous_15)
FNDA:0,(anonymous_16)
FNDA:0,(anonymous_17)
FNDA:0,(anonymous_18)
FNDA:0,(anonymous_19)
FNDA:0,(anonymous_20)
FNDA:0,(anonymous_21)
FNDA:0,(anonymous_22)
FNDA:0,(anonymous_23)
FNDA:0,(anonymous_24)
DA:13,0
DA:30,0
DA:39,0
DA:49,0
DA:50,0
DA:51,0
DA:52,0
DA:53,0
DA:55,0
DA:57,0
DA:60,0
DA:62,0
DA:65,0
DA:67,0
DA:71,0
DA:73,0
DA:74,0
DA:75,0
DA:76,0
DA:77,0
DA:81,0
DA:83,0
DA:85,0
DA:86,0
DA:91,0
DA:92,0
DA:93,0
DA:94,0
DA:95,0
DA:96,0
DA:98,0
DA:101,0
DA:103,0
DA:107,0
DA:108,0
DA:111,0
DA:114,0
DA:146,0
DA:147,0
DA:148,0
DA:149,0
DA:151,0
DA:156,0
DA:182,0
DA:192,0
DA:218,0
DA:230,0
DA:232,0
DA:240,0
DA:245,0
LF:50
LH:0
BRDA:55,0,0,0
BRDA:60,1,0,0
BRDA:73,2,0,0
BRDA:73,2,1,0
BRDA:95,3,0,0
BRDA:95,3,1,0
BRDA:111,4,0,0
BRDA:111,4,1,0
BRDA:111,5,0,0
BRDA:111,5,1,0
BRDA:125,6,0,0
BRDA:125,6,1,0
BRDA:130,7,0,0
BRDA:130,7,1,0
BRDA:149,8,0,0
BRDA:149,8,1,0
BRDA:152,9,0,0
BRDA:152,9,1,0
BRDA:156,10,0,0
BRDA:156,10,1,0
BRDA:158,11,0,0
BRDA:158,11,1,0
BRDA:162,12,0,0
BRDA:162,12,1,0
BRDA:171,13,0,0
BRDA:171,13,1,0
BRDA:176,14,0,0
BRDA:176,14,1,0
BRDA:185,15,0,0
BRDA:185,15,1,0
BRDA:186,16,0,0
BRDA:186,16,1,0
BRDA:198,17,0,0
BRDA:198,17,1,0
BRDA:202,18,0,0
BRDA:202,18,1,0
BRDA:216,19,0,0
BRDA:216,19,1,0
BRDA:224,20,0,0
BRDA:224,20,1,0
BRDA:241,21,0,0
BRDA:241,21,1,0
BRDA:243,22,0,0
BRDA:243,22,1,0
BRDA:243,23,0,0
BRDA:243,23,1,0
BRF:46
BRH:0
end_of_record
TN:
SF:src\pages\analytics.tsx
FN:17,fmt
FN:21,fmtFull
FN:30,AnalyticsPage
FN:38,(anonymous_3)
FN:73,(anonymous_4)
FN:77,(anonymous_5)
FN:80,(anonymous_6)
FN:82,(anonymous_7)
FN:84,(anonymous_8)
FN:90,(anonymous_9)
FN:91,(anonymous_10)
FN:92,(anonymous_11)
FN:94,(anonymous_12)
FN:129,(anonymous_13)
FN:148,(anonymous_14)
FN:151,(anonymous_15)
FN:170,(anonymous_16)
FN:174,(anonymous_17)
FN:177,(anonymous_18)
FN:198,(anonymous_19)
FN:201,(anonymous_20)
FN:232,(anonymous_21)
FN:281,(anonymous_22)
FNF:23
FNH:0
FNDA:0,fmt
FNDA:0,fmtFull
FNDA:0,AnalyticsPage
FNDA:0,(anonymous_3)
FNDA:0,(anonymous_4)
FNDA:0,(anonymous_5)
FNDA:0,(anonymous_6)
FNDA:0,(anonymous_7)
FNDA:0,(anonymous_8)
FNDA:0,(anonymous_9)
FNDA:0,(anonymous_10)
FNDA:0,(anonymous_11)
FNDA:0,(anonymous_12)
FNDA:0,(anonymous_13)
FNDA:0,(anonymous_14)
FNDA:0,(anonymous_15)
FNDA:0,(anonymous_16)
FNDA:0,(anonymous_17)
FNDA:0,(anonymous_18)
FNDA:0,(anonymous_19)
FNDA:0,(anonymous_20)
FNDA:0,(anonymous_21)
FNDA:0,(anonymous_22)
DA:18,0
DA:22,0
DA:25,0
DA:26,0
DA:31,0
DA:32,0
DA:33,0
DA:34,0
DA:36,0
DA:38,0
DA:39,0
DA:49,0
DA:50,0
DA:51,0
DA:52,0
DA:61,0
DA:62,0
DA:63,0
DA:64,0
DA:65,0
DA:66,0
DA:67,0
DA:68,0
DA:69,0
DA:72,0
DA:73,0
DA:77,0
DA:80,0
DA:81,0
DA:82,0
DA:84,0
DA:90,0
DA:91,0
DA:92,0
DA:93,0
DA:94,0
DA:97,0
DA:104,0
DA:110,0
DA:130,0
DA:149,0
DA:151,0
DA:170,0
DA:174,0
DA:178,0
DA:199,0
DA:201,0
DA:233,0
DA:281,0
LF:49
LH:0
BRDA:31,0,0,0
BRDA:32,1,0,0
BRDA:36,2,0,0
BRDA:36,2,1,0
BRDA:50,3,0,0
BRDA:50,3,1,0
BRDA:51,4,0,0
BRDA:51,4,1,0
BRDA:52,5,0,0
BRDA:52,5,1,0
BRDA:54,6,0,0
BRDA:54,6,1,0
BRDA:61,7,0,0
BRDA:61,7,1,0
BRDA:62,8,0,0
BRDA:62,8,1,0
BRDA:63,9,0,0
BRDA:63,9,1,0
BRDA:75,10,0,0
BRDA:75,10,1,0
BRDA:85,11,0,0
BRDA:85,11,1,0
BRDA:93,12,0,0
BRDA:93,12,1,0
BRDA:104,13,0,0
BRDA:104,13,1,0
BRDA:152,14,0,0
BRDA:152,14,1,0
BRDA:161,15,0,0
BRDA:161,15,1,0
BRDA:170,16,0,0
BRDA:170,16,1,0
BRDA:174,17,0,0
BRDA:174,17,1,0
BRDA:178,18,0,0
BRDA:178,18,1,0
BRDA:202,19,0,0
BRDA:202,19,1,0
BRDA:212,20,0,0
BRDA:212,20,1,0
BRDA:237,21,0,0
BRDA:237,21,1,0
BRDA:238,22,0,0
BRDA:238,22,1,0
BRDA:239,23,0,0
BRDA:239,23,1,0
BRDA:257,24,0,0
BRDA:257,24,1,0
BRDA:258,25,0,0
BRDA:258,25,1,0
BRF:50
BRH:0
end_of_record
TN:
SF:src\pages\cash-flow.tsx
FN:8,fmt
FN:11,fmtFull
FN:15,CashFlowPage
FN:18,(anonymous_3)
FN:18,(anonymous_4)
FN:79,(anonymous_5)
FN:85,(anonymous_6)
FN:125,(anonymous_7)
FN:128,(anonymous_8)
FN:153,(anonymous_9)
FN:156,(anonymous_10)
FNF:11
FNH:0
FNDA:0,fmt
FNDA:0,fmtFull
FNDA:0,CashFlowPage
FNDA:0,(anonymous_3)
FNDA:0,(anonymous_4)
FNDA:0,(anonymous_5)
FNDA:0,(anonymous_6)
FNDA:0,(anonymous_7)
FNDA:0,(anonymous_8)
FNDA:0,(anonymous_9)
FNDA:0,(anonymous_10)
DA:6,0
DA:9,0
DA:12,0
DA:16,0
DA:18,0
DA:21,0
DA:22,0
DA:23,0
DA:25,0
DA:70,0
DA:80,0
DA:86,0
DA:125,0
DA:128,0
DA:153,0
DA:156,0
LF:16
LH:0
BRDA:21,0,0,0
BRDA:21,0,1,0
BRDA:22,1,0,0
BRDA:22,1,1,0
BRDA:23,2,0,0
BRDA:23,2,1,0
BRDA:28,3,0,0
BRDA:28,3,1,0
BRDA:30,4,0,0
BRDA:30,4,1,0
BRDA:30,5,0,0
BRDA:30,5,1,0
BRDA:35,6,0,0
BRDA:35,6,1,0
BRDA:42,7,0,0
BRDA:42,7,1,0
BRDA:49,8,0,0
BRDA:49,8,1,0
BRDA:51,9,0,0
BRDA:51,9,1,0
BRDA:51,10,0,0
BRDA:51,10,1,0
BRDA:56,11,0,0
BRDA:56,11,1,0
BRDA:63,12,0,0
BRDA:63,12,1,0
BRDA:77,13,0,0
BRDA:77,13,1,0
BRDA:108,14,0,0
BRDA:108,14,1,0
BRDA:144,15,0,0
BRDA:144,15,1,0
BRDA:146,16,0,0
BRDA:146,16,1,0
BRDA:177,17,0,0
BRDA:177,17,1,0
BRDA:184,18,0,0
BRDA:184,18,1,0
BRDA:188,19,0,0
BRDA:188,19,1,0
BRDA:188,20,0,0
BRDA:188,20,1,0
BRDA:189,21,0,0
BRDA:189,21,1,0
BRDA:196,22,0,0
BRDA:196,22,1,0
BRDA:196,23,0,0
BRDA:196,23,1,0
BRDA:200,24,0,0
BRDA:200,24,1,0
BRDA:202,25,0,0
BRDA:202,25,1,0
BRDA:202,26,0,0
BRDA:202,26,1,0
BRDA:206,27,0,0
BRDA:206,27,1,0
BRDA:206,27,2,0
BRDA:212,28,0,0
BRDA:212,28,1,0
BRDA:214,29,0,0
BRDA:214,29,1,0
BRDA:214,30,0,0
BRDA:214,30,1,0
BRF:63
BRH:0
end_of_record
TN:
SF:src\pages\customers.tsx
FN:11,fmt
FN:14,shortDate
FN:39,CustomersPage
FN:50,(anonymous_3)
FN:50,(anonymous_4)
FN:53,(anonymous_5)
FN:69,(anonymous_6)
FN:72,(anonymous_7)
FN:73,(anonymous_8)
FN:80,(anonymous_9)
FN:82,(anonymous_10)
FN:83,(anonymous_11)
FN:92,(anonymous_12)
FN:96,(anonymous_13)
FN:97,(anonymous_14)
FN:100,(anonymous_15)
FN:101,(anonymous_16)
FN:121,(anonymous_17)
FN:124,(anonymous_18)
FN:142,(anonymous_19)
FN:145,(anonymous_20)
FN:146,(anonymous_21)
FN:155,(anonymous_22)
FN:164,(anonymous_23)
FN:186,(anonymous_24)
FN:191,(anonymous_25)
FN:209,(anonymous_26)
FN:212,(anonymous_27)
FN:217,(anonymous_28)
FN:226,(anonymous_29)
FN:231,(anonymous_30)
FNF:31
FNH:0
FNDA:0,fmt
FNDA:0,shortDate
FNDA:0,CustomersPage
FNDA:0,(anonymous_3)
FNDA:0,(anonymous_4)
FNDA:0,(anonymous_5)
FNDA:0,(anonymous_6)
FNDA:0,(anonymous_7)
FNDA:0,(anonymous_8)
FNDA:0,(anonymous_9)
FNDA:0,(anonymous_10)
FNDA:0,(anonymous_11)
FNDA:0,(anonymous_12)
FNDA:0,(anonymous_13)
FNDA:0,(anonymous_14)
FNDA:0,(anonymous_15)
FNDA:0,(anonymous_16)
FNDA:0,(anonymous_17)
FNDA:0,(anonymous_18)
FNDA:0,(anonymous_19)
FNDA:0,(anonymous_20)
FNDA:0,(anonymous_21)
FNDA:0,(anonymous_22)
FNDA:0,(anonymous_23)
FNDA:0,(anonymous_24)
FNDA:0,(anonymous_25)
FNDA:0,(anonymous_26)
FNDA:0,(anonymous_27)
FNDA:0,(anonymous_28)
FNDA:0,(anonymous_29)
FNDA:0,(anonymous_30)
DA:9,0
DA:12,0
DA:15,0
DA:16,0
DA:28,0
DA:40,0
DA:41,0
DA:42,0
DA:43,0
DA:44,0
DA:46,0
DA:50,0
DA:53,0
DA:54,0
DA:55,0
DA:56,0
DA:57,0
DA:58,0
DA:59,0
DA:61,0
DA:62,0
DA:63,0
DA:64,0
DA:65,0
DA:66,0
DA:67,0
DA:69,0
DA:72,0
DA:73,0
DA:80,0
DA:81,0
DA:82,0
DA:83,0
DA:84,0
DA:85,0
DA:86,0
DA:87,0
DA:88,0
DA:92,0
DA:93,0
DA:94,0
DA:95,0
DA:96,0
DA:97,0
DA:100,0
DA:101,0
DA:102,0
DA:104,0
DA:111,0
DA:113,0
DA:121,0
DA:124,0
DA:142,0
DA:146,0
DA:155,0
DA:165,0
DA:187,0
DA:188,0
DA:189,0
DA:191,0
DA:209,0
DA:212,0
DA:217,0
DA:227,0
DA:228,0
DA:232,0
LF:66
LH:0
BRDA:15,0,0,0
BRDA:15,0,1,0
BRDA:40,1,0,0
BRDA:56,2,0,0
BRDA:56,2,1,0
BRDA:56,2,2,0
BRDA:57,3,0,0
BRDA:57,3,1,0
BRDA:58,4,0,0
BRDA:58,4,1,0
BRDA:59,5,0,0
BRDA:59,5,1,0
BRDA:59,6,0,0
BRDA:59,6,1,0
BRDA:63,7,0,0
BRDA:63,7,1,0
BRDA:63,8,0,0
BRDA:63,8,1,0
BRDA:64,9,0,0
BRDA:64,9,1,0
BRDA:65,10,0,0
BRDA:65,10,1,0
BRDA:66,11,0,0
BRDA:66,11,1,0
BRDA:66,12,0,0
BRDA:66,12,1,0
BRDA:67,13,0,0
BRDA:67,13,1,0
BRDA:76,14,0,0
BRDA:76,14,1,0
BRDA:76,15,0,0
BRDA:76,15,1,0
BRDA:82,16,0,0
BRDA:82,16,1,0
BRDA:82,17,0,0
BRDA:82,17,1,0
BRDA:84,18,0,0
BRDA:84,18,1,0
BRDA:85,19,0,0
BRDA:85,19,1,0
BRDA:86,20,0,0
BRDA:86,20,1,0
BRDA:87,21,0,0
BRDA:87,21,1,0
BRDA:87,22,0,0
BRDA:87,22,1,0
BRDA:87,23,0,0
BRDA:87,23,1,0
BRDA:93,24,0,0
BRDA:93,24,1,0
BRDA:96,25,0,0
BRDA:96,25,1,0
BRDA:97,26,0,0
BRDA:97,26,1,0
BRDA:97,26,2,0
BRDA:102,27,0,0
BRDA:102,27,1,0
BRDA:111,28,0,0
BRDA:111,28,1,0
BRDA:121,29,0,0
BRDA:121,29,1,0
BRDA:124,30,0,0
BRDA:124,30,1,0
BRDA:137,31,0,0
BRDA:137,31,1,0
BRDA:147,32,0,0
BRDA:147,32,1,0
BRDA:154,33,0,0
BRDA:154,33,1,0
BRDA:156,34,0,0
BRDA:156,34,1,0
BRDA:166,35,0,0
BRDA:166,35,1,0
BRDA:171,36,0,0
BRDA:171,36,1,0
BRDA:171,37,0,0
BRDA:171,37,1,0
BRDA:182,38,0,0
BRDA:182,38,1,0
BRDA:184,39,0,0
BRDA:184,39,1,0
BRDA:187,40,0,0
BRDA:187,40,1,0
BRDA:191,41,0,0
BRDA:191,41,1,0
BRDA:192,42,0,0
BRDA:192,42,1,0
BRDA:211,43,0,0
BRDA:211,43,1,0
BRDA:216,44,0,0
BRDA:216,44,1,0
BRDA:218,45,0,0
BRDA:218,45,1,0
BRDA:230,46,0,0
BRDA:230,46,1,0
BRDA:233,47,0,0
BRDA:233,47,1,0
BRDA:233,48,0,0
BRDA:233,48,1,0
BRDA:233,49,0,0
BRDA:233,49,1,0
BRDA:240,50,0,0
BRDA:240,50,1,0
BRF:103
BRH:0
end_of_record
TN:
SF:src\pages\dashboard.tsx
FN:12,Dashboard
FN:49,(anonymous_1)
FN:62,(anonymous_2)
FN:117,(anonymous_3)
FN:123,(anonymous_4)
FN:156,(anonymous_5)
FN:169,(anonymous_6)
FN:179,(anonymous_7)
FN:183,(anonymous_8)
FN:203,(anonymous_9)
FN:226,(anonymous_10)
FN:298,(anonymous_11)
FN:322,(anonymous_12)
FNF:13
FNH:1
FNDA:3,Dashboard
FNDA:0,(anonymous_1)
FNDA:0,(anonymous_2)
FNDA:0,(anonymous_3)
FNDA:0,(anonymous_4)
FNDA:0,(anonymous_5)
FNDA:0,(anonymous_6)
FNDA:0,(anonymous_7)
FNDA:0,(anonymous_8)
FNDA:0,(anonymous_9)
FNDA:0,(anonymous_10)
FNDA:0,(anonymous_11)
FNDA:0,(anonymous_12)
DA:13,3
DA:14,3
DA:15,3
DA:16,3
DA:17,3
DA:18,3
DA:19,3
DA:20,3
DA:22,3
DA:28,1
DA:50,0
DA:62,0
DA:117,0
DA:123,0
DA:157,0
DA:158,0
DA:159,0
DA:160,0
DA:161,0
DA:169,0
DA:180,0
DA:181,0
DA:184,0
DA:185,0
DA:186,0
DA:187,0
DA:204,0
DA:205,0
DA:206,0
DA:207,0
DA:208,0
DA:227,0
DA:228,0
DA:229,0
DA:230,0
DA:299,0
DA:323,0
LF:37
LH:10
BRDA:20,0,0,3
BRDA:22,1,0,2
BRDA:22,1,1,1
BRDA:22,2,0,3
BRDA:22,2,1,1
BRDA:22,2,2,1
BRDA:34,3,0,1
BRDA:34,3,1,0
BRDA:39,4,0,3
BRDA:39,4,1,0
BRDA:39,4,2,0
BRDA:46,5,0,0
BRDA:46,5,1,0
BRDA:78,6,0,3
BRDA:78,6,1,1
BRDA:87,7,0,3
BRDA:87,7,1,1
BRDA:96,8,0,3
BRDA:96,8,1,1
BRDA:96,9,0,3
BRDA:96,9,1,1
BRDA:105,10,0,3
BRDA:105,10,1,1
BRDA:118,11,0,1
BRDA:118,11,1,0
BRDA:124,12,0,0
BRDA:124,12,1,1
BRDA:131,13,0,0
BRDA:131,13,1,1
BRDA:137,14,0,0
BRDA:137,14,1,1
BRDA:157,15,0,0
BRDA:157,15,1,0
BRDA:160,16,0,0
BRDA:160,16,1,0
BRDA:169,17,0,0
BRDA:169,17,1,0
BRDA:180,18,0,0
BRDA:180,18,1,0
BRDA:180,19,0,0
BRDA:180,19,1,0
BRDA:184,20,0,0
BRDA:184,20,1,0
BRDA:186,21,0,0
BRDA:186,21,1,0
BRDA:204,22,0,0
BRDA:204,22,1,0
BRDA:207,23,0,0
BRDA:207,23,1,0
BRDA:227,24,0,0
BRDA:227,24,1,0
BRDA:229,25,0,0
BRDA:229,25,1,0
BRDA:246,26,0,0
BRDA:246,26,1,0
BRDA:247,27,0,0
BRDA:247,27,1,0
BRDA:256,28,0,0
BRDA:256,28,1,0
BRDA:257,29,0,0
BRDA:257,29,1,0
BRDA:266,30,0,0
BRDA:266,30,1,0
BRDA:267,31,0,0
BRDA:267,31,1,0
BRDA:304,32,0,0
BRDA:304,32,1,0
BRDA:304,33,0,0
BRDA:304,33,1,0
BRF:69
BRH:22
end_of_record
TN:
SF:src\pages\fulfillment.tsx
FN:46,statusBadge
FN:53,FulfillmentPage
FN:63,(anonymous_2)
FN:63,(anonymous_3)
FN:69,(anonymous_4)
FN:69,(anonymous_5)
FN:74,(anonymous_6)
FN:74,(anonymous_7)
FN:75,(anonymous_8)
FN:84,(anonymous_9)
FN:84,(anonymous_10)
FN:85,(anonymous_11)
FN:93,(anonymous_12)
FN:98,(anonymous_13)
FN:99,(anonymous_14)
FN:108,(anonymous_15)
FN:109,(anonymous_16)
FN:123,(anonymous_17)
FN:136,(anonymous_18)
FN:160,(anonymous_19)
FN:162,(anonymous_20)
FN:187,(anonymous_21)
FN:197,(anonymous_22)
FN:224,(anonymous_23)
FN:228,(anonymous_24)
FN:233,(anonymous_25)
FN:279,(anonymous_26)
FN:283,(anonymous_27)
FN:288,(anonymous_28)
FNF:29
FNH:0
FNDA:0,statusBadge
FNDA:0,FulfillmentPage
FNDA:0,(anonymous_2)
FNDA:0,(anonymous_3)
FNDA:0,(anonymous_4)
FNDA:0,(anonymous_5)
FNDA:0,(anonymous_6)
FNDA:0,(anonymous_7)
FNDA:0,(anonymous_8)
FNDA:0,(anonymous_9)
FNDA:0,(anonymous_10)
FNDA:0,(anonymous_11)
FNDA:0,(anonymous_12)
FNDA:0,(anonymous_13)
FNDA:0,(anonymous_14)
FNDA:0,(anonymous_15)
FNDA:0,(anonymous_16)
FNDA:0,(anonymous_17)
FNDA:0,(anonymous_18)
FNDA:0,(anonymous_19)
FNDA:0,(anonymous_20)
FNDA:0,(anonymous_21)
FNDA:0,(anonymous_22)
FNDA:0,(anonymous_23)
FNDA:0,(anonymous_24)
FNDA:0,(anonymous_25)
FNDA:0,(anonymous_26)
FNDA:0,(anonymous_27)
FNDA:0,(anonymous_28)
DA:12,0
DA:47,0
DA:48,0
DA:49,0
DA:50,0
DA:54,0
DA:55,0
DA:56,0
DA:57,0
DA:58,0
DA:59,0
DA:61,0
DA:63,0
DA:67,0
DA:69,0
DA:73,0
DA:74,0
DA:76,0
DA:77,0
DA:78,0
DA:79,0
DA:83,0
DA:84,0
DA:86,0
DA:87,0
DA:88,0
DA:92,0
DA:94,0
DA:98,0
DA:100,0
DA:101,0
DA:102,0
DA:103,0
DA:104,0
DA:108,0
DA:109,0
DA:111,0
DA:123,0
DA:137,0
DA:161,0
DA:162,0
DA:188,0
DA:189,0
DA:190,0
DA:192,0
DA:197,0
DA:224,0
DA:228,0
DA:233,0
DA:279,0
DA:283,0
DA:288,0
LF:52
LH:0
BRDA:47,0,0,0
BRDA:47,0,1,0
BRDA:48,1,0,0
BRDA:48,1,1,0
BRDA:49,2,0,0
BRDA:49,2,1,0
BRDA:67,3,0,0
BRDA:76,4,0,0
BRDA:76,4,1,0
BRDA:108,5,0,0
BRDA:108,5,1,0
BRDA:122,6,0,0
BRDA:122,6,1,0
BRDA:124,7,0,0
BRDA:124,7,1,0
BRDA:132,8,0,0
BRDA:132,8,1,0
BRDA:133,9,0,0
BRDA:133,9,1,0
BRDA:134,10,0,0
BRDA:134,10,1,0
BRDA:135,11,0,0
BRDA:135,11,1,0
BRDA:161,12,0,0
BRDA:161,12,1,0
BRDA:163,13,0,0
BRDA:163,13,1,0
BRDA:163,14,0,0
BRDA:163,14,1,0
BRDA:163,15,0,0
BRDA:163,15,1,0
BRDA:163,16,0,0
BRDA:163,16,1,0
BRDA:163,17,0,0
BRDA:163,17,1,0
BRDA:163,18,0,0
BRDA:163,18,1,0
BRDA:163,19,0,0
BRDA:163,19,1,0
BRDA:168,20,0,0
BRDA:168,20,1,0
BRDA:174,21,0,0
BRDA:174,21,1,0
BRDA:174,21,2,0
BRDA:178,22,0,0
BRDA:178,22,1,0
BRDA:193,23,0,0
BRDA:193,23,1,0
BRDA:197,24,0,0
BRDA:197,24,1,0
BRDA:203,25,0,0
BRDA:203,25,1,0
BRDA:208,26,0,0
BRDA:208,26,1,0
BRDA:208,26,2,0
BRDA:214,27,0,0
BRDA:214,27,1,0
BRDA:215,28,0,0
BRDA:215,28,1,0
BRDA:216,29,0,0
BRDA:216,29,1,0
BRDA:217,30,0,0
BRDA:217,30,1,0
BRDA:218,31,0,0
BRDA:218,31,1,0
BRDA:218,32,0,0
BRDA:218,32,1,0
BRDA:225,33,0,0
BRDA:225,33,1,0
BRDA:238,34,0,0
BRDA:238,34,1,0
BRDA:238,34,2,0
BRDA:241,35,0,0
BRDA:241,35,1,0
BRDA:245,36,0,0
BRDA:245,36,1,0
BRDA:251,37,0,0
BRDA:251,37,1,0
BRDA:252,38,0,0
BRDA:252,38,1,0
BRDA:253,39,0,0
BRDA:253,39,1,0
BRDA:253,40,0,0
BRDA:253,40,1,0
BRDA:253,41,0,0
BRDA:253,41,1,0
BRDA:253,42,0,0
BRDA:253,42,1,0
BRDA:253,43,0,0
BRDA:253,43,1,0
BRDA:255,44,0,0
BRDA:255,44,1,0
BRDA:261,45,0,0
BRDA:261,45,1,0
BRDA:264,46,0,0
BRDA:264,46,1,0
BRDA:267,47,0,0
BRDA:267,47,1,0
BRDA:270,48,0,0
BRDA:270,48,1,0
BRDA:270,49,0,0
BRDA:270,49,1,0
BRDA:273,50,0,0
BRDA:273,50,1,0
BRDA:273,50,2,0
BRF:105
BRH:0
end_of_record
TN:
SF:src\pages\import.tsx
FN:31,mapShopifyRow
FN:43,validateShopifyRow
FN:67,parseCsv
FN:70,(anonymous_3)
FN:71,(anonymous_4)
FN:72,(anonymous_5)
FN:74,(anonymous_6)
FN:80,validateProductRow
FN:90,validateOrderRow
FN:100,downloadCsv
FN:112,ImportPage
FN:123,(anonymous_11)
FN:131,(anonymous_12)
FN:136,(anonymous_13)
FN:144,(anonymous_14)
FN:149,(anonymous_15)
FN:154,(anonymous_16)
FN:161,(anonymous_17)
FN:166,(anonymous_18)
FN:167,(anonymous_19)
FN:169,(anonymous_20)
FN:177,(anonymous_21)
FN:211,(anonymous_22)
FN:214,(anonymous_23)
FN:217,(anonymous_24)
FN:239,(anonymous_25)
FN:252,(anonymous_26)
FN:266,(anonymous_27)
FN:267,(anonymous_28)
FN:269,(anonymous_29)
FN:319,(anonymous_30)
FN:327,(anonymous_31)
FN:337,(anonymous_32)
FN:362,(anonymous_33)
FN:419,(anonymous_34)
FNF:35
FNH:0
FNDA:0,mapShopifyRow
FNDA:0,validateShopifyRow
FNDA:0,parseCsv
FNDA:0,(anonymous_3)
FNDA:0,(anonymous_4)
FNDA:0,(anonymous_5)
FNDA:0,(anonymous_6)
FNDA:0,validateProductRow
FNDA:0,validateOrderRow
FNDA:0,downloadCsv
FNDA:0,ImportPage
FNDA:0,(anonymous_11)
FNDA:0,(anonymous_12)
FNDA:0,(anonymous_13)
FNDA:0,(anonymous_14)
FNDA:0,(anonymous_15)
FNDA:0,(anonymous_16)
FNDA:0,(anonymous_17)
FNDA:0,(anonymous_18)
FNDA:0,(anonymous_19)
FNDA:0,(anonymous_20)
FNDA:0,(anonymous_21)
FNDA:0,(anonymous_22)
FNDA:0,(anonymous_23)
FNDA:0,(anonymous_24)
FNDA:0,(anonymous_25)
FNDA:0,(anonymous_26)
FNDA:0,(anonymous_27)
FNDA:0,(anonymous_28)
FNDA:0,(anonymous_29)
FNDA:0,(anonymous_30)
FNDA:0,(anonymous_31)
FNDA:0,(anonymous_32)
FNDA:0,(anonymous_33)
FNDA:0,(anonymous_34)
DA:21,0
DA:22,0
DA:23,0
DA:25,0
DA:32,0
DA:44,0
DA:45,0
DA:46,0
DA:47,0
DA:50,0
DA:51,0
DA:53,0
DA:60,0
DA:68,0
DA:69,0
DA:70,0
DA:71,0
DA:72,0
DA:73,0
DA:74,0
DA:75,0
DA:77,0
DA:81,0
DA:82,0
DA:83,0
DA:84,0
DA:85,0
DA:86,0
DA:87,0
DA:91,0
DA:92,0
DA:93,0
DA:94,0
DA:95,0
DA:96,0
DA:97,0
DA:101,0
DA:102,0
DA:103,0
DA:104,0
DA:105,0
DA:106,0
DA:107,0
DA:110,0
DA:113,0
DA:114,0
DA:115,0
DA:116,0
DA:117,0
DA:118,0
DA:119,0
DA:120,0
DA:121,0
DA:123,0
DA:124,0
DA:125,0
DA:126,0
DA:127,0
DA:128,0
DA:131,0
DA:132,0
DA:133,0
DA:136,0
DA:137,0
DA:138,0
DA:139,0
DA:141,0
DA:142,0
DA:143,0
DA:144,0
DA:145,0
DA:146,0
DA:147,0
DA:148,0
DA:149,0
DA:151,0
DA:154,0
DA:155,0
DA:156,0
DA:157,0
DA:158,0
DA:161,0
DA:162,0
DA:163,0
DA:166,0
DA:167,0
DA:169,0
DA:170,0
DA:171,0
DA:172,0
DA:173,0
DA:174,0
DA:177,0
DA:179,0
DA:180,0
DA:181,0
DA:182,0
DA:184,0
DA:185,0
DA:188,0
DA:190,0
DA:194,0
DA:195,0
DA:197,0
DA:211,0
DA:214,0
DA:217,0
DA:240,0
DA:252,0
DA:266,0
DA:267,0
DA:269,0
DA:320,0
DA:328,0
DA:338,0
DA:363,0
DA:420,0
LF:117
LH:0
BRDA:33,0,0,0
BRDA:33,0,1,0
BRDA:34,1,0,0
BRDA:34,1,1,0
BRDA:35,2,0,0
BRDA:35,2,1,0
BRDA:36,3,0,0
BRDA:36,3,1,0
BRDA:37,4,0,0
BRDA:37,4,1,0
BRDA:38,5,0,0
BRDA:38,5,1,0
BRDA:39,6,0,0
BRDA:39,6,1,0
BRDA:39,7,0,0
BRDA:39,7,1,0
BRDA:45,8,0,0
BRDA:45,8,1,0
BRDA:46,9,0,0
BRDA:46,9,1,0
BRDA:69,10,0,0
BRDA:69,10,1,0
BRDA:74,11,0,0
BRDA:74,11,1,0
BRDA:82,12,0,0
BRDA:82,12,1,0
BRDA:83,13,0,0
BRDA:83,13,1,0
BRDA:83,14,0,0
BRDA:83,14,1,0
BRDA:84,15,0,0
BRDA:84,15,1,0
BRDA:84,16,0,0
BRDA:84,16,1,0
BRDA:85,17,0,0
BRDA:85,17,1,0
BRDA:85,18,0,0
BRDA:85,18,1,0
BRDA:86,19,0,0
BRDA:86,19,1,0
BRDA:86,20,0,0
BRDA:86,20,1,0
BRDA:92,21,0,0
BRDA:92,21,1,0
BRDA:93,22,0,0
BRDA:93,22,1,0
BRDA:93,23,0,0
BRDA:93,23,1,0
BRDA:94,24,0,0
BRDA:94,24,1,0
BRDA:94,25,0,0
BRDA:94,25,1,0
BRDA:95,26,0,0
BRDA:95,26,1,0
BRDA:95,27,0,0
BRDA:95,27,1,0
BRDA:96,28,0,0
BRDA:96,28,1,0
BRDA:96,29,0,0
BRDA:96,29,1,0
BRDA:110,30,0,0
BRDA:110,30,1,0
BRDA:128,31,0,0
BRDA:128,31,1,0
BRDA:137,32,0,0
BRDA:137,32,1,0
BRDA:148,33,0,0
BRDA:148,33,1,0
BRDA:148,34,0,0
BRDA:148,34,1,0
BRDA:158,35,0,0
BRDA:158,35,1,0
BRDA:163,36,0,0
BRDA:163,36,1,0
BRDA:166,37,0,0
BRDA:166,37,1,0
BRDA:167,38,0,0
BRDA:167,38,1,0
BRDA:170,39,0,0
BRDA:170,39,1,0
BRDA:173,40,0,0
BRDA:173,40,1,0
BRDA:181,41,0,0
BRDA:181,41,1,0
BRDA:184,42,0,0
BRDA:184,42,1,0
BRDA:194,43,0,0
BRDA:194,43,1,0
BRDA:195,44,0,0
BRDA:195,44,1,0
BRDA:211,45,0,0
BRDA:211,45,1,0
BRDA:214,46,0,0
BRDA:214,46,1,0
BRDA:217,47,0,0
BRDA:217,47,1,0
BRDA:230,48,0,0
BRDA:230,48,1,0
BRDA:232,49,0,0
BRDA:232,49,1,0
BRDA:239,50,0,0
BRDA:239,50,1,0
BRDA:239,51,0,0
BRDA:239,51,1,0
BRDA:243,52,0,0
BRDA:243,52,1,0
BRDA:253,53,0,0
BRDA:253,53,1,0
BRDA:253,54,0,0
BRDA:253,54,1,0
BRDA:264,55,0,0
BRDA:264,55,1,0
BRDA:271,56,0,0
BRDA:271,56,1,0
BRDA:273,57,0,0
BRDA:273,57,1,0
BRDA:275,58,0,0
BRDA:275,58,1,0
BRDA:289,59,0,0
BRDA:289,59,1,0
BRDA:289,59,2,0
BRDA:301,60,0,0
BRDA:301,60,1,0
BRDA:328,61,0,0
BRDA:328,61,1,0
BRDA:331,62,0,0
BRDA:331,62,1,0
BRDA:339,63,0,0
BRDA:339,63,1,0
BRDA:344,64,0,0
BRDA:344,64,1,0
BRDA:356,65,0,0
BRDA:356,65,1,0
BRDA:367,66,0,0
BRDA:367,66,1,0
BRDA:379,67,0,0
BRDA:379,67,1,0
BRDA:382,68,0,0
BRDA:382,68,1,0
BRDA:394,69,0,0
BRDA:394,69,1,0
BRDA:398,70,0,0
BRDA:398,70,1,0
BRDA:405,71,0,0
BRDA:405,71,1,0
BRDA:410,72,0,0
BRDA:410,72,1,0
BRDA:416,73,0,0
BRDA:416,73,1,0
BRF:149
BRH:0
end_of_record
TN:
SF:src\pages\launches.tsx
FN:28,LaunchesPage
FN:38,(anonymous_1)
FN:38,(anonymous_2)
FN:42,(anonymous_3)
FN:44,(anonymous_4)
FN:45,(anonymous_5)
FN:49,(anonymous_6)
FN:52,(anonymous_7)
FN:53,(anonymous_8)
FN:57,(anonymous_9)
FN:58,(anonymous_10)
FN:61,toggleStep
FN:62,(anonymous_12)
FN:65,(anonymous_13)
FN:72,changeStatus
FN:78,(anonymous_15)
FN:79,(anonymous_16)
FN:80,(anonymous_17)
FN:90,(anonymous_18)
FN:101,(anonymous_19)
FN:116,(anonymous_20)
FN:117,(anonymous_21)
FN:118,(anonymous_22)
FN:121,(anonymous_23)
FN:129,(anonymous_24)
FN:140,(anonymous_25)
FN:141,(anonymous_26)
FN:149,(anonymous_27)
FN:169,(anonymous_28)
FN:173,(anonymous_29)
FN:175,(anonymous_30)
FN:177,(anonymous_31)
FN:185,(anonymous_32)
FN:188,(anonymous_33)
FNF:34
FNH:0
FNDA:0,LaunchesPage
FNDA:0,(anonymous_1)
FNDA:0,(anonymous_2)
FNDA:0,(anonymous_3)
FNDA:0,(anonymous_4)
FNDA:0,(anonymous_5)
FNDA:0,(anonymous_6)
FNDA:0,(anonymous_7)
FNDA:0,(anonymous_8)
FNDA:0,(anonymous_9)
FNDA:0,(anonymous_10)
FNDA:0,toggleStep
FNDA:0,(anonymous_12)
FNDA:0,(anonymous_13)
FNDA:0,changeStatus
FNDA:0,(anonymous_15)
FNDA:0,(anonymous_16)
FNDA:0,(anonymous_17)
FNDA:0,(anonymous_18)
FNDA:0,(anonymous_19)
FNDA:0,(anonymous_20)
FNDA:0,(anonymous_21)
FNDA:0,(anonymous_22)
FNDA:0,(anonymous_23)
FNDA:0,(anonymous_24)
FNDA:0,(anonymous_25)
FNDA:0,(anonymous_26)
FNDA:0,(anonymous_27)
FNDA:0,(anonymous_28)
FNDA:0,(anonymous_29)
FNDA:0,(anonymous_30)
FNDA:0,(anonymous_31)
FNDA:0,(anonymous_32)
FNDA:0,(anonymous_33)
DA:10,0
DA:18,0
DA:26,0
DA:29,0
DA:30,0
DA:31,0
DA:32,0
DA:33,0
DA:34,0
DA:36,0
DA:38,0
DA:41,0
DA:42,0
DA:44,0
DA:45,0
DA:48,0
DA:50,0
DA:52,0
DA:53,0
DA:56,0
DA:57,0
DA:58,0
DA:62,0
DA:63,0
DA:65,0
DA:66,0
DA:69,0
DA:73,0
DA:76,0
DA:78,0
DA:79,0
DA:80,0
DA:83,0
DA:90,0
DA:102,0
DA:116,0
DA:117,0
DA:118,0
DA:121,0
DA:130,0
DA:141,0
DA:142,0
DA:143,0
DA:144,0
DA:146,0
DA:149,0
DA:169,0
DA:173,0
DA:175,0
DA:177,0
DA:186,0
DA:188,0
LF:52
LH:0
BRDA:36,0,0,0
BRDA:63,1,0,0
BRDA:63,1,1,0
BRDA:63,2,0,0
BRDA:63,2,1,0
BRDA:66,3,0,0
BRDA:66,3,1,0
BRDA:67,4,0,0
BRDA:67,4,1,0
BRDA:68,5,0,0
BRDA:68,5,1,0
BRDA:78,6,0,0
BRDA:78,6,1,0
BRDA:111,7,0,0
BRDA:111,7,1,0
BRDA:118,8,0,0
BRDA:118,8,1,0
BRDA:127,9,0,0
BRDA:127,9,1,0
BRDA:133,10,0,0
BRDA:133,10,1,0
BRDA:143,11,0,0
BRDA:143,11,1,0
BRDA:147,12,0,0
BRDA:147,12,1,0
BRDA:149,13,0,0
BRDA:149,13,1,0
BRDA:150,14,0,0
BRDA:150,14,1,0
BRDA:154,15,0,0
BRDA:154,15,1,0
BRDA:161,16,0,0
BRDA:161,16,1,0
BRDA:183,17,0,0
BRDA:183,17,1,0
BRDA:190,18,0,0
BRDA:190,18,1,0
BRDA:194,19,0,0
BRDA:194,19,1,0
BRF:39
BRH:0
end_of_record
TN:
SF:src\pages\margin-calculator.tsx
FN:8,fmt
FN:12,pct
FN:22,MarginCalculator
FN:33,(anonymous_3)
FN:41,(anonymous_4)
FN:51,(anonymous_5)
FN:90,(anonymous_6)
FN:106,(anonymous_7)
FN:122,(anonymous_8)
FN:144,(anonymous_9)
FN:220,(anonymous_10)
FN:263,(anonymous_11)
FNF:12
FNH:0
FNDA:0,fmt
FNDA:0,pct
FNDA:0,MarginCalculator
FNDA:0,(anonymous_3)
FNDA:0,(anonymous_4)
FNDA:0,(anonymous_5)
FNDA:0,(anonymous_6)
FNDA:0,(anonymous_7)
FNDA:0,(anonymous_8)
FNDA:0,(anonymous_9)
FNDA:0,(anonymous_10)
FNDA:0,(anonymous_11)
DA:9,0
DA:13,0
DA:23,0
DA:24,0
DA:25,0
DA:26,0
DA:28,0
DA:29,0
DA:30,0
DA:31,0
DA:33,0
DA:34,0
DA:35,0
DA:36,0
DA:37,0
DA:38,0
DA:40,0
DA:41,0
DA:42,0
DA:43,0
DA:44,0
DA:46,0
DA:47,0
DA:48,0
DA:51,0
DA:57,0
DA:60,0
DA:90,0
DA:106,0
DA:122,0
DA:144,0
DA:221,0
DA:222,0
DA:223,0
DA:224,0
DA:225,0
DA:264,0
LF:37
LH:0
BRDA:28,0,0,0
BRDA:28,0,1,0
BRDA:29,1,0,0
BRDA:29,1,1,0
BRDA:30,2,0,0
BRDA:30,2,1,0
BRDA:34,3,0,0
BRDA:34,3,1,0
BRDA:34,4,0,0
BRDA:34,4,1,0
BRDA:37,5,0,0
BRDA:37,5,1,0
BRDA:38,6,0,0
BRDA:38,6,1,0
BRDA:43,7,0,0
BRDA:43,7,1,0
BRDA:47,8,0,0
BRDA:47,8,1,0
BRDA:158,9,0,0
BRDA:158,9,1,0
BRDA:222,10,0,0
BRDA:222,10,1,0
BRDA:226,11,0,0
BRDA:226,11,1,0
BRDA:228,12,0,0
BRDA:228,12,1,0
BRDA:232,13,0,0
BRDA:232,13,1,0
BRDA:234,14,0,0
BRDA:234,14,1,0
BRDA:235,15,0,0
BRDA:235,15,1,0
BRF:32
BRH:0
end_of_record
TN:
SF:src\pages\not-found.tsx
FN:4,NotFound
FNF:1
FNH:0
FNDA:0,NotFound
DA:5,0
LF:1
LH:0
BRF:0
BRH:0
end_of_record
TN:
SF:src\pages\notifications.tsx
FN:8,fmt
FN:12,NotificationsPage
FN:17,(anonymous_2)
FN:23,(anonymous_3)
FN:24,(anonymous_4)
FN:86,(anonymous_5)
FN:132,(anonymous_6)
FN:160,(anonymous_7)
FNF:8
FNH:0
FNDA:0,fmt
FNDA:0,NotificationsPage
FNDA:0,(anonymous_2)
FNDA:0,(anonymous_3)
FNDA:0,(anonymous_4)
FNDA:0,(anonymous_5)
FNDA:0,(anonymous_6)
FNDA:0,(anonymous_7)
DA:9,0
DA:13,0
DA:14,0
DA:15,0
DA:17,0
DA:18,0
DA:19,0
DA:20,0
DA:23,0
DA:24,0
DA:26,0
DA:28,0
DA:29,0
DA:31,0
DA:87,0
DA:133,0
DA:134,0
DA:135,0
DA:161,0
DA:162,0
DA:163,0
LF:21
LH:0
BRDA:14,0,0,0
BRDA:15,1,0,0
BRDA:18,2,0,0
BRDA:18,2,1,0
BRDA:18,3,0,0
BRDA:18,3,1,0
BRDA:26,4,0,0
BRDA:26,4,1,0
BRDA:29,5,0,0
BRDA:29,5,1,0
BRDA:38,6,0,0
BRDA:38,6,1,0
BRDA:50,7,0,0
BRDA:50,7,1,0
BRDA:54,8,0,0
BRDA:54,8,1,0
BRDA:61,9,0,0
BRDA:61,9,1,0
BRDA:73,10,0,0
BRDA:73,10,1,0
BRDA:120,11,0,0
BRDA:120,11,1,0
BRF:22
BRH:0
end_of_record
TN:
SF:src\pages\order-detail.tsx
FN:25,fmt
FN:28,fmtDate
FN:35,OrderDetail
FN:42,(anonymous_3)
FN:42,(anonymous_4)
FN:47,(anonymous_5)
FN:54,(anonymous_6)
FN:131,(anonymous_7)
FNF:8
FNH:0
FNDA:0,fmt
FNDA:0,fmtDate
FNDA:0,OrderDetail
FNDA:0,(anonymous_3)
FNDA:0,(anonymous_4)
FNDA:0,(anonymous_5)
FNDA:0,(anonymous_6)
FNDA:0,(anonymous_7)
DA:11,0
DA:13,0
DA:21,0
DA:26,0
DA:29,0
DA:30,0
DA:36,0
DA:37,0
DA:38,0
DA:39,0
DA:40,0
DA:42,0
DA:45,0
DA:47,0
DA:48,0
DA:50,0
DA:54,0
DA:55,0
DA:58,0
DA:132,0
DA:133,0
LF:21
LH:0
BRDA:25,0,0,0
BRDA:26,1,0,0
BRDA:26,1,1,0
BRDA:29,2,0,0
BRDA:29,2,1,0
BRDA:37,3,0,0
BRDA:37,3,1,0
BRDA:40,4,0,0
BRDA:47,5,0,0
BRDA:47,5,1,0
BRDA:48,6,0,0
BRDA:48,6,1,0
BRDA:50,7,0,0
BRDA:50,7,1,0
BRDA:50,8,0,0
BRDA:50,8,1,0
BRDA:67,9,0,0
BRDA:67,9,1,0
BRDA:78,10,0,0
BRDA:78,10,1,0
BRDA:79,11,0,0
BRDA:79,11,1,0
BRDA:89,12,0,0
BRDA:89,12,1,0
BRDA:90,13,0,0
BRDA:90,13,1,0
BRDA:92,14,0,0
BRDA:92,14,1,0
BRDA:104,15,0,0
BRDA:104,15,1,0
BRDA:105,16,0,0
BRDA:105,16,1,0
BRDA:105,17,0,0
BRDA:105,17,1,0
BRDA:105,18,0,0
BRDA:105,18,1,0
BRDA:115,19,0,0
BRDA:115,19,1,0
BRDA:125,20,0,0
BRDA:125,20,1,0
BRDA:132,21,0,0
BRDA:132,21,1,0
BRDA:132,22,0,0
BRDA:132,22,1,0
BRDA:141,23,0,0
BRDA:141,23,1,0
BRDA:141,23,2,0
BRDA:145,24,0,0
BRDA:145,24,1,0
BRDA:173,25,0,0
BRDA:173,25,1,0
BRDA:174,26,0,0
BRDA:174,26,1,0
BRDA:179,27,0,0
BRDA:179,27,1,0
BRF:55
BRH:0
end_of_record
TN:
SF:src\pages\orders.tsx
FN:44,exportOrdersCsv
FN:46,(anonymous_1)
FN:50,(anonymous_2)
FN:64,fmt
FN:76,getStatusBadge
FN:84,CustomerInsightsPanel
FN:89,(anonymous_6)
FN:89,(anonymous_7)
FN:138,(anonymous_8)
FN:148,(anonymous_9)
FN:151,(anonymous_10)
FN:229,(anonymous_11)
FN:259,Orders
FN:276,(anonymous_13)
FN:279,(anonymous_14)
FN:306,(anonymous_15)
FN:321,(anonymous_16)
FN:329,(anonymous_17)
FN:342,(anonymous_18)
FN:352,(anonymous_19)
FN:354,(anonymous_20)
FN:356,(anonymous_21)
FN:359,(anonymous_22)
FN:360,(anonymous_23)
FN:364,(anonymous_24)
FN:381,(anonymous_25)
FN:390,(anonymous_26)
FN:405,(anonymous_27)
FN:493,(anonymous_28)
FN:502,(anonymous_29)
FN:509,(anonymous_30)
FN:513,(anonymous_31)
FN:542,(anonymous_32)
FN:543,(anonymous_33)
FN:548,(anonymous_34)
FN:556,(anonymous_35)
FN:601,(anonymous_36)
FN:609,(anonymous_37)
FN:665,(anonymous_38)
FN:666,(anonymous_39)
FN:675,(anonymous_40)
FN:686,(anonymous_41)
FN:690,(anonymous_42)
FN:694,(anonymous_43)
FN:705,(anonymous_44)
FN:723,(anonymous_45)
FNF:46
FNH:0
FNDA:0,exportOrdersCsv
FNDA:0,(anonymous_1)
FNDA:0,(anonymous_2)
FNDA:0,fmt
FNDA:0,getStatusBadge
FNDA:0,CustomerInsightsPanel
FNDA:0,(anonymous_6)
FNDA:0,(anonymous_7)
FNDA:0,(anonymous_8)
FNDA:0,(anonymous_9)
FNDA:0,(anonymous_10)
FNDA:0,(anonymous_11)
FNDA:0,Orders
FNDA:0,(anonymous_13)
FNDA:0,(anonymous_14)
FNDA:0,(anonymous_15)
FNDA:0,(anonymous_16)
FNDA:0,(anonymous_17)
FNDA:0,(anonymous_18)
FNDA:0,(anonymous_19)
FNDA:0,(anonymous_20)
FNDA:0,(anonymous_21)
FNDA:0,(anonymous_22)
FNDA:0,(anonymous_23)
FNDA:0,(anonymous_24)
FNDA:0,(anonymous_25)
FNDA:0,(anonymous_26)
FNDA:0,(anonymous_27)
FNDA:0,(anonymous_28)
FNDA:0,(anonymous_29)
FNDA:0,(anonymous_30)
FNDA:0,(anonymous_31)
FNDA:0,(anonymous_32)
FNDA:0,(anonymous_33)
FNDA:0,(anonymous_34)
FNDA:0,(anonymous_35)
FNDA:0,(anonymous_36)
FNDA:0,(anonymous_37)
FNDA:0,(anonymous_38)
FNDA:0,(anonymous_39)
FNDA:0,(anonymous_40)
FNDA:0,(anonymous_41)
FNDA:0,(anonymous_42)
FNDA:0,(anonymous_43)
FNDA:0,(anonymous_44)
FNDA:0,(anonymous_45)
DA:45,0
DA:46,0
DA:47,0
DA:48,0
DA:50,0
DA:51,0
DA:54,0
DA:55,0
DA:56,0
DA:57,0
DA:58,0
DA:59,0
DA:60,0
DA:61,0
DA:65,0
DA:68,0
DA:77,0
DA:85,0
DA:86,0
DA:88,0
DA:89,0
DA:93,0
DA:94,0
DA:101,0
DA:102,0
DA:109,0
DA:111,0
DA:138,0
DA:149,0
DA:151,0
DA:230,0
DA:260,0
DA:261,0
DA:262,0
DA:263,0
DA:264,0
DA:265,0
DA:266,0
DA:267,0
DA:269,0
DA:270,0
DA:272,0
DA:276,0
DA:277,0
DA:278,0
DA:279,0
DA:280,0
DA:282,0
DA:287,0
DA:289,0
DA:290,0
DA:291,0
DA:293,0
DA:294,0
DA:295,0
DA:296,0
DA:297,0
DA:299,0
DA:303,0
DA:304,0
DA:306,0
DA:307,0
DA:308,0
DA:309,0
DA:322,0
DA:323,0
DA:329,0
DA:330,0
DA:331,0
DA:332,0
DA:333,0
DA:343,0
DA:344,0
DA:345,0
DA:346,0
DA:352,0
DA:353,0
DA:354,0
DA:355,0
DA:356,0
DA:359,0
DA:360,0
DA:361,0
DA:364,0
DA:365,0
DA:366,0
DA:367,0
DA:368,0
DA:371,0
DA:373,0
DA:381,0
DA:390,0
DA:405,0
DA:493,0
DA:502,0
DA:509,0
DA:513,0
DA:543,0
DA:544,0
DA:545,0
DA:548,0
DA:556,0
DA:602,0
DA:609,0
DA:666,0
DA:667,0
DA:668,0
DA:675,0
DA:686,0
DA:690,0
DA:694,0
DA:705,0
DA:723,0
LF:113
LH:0
BRDA:47,0,0,0
BRDA:47,0,1,0
BRDA:48,1,0,0
BRDA:48,1,1,0
BRDA:48,2,0,0
BRDA:48,2,1,0
BRDA:48,2,2,0
BRDA:51,3,0,0
BRDA:51,3,1,0
BRDA:78,4,0,0
BRDA:78,4,1,0
BRDA:85,5,0,0
BRDA:89,6,0,0
BRDA:89,6,1,0
BRDA:93,7,0,0
BRDA:93,7,1,0
BRDA:101,8,0,0
BRDA:101,8,1,0
BRDA:151,9,0,0
BRDA:151,9,1,0
BRDA:153,10,0,0
BRDA:153,10,1,0
BRDA:160,11,0,0
BRDA:160,11,1,0
BRDA:162,12,0,0
BRDA:162,12,1,0
BRDA:164,13,0,0
BRDA:164,13,1,0
BRDA:173,14,0,0
BRDA:173,14,1,0
BRDA:179,15,0,0
BRDA:179,15,1,0
BRDA:186,16,0,0
BRDA:186,16,1,0
BRDA:192,17,0,0
BRDA:192,17,1,0
BRDA:197,18,0,0
BRDA:197,18,1,0
BRDA:214,19,0,0
BRDA:214,19,1,0
BRDA:237,20,0,0
BRDA:237,20,1,0
BRDA:240,21,0,0
BRDA:240,21,1,0
BRDA:240,22,0,0
BRDA:240,22,1,0
BRDA:273,23,0,0
BRDA:273,23,1,0
BRDA:277,24,0,0
BRDA:277,24,1,0
BRDA:280,25,0,0
BRDA:280,25,1,0
BRDA:282,26,0,0
BRDA:282,26,1,0
BRDA:282,26,2,0
BRDA:282,26,3,0
BRDA:282,26,4,0
BRDA:287,27,0,0
BRDA:287,27,1,0
BRDA:289,28,0,0
BRDA:289,28,1,0
BRDA:290,29,0,0
BRDA:290,29,1,0
BRDA:291,30,0,0
BRDA:291,30,1,0
BRDA:291,31,0,0
BRDA:291,31,1,0
BRDA:293,32,0,0
BRDA:293,32,1,0
BRDA:294,33,0,0
BRDA:294,33,1,0
BRDA:297,34,0,0
BRDA:297,34,1,0
BRDA:297,35,0,0
BRDA:297,35,1,0
BRDA:314,36,0,0
BRDA:314,36,1,0
BRDA:315,37,0,0
BRDA:315,37,1,0
BRDA:316,38,0,0
BRDA:316,38,1,0
BRDA:317,39,0,0
BRDA:317,39,1,0
BRDA:330,40,0,0
BRDA:330,40,1,0
BRDA:331,41,0,0
BRDA:331,41,1,0
BRDA:332,42,0,0
BRDA:332,42,1,0
BRDA:332,43,0,0
BRDA:332,43,1,0
BRDA:337,44,0,0
BRDA:337,44,1,0
BRDA:338,45,0,0
BRDA:338,45,1,0
BRDA:353,46,0,0
BRDA:353,46,1,0
BRDA:355,47,0,0
BRDA:355,47,1,0
BRDA:360,48,0,0
BRDA:360,48,1,0
BRDA:360,49,0,0
BRDA:360,49,1,0
BRDA:366,50,0,0
BRDA:366,50,1,0
BRDA:371,51,0,0
BRDA:371,51,1,0
BRDA:371,51,2,0
BRDA:383,52,0,0
BRDA:383,52,1,0
BRDA:392,53,0,0
BRDA:392,53,1,0
BRDA:405,54,0,0
BRDA:405,54,1,0
BRDA:406,55,0,0
BRDA:406,55,1,0
BRDA:471,56,0,0
BRDA:471,56,1,0
BRDA:480,57,0,0
BRDA:480,57,1,0
BRDA:510,58,0,0
BRDA:510,58,1,0
BRDA:510,58,2,0
BRDA:510,58,3,0
BRDA:520,59,0,0
BRDA:520,59,1,0
BRDA:520,59,2,0
BRDA:520,59,3,0
BRDA:539,60,0,0
BRDA:539,60,1,0
BRDA:539,60,2,0
BRDA:544,61,0,0
BRDA:544,61,1,0
BRDA:555,62,0,0
BRDA:555,62,1,0
BRDA:586,63,0,0
BRDA:586,63,1,0
BRDA:594,64,0,0
BRDA:594,64,1,0
BRDA:604,65,0,0
BRDA:604,65,1,0
BRDA:625,66,0,0
BRDA:625,66,1,0
BRDA:627,67,0,0
BRDA:627,67,1,0
BRDA:629,68,0,0
BRDA:629,68,1,0
BRDA:632,69,0,0
BRDA:632,69,1,0
BRDA:635,70,0,0
BRDA:635,70,1,0
BRDA:638,71,0,0
BRDA:638,71,1,0
BRDA:650,72,0,0
BRDA:650,72,1,0
BRDA:660,73,0,0
BRDA:660,73,1,0
BRDA:666,74,0,0
BRDA:666,74,1,0
BRDA:666,75,0,0
BRDA:666,75,1,0
BRDA:667,76,0,0
BRDA:667,76,1,0
BRDA:724,77,0,0
BRDA:724,77,1,0
BRDA:724,77,2,0
BRDA:727,78,0,0
BRDA:727,78,1,0
BRF:168
BRH:0
end_of_record
TN:
SF:src\pages\pl-report.tsx
FN:20,fmt
FN:24,pct
FN:28,toLocalDateString
FN:32,defaultRange
FN:47,marginColor
FN:53,exportCSV
FN:59,(anonymous_6)
FN:72,PlReportPage
FN:89,(anonymous_8)
FN:93,(anonymous_9)
FN:98,(anonymous_10)
FN:129,(anonymous_11)
FN:133,(anonymous_12)
FN:138,(anonymous_13)
FN:141,(anonymous_14)
FN:163,(anonymous_15)
FN:228,(anonymous_16)
FN:232,(anonymous_17)
FN:264,(anonymous_18)
FNF:19
FNH:0
FNDA:0,fmt
FNDA:0,pct
FNDA:0,toLocalDateString
FNDA:0,defaultRange
FNDA:0,marginColor
FNDA:0,exportCSV
FNDA:0,(anonymous_6)
FNDA:0,PlReportPage
FNDA:0,(anonymous_8)
FNDA:0,(anonymous_9)
FNDA:0,(anonymous_10)
FNDA:0,(anonymous_11)
FNDA:0,(anonymous_12)
FNDA:0,(anonymous_13)
FNDA:0,(anonymous_14)
FNDA:0,(anonymous_15)
FNDA:0,(anonymous_16)
FNDA:0,(anonymous_17)
FNDA:0,(anonymous_18)
DA:21,0
DA:25,0
DA:29,0
DA:33,0
DA:34,0
DA:35,0
DA:36,0
DA:41,0
DA:48,0
DA:49,0
DA:50,0
DA:54,0
DA:55,0
DA:60,0
DA:63,0
DA:64,0
DA:65,0
DA:66,0
DA:67,0
DA:68,0
DA:69,0
DA:73,0
DA:74,0
DA:75,0
DA:76,0
DA:77,0
DA:79,0
DA:89,0
DA:90,0
DA:93,0
DA:94,0
DA:95,0
DA:98,0
DA:105,0
DA:129,0
DA:133,0
DA:139,0
DA:141,0
DA:164,0
DA:228,0
DA:232,0
DA:265,0
LF:42
LH:0
BRDA:48,0,0,0
BRDA:48,0,1,0
BRDA:49,1,0,0
BRDA:49,1,1,0
BRDA:83,2,0,0
BRDA:83,2,1,0
BRDA:94,3,0,0
BRDA:94,3,1,0
BRDA:98,4,0,0
BRDA:98,4,1,0
BRDA:99,5,0,0
BRDA:99,5,1,0
BRDA:115,6,0,0
BRDA:115,6,1,0
BRDA:143,7,0,0
BRDA:143,7,1,0
BRDA:154,8,0,0
BRDA:154,8,1,0
BRDA:161,9,0,0
BRDA:161,9,1,0
BRDA:169,10,0,0
BRDA:169,10,1,0
BRDA:169,10,2,0
BRDA:188,11,0,0
BRDA:188,11,1,0
BRDA:207,12,0,0
BRDA:207,12,1,0
BRDA:214,13,0,0
BRDA:214,13,1,0
BRDA:219,14,0,0
BRDA:219,14,1,0
BRDA:248,15,0,0
BRDA:248,15,1,0
BRDA:270,16,0,0
BRDA:270,16,1,0
BRDA:277,17,0,0
BRDA:277,17,1,0
BRDA:279,18,0,0
BRDA:279,18,1,0
BRDA:297,19,0,0
BRDA:297,19,1,0
BRDA:304,20,0,0
BRDA:304,20,1,0
BRDA:306,21,0,0
BRDA:306,21,1,0
BRF:45
BRH:0
end_of_record
TN:
SF:src\pages\price-watch.tsx
FN:27,fmt
FN:32,shortDate
FN:37,PriceTrend
FN:45,SnapshotPanel
FN:53,(anonymous_4)
FN:70,(anonymous_5)
FN:89,(anonymous_6)
FN:96,(anonymous_7)
FN:113,(anonymous_8)
FN:117,(anonymous_9)
FN:139,(anonymous_10)
FN:163,WatchCard
FN:168,(anonymous_12)
FN:236,(anonymous_13)
FN:236,(anonymous_14)
FN:252,PriceWatchPage
FN:264,(anonymous_16)
FN:287,(anonymous_17)
FN:288,(anonymous_18)
FN:300,(anonymous_19)
FN:300,(anonymous_20)
FN:340,(anonymous_21)
FN:344,(anonymous_22)
FN:350,(anonymous_23)
FN:355,(anonymous_24)
FN:360,(anonymous_25)
FN:375,(anonymous_26)
FNF:27
FNH:1
FNDA:0,fmt
FNDA:0,shortDate
FNDA:0,PriceTrend
FNDA:0,SnapshotPanel
FNDA:0,(anonymous_4)
FNDA:0,(anonymous_5)
FNDA:0,(anonymous_6)
FNDA:0,(anonymous_7)
FNDA:0,(anonymous_8)
FNDA:0,(anonymous_9)
FNDA:0,(anonymous_10)
FNDA:0,WatchCard
FNDA:0,(anonymous_12)
FNDA:0,(anonymous_13)
FNDA:0,(anonymous_14)
FNDA:1,PriceWatchPage
FNDA:0,(anonymous_16)
FNDA:0,(anonymous_17)
FNDA:0,(anonymous_18)
FNDA:0,(anonymous_19)
FNDA:0,(anonymous_20)
FNDA:0,(anonymous_21)
FNDA:0,(anonymous_22)
FNDA:0,(anonymous_23)
FNDA:0,(anonymous_24)
FNDA:0,(anonymous_25)
FNDA:0,(anonymous_26)
DA:28,0
DA:29,0
DA:33,0
DA:34,0
DA:38,0
DA:39,0
DA:40,0
DA:41,0
DA:42,0
DA:46,0
DA:47,0
DA:48,0
DA:49,0
DA:50,0
DA:51,0
DA:53,0
DA:54,0
DA:55,0
DA:56,0
DA:57,0
DA:58,0
DA:59,0
DA:60,0
DA:61,0
DA:62,0
DA:64,0
DA:66,0
DA:70,0
DA:76,0
DA:89,0
DA:96,0
DA:113,0
DA:117,0
DA:140,0
DA:141,0
DA:164,0
DA:165,0
DA:166,0
DA:168,0
DA:169,0
DA:170,0
DA:171,0
DA:172,0
DA:174,0
DA:178,0
DA:179,0
DA:180,0
DA:182,0
DA:236,0
DA:253,1
DA:254,1
DA:255,1
DA:257,1
DA:258,1
DA:259,1
DA:260,1
DA:261,1
DA:262,1
DA:264,1
DA:265,0
DA:266,0
DA:267,0
DA:268,0
DA:276,0
DA:277,0
DA:278,0
DA:279,0
DA:281,0
DA:283,0
DA:287,1
DA:288,1
DA:290,1
DA:300,0
DA:340,0
DA:344,0
DA:350,0
DA:355,0
DA:360,0
DA:376,0
LF:79
LH:13
BRDA:28,0,0,0
BRDA:28,0,1,0
BRDA:38,1,0,0
BRDA:38,1,1,0
BRDA:38,2,0,0
BRDA:38,2,1,0
BRDA:40,3,0,0
BRDA:40,3,1,0
BRDA:41,4,0,0
BRDA:41,4,1,0
BRDA:46,5,0,0
BRDA:55,6,0,0
BRDA:55,6,1,0
BRDA:55,7,0,0
BRDA:55,7,1,0
BRDA:58,8,0,0
BRDA:58,8,1,0
BRDA:98,9,0,0
BRDA:98,9,1,0
BRDA:103,10,0,0
BRDA:103,10,1,0
BRDA:117,11,0,0
BRDA:117,11,1,0
BRDA:120,12,0,0
BRDA:120,12,1,0
BRDA:134,13,0,0
BRDA:134,13,1,0
BRDA:140,14,0,0
BRDA:140,14,1,0
BRDA:145,15,0,0
BRDA:145,15,1,0
BRDA:146,16,0,0
BRDA:146,16,1,0
BRDA:146,17,0,0
BRDA:146,17,1,0
BRDA:147,18,0,0
BRDA:147,18,1,0
BRDA:147,19,0,0
BRDA:147,19,1,0
BRDA:150,20,0,0
BRDA:150,20,1,0
BRDA:178,21,0,0
BRDA:178,21,1,0
BRDA:178,22,0,0
BRDA:178,22,1,0
BRDA:179,23,0,0
BRDA:179,23,1,0
BRDA:180,24,0,0
BRDA:180,24,1,0
BRDA:188,25,0,0
BRDA:188,25,1,0
BRDA:189,26,0,0
BRDA:189,26,1,0
BRDA:190,27,0,0
BRDA:190,27,1,0
BRDA:190,28,0,0
BRDA:190,28,1,0
BRDA:190,29,0,0
BRDA:190,29,1,0
BRDA:192,30,0,0
BRDA:192,30,1,0
BRDA:193,31,0,0
BRDA:193,31,1,0
BRDA:204,32,0,0
BRDA:204,32,1,0
BRDA:211,33,0,0
BRDA:211,33,1,0
BRDA:213,34,0,0
BRDA:213,34,1,0
BRDA:213,35,0,0
BRDA:213,35,1,0
BRDA:218,36,0,0
BRDA:218,36,1,0
BRDA:223,37,0,0
BRDA:223,37,1,0
BRDA:227,38,0,0
BRDA:227,38,1,0
BRDA:228,39,0,0
BRDA:228,39,1,0
BRDA:229,40,0,0
BRDA:229,40,1,0
BRDA:237,41,0,0
BRDA:237,41,1,0
BRDA:246,42,0,0
BRDA:246,42,1,0
BRDA:246,43,0,0
BRDA:246,43,1,0
BRDA:253,44,0,1
BRDA:265,45,0,0
BRDA:265,45,1,0
BRDA:265,46,0,0
BRDA:265,46,1,0
BRDA:272,47,0,0
BRDA:272,47,1,0
BRDA:273,48,0,0
BRDA:273,48,1,0
BRDA:287,49,0,0
BRDA:287,49,1,0
BRDA:287,49,2,0
BRDA:288,50,0,0
BRDA:288,50,1,0
BRDA:288,50,2,0
BRDA:307,51,0,1
BRDA:307,51,1,0
BRDA:331,52,0,1
BRDA:331,52,1,0
BRDA:367,53,0,1
BRDA:367,53,1,0
BRF:108
BRH:4
end_of_record
TN:
SF:src\pages\product-detail.tsx
FN:24,TagsSection
FN:31,(anonymous_1)
FN:31,(anonymous_2)
FN:36,(anonymous_3)
FN:36,(anonymous_4)
FN:39,(anonymous_5)
FN:40,(anonymous_6)
FN:42,(anonymous_7)
FN:51,(anonymous_8)
FN:56,(anonymous_9)
FN:86,(anonymous_10)
FN:89,(anonymous_11)
FN:95,(anonymous_12)
FN:96,(anonymous_13)
FN:103,(anonymous_14)
FN:103,(anonymous_15)
FN:113,statusColor
FN:122,ProductDetail
FN:154,(anonymous_18)
FN:173,(anonymous_19)
FN:173,(anonymous_20)
FN:174,(anonymous_21)
FN:176,(anonymous_22)
FN:206,(anonymous_23)
FN:219,(anonymous_24)
FN:310,(anonymous_25)
FN:313,(anonymous_26)
FN:313,(anonymous_27)
FN:444,(anonymous_28)
FNF:29
FNH:0
FNDA:0,TagsSection
FNDA:0,(anonymous_1)
FNDA:0,(anonymous_2)
FNDA:0,(anonymous_3)
FNDA:0,(anonymous_4)
FNDA:0,(anonymous_5)
FNDA:0,(anonymous_6)
FNDA:0,(anonymous_7)
FNDA:0,(anonymous_8)
FNDA:0,(anonymous_9)
FNDA:0,(anonymous_10)
FNDA:0,(anonymous_11)
FNDA:0,(anonymous_12)
FNDA:0,(anonymous_13)
FNDA:0,(anonymous_14)
FNDA:0,(anonymous_15)
FNDA:0,statusColor
FNDA:0,ProductDetail
FNDA:0,(anonymous_18)
FNDA:0,(anonymous_19)
FNDA:0,(anonymous_20)
FNDA:0,(anonymous_21)
FNDA:0,(anonymous_22)
FNDA:0,(anonymous_23)
FNDA:0,(anonymous_24)
FNDA:0,(anonymous_25)
FNDA:0,(anonymous_26)
FNDA:0,(anonymous_27)
FNDA:0,(anonymous_28)
DA:20,0
DA:25,0
DA:26,0
DA:27,0
DA:29,0
DA:31,0
DA:34,0
DA:36,0
DA:39,0
DA:40,0
DA:42,0
DA:43,0
DA:48,0
DA:51,0
DA:52,0
DA:53,0
DA:56,0
DA:57,0
DA:58,0
DA:59,0
DA:60,0
DA:65,0
DA:66,0
DA:67,0
DA:68,0
DA:70,0
DA:72,0
DA:76,0
DA:87,0
DA:89,0
DA:96,0
DA:103,0
DA:111,0
DA:114,0
DA:115,0
DA:116,0
DA:117,0
DA:118,0
DA:123,0
DA:124,0
DA:125,0
DA:126,0
DA:127,0
DA:129,0
DA:132,0
DA:133,0
DA:134,0
DA:135,0
DA:137,0
DA:151,0
DA:152,0
DA:154,0
DA:155,0
DA:156,0
DA:173,0
DA:174,0
DA:176,0
DA:177,0
DA:178,0
DA:179,0
DA:180,0
DA:197,0
DA:198,0
DA:200,0
DA:202,0
DA:206,0
DA:207,0
DA:208,0
DA:209,0
DA:210,0
DA:211,0
DA:212,0
DA:214,0
DA:215,0
DA:219,0
DA:220,0
DA:221,0
DA:222,0
DA:223,0
DA:225,0
DA:230,0
DA:234,0
DA:235,0
DA:236,0
DA:238,0
DA:243,0
DA:245,0
DA:311,0
DA:313,0
DA:445,0
LF:90
LH:0
BRDA:29,0,0,0
BRDA:34,1,0,0
BRDA:57,2,0,0
BRDA:57,2,1,0
BRDA:85,3,0,0
BRDA:85,3,1,0
BRDA:93,4,0,0
BRDA:93,4,1,0
BRDA:103,5,0,0
BRDA:103,5,1,0
BRDA:104,6,0,0
BRDA:104,6,1,0
BRDA:114,7,0,0
BRDA:114,7,1,0
BRDA:114,7,2,0
BRDA:114,7,3,0
BRDA:124,8,0,0
BRDA:124,8,1,0
BRDA:132,9,0,0
BRDA:155,10,0,0
BRDA:155,10,1,0
BRDA:157,11,0,0
BRDA:157,11,1,0
BRDA:158,12,0,0
BRDA:158,12,1,0
BRDA:159,13,0,0
BRDA:159,13,1,0
BRDA:160,14,0,0
BRDA:160,14,1,0
BRDA:161,15,0,0
BRDA:161,15,1,0
BRDA:162,16,0,0
BRDA:162,16,1,0
BRDA:163,17,0,0
BRDA:163,17,1,0
BRDA:164,18,0,0
BRDA:164,18,1,0
BRDA:165,19,0,0
BRDA:165,19,1,0
BRDA:166,20,0,0
BRDA:166,20,1,0
BRDA:167,21,0,0
BRDA:167,21,1,0
BRDA:168,22,0,0
BRDA:168,22,1,0
BRDA:177,23,0,0
BRDA:177,23,1,0
BRDA:184,24,0,0
BRDA:184,24,1,0
BRDA:185,25,0,0
BRDA:185,25,1,0
BRDA:187,26,0,0
BRDA:187,26,1,0
BRDA:188,27,0,0
BRDA:188,27,1,0
BRDA:189,28,0,0
BRDA:189,28,1,0
BRDA:190,29,0,0
BRDA:190,29,1,0
BRDA:191,30,0,0
BRDA:191,30,1,0
BRDA:192,31,0,0
BRDA:192,31,1,0
BRDA:193,32,0,0
BRDA:193,32,1,0
BRDA:194,33,0,0
BRDA:194,33,1,0
BRDA:207,34,0,0
BRDA:207,34,1,0
BRDA:230,35,0,0
BRDA:230,35,1,0
BRDA:230,36,0,0
BRDA:230,36,1,0
BRDA:230,36,2,0
BRDA:234,37,0,0
BRDA:234,37,1,0
BRDA:235,38,0,0
BRDA:235,38,1,0
BRDA:236,39,0,0
BRDA:236,39,1,0
BRDA:236,39,2,0
BRDA:238,40,0,0
BRDA:238,40,1,0
BRDA:243,41,0,0
BRDA:243,41,1,0
BRDA:266,42,0,0
BRDA:266,42,1,0
BRDA:270,43,0,0
BRDA:270,43,1,0
BRDA:276,44,0,0
BRDA:276,44,1,0
BRDA:280,45,0,0
BRDA:280,45,1,0
BRDA:315,46,0,0
BRDA:315,46,1,0
BRDA:355,47,0,0
BRDA:355,47,1,0
BRDA:365,48,0,0
BRDA:365,48,1,0
BRDA:365,49,0,0
BRDA:365,49,1,0
BRDA:392,50,0,0
BRDA:392,50,1,0
BRDA:398,51,0,0
BRDA:398,51,1,0
BRDA:399,52,0,0
BRDA:399,52,1,0
BRDA:424,53,0,0
BRDA:424,53,1,0
BRDA:427,54,0,0
BRDA:427,54,1,0
BRF:111
BRH:0
end_of_record
TN:
SF:src\pages\product-scorer.tsx
FN:27,ScoreBar
FN:38,ViralityRing
FN:70,ProductScorerPage
FN:76,(anonymous_3)
FN:84,(anonymous_4)
FN:87,(anonymous_5)
FN:115,(anonymous_6)
FN:127,(anonymous_7)
FN:129,(anonymous_8)
FN:160,(anonymous_9)
FN:219,(anonymous_10)
FNF:11
FNH:0
FNDA:0,ScoreBar
FNDA:0,ViralityRing
FNDA:0,ProductScorerPage
FNDA:0,(anonymous_3)
FNDA:0,(anonymous_4)
FNDA:0,(anonymous_5)
FNDA:0,(anonymous_6)
FNDA:0,(anonymous_7)
FNDA:0,(anonymous_8)
FNDA:0,(anonymous_9)
FNDA:0,(anonymous_10)
DA:10,0
DA:28,0
DA:39,0
DA:40,0
DA:41,0
DA:42,0
DA:43,0
DA:58,0
DA:64,0
DA:71,0
DA:72,0
DA:73,0
DA:75,0
DA:77,0
DA:82,0
DA:84,0
DA:87,0
DA:88,0
DA:89,0
DA:92,0
DA:99,0
DA:115,0
DA:128,0
DA:129,0
DA:161,0
DA:220,0
LF:26
LH:0
BRDA:39,0,0,0
BRDA:39,0,1,0
BRDA:39,1,0,0
BRDA:39,1,1,0
BRDA:39,2,0,0
BRDA:39,2,1,0
BRDA:73,3,0,0
BRDA:89,4,0,0
BRDA:89,4,1,0
BRDA:118,5,0,0
BRDA:118,5,1,0
BRDA:119,6,0,0
BRDA:119,6,1,0
BRDA:123,7,0,0
BRDA:123,7,1,0
BRDA:141,8,0,0
BRDA:141,8,1,0
BRDA:150,9,0,0
BRDA:150,9,1,0
BRDA:150,9,2,0
BRDA:163,10,0,0
BRDA:163,10,1,0
BRDA:163,11,0,0
BRDA:163,11,1,0
BRDA:177,12,0,0
BRDA:177,12,1,0
BRDA:185,13,0,0
BRDA:185,13,1,0
BRDA:229,14,0,0
BRDA:229,14,1,0
BRDA:233,15,0,0
BRDA:233,15,1,0
BRDA:233,16,0,0
BRDA:233,16,1,0
BRDA:243,17,0,0
BRDA:243,17,1,0
BRDA:243,17,2,0
BRF:37
BRH:0
end_of_record
TN:
SF:src\pages\products.tsx
FN:13,exportProductsCsv
FN:15,(anonymous_1)
FN:19,(anonymous_2)
FN:33,Products
FN:41,(anonymous_4)
FN:58,(anonymous_5)
FN:65,(anonymous_6)
FN:85,(anonymous_7)
FN:125,(anonymous_8)
FN:143,(anonymous_9)
FNF:10
FNH:3
FNDA:0,exportProductsCsv
FNDA:0,(anonymous_1)
FNDA:0,(anonymous_2)
FNDA:1,Products
FNDA:0,(anonymous_4)
FNDA:0,(anonymous_5)
FNDA:1,(anonymous_6)
FNDA:0,(anonymous_7)
FNDA:0,(anonymous_8)
FNDA:1,(anonymous_9)
DA:14,0
DA:15,0
DA:16,0
DA:17,0
DA:19,0
DA:20,0
DA:23,0
DA:24,0
DA:25,0
DA:26,0
DA:27,0
DA:28,0
DA:29,0
DA:30,0
DA:34,1
DA:35,1
DA:36,1
DA:37,1
DA:38,1
DA:39,1
DA:41,1
DA:42,0
DA:43,0
DA:44,0
DA:45,0
DA:47,0
DA:49,0
DA:59,0
DA:60,0
DA:65,1
DA:67,1
DA:73,1
DA:85,0
DA:125,0
DA:144,1
LF:35
LH:11
BRDA:16,0,0,0
BRDA:16,0,1,0
BRDA:17,1,0,0
BRDA:17,1,1,0
BRDA:17,2,0,0
BRDA:17,2,1,0
BRDA:17,2,2,0
BRDA:47,3,0,0
BRDA:47,3,1,0
BRDA:65,4,0,1
BRDA:65,4,1,0
BRDA:67,5,0,0
BRDA:67,5,1,1
BRDA:85,6,0,0
BRDA:85,6,1,0
BRDA:86,7,0,1
BRDA:86,7,1,1
BRDA:109,8,0,0
BRDA:109,8,1,1
BRDA:150,9,0,1
BRDA:150,9,1,0
BRDA:153,10,0,1
BRDA:153,10,1,0
BRDA:154,11,0,0
BRDA:154,11,1,0
BRDA:155,12,0,0
BRDA:155,12,1,0
BRDA:160,13,0,1
BRDA:160,13,1,0
BRDA:161,14,0,1
BRDA:161,14,1,0
BRDA:163,15,0,0
BRDA:163,15,1,1
BRDA:163,16,0,1
BRDA:163,16,1,1
BRDA:163,16,2,1
BRDA:164,17,0,1
BRDA:164,17,1,1
BRDA:164,17,2,1
BRDA:164,17,3,0
BRDA:167,18,0,1
BRDA:167,18,1,0
BRDA:172,19,0,1
BRDA:172,19,1,0
BRF:44
BRH:18
end_of_record
TN:
SF:src\pages\promotions.tsx
FN:16,fmt
FN:19,shortDate
FN:33,PromotionsPage
FN:37,(anonymous_3)
FN:37,(anonymous_4)
FN:46,(anonymous_5)
FN:46,(anonymous_6)
FN:47,(anonymous_7)
FN:51,(anonymous_8)
FN:51,(anonymous_9)
FN:52,(anonymous_10)
FN:56,(anonymous_11)
FN:57,(anonymous_12)
FN:60,(anonymous_13)
FN:62,(anonymous_14)
FN:66,(anonymous_15)
FN:67,(anonymous_16)
FN:69,(anonymous_17)
FN:69,(anonymous_18)
FN:78,(anonymous_19)
FN:78,(anonymous_20)
FN:113,(anonymous_21)
FN:114,(anonymous_22)
FN:119,(anonymous_23)
FN:122,(anonymous_24)
FN:128,(anonymous_25)
FN:129,(anonymous_26)
FN:130,(anonymous_27)
FN:131,(anonymous_28)
FN:132,(anonymous_29)
FN:136,(anonymous_30)
FN:146,(anonymous_31)
FN:166,(anonymous_32)
FN:167,(anonymous_33)
FN:168,(anonymous_34)
FNF:35
FNH:0
FNDA:0,fmt
FNDA:0,shortDate
FNDA:0,PromotionsPage
FNDA:0,(anonymous_3)
FNDA:0,(anonymous_4)
FNDA:0,(anonymous_5)
FNDA:0,(anonymous_6)
FNDA:0,(anonymous_7)
FNDA:0,(anonymous_8)
FNDA:0,(anonymous_9)
FNDA:0,(anonymous_10)
FNDA:0,(anonymous_11)
FNDA:0,(anonymous_12)
FNDA:0,(anonymous_13)
FNDA:0,(anonymous_14)
FNDA:0,(anonymous_15)
FNDA:0,(anonymous_16)
FNDA:0,(anonymous_17)
FNDA:0,(anonymous_18)
FNDA:0,(anonymous_19)
FNDA:0,(anonymous_20)
FNDA:0,(anonymous_21)
FNDA:0,(anonymous_22)
FNDA:0,(anonymous_23)
FNDA:0,(anonymous_24)
FNDA:0,(anonymous_25)
FNDA:0,(anonymous_26)
FNDA:0,(anonymous_27)
FNDA:0,(anonymous_28)
FNDA:0,(anonymous_29)
FNDA:0,(anonymous_30)
FNDA:0,(anonymous_31)
FNDA:0,(anonymous_32)
FNDA:0,(anonymous_33)
FNDA:0,(anonymous_34)
DA:14,0
DA:17,0
DA:20,0
DA:21,0
DA:24,0
DA:34,0
DA:35,0
DA:36,0
DA:37,0
DA:39,0
DA:40,0
DA:41,0
DA:42,0
DA:43,0
DA:45,0
DA:46,0
DA:47,0
DA:50,0
DA:51,0
DA:52,0
DA:55,0
DA:56,0
DA:57,0
DA:60,0
DA:61,0
DA:62,0
DA:63,0
DA:66,0
DA:67,0
DA:69,0
DA:71,0
DA:78,0
DA:113,0
DA:114,0
DA:119,0
DA:122,0
DA:128,0
DA:129,0
DA:130,0
DA:131,0
DA:132,0
DA:136,0
DA:147,0
DA:166,0
DA:167,0
DA:168,0
LF:46
LH:0
BRDA:17,0,0,0
BRDA:17,0,1,0
BRDA:20,1,0,0
BRDA:20,1,1,0
BRDA:36,2,0,0
BRDA:37,3,0,0
BRDA:61,4,0,0
BRDA:61,4,1,0
BRDA:61,5,0,0
BRDA:61,5,1,0
BRDA:63,6,0,0
BRDA:63,6,1,0
BRDA:63,7,0,0
BRDA:63,7,1,0
BRDA:63,8,0,0
BRDA:63,8,1,0
BRDA:63,9,0,0
BRDA:63,9,1,0
BRDA:63,10,0,0
BRDA:63,10,1,0
BRDA:67,11,0,0
BRDA:67,11,1,0
BRDA:69,12,0,0
BRDA:69,12,1,0
BRDA:69,13,0,0
BRDA:69,13,1,0
BRDA:81,14,0,0
BRDA:81,14,1,0
BRDA:89,15,0,0
BRDA:89,15,1,0
BRDA:108,16,0,0
BRDA:108,16,1,0
BRDA:119,17,0,0
BRDA:119,17,1,0
BRDA:119,18,0,0
BRDA:119,18,1,0
BRDA:142,19,0,0
BRDA:142,19,1,0
BRDA:153,20,0,0
BRDA:153,20,1,0
BRDA:154,21,0,0
BRDA:154,21,1,0
BRDA:157,22,0,0
BRDA:157,22,1,0
BRDA:157,23,0,0
BRDA:157,23,1,0
BRDA:158,24,0,0
BRDA:158,24,1,0
BRDA:159,25,0,0
BRDA:159,25,1,0
BRDA:160,26,0,0
BRDA:160,26,1,0
BRDA:161,27,0,0
BRDA:161,27,1,0
BRDA:163,28,0,0
BRDA:163,28,1,0
BRDA:166,29,0,0
BRDA:166,29,1,0
BRDA:167,30,0,0
BRDA:167,30,1,0
BRF:60
BRH:0
end_of_record
TN:
SF:src\pages\purchase-orders.tsx
FN:15,fmt
FN:20,shortDate
FN:38,PurchaseOrdersPage
FN:43,(anonymous_3)
FN:43,(anonymous_4)
FN:53,(anonymous_5)
FN:53,(anonymous_6)
FN:54,(anonymous_7)
FN:58,(anonymous_8)
FN:58,(anonymous_9)
FN:59,(anonymous_10)
FN:63,(anonymous_11)
FN:64,(anonymous_12)
FN:67,(anonymous_13)
FN:69,(anonymous_14)
FN:69,(anonymous_15)
FN:70,(anonymous_16)
FN:70,(anonymous_17)
FN:70,(anonymous_18)
FN:71,(anonymous_19)
FN:71,(anonymous_20)
FN:71,(anonymous_21)
FN:73,(anonymous_22)
FN:75,(anonymous_23)
FN:80,(anonymous_24)
FN:82,(anonymous_25)
FN:83,(anonymous_26)
FN:84,(anonymous_27)
FN:85,(anonymous_28)
FN:94,(anonymous_29)
FN:94,(anonymous_30)
FN:99,(anonymous_31)
FN:114,(anonymous_32)
FN:119,(anonymous_33)
FN:123,(anonymous_34)
FN:129,(anonymous_35)
FN:131,(anonymous_36)
FN:133,(anonymous_37)
FN:138,(anonymous_38)
FN:141,(anonymous_39)
FN:142,(anonymous_40)
FN:143,(anonymous_41)
FN:144,(anonymous_42)
FN:152,(anonymous_43)
FN:166,(anonymous_44)
FN:185,(anonymous_45)
FN:191,(anonymous_46)
FN:194,(anonymous_47)
FN:211,POItems
FN:212,(anonymous_49)
FN:212,(anonymous_50)
FN:218,(anonymous_51)
FNF:52
FNH:0
FNDA:0,fmt
FNDA:0,shortDate
FNDA:0,PurchaseOrdersPage
FNDA:0,(anonymous_3)
FNDA:0,(anonymous_4)
FNDA:0,(anonymous_5)
FNDA:0,(anonymous_6)
FNDA:0,(anonymous_7)
FNDA:0,(anonymous_8)
FNDA:0,(anonymous_9)
FNDA:0,(anonymous_10)
FNDA:0,(anonymous_11)
FNDA:0,(anonymous_12)
FNDA:0,(anonymous_13)
FNDA:0,(anonymous_14)
FNDA:0,(anonymous_15)
FNDA:0,(anonymous_16)
FNDA:0,(anonymous_17)
FNDA:0,(anonymous_18)
FNDA:0,(anonymous_19)
FNDA:0,(anonymous_20)
FNDA:0,(anonymous_21)
FNDA:0,(anonymous_22)
FNDA:0,(anonymous_23)
FNDA:0,(anonymous_24)
FNDA:0,(anonymous_25)
FNDA:0,(anonymous_26)
FNDA:0,(anonymous_27)
FNDA:0,(anonymous_28)
FNDA:0,(anonymous_29)
FNDA:0,(anonymous_30)
FNDA:0,(anonymous_31)
FNDA:0,(anonymous_32)
FNDA:0,(anonymous_33)
FNDA:0,(anonymous_34)
FNDA:0,(anonymous_35)
FNDA:0,(anonymous_36)
FNDA:0,(anonymous_37)
FNDA:0,(anonymous_38)
FNDA:0,(anonymous_39)
FNDA:0,(anonymous_40)
FNDA:0,(anonymous_41)
FNDA:0,(anonymous_42)
FNDA:0,(anonymous_43)
FNDA:0,(anonymous_44)
FNDA:0,(anonymous_45)
FNDA:0,(anonymous_46)
FNDA:0,(anonymous_47)
FNDA:0,POItems
FNDA:0,(anonymous_49)
FNDA:0,(anonymous_50)
FNDA:0,(anonymous_51)
DA:13,0
DA:16,0
DA:17,0
DA:21,0
DA:22,0
DA:25,0
DA:33,0
DA:39,0
DA:40,0
DA:41,0
DA:42,0
DA:43,0
DA:45,0
DA:46,0
DA:47,0
DA:48,0
DA:49,0
DA:50,0
DA:52,0
DA:53,0
DA:54,0
DA:57,0
DA:58,0
DA:59,0
DA:62,0
DA:63,0
DA:64,0
DA:67,0
DA:69,0
DA:70,0
DA:71,0
DA:73,0
DA:75,0
DA:76,0
DA:77,0
DA:80,0
DA:82,0
DA:83,0
DA:84,0
DA:85,0
DA:87,0
DA:94,0
DA:100,0
DA:114,0
DA:119,0
DA:123,0
DA:130,0
DA:132,0
DA:133,0
DA:138,0
DA:141,0
DA:142,0
DA:143,0
DA:144,0
DA:152,0
DA:167,0
DA:185,0
DA:191,0
DA:194,0
DA:212,0
DA:213,0
DA:214,0
DA:215,0
DA:219,0
LF:64
LH:0
BRDA:16,0,0,0
BRDA:16,0,1,0
BRDA:21,1,0,0
BRDA:21,1,1,0
BRDA:41,2,0,0
BRDA:42,3,0,0
BRDA:43,4,0,0
BRDA:71,5,0,0
BRDA:71,5,1,0
BRDA:73,6,0,0
BRDA:73,6,1,0
BRDA:73,7,0,0
BRDA:73,7,1,0
BRDA:76,8,0,0
BRDA:76,8,1,0
BRDA:77,9,0,0
BRDA:77,9,1,0
BRDA:97,10,0,0
BRDA:97,10,1,0
BRDA:105,11,0,0
BRDA:105,11,1,0
BRDA:131,12,0,0
BRDA:131,12,1,0
BRDA:132,13,0,0
BRDA:132,13,1,0
BRDA:133,14,0,0
BRDA:133,14,1,0
BRDA:133,15,0,0
BRDA:133,15,1,0
BRDA:141,16,0,0
BRDA:141,16,1,0
BRDA:144,17,0,0
BRDA:144,17,1,0
BRDA:158,18,0,0
BRDA:158,18,1,0
BRDA:173,19,0,0
BRDA:173,19,1,0
BRDA:174,20,0,0
BRDA:174,20,1,0
BRDA:178,21,0,0
BRDA:178,21,1,0
BRDA:179,22,0,0
BRDA:179,22,1,0
BRDA:181,23,0,0
BRDA:181,23,1,0
BRDA:184,24,0,0
BRDA:184,24,1,0
BRDA:186,25,0,0
BRDA:186,25,1,0
BRDA:187,26,0,0
BRDA:187,26,1,0
BRDA:188,27,0,0
BRDA:188,27,1,0
BRDA:191,28,0,0
BRDA:191,28,1,0
BRDA:192,29,0,0
BRDA:192,29,1,0
BRDA:197,30,0,0
BRDA:197,30,1,0
BRDA:213,31,0,0
BRDA:213,31,1,0
BRDA:214,32,0,0
BRDA:214,32,1,0
BRDA:222,33,0,0
BRDA:222,33,1,0
BRDA:223,34,0,0
BRDA:223,34,1,0
BRF:67
BRH:0
end_of_record
TN:
SF:src\pages\reorder.tsx
FN:12,fmt
FN:28,SupplierGroup
FN:40,(anonymous_2)
FN:41,(anonymous_3)
FN:48,(anonymous_4)
FN:54,(anonymous_5)
FN:56,(anonymous_6)
FN:67,(anonymous_7)
FN:76,(anonymous_8)
FN:77,(anonymous_9)
FN:86,(anonymous_10)
FN:102,(anonymous_11)
FN:102,(anonymous_12)
FN:108,(anonymous_13)
FN:150,(anonymous_14)
FN:180,(anonymous_15)
FN:181,(anonymous_16)
FN:203,(anonymous_17)
FN:231,ReorderPage
FN:236,(anonymous_19)
FN:236,(anonymous_20)
FN:240,(anonymous_21)
FN:243,(anonymous_22)
FN:248,(anonymous_23)
FN:262,(anonymous_24)
FN:265,(anonymous_25)
FN:272,(anonymous_26)
FN:276,(anonymous_27)
FN:277,(anonymous_28)
FN:365,(anonymous_29)
FNF:30
FNH:0
FNDA:0,fmt
FNDA:0,SupplierGroup
FNDA:0,(anonymous_2)
FNDA:0,(anonymous_3)
FNDA:0,(anonymous_4)
FNDA:0,(anonymous_5)
FNDA:0,(anonymous_6)
FNDA:0,(anonymous_7)
FNDA:0,(anonymous_8)
FNDA:0,(anonymous_9)
FNDA:0,(anonymous_10)
FNDA:0,(anonymous_11)
FNDA:0,(anonymous_12)
FNDA:0,(anonymous_13)
FNDA:0,(anonymous_14)
FNDA:0,(anonymous_15)
FNDA:0,(anonymous_16)
FNDA:0,(anonymous_17)
FNDA:0,ReorderPage
FNDA:0,(anonymous_19)
FNDA:0,(anonymous_20)
FNDA:0,(anonymous_21)
FNDA:0,(anonymous_22)
FNDA:0,(anonymous_23)
FNDA:0,(anonymous_24)
FNDA:0,(anonymous_25)
FNDA:0,(anonymous_26)
FNDA:0,(anonymous_27)
FNDA:0,(anonymous_28)
FNDA:0,(anonymous_29)
DA:13,0
DA:39,0
DA:40,0
DA:41,0
DA:43,0
DA:44,0
DA:45,0
DA:46,0
DA:48,0
DA:49,0
DA:50,0
DA:51,0
DA:54,0
DA:56,0
DA:57,0
DA:58,0
DA:59,0
DA:60,0
DA:62,0
DA:63,0
DA:67,0
DA:68,0
DA:69,0
DA:70,0
DA:72,0
DA:76,0
DA:77,0
DA:78,0
DA:79,0
DA:80,0
DA:81,0
DA:82,0
DA:86,0
DA:91,0
DA:92,0
DA:93,0
DA:96,0
DA:102,0
DA:108,0
DA:151,0
DA:152,0
DA:153,0
DA:154,0
DA:181,0
DA:203,0
DA:232,0
DA:233,0
DA:235,0
DA:236,0
DA:240,0
DA:241,0
DA:244,0
DA:249,0
DA:250,0
DA:262,0
DA:265,0
DA:266,0
DA:267,0
DA:268,0
DA:269,0
DA:270,0
DA:272,0
DA:275,0
DA:276,0
DA:277,0
DA:278,0
DA:279,0
DA:281,0
DA:283,0
DA:284,0
DA:309,0
DA:366,0
LF:72
LH:0
BRDA:49,0,0,0
BRDA:49,0,1,0
BRDA:50,1,0,0
BRDA:50,1,1,0
BRDA:50,2,0,0
BRDA:50,2,1,0
BRDA:51,3,0,0
BRDA:51,3,1,0
BRDA:57,4,0,0
BRDA:57,4,1,0
BRDA:57,5,0,0
BRDA:57,5,1,0
BRDA:58,6,0,0
BRDA:58,6,1,0
BRDA:79,7,0,0
BRDA:79,7,1,0
BRDA:79,8,0,0
BRDA:79,8,1,0
BRDA:80,9,0,0
BRDA:80,9,1,0
BRDA:107,10,0,0
BRDA:107,10,1,0
BRDA:115,11,0,0
BRDA:115,11,1,0
BRDA:117,12,0,0
BRDA:117,12,1,0
BRDA:123,13,0,0
BRDA:123,13,1,0
BRDA:125,14,0,0
BRDA:125,14,1,0
BRDA:125,14,2,0
BRDA:133,15,0,0
BRDA:133,15,1,0
BRDA:151,16,0,0
BRDA:151,16,1,0
BRDA:151,17,0,0
BRDA:151,17,1,0
BRDA:152,18,0,0
BRDA:152,18,1,0
BRDA:155,19,0,0
BRDA:155,19,1,0
BRDA:172,20,0,0
BRDA:172,20,1,0
BRDA:179,21,0,0
BRDA:179,21,1,0
BRDA:187,22,0,0
BRDA:187,22,1,0
BRDA:190,23,0,0
BRDA:190,23,1,0
BRDA:193,24,0,0
BRDA:193,24,1,0
BRDA:214,25,0,0
BRDA:214,25,1,0
BRDA:232,26,0,0
BRDA:233,27,0,0
BRDA:244,28,0,0
BRDA:244,28,1,0
BRDA:244,28,2,0
BRDA:249,29,0,0
BRDA:249,29,1,0
BRDA:257,30,0,0
BRDA:257,30,1,0
BRDA:258,31,0,0
BRDA:258,31,1,0
BRDA:259,32,0,0
BRDA:259,32,1,0
BRDA:269,33,0,0
BRDA:269,33,1,0
BRDA:279,34,0,0
BRDA:279,34,1,0
BRDA:283,35,0,0
BRDA:283,35,1,0
BRF:72
BRH:0
end_of_record
TN:
SF:src\pages\research.tsx
FN:14,Research
FN:25,(anonymous_1)
FN:30,(anonymous_2)
FN:37,(anonymous_3)
FN:42,(anonymous_4)
FN:45,(anonymous_5)
FN:55,(anonymous_6)
FN:65,(anonymous_7)
FN:75,(anonymous_8)
FN:106,(anonymous_9)
FN:174,(anonymous_10)
FN:186,(anonymous_11)
FN:197,(anonymous_12)
FN:246,(anonymous_13)
FN:250,(anonymous_14)
FN:273,(anonymous_15)
FNF:16
FNH:0
FNDA:0,Research
FNDA:0,(anonymous_1)
FNDA:0,(anonymous_2)
FNDA:0,(anonymous_3)
FNDA:0,(anonymous_4)
FNDA:0,(anonymous_5)
FNDA:0,(anonymous_6)
FNDA:0,(anonymous_7)
FNDA:0,(anonymous_8)
FNDA:0,(anonymous_9)
FNDA:0,(anonymous_10)
FNDA:0,(anonymous_11)
FNDA:0,(anonymous_12)
FNDA:0,(anonymous_13)
FNDA:0,(anonymous_14)
FNDA:0,(anonymous_15)
DA:15,0
DA:16,0
DA:18,0
DA:19,0
DA:21,0
DA:22,0
DA:23,0
DA:25,0
DA:26,0
DA:27,0
DA:29,0
DA:31,0
DA:32,0
DA:37,0
DA:38,0
DA:39,0
DA:42,0
DA:43,0
DA:44,0
DA:46,0
DA:47,0
DA:48,0
DA:50,0
DA:55,0
DA:56,0
DA:57,0
DA:58,0
DA:59,0
DA:60,0
DA:61,0
DA:65,0
DA:66,0
DA:67,0
DA:68,0
DA:69,0
DA:70,0
DA:71,0
DA:75,0
DA:76,0
DA:77,0
DA:87,0
DA:90,0
DA:106,0
DA:175,0
DA:187,0
DA:198,0
DA:247,0
DA:250,0
DA:273,0
LF:49
LH:0
BRDA:27,0,0,0
BRDA:27,0,1,0
BRDA:46,1,0,0
BRDA:46,1,1,0
BRDA:56,2,0,0
BRDA:56,2,1,0
BRDA:56,2,2,0
BRDA:56,2,3,0
BRDA:56,2,4,0
BRDA:66,3,0,0
BRDA:66,3,1,0
BRDA:66,3,2,0
BRDA:66,3,3,0
BRDA:66,3,4,0
BRDA:76,4,0,0
BRDA:76,4,1,0
BRDA:80,5,0,0
BRDA:80,5,1,0
BRDA:110,6,0,0
BRDA:110,6,1,0
BRDA:111,7,0,0
BRDA:111,7,1,0
BRDA:115,8,0,0
BRDA:115,8,1,0
BRDA:115,8,2,0
BRDA:124,9,0,0
BRDA:124,9,1,0
BRDA:124,9,2,0
BRDA:207,10,0,0
BRDA:207,10,1,0
BRDA:233,11,0,0
BRDA:233,11,1,0
BRDA:239,12,0,0
BRDA:239,12,1,0
BRDA:249,13,0,0
BRDA:249,13,1,0
BRF:36
BRH:0
end_of_record
TN:
SF:src\pages\returns.tsx
FN:15,fmt
FN:20,shortDate
FN:36,ReturnsPage
FN:40,(anonymous_3)
FN:40,(anonymous_4)
FN:52,(anonymous_5)
FN:52,(anonymous_6)
FN:53,(anonymous_7)
FN:57,(anonymous_8)
FN:57,(anonymous_9)
FN:58,(anonymous_10)
FN:62,(anonymous_11)
FN:63,(anonymous_12)
FN:66,(anonymous_13)
FN:68,(anonymous_14)
FN:70,(anonymous_15)
FN:74,(anonymous_16)
FN:79,(anonymous_17)
FN:79,(anonymous_18)
FN:80,(anonymous_19)
FN:89,(anonymous_20)
FN:89,(anonymous_21)
FN:109,(anonymous_22)
FN:109,(anonymous_23)
FN:114,(anonymous_24)
FN:118,(anonymous_25)
FN:122,(anonymous_26)
FN:128,(anonymous_27)
FN:133,(anonymous_28)
FN:137,(anonymous_29)
FN:142,(anonymous_30)
FN:156,(anonymous_31)
FN:176,(anonymous_32)
FN:177,(anonymous_33)
FN:180,(anonymous_34)
FN:182,(anonymous_35)
FNF:36
FNH:0
FNDA:0,fmt
FNDA:0,shortDate
FNDA:0,ReturnsPage
FNDA:0,(anonymous_3)
FNDA:0,(anonymous_4)
FNDA:0,(anonymous_5)
FNDA:0,(anonymous_6)
FNDA:0,(anonymous_7)
FNDA:0,(anonymous_8)
FNDA:0,(anonymous_9)
FNDA:0,(anonymous_10)
FNDA:0,(anonymous_11)
FNDA:0,(anonymous_12)
FNDA:0,(anonymous_13)
FNDA:0,(anonymous_14)
FNDA:0,(anonymous_15)
FNDA:0,(anonymous_16)
FNDA:0,(anonymous_17)
FNDA:0,(anonymous_18)
FNDA:0,(anonymous_19)
FNDA:0,(anonymous_20)
FNDA:0,(anonymous_21)
FNDA:0,(anonymous_22)
FNDA:0,(anonymous_23)
FNDA:0,(anonymous_24)
FNDA:0,(anonymous_25)
FNDA:0,(anonymous_26)
FNDA:0,(anonymous_27)
FNDA:0,(anonymous_28)
FNDA:0,(anonymous_29)
FNDA:0,(anonymous_30)
FNDA:0,(anonymous_31)
FNDA:0,(anonymous_32)
FNDA:0,(anonymous_33)
FNDA:0,(anonymous_34)
FNDA:0,(anonymous_35)
DA:13,0
DA:16,0
DA:17,0
DA:21,0
DA:22,0
DA:25,0
DA:32,0
DA:37,0
DA:38,0
DA:39,0
DA:40,0
DA:42,0
DA:43,0
DA:44,0
DA:45,0
DA:46,0
DA:47,0
DA:48,0
DA:49,0
DA:51,0
DA:52,0
DA:53,0
DA:56,0
DA:57,0
DA:58,0
DA:61,0
DA:62,0
DA:63,0
DA:66,0
DA:68,0
DA:69,0
DA:70,0
DA:71,0
DA:74,0
DA:75,0
DA:76,0
DA:79,0
DA:80,0
DA:82,0
DA:89,0
DA:109,0
DA:114,0
DA:118,0
DA:122,0
DA:128,0
DA:133,0
DA:137,0
DA:142,0
DA:157,0
DA:176,0
DA:177,0
DA:180,0
DA:182,0
LF:53
LH:0
BRDA:16,0,0,0
BRDA:16,0,1,0
BRDA:21,1,0,0
BRDA:21,1,1,0
BRDA:39,2,0,0
BRDA:40,3,0,0
BRDA:71,4,0,0
BRDA:71,4,1,0
BRDA:71,5,0,0
BRDA:71,5,1,0
BRDA:71,6,0,0
BRDA:71,6,1,0
BRDA:71,7,0,0
BRDA:71,7,1,0
BRDA:71,8,0,0
BRDA:71,8,1,0
BRDA:75,9,0,0
BRDA:75,9,1,0
BRDA:76,10,0,0
BRDA:76,10,1,0
BRDA:76,11,0,0
BRDA:76,11,1,0
BRDA:79,12,0,0
BRDA:79,12,1,0
BRDA:80,13,0,0
BRDA:80,13,1,0
BRDA:92,14,0,0
BRDA:92,14,1,0
BRDA:100,15,0,0
BRDA:100,15,1,0
BRDA:148,16,0,0
BRDA:148,16,1,0
BRDA:163,17,0,0
BRDA:163,17,1,0
BRDA:164,18,0,0
BRDA:164,18,1,0
BRDA:166,19,0,0
BRDA:166,19,1,0
BRDA:168,20,0,0
BRDA:168,20,1,0
BRDA:169,21,0,0
BRDA:169,21,1,0
BRDA:172,22,0,0
BRDA:172,22,1,0
BRDA:175,23,0,0
BRDA:175,23,1,0
BRDA:179,24,0,0
BRDA:179,24,1,0
BRF:48
BRH:0
end_of_record
TN:
SF:src\pages\settings.tsx
FN:63,loadSettings
FN:73,saveSettings
FN:77,convertCurrency
FN:81,getCurrencySymbol
FN:82,(anonymous_4)
FN:85,SettingsPage
FN:90,(anonymous_6)
FN:92,(anonymous_7)
FN:93,(anonymous_8)
FN:96,(anonymous_9)
FN:97,(anonymous_10)
FN:99,(anonymous_11)
FN:123,(anonymous_12)
FN:137,(anonymous_13)
FN:139,(anonymous_14)
FN:165,(anonymous_15)
FN:180,(anonymous_16)
FN:195,(anonymous_17)
FN:202,(anonymous_18)
FN:206,(anonymous_19)
FN:214,(anonymous_20)
FN:230,(anonymous_21)
FN:236,(anonymous_22)
FN:241,(anonymous_23)
FN:245,(anonymous_24)
FN:249,(anonymous_25)
FNF:26
FNH:1
FNDA:1,loadSettings
FNDA:0,saveSettings
FNDA:0,convertCurrency
FNDA:0,getCurrencySymbol
FNDA:0,(anonymous_4)
FNDA:0,SettingsPage
FNDA:0,(anonymous_6)
FNDA:0,(anonymous_7)
FNDA:0,(anonymous_8)
FNDA:0,(anonymous_9)
FNDA:0,(anonymous_10)
FNDA:0,(anonymous_11)
FNDA:0,(anonymous_12)
FNDA:0,(anonymous_13)
FNDA:0,(anonymous_14)
FNDA:0,(anonymous_15)
FNDA:0,(anonymous_16)
FNDA:0,(anonymous_17)
FNDA:0,(anonymous_18)
FNDA:0,(anonymous_19)
FNDA:0,(anonymous_20)
FNDA:0,(anonymous_21)
FNDA:0,(anonymous_22)
FNDA:0,(anonymous_23)
FNDA:0,(anonymous_24)
FNDA:0,(anonymous_25)
DA:12,1
DA:14,1
DA:27,1
DA:47,1
DA:64,1
DA:65,1
DA:66,1
DA:67,0
DA:69,1
DA:74,0
DA:78,0
DA:82,0
DA:86,0
DA:87,0
DA:88,0
DA:90,0
DA:92,0
DA:93,0
DA:96,0
DA:97,0
DA:99,0
DA:101,0
DA:123,0
DA:137,0
DA:139,0
DA:165,0
DA:180,0
DA:195,0
DA:202,0
DA:206,0
DA:214,0
DA:230,0
DA:236,0
DA:241,0
DA:245,0
DA:249,0
LF:36
LH:8
BRDA:66,0,0,0
BRDA:66,0,1,1
BRDA:78,1,0,0
BRDA:78,1,1,0
BRDA:82,2,0,0
BRDA:82,2,1,0
BRDA:142,3,0,0
BRDA:142,3,1,0
BRDA:180,4,0,0
BRDA:180,4,1,0
BRDA:208,5,0,0
BRDA:208,5,1,0
BRDA:232,6,0,0
BRDA:232,6,1,0
BRF:14
BRH:1
end_of_record
TN:
SF:src\pages\store-connections.tsx
FN:35,CopyButton
FN:37,(anonymous_1)
FN:40,(anonymous_2)
FN:51,StoreConnectionsPage
FN:61,(anonymous_4)
FN:61,(anonymous_5)
FN:66,(anonymous_6)
FN:66,(anonymous_7)
FN:71,(anonymous_8)
FN:73,(anonymous_9)
FN:74,(anonymous_10)
FN:84,(anonymous_11)
FN:85,(anonymous_12)
FN:89,(anonymous_13)
FN:92,(anonymous_14)
FN:93,(anonymous_15)
FN:97,(anonymous_16)
FN:97,(anonymous_17)
FN:98,(anonymous_18)
FN:100,(anonymous_19)
FN:106,(anonymous_20)
FN:106,(anonymous_21)
FN:107,(anonymous_22)
FN:114,(anonymous_23)
FN:121,(anonymous_24)
FN:130,(anonymous_25)
FN:162,(anonymous_26)
FN:163,(anonymous_27)
FN:164,(anonymous_28)
FN:165,(anonymous_29)
FN:167,(anonymous_30)
FN:175,(anonymous_31)
FN:181,(anonymous_32)
FN:187,(anonymous_33)
FN:194,(anonymous_34)
FN:205,(anonymous_35)
FN:212,(anonymous_36)
FN:221,(anonymous_37)
FN:227,(anonymous_38)
FN:241,(anonymous_39)
FN:243,(anonymous_40)
FN:248,(anonymous_41)
FN:262,(anonymous_42)
FN:262,(anonymous_43)
FN:266,(anonymous_44)
FN:280,(anonymous_45)
FN:327,(anonymous_46)
FNF:47
FNH:0
FNDA:0,CopyButton
FNDA:0,(anonymous_1)
FNDA:0,(anonymous_2)
FNDA:0,StoreConnectionsPage
FNDA:0,(anonymous_4)
FNDA:0,(anonymous_5)
FNDA:0,(anonymous_6)
FNDA:0,(anonymous_7)
FNDA:0,(anonymous_8)
FNDA:0,(anonymous_9)
FNDA:0,(anonymous_10)
FNDA:0,(anonymous_11)
FNDA:0,(anonymous_12)
FNDA:0,(anonymous_13)
FNDA:0,(anonymous_14)
FNDA:0,(anonymous_15)
FNDA:0,(anonymous_16)
FNDA:0,(anonymous_17)
FNDA:0,(anonymous_18)
FNDA:0,(anonymous_19)
FNDA:0,(anonymous_20)
FNDA:0,(anonymous_21)
FNDA:0,(anonymous_22)
FNDA:0,(anonymous_23)
FNDA:0,(anonymous_24)
FNDA:0,(anonymous_25)
FNDA:0,(anonymous_26)
FNDA:0,(anonymous_27)
FNDA:0,(anonymous_28)
FNDA:0,(anonymous_29)
FNDA:0,(anonymous_30)
FNDA:0,(anonymous_31)
FNDA:0,(anonymous_32)
FNDA:0,(anonymous_33)
FNDA:0,(anonymous_34)
FNDA:0,(anonymous_35)
FNDA:0,(anonymous_36)
FNDA:0,(anonymous_37)
FNDA:0,(anonymous_38)
FNDA:0,(anonymous_39)
FNDA:0,(anonymous_40)
FNDA:0,(anonymous_41)
FNDA:0,(anonymous_42)
FNDA:0,(anonymous_43)
FNDA:0,(anonymous_44)
FNDA:0,(anonymous_45)
FNDA:0,(anonymous_46)
DA:10,0
DA:23,0
DA:25,0
DA:30,0
DA:36,0
DA:37,0
DA:38,0
DA:39,0
DA:40,0
DA:42,0
DA:49,0
DA:52,0
DA:53,0
DA:54,0
DA:55,0
DA:56,0
DA:57,0
DA:59,0
DA:61,0
DA:64,0
DA:66,0
DA:70,0
DA:71,0
DA:73,0
DA:75,0
DA:76,0
DA:77,0
DA:78,0
DA:79,0
DA:83,0
DA:84,0
DA:85,0
DA:88,0
DA:90,0
DA:92,0
DA:93,0
DA:96,0
DA:97,0
DA:99,0
DA:100,0
DA:101,0
DA:105,0
DA:106,0
DA:108,0
DA:109,0
DA:111,0
DA:115,0
DA:119,0
DA:121,0
DA:123,0
DA:130,0
DA:162,0
DA:163,0
DA:164,0
DA:165,0
DA:167,0
DA:175,0
DA:181,0
DA:187,0
DA:195,0
DA:196,0
DA:197,0
DA:199,0
DA:205,0
DA:212,0
DA:222,0
DA:223,0
DA:224,0
DA:227,0
DA:241,0
DA:243,0
DA:248,0
DA:262,0
DA:266,0
DA:280,0
DA:328,0
DA:329,0
LF:77
LH:0
BRDA:44,0,0,0
BRDA:44,0,1,0
BRDA:59,1,0,0
BRDA:64,2,0,0
BRDA:66,3,0,0
BRDA:66,3,1,0
BRDA:108,4,0,0
BRDA:108,4,1,0
BRDA:157,5,0,0
BRDA:157,5,1,0
BRDA:168,6,0,0
BRDA:168,6,1,0
BRDA:168,6,2,0
BRDA:173,7,0,0
BRDA:173,7,1,0
BRDA:174,8,0,0
BRDA:174,8,1,0
BRDA:177,9,0,0
BRDA:177,9,1,0
BRDA:180,10,0,0
BRDA:180,10,1,0
BRDA:186,11,0,0
BRDA:186,11,1,0
BRDA:195,12,0,0
BRDA:195,12,1,0
BRDA:203,13,0,0
BRDA:203,13,1,0
BRDA:211,14,0,0
BRDA:211,14,1,0
BRDA:213,15,0,0
BRDA:213,15,1,0
BRDA:227,16,0,0
BRDA:227,16,1,0
BRDA:228,17,0,0
BRDA:228,17,1,0
BRDA:232,18,0,0
BRDA:232,18,1,0
BRDA:234,19,0,0
BRDA:234,19,1,0
BRDA:238,20,0,0
BRDA:238,20,1,0
BRDA:243,21,0,0
BRDA:243,21,1,0
BRDA:244,22,0,0
BRDA:244,22,1,0
BRDA:246,23,0,0
BRDA:246,23,1,0
BRDA:254,24,0,0
BRDA:254,24,1,0
BRDA:260,25,0,0
BRDA:260,25,1,0
BRDA:263,26,0,0
BRDA:263,26,1,0
BRDA:265,27,0,0
BRDA:265,27,1,0
BRDA:270,28,0,0
BRDA:270,28,1,0
BRDA:270,28,2,0
BRDA:275,29,0,0
BRDA:275,29,1,0
BRDA:284,30,0,0
BRDA:284,30,1,0
BRDA:285,31,0,0
BRDA:285,31,1,0
BRDA:298,32,0,0
BRDA:298,32,1,0
BRDA:323,33,0,0
BRDA:323,33,1,0
BRDA:328,34,0,0
BRDA:328,34,1,0
BRDA:331,35,0,0
BRDA:331,35,1,0
BRDA:334,36,0,0
BRDA:334,36,1,0
BRF:74
BRH:0
end_of_record
TN:
SF:src\pages\supplier-detail.tsx
FN:4,SupplierDetail
FNF:1
FNH:0
FNDA:0,SupplierDetail
DA:5,0
DA:6,0
DA:7,0
DA:8,0
DA:10,0
DA:11,0
DA:13,0
LF:7
LH:0
BRDA:6,0,0,0
BRDA:6,0,1,0
BRDA:10,1,0,0
BRDA:10,1,1,0
BRDA:11,2,0,0
BRDA:11,2,1,0
BRF:6
BRH:0
end_of_record
TN:
SF:src\pages\supplier-finder.tsx
FN:19,SupplierFinder
FN:30,(anonymous_1)
FN:43,(anonymous_2)
FN:51,(anonymous_3)
FN:58,(anonymous_4)
FN:63,(anonymous_5)
FN:76,(anonymous_6)
FN:105,(anonymous_7)
FN:123,(anonymous_8)
FN:137,(anonymous_9)
FN:176,(anonymous_10)
FN:215,(anonymous_11)
FN:232,(anonymous_12)
FN:238,(anonymous_13)
FN:260,(anonymous_14)
FN:297,(anonymous_15)
FN:301,(anonymous_16)
FN:314,(anonymous_17)
FNF:18
FNH:0
FNDA:0,SupplierFinder
FNDA:0,(anonymous_1)
FNDA:0,(anonymous_2)
FNDA:0,(anonymous_3)
FNDA:0,(anonymous_4)
FNDA:0,(anonymous_5)
FNDA:0,(anonymous_6)
FNDA:0,(anonymous_7)
FNDA:0,(anonymous_8)
FNDA:0,(anonymous_9)
FNDA:0,(anonymous_10)
FNDA:0,(anonymous_11)
FNDA:0,(anonymous_12)
FNDA:0,(anonymous_13)
FNDA:0,(anonymous_14)
FNDA:0,(anonymous_15)
FNDA:0,(anonymous_16)
FNDA:0,(anonymous_17)
DA:20,0
DA:21,0
DA:22,0
DA:23,0
DA:25,0
DA:26,0
DA:27,0
DA:28,0
DA:30,0
DA:31,0
DA:32,0
DA:34,0
DA:44,0
DA:45,0
DA:51,0
DA:52,0
DA:53,0
DA:54,0
DA:55,0
DA:58,0
DA:59,0
DA:60,0
DA:64,0
DA:65,0
DA:66,0
DA:67,0
DA:68,0
DA:70,0
DA:76,0
DA:77,0
DA:81,0
DA:105,0
DA:123,0
DA:137,0
DA:177,0
DA:216,0
DA:232,0
DA:238,0
DA:261,0
DA:298,0
DA:301,0
DA:314,0
LF:42
LH:0
BRDA:32,0,0,0
BRDA:32,0,1,0
BRDA:38,1,0,0
BRDA:38,1,1,0
BRDA:39,2,0,0
BRDA:39,2,1,0
BRDA:53,3,0,0
BRDA:53,3,1,0
BRDA:54,4,0,0
BRDA:54,4,1,0
BRDA:64,5,0,0
BRDA:64,5,1,0
BRDA:143,6,0,0
BRDA:143,6,1,0
BRDA:144,7,0,0
BRDA:144,7,1,0
BRDA:157,8,0,0
BRDA:157,8,1,0
BRDA:157,8,2,0
BRDA:166,9,0,0
BRDA:166,9,1,0
BRDA:166,9,2,0
BRDA:186,10,0,0
BRDA:186,10,1,0
BRDA:225,11,0,0
BRDA:225,11,1,0
BRDA:231,12,0,0
BRDA:231,12,1,0
BRDA:237,13,0,0
BRDA:237,13,1,0
BRDA:284,14,0,0
BRDA:284,14,1,0
BRDA:290,15,0,0
BRDA:290,15,1,0
BRDA:300,16,0,0
BRDA:300,16,1,0
BRF:36
BRH:0
end_of_record
TN:
SF:src\pages\suppliers.tsx
FN:21,fmt
FN:26,calcScore
FN:35,getGrade
FN:44,getRecommendation
FN:66,Bar1
FN:76,StatusBar
FN:84,(anonymous_6)
FN:87,(anonymous_7)
FN:100,ScoreRing
FN:122,Suppliers
FN:128,(anonymous_10)
FN:128,(anonymous_11)
FN:136,(anonymous_12)
FN:136,(anonymous_13)
FN:138,(anonymous_14)
FN:139,(anonymous_15)
FN:140,(anonymous_16)
FN:141,(anonymous_17)
FN:142,(anonymous_18)
FN:145,(anonymous_19)
FN:146,(anonymous_20)
FN:147,(anonymous_21)
FN:148,(anonymous_22)
FN:149,(anonymous_23)
FN:150,(anonymous_24)
FN:152,(anonymous_25)
FN:153,(anonymous_26)
FN:166,(anonymous_27)
FN:167,(anonymous_28)
FN:195,(anonymous_29)
FN:195,(anonymous_30)
FN:206,(anonymous_31)
FN:207,(anonymous_32)
FN:209,(anonymous_33)
FN:210,(anonymous_34)
FN:211,(anonymous_35)
FN:212,(anonymous_36)
FN:213,(anonymous_37)
FN:225,(anonymous_38)
FN:227,(anonymous_39)
FN:228,(anonymous_40)
FN:229,(anonymous_41)
FN:230,(anonymous_42)
FN:231,(anonymous_43)
FN:235,(anonymous_44)
FN:236,(anonymous_45)
FN:245,(anonymous_46)
FN:262,(anonymous_47)
FN:265,(anonymous_48)
FN:279,(anonymous_49)
FN:303,(anonymous_50)
FN:318,(anonymous_51)
FN:323,(anonymous_52)
FN:324,(anonymous_53)
FN:325,(anonymous_54)
FN:326,(anonymous_55)
FN:327,(anonymous_56)
FN:328,(anonymous_57)
FN:329,(anonymous_58)
FN:330,(anonymous_59)
FN:331,(anonymous_60)
FN:332,(anonymous_61)
FN:335,(anonymous_62)
FN:352,(anonymous_63)
FN:353,(anonymous_64)
FN:368,(anonymous_65)
FN:370,(anonymous_66)
FN:370,(anonymous_67)
FN:372,(anonymous_68)
FN:391,(anonymous_69)
FN:392,(anonymous_70)
FN:401,(anonymous_71)
FN:406,(anonymous_72)
FN:407,(anonymous_73)
FN:440,(anonymous_74)
FNF:75
FNH:0
FNDA:0,fmt
FNDA:0,calcScore
FNDA:0,getGrade
FNDA:0,getRecommendation
FNDA:0,Bar1
FNDA:0,StatusBar
FNDA:0,(anonymous_6)
FNDA:0,(anonymous_7)
FNDA:0,ScoreRing
FNDA:0,Suppliers
FNDA:0,(anonymous_10)
FNDA:0,(anonymous_11)
FNDA:0,(anonymous_12)
FNDA:0,(anonymous_13)
FNDA:0,(anonymous_14)
FNDA:0,(anonymous_15)
FNDA:0,(anonymous_16)
FNDA:0,(anonymous_17)
FNDA:0,(anonymous_18)
FNDA:0,(anonymous_19)
FNDA:0,(anonymous_20)
FNDA:0,(anonymous_21)
FNDA:0,(anonymous_22)
FNDA:0,(anonymous_23)
FNDA:0,(anonymous_24)
FNDA:0,(anonymous_25)
FNDA:0,(anonymous_26)
FNDA:0,(anonymous_27)
FNDA:0,(anonymous_28)
FNDA:0,(anonymous_29)
FNDA:0,(anonymous_30)
FNDA:0,(anonymous_31)
FNDA:0,(anonymous_32)
FNDA:0,(anonymous_33)
FNDA:0,(anonymous_34)
FNDA:0,(anonymous_35)
FNDA:0,(anonymous_36)
FNDA:0,(anonymous_37)
FNDA:0,(anonymous_38)
FNDA:0,(anonymous_39)
FNDA:0,(anonymous_40)
FNDA:0,(anonymous_41)
FNDA:0,(anonymous_42)
FNDA:0,(anonymous_43)
FNDA:0,(anonymous_44)
FNDA:0,(anonymous_45)
FNDA:0,(anonymous_46)
FNDA:0,(anonymous_47)
FNDA:0,(anonymous_48)
FNDA:0,(anonymous_49)
FNDA:0,(anonymous_50)
FNDA:0,(anonymous_51)
FNDA:0,(anonymous_52)
FNDA:0,(anonymous_53)
FNDA:0,(anonymous_54)
FNDA:0,(anonymous_55)
FNDA:0,(anonymous_56)
FNDA:0,(anonymous_57)
FNDA:0,(anonymous_58)
FNDA:0,(anonymous_59)
FNDA:0,(anonymous_60)
FNDA:0,(anonymous_61)
FNDA:0,(anonymous_62)
FNDA:0,(anonymous_63)
FNDA:0,(anonymous_64)
FNDA:0,(anonymous_65)
FNDA:0,(anonymous_66)
FNDA:0,(anonymous_67)
FNDA:0,(anonymous_68)
FNDA:0,(anonymous_69)
FNDA:0,(anonymous_70)
FNDA:0,(anonymous_71)
FNDA:0,(anonymous_72)
FNDA:0,(anonymous_73)
FNDA:0,(anonymous_74)
DA:19,0
DA:22,0
DA:27,0
DA:28,0
DA:29,0
DA:30,0
DA:31,0
DA:32,0
DA:36,0
DA:37,0
DA:38,0
DA:39,0
DA:40,0
DA:41,0
DA:45,0
DA:46,0
DA:47,0
DA:48,0
DA:49,0
DA:50,0
DA:51,0
DA:52,0
DA:67,0
DA:68,0
DA:77,0
DA:78,0
DA:84,0
DA:85,0
DA:88,0
DA:101,0
DA:102,0
DA:103,0
DA:123,0
DA:124,0
DA:125,0
DA:126,0
DA:128,0
DA:131,0
DA:132,0
DA:133,0
DA:134,0
DA:136,0
DA:138,0
DA:139,0
DA:140,0
DA:141,0
DA:142,0
DA:144,0
DA:145,0
DA:146,0
DA:147,0
DA:148,0
DA:149,0
DA:150,0
DA:152,0
DA:153,0
DA:154,0
DA:155,0
DA:157,0
DA:158,0
DA:159,0
DA:161,0
DA:162,0
DA:163,0
DA:164,0
DA:166,0
DA:167,0
DA:169,0
DA:191,0
DA:195,0
DA:196,0
DA:197,0
DA:198,0
DA:199,0
DA:200,0
DA:201,0
DA:202,0
DA:205,0
DA:206,0
DA:207,0
DA:209,0
DA:210,0
DA:211,0
DA:212,0
DA:213,0
DA:215,0
DA:219,0
DA:225,0
DA:226,0
DA:227,0
DA:228,0
DA:229,0
DA:230,0
DA:231,0
DA:233,0
DA:235,0
DA:236,0
DA:237,0
DA:238,0
DA:239,0
DA:240,0
DA:244,0
DA:245,0
DA:248,0
DA:262,0
DA:265,0
DA:280,0
DA:304,0
DA:318,0
DA:323,0
DA:324,0
DA:325,0
DA:326,0
DA:327,0
DA:328,0
DA:329,0
DA:330,0
DA:331,0
DA:333,0
DA:335,0
DA:353,0
DA:368,0
DA:370,0
DA:372,0
DA:392,0
DA:402,0
DA:403,0
DA:404,0
DA:405,0
DA:406,0
DA:407,0
DA:409,0
DA:440,0
LF:133
LH:0
BRDA:27,0,0,0
BRDA:27,0,1,0
BRDA:36,1,0,0
BRDA:36,1,1,0
BRDA:37,2,0,0
BRDA:37,2,1,0
BRDA:38,3,0,0
BRDA:38,3,1,0
BRDA:39,4,0,0
BRDA:39,4,1,0
BRDA:40,5,0,0
BRDA:40,5,1,0
BRDA:45,6,0,0
BRDA:45,6,1,0
BRDA:46,7,0,0
BRDA:46,7,1,0
BRDA:47,8,0,0
BRDA:47,8,1,0
BRDA:47,9,0,0
BRDA:47,9,1,0
BRDA:48,10,0,0
BRDA:48,10,1,0
BRDA:49,11,0,0
BRDA:49,11,1,0
BRDA:49,12,0,0
BRDA:49,12,1,0
BRDA:50,13,0,0
BRDA:50,13,1,0
BRDA:50,14,0,0
BRDA:50,14,1,0
BRDA:51,15,0,0
BRDA:51,15,1,0
BRDA:66,16,0,0
BRDA:67,17,0,0
BRDA:67,17,1,0
BRDA:77,18,0,0
BRDA:77,18,1,0
BRDA:108,19,0,0
BRDA:108,19,1,0
BRDA:108,20,0,0
BRDA:108,20,1,0
BRDA:108,21,0,0
BRDA:108,21,1,0
BRDA:123,22,0,0
BRDA:124,23,0,0
BRDA:125,24,0,0
BRDA:126,25,0,0
BRDA:142,26,0,0
BRDA:142,26,1,0
BRDA:152,27,0,0
BRDA:152,27,1,0
BRDA:152,28,0,0
BRDA:152,28,1,0
BRDA:153,29,0,0
BRDA:153,29,1,0
BRDA:153,30,0,0
BRDA:153,30,1,0
BRDA:155,31,0,0
BRDA:155,31,1,0
BRDA:157,32,0,0
BRDA:157,32,1,0
BRDA:158,33,0,0
BRDA:158,33,1,0
BRDA:159,34,0,0
BRDA:159,34,1,0
BRDA:163,35,0,0
BRDA:163,35,1,0
BRDA:164,36,0,0
BRDA:164,36,1,0
BRDA:164,37,0,0
BRDA:164,37,1,0
BRDA:164,38,0,0
BRDA:164,38,1,0
BRDA:167,39,0,0
BRDA:167,39,1,0
BRDA:172,40,0,0
BRDA:172,40,1,0
BRDA:173,41,0,0
BRDA:173,41,1,0
BRDA:196,42,0,0
BRDA:196,42,1,0
BRDA:197,43,0,0
BRDA:197,43,1,0
BRDA:198,44,0,0
BRDA:198,44,1,0
BRDA:199,45,0,0
BRDA:199,45,1,0
BRDA:200,46,0,0
BRDA:200,46,1,0
BRDA:201,47,0,0
BRDA:201,47,1,0
BRDA:206,48,0,0
BRDA:206,48,1,0
BRDA:206,49,0,0
BRDA:206,49,1,0
BRDA:206,50,0,0
BRDA:206,50,1,0
BRDA:207,51,0,0
BRDA:207,51,1,0
BRDA:207,52,0,0
BRDA:207,52,1,0
BRDA:207,53,0,0
BRDA:207,53,1,0
BRDA:207,54,0,0
BRDA:207,54,1,0
BRDA:211,55,0,0
BRDA:211,55,1,0
BRDA:212,56,0,0
BRDA:212,56,1,0
BRDA:238,57,0,0
BRDA:238,57,1,0
BRDA:238,58,0,0
BRDA:238,58,1,0
BRDA:244,59,0,0
BRDA:244,59,1,0
BRDA:262,60,0,0
BRDA:262,60,1,0
BRDA:265,61,0,0
BRDA:265,61,1,0
BRDA:266,62,0,0
BRDA:266,62,1,0
BRDA:276,63,0,0
BRDA:276,63,1,0
BRDA:277,64,0,0
BRDA:277,64,1,0
BRDA:278,65,0,0
BRDA:278,65,1,0
BRDA:290,66,0,0
BRDA:290,66,1,0
BRDA:290,66,2,0
BRDA:325,67,0,0
BRDA:325,67,1,0
BRDA:326,68,0,0
BRDA:326,68,1,0
BRDA:327,69,0,0
BRDA:327,69,1,0
BRDA:328,70,0,0
BRDA:328,70,1,0
BRDA:329,71,0,0
BRDA:329,71,1,0
BRDA:330,72,0,0
BRDA:330,72,1,0
BRDA:346,73,0,0
BRDA:346,73,1,0
BRDA:346,73,2,0
BRDA:354,74,0,0
BRDA:354,74,1,0
BRDA:368,75,0,0
BRDA:368,75,1,0
BRDA:368,76,0,0
BRDA:368,76,1,0
BRDA:368,77,0,0
BRDA:368,77,1,0
BRDA:370,78,0,0
BRDA:370,78,1,0
BRDA:370,79,0,0
BRDA:370,79,1,0
BRDA:370,80,0,0
BRDA:370,80,1,0
BRDA:386,81,0,0
BRDA:386,81,1,0
BRDA:393,82,0,0
BRDA:393,82,1,0
BRDA:410,83,0,0
BRDA:410,83,1,0
BRDA:422,84,0,0
BRDA:422,84,1,0
BRDA:423,85,0,0
BRDA:423,85,1,0
BRDA:424,86,0,0
BRDA:424,86,1,0
BRDA:431,87,0,0
BRDA:431,87,1,0
BRDA:432,88,0,0
BRDA:432,88,1,0
BRDA:433,89,0,0
BRDA:433,89,1,0
BRDA:433,89,2,0
BRDA:434,90,0,0
BRDA:434,90,1,0
BRDA:434,90,2,0
BRDA:435,91,0,0
BRDA:435,91,1,0
BRDA:437,92,0,0
BRDA:437,92,1,0
BRDA:441,93,0,0
BRDA:441,93,1,0
BRDA:443,94,0,0
BRDA:443,94,1,0
BRDA:452,95,0,0
BRDA:452,95,1,0
BRDA:452,96,0,0
BRDA:452,96,1,0
BRDA:453,97,0,0
BRDA:453,97,1,0
BRDA:456,98,0,0
BRDA:456,98,1,0
BRDA:456,99,0,0
BRDA:456,99,1,0
BRDA:461,100,0,0
BRDA:461,100,1,0
BRDA:461,101,0,0
BRDA:461,101,1,0
BRDA:462,102,0,0
BRDA:462,102,1,0
BRDA:465,103,0,0
BRDA:465,103,1,0
BRDA:465,104,0,0
BRDA:465,104,1,0
BRDA:470,105,0,0
BRDA:470,105,1,0
BRDA:485,106,0,0
BRDA:485,106,1,0
BRDA:487,107,0,0
BRDA:487,107,1,0
BRDA:488,108,0,0
BRDA:488,108,1,0
BRDA:489,109,0,0
BRDA:489,109,1,0
BRDA:490,110,0,0
BRDA:490,110,1,0
BRDA:491,111,0,0
BRDA:491,111,1,0
BRDA:492,112,0,0
BRDA:492,112,1,0
BRDA:498,113,0,0
BRDA:498,113,1,0
BRDA:499,114,0,0
BRDA:499,114,1,0
BRDA:500,115,0,0
BRDA:500,115,1,0
BRDA:501,116,0,0
BRDA:501,116,1,0
BRDA:502,117,0,0
BRDA:502,117,1,0
BRDA:514,118,0,0
BRDA:514,118,1,0
BRF:237
BRH:0
end_of_record
TN:
SF:src\pages\velocity.tsx
FN:8,fmt
FN:16,VelocityPage
FN:21,(anonymous_2)
FN:24,(anonymous_3)
FN:37,(anonymous_4)
FN:39,(anonymous_5)
FN:50,(anonymous_6)
FN:53,(anonymous_7)
FN:54,(anonymous_8)
FN:55,(anonymous_9)
FN:57,(anonymous_10)
FN:63,(anonymous_11)
FN:73,(anonymous_12)
FN:74,(anonymous_13)
FN:95,(anonymous_14)
FN:96,(anonymous_15)
FN:98,(anonymous_16)
FN:113,(anonymous_17)
FNF:18
FNH:0
FNDA:0,fmt
FNDA:0,VelocityPage
FNDA:0,(anonymous_2)
FNDA:0,(anonymous_3)
FNDA:0,(anonymous_4)
FNDA:0,(anonymous_5)
FNDA:0,(anonymous_6)
FNDA:0,(anonymous_7)
FNDA:0,(anonymous_8)
FNDA:0,(anonymous_9)
FNDA:0,(anonymous_10)
FNDA:0,(anonymous_11)
FNDA:0,(anonymous_12)
FNDA:0,(anonymous_13)
FNDA:0,(anonymous_14)
FNDA:0,(anonymous_15)
FNDA:0,(anonymous_16)
FNDA:0,(anonymous_17)
DA:8,0
DA:10,0
DA:17,0
DA:18,0
DA:19,0
DA:21,0
DA:22,0
DA:23,0
DA:24,0
DA:25,0
DA:26,0
DA:29,0
DA:30,0
DA:31,0
DA:32,0
DA:33,0
DA:34,0
DA:37,0
DA:38,0
DA:39,0
DA:40,0
DA:41,0
DA:42,0
DA:50,0
DA:53,0
DA:54,0
DA:55,0
DA:57,0
DA:63,0
DA:65,0
DA:74,0
DA:95,0
DA:96,0
DA:98,0
DA:114,0
LF:35
LH:0
BRDA:17,0,0,0
BRDA:18,1,0,0
BRDA:25,2,0,0
BRDA:25,2,1,0
BRDA:26,3,0,0
BRDA:26,3,1,0
BRDA:31,4,0,0
BRDA:31,4,1,0
BRDA:32,5,0,0
BRDA:32,5,1,0
BRDA:32,6,0,0
BRDA:32,6,1,0
BRDA:33,7,0,0
BRDA:33,7,1,0
BRDA:34,8,0,0
BRDA:34,8,1,0
BRDA:34,9,0,0
BRDA:34,9,1,0
BRDA:40,10,0,0
BRDA:40,10,1,0
BRDA:41,11,0,0
BRDA:41,11,1,0
BRDA:41,12,0,0
BRDA:41,12,1,0
BRDA:47,13,0,0
BRDA:47,13,1,0
BRDA:48,14,0,0
BRDA:48,14,1,0
BRDA:48,15,0,0
BRDA:48,15,1,0
BRDA:48,16,0,0
BRDA:48,16,1,0
BRDA:48,17,0,0
BRDA:48,17,1,0
BRDA:58,18,0,0
BRDA:58,18,1,0
BRDA:63,19,0,0
BRDA:63,19,1,0
BRDA:74,20,0,0
BRDA:74,20,1,0
BRDA:86,21,0,0
BRDA:86,21,1,0
BRDA:98,22,0,0
BRDA:98,22,1,0
BRDA:98,23,0,0
BRDA:98,23,1,0
BRDA:98,24,0,0
BRDA:98,24,1,0
BRDA:98,25,0,0
BRDA:98,25,1,0
BRDA:108,26,0,0
BRDA:108,26,1,0
BRDA:114,27,0,0
BRDA:114,27,1,0
BRDA:114,28,0,0
BRDA:114,28,1,0
BRDA:121,29,0,0
BRDA:121,29,1,0
BRDA:122,30,0,0
BRDA:122,30,1,0
BRDA:128,31,0,0
BRDA:128,31,1,0
BRDA:128,32,0,0
BRDA:128,32,1,0
BRDA:128,33,0,0
BRDA:128,33,1,0
BRDA:129,34,0,0
BRDA:129,34,1,0
BRDA:129,35,0,0
BRDA:129,35,1,0
BRDA:129,36,0,0
BRDA:129,36,1,0
BRDA:132,37,0,0
BRDA:132,37,1,0
BRDA:133,38,0,0
BRDA:133,38,1,0
BRDA:133,39,0,0
BRDA:133,39,1,0
BRF:78
BRH:0
end_of_record
