{"C:\\Users\\trendaryo\\Desktop\\Drop-Ship-Automatezip2\\Drop-Ship-Automatezip\\artifacts\\api-server\\src\\app.ts": {"path":"C:\\Users\\trendaryo\\Desktop\\Drop-Ship-Automatezip2\\Drop-Ship-Automatezip\\artifacts\\api-server\\src\\app.ts","statementMap":{"0":{"start":{"line":7,"column":6},"end":{"line":7,"column":null}},"1":{"start":{"line":9,"column":0},"end":{"line":27,"column":null}},"2":{"start":{"line":14,"column":8},"end":{"line":18,"column":null}},"3":{"start":{"line":21,"column":8},"end":{"line":23,"column":null}},"4":{"start":{"line":28,"column":0},"end":{"line":28,"column":null}},"5":{"start":{"line":29,"column":0},"end":{"line":29,"column":null}},"6":{"start":{"line":30,"column":0},"end":{"line":30,"column":null}},"7":{"start":{"line":32,"column":0},"end":{"line":32,"column":null}},"8":{"start":{"line":34,"column":0},"end":{"line":49,"column":null}},"9":{"start":{"line":41,"column":4},"end":{"line":41,"column":null}},"10":{"start":{"line":42,"column":4},"end":{"line":42,"column":null}},"11":{"start":{"line":42,"column":25},"end":{"line":42,"column":null}},"12":{"start":{"line":43,"column":4},"end":{"line":47,"column":null}},"13":{"start":{"line":44,"column":6},"end":{"line":44,"column":null}},"14":{"start":{"line":46,"column":6},"end":{"line":46,"column":null}}},"fnMap":{"0":{"name":"req","decl":{"start":{"line":13,"column":6},"end":{"line":13,"column":10}},"loc":{"start":{"line":13,"column":15},"end":{"line":19,"column":null}},"line":13},"1":{"name":"res","decl":{"start":{"line":20,"column":6},"end":{"line":20,"column":10}},"loc":{"start":{"line":20,"column":15},"end":{"line":24,"column":null}},"line":20},"2":{"name":"(anonymous_2)","decl":{"start":{"line":35,"column":2},"end":{"line":35,"column":null}},"loc":{"start":{"line":40,"column":7},"end":{"line":48,"column":null}},"line":40}},"branchMap":{"0":{"loc":{"start":{"line":42,"column":4},"end":{"line":42,"column":null}},"type":"if","locations":[{"start":{"line":42,"column":4},"end":{"line":42,"column":null}},{"start":{},"end":{}}],"line":42},"1":{"loc":{"start":{"line":43,"column":4},"end":{"line":47,"column":null}},"type":"if","locations":[{"start":{"line":43,"column":4},"end":{"line":47,"column":null}},{"start":{"line":45,"column":11},"end":{"line":47,"column":null}}],"line":43}},"s":{"0":10,"1":10,"2":108,"3":108,"4":10,"5":10,"6":10,"7":10,"8":10,"9":0,"10":0,"11":0,"12":0,"13":0,"14":0},"f":{"0":108,"1":108,"2":0},"b":{"0":[0,0],"1":[0,0]},"meta":{"lastBranch":2,"lastFunction":3,"lastStatement":15,"seen":{"s:7:6:7:Infinity":0,"s:9:0:27:Infinity":1,"f:13:6:13:10":0,"s:14:8:18:Infinity":2,"f:20:6:20:10":1,"s:21:8:23:Infinity":3,"s:28:0:28:Infinity":4,"s:29:0:29:Infinity":5,"s:30:0:30:Infinity":6,"s:32:0:32:Infinity":7,"s:34:0:49:Infinity":8,"f:35:2:35:Infinity":2,"s:41:4:41:Infinity":9,"b:42:4:42:Infinity:undefined:undefined:undefined:undefined":0,"s:42:4:42:Infinity":10,"s:42:25:42:Infinity":11,"b:43:4:47:Infinity:45:11:47:Infinity":1,"s:43:4:47:Infinity":12,"s:44:6:44:Infinity":13,"s:46:6:46:Infinity":14},"fnNames":{}}}
,"C:\\Users\\trendaryo\\Desktop\\Drop-Ship-Automatezip2\\Drop-Ship-Automatezip\\artifacts\\api-server\\src\\index.ts": {"path":"C:\\Users\\trendaryo\\Desktop\\Drop-Ship-Automatezip2\\Drop-Ship-Automatezip\\artifacts\\api-server\\src\\index.ts","statementMap":{"0":{"start":{"line":1,"column":16},"end":{"line":1,"column":null}},"1":{"start":{"line":2,"column":13},"end":{"line":2,"column":null}},"2":{"start":{"line":4,"column":0},"end":{"line":8,"column":null}},"3":{"start":{"line":5,"column":2},"end":{"line":7,"column":null}},"4":{"start":{"line":10,"column":13},"end":{"line":10,"column":null}},"5":{"start":{"line":12,"column":0},"end":{"line":14,"column":null}},"6":{"start":{"line":13,"column":2},"end":{"line":13,"column":null}},"7":{"start":{"line":17,"column":41},"end":{"line":20,"column":null}},"8":{"start":{"line":22,"column":25},"end":{"line":29,"column":null}},"9":{"start":{"line":23,"column":4},"end":{"line":26,"column":null}},"10":{"start":{"line":24,"column":6},"end":{"line":24,"column":null}},"11":{"start":{"line":25,"column":6},"end":{"line":25,"column":null}},"12":{"start":{"line":28,"column":4},"end":{"line":28,"column":null}},"13":{"start":{"line":31,"column":2},"end":{"line":35,"column":null}},"14":{"start":{"line":32,"column":4},"end":{"line":32,"column":null}},"15":{"start":{"line":34,"column":4},"end":{"line":34,"column":null}},"16":{"start":{"line":38,"column":0},"end":{"line":38,"column":null}}},"fnMap":{"0":{"name":"startServer","decl":{"start":{"line":16,"column":15},"end":{"line":16,"column":29}},"loc":{"start":{"line":16,"column":29},"end":{"line":36,"column":null}},"line":16},"1":{"name":"(anonymous_1)","decl":{"start":{"line":22,"column":25},"end":{"line":22,"column":26}},"loc":{"start":{"line":22,"column":43},"end":{"line":29,"column":null}},"line":22}},"branchMap":{"0":{"loc":{"start":{"line":4,"column":0},"end":{"line":8,"column":null}},"type":"if","locations":[{"start":{"line":4,"column":0},"end":{"line":8,"column":null}},{"start":{},"end":{}}],"line":4},"1":{"loc":{"start":{"line":12,"column":0},"end":{"line":14,"column":null}},"type":"if","locations":[{"start":{"line":12,"column":0},"end":{"line":14,"column":null}},{"start":{},"end":{}}],"line":12},"2":{"loc":{"start":{"line":12,"column":4},"end":{"line":12,"column":37}},"type":"binary-expr","locations":[{"start":{"line":12,"column":4},"end":{"line":12,"column":26}},{"start":{"line":12,"column":26},"end":{"line":12,"column":37}}],"line":12},"3":{"loc":{"start":{"line":23,"column":4},"end":{"line":26,"column":null}},"type":"if","locations":[{"start":{"line":23,"column":4},"end":{"line":26,"column":null}},{"start":{},"end":{}}],"line":23},"4":{"loc":{"start":{"line":31,"column":2},"end":{"line":35,"column":null}},"type":"if","locations":[{"start":{"line":31,"column":2},"end":{"line":35,"column":null}},{"start":{"line":33,"column":9},"end":{"line":35,"column":null}}],"line":31}},"s":{"0":4,"1":4,"2":4,"3":1,"4":3,"5":3,"6":1,"7":2,"8":2,"9":2,"10":0,"11":0,"12":2,"13":2,"14":1,"15":1,"16":2},"f":{"0":2,"1":2},"b":{"0":[1,3],"1":[1,2],"2":[3,2],"3":[0,2],"4":[1,1]},"meta":{"lastBranch":5,"lastFunction":2,"lastStatement":17,"seen":{"s:1:16:1:Infinity":0,"s:2:13:2:Infinity":1,"b:4:0:8:Infinity:undefined:undefined:undefined:undefined":0,"s:4:0:8:Infinity":2,"s:5:2:7:Infinity":3,"s:10:13:10:Infinity":4,"b:12:0:14:Infinity:undefined:undefined:undefined:undefined":1,"s:12:0:14:Infinity":5,"b:12:4:12:26:12:26:12:37":2,"s:13:2:13:Infinity":6,"f:16:15:16:29":0,"s:17:41:20:Infinity":7,"s:22:25:29:Infinity":8,"f:22:25:22:26":1,"b:23:4:26:Infinity:undefined:undefined:undefined:undefined":3,"s:23:4:26:Infinity":9,"s:24:6:24:Infinity":10,"s:25:6:25:Infinity":11,"s:28:4:28:Infinity":12,"b:31:2:35:Infinity:33:9:35:Infinity":4,"s:31:2:35:Infinity":13,"s:32:4:32:Infinity":14,"s:34:4:34:Infinity":15,"s:38:0:38:Infinity":16},"fnNames":{}}}
,"C:\\Users\\trendaryo\\Desktop\\Drop-Ship-Automatezip2\\Drop-Ship-Automatezip\\artifacts\\api-server\\src\\lib\\logger.ts": {"path":"C:\\Users\\trendaryo\\Desktop\\Drop-Ship-Automatezip2\\Drop-Ship-Automatezip\\artifacts\\api-server\\src\\lib\\logger.ts","statementMap":{"0":{"start":{"line":3,"column":21},"end":{"line":3,"column":null}},"1":{"start":{"line":5,"column":13},"end":{"line":20,"column":null}}},"fnMap":{},"branchMap":{"0":{"loc":{"start":{"line":6,"column":9},"end":{"line":6,"column":null}},"type":"binary-expr","locations":[{"start":{"line":6,"column":9},"end":{"line":6,"column":34}},{"start":{"line":6,"column":34},"end":{"line":6,"column":null}}],"line":6},"1":{"loc":{"start":{"line":12,"column":6},"end":{"line":19,"column":null}},"type":"cond-expr","locations":[{"start":{"line":13,"column":6},"end":{"line":13,"column":null}},{"start":{"line":14,"column":6},"end":{"line":19,"column":null}}],"line":12}},"s":{"0":13,"1":13},"f":{},"b":{"0":[13,13],"1":[0,13]},"meta":{"lastBranch":2,"lastFunction":0,"lastStatement":2,"seen":{"s:3:21:3:Infinity":0,"s:5:13:20:Infinity":1,"b:6:9:6:34:6:34:6:Infinity":0,"b:13:6:13:Infinity:14:6:19:Infinity":1},"fnNames":{}}}
,"C:\\Users\\trendaryo\\Desktop\\Drop-Ship-Automatezip2\\Drop-Ship-Automatezip\\artifacts\\api-server\\src\\routes\\ad-campaigns.ts": {"path":"C:\\Users\\trendaryo\\Desktop\\Drop-Ship-Automatezip2\\Drop-Ship-Automatezip\\artifacts\\api-server\\src\\routes\\ad-campaigns.ts","statementMap":{"0":{"start":{"line":6,"column":6},"end":{"line":6,"column":null}},"1":{"start":{"line":8,"column":0},"end":{"line":14,"column":null}},"2":{"start":{"line":9,"column":14},"end":{"line":12,"column":null}},"3":{"start":{"line":13,"column":2},"end":{"line":13,"column":null}},"4":{"start":{"line":16,"column":0},"end":{"line":22,"column":null}},"5":{"start":{"line":17,"column":21},"end":{"line":20,"column":null}},"6":{"start":{"line":21,"column":2},"end":{"line":21,"column":null}},"7":{"start":{"line":24,"column":0},"end":{"line":36,"column":null}},"8":{"start":{"line":25,"column":13},"end":{"line":25,"column":null}},"9":{"start":{"line":26,"column":20},"end":{"line":30,"column":null}},"10":{"start":{"line":31,"column":2},"end":{"line":34,"column":null}},"11":{"start":{"line":32,"column":4},"end":{"line":32,"column":null}},"12":{"start":{"line":33,"column":4},"end":{"line":33,"column":null}},"13":{"start":{"line":35,"column":2},"end":{"line":35,"column":null}},"14":{"start":{"line":38,"column":0},"end":{"line":42,"column":null}},"15":{"start":{"line":39,"column":13},"end":{"line":39,"column":null}},"16":{"start":{"line":40,"column":2},"end":{"line":40,"column":null}},"17":{"start":{"line":41,"column":2},"end":{"line":41,"column":null}},"18":{"start":{"line":44,"column":0},"end":{"line":103,"column":null}},"19":{"start":{"line":45,"column":14},"end":{"line":45,"column":null}},"20":{"start":{"line":46,"column":21},"end":{"line":49,"column":null}},"21":{"start":{"line":47,"column":27},"end":{"line":47,"column":null}},"22":{"start":{"line":50,"column":23},"end":{"line":53,"column":null}},"23":{"start":{"line":51,"column":27},"end":{"line":51,"column":null}},"24":{"start":{"line":54,"column":27},"end":{"line":57,"column":null}},"25":{"start":{"line":55,"column":27},"end":{"line":55,"column":null}},"26":{"start":{"line":58,"column":22},"end":{"line":58,"column":null}},"27":{"start":{"line":58,"column":56},"end":{"line":58,"column":77}},"28":{"start":{"line":59,"column":27},"end":{"line":62,"column":null}},"29":{"start":{"line":60,"column":27},"end":{"line":60,"column":null}},"30":{"start":{"line":63,"column":15},"end":{"line":63,"column":null}},"31":{"start":{"line":64,"column":14},"end":{"line":64,"column":null}},"32":{"start":{"line":65,"column":14},"end":{"line":65,"column":null}},"33":{"start":{"line":66,"column":14},"end":{"line":66,"column":null}},"34":{"start":{"line":68,"column":21},"end":{"line":85,"column":null}},"35":{"start":{"line":69,"column":14},"end":{"line":69,"column":null}},"36":{"start":{"line":70,"column":4},"end":{"line":78,"column":null}},"37":{"start":{"line":71,"column":6},"end":{"line":78,"column":null}},"38":{"start":{"line":79,"column":4},"end":{"line":79,"column":null}},"39":{"start":{"line":80,"column":4},"end":{"line":80,"column":null}},"40":{"start":{"line":81,"column":4},"end":{"line":81,"column":null}},"41":{"start":{"line":82,"column":4},"end":{"line":82,"column":null}},"42":{"start":{"line":83,"column":4},"end":{"line":83,"column":null}},"43":{"start":{"line":84,"column":4},"end":{"line":84,"column":null}},"44":{"start":{"line":87,"column":2},"end":{"line":102,"column":null}},"45":{"start":{"line":97,"column":39},"end":{"line":97,"column":60}},"46":{"start":{"line":98,"column":59},"end":{"line":101,"column":6}}},"fnMap":{"0":{"name":"(anonymous_0)","decl":{"start":{"line":8,"column":28},"end":{"line":8,"column":35}},"loc":{"start":{"line":8,"column":49},"end":{"line":14,"column":1}},"line":8},"1":{"name":"(anonymous_1)","decl":{"start":{"line":16,"column":29},"end":{"line":16,"column":36}},"loc":{"start":{"line":16,"column":49},"end":{"line":22,"column":1}},"line":16},"2":{"name":"(anonymous_2)","decl":{"start":{"line":24,"column":34},"end":{"line":24,"column":41}},"loc":{"start":{"line":24,"column":54},"end":{"line":36,"column":1}},"line":24},"3":{"name":"(anonymous_3)","decl":{"start":{"line":38,"column":35},"end":{"line":38,"column":42}},"loc":{"start":{"line":38,"column":55},"end":{"line":42,"column":1}},"line":38},"4":{"name":"(anonymous_4)","decl":{"start":{"line":44,"column":34},"end":{"line":44,"column":41}},"loc":{"start":{"line":44,"column":55},"end":{"line":103,"column":1}},"line":44},"5":{"name":"(anonymous_5)","decl":{"start":{"line":47,"column":4},"end":{"line":47,"column":5}},"loc":{"start":{"line":47,"column":27},"end":{"line":47,"column":null}},"line":47},"6":{"name":"(anonymous_6)","decl":{"start":{"line":51,"column":4},"end":{"line":51,"column":5}},"loc":{"start":{"line":51,"column":27},"end":{"line":51,"column":null}},"line":51},"7":{"name":"(anonymous_7)","decl":{"start":{"line":55,"column":4},"end":{"line":55,"column":5}},"loc":{"start":{"line":55,"column":27},"end":{"line":55,"column":null}},"line":55},"8":{"name":"(anonymous_8)","decl":{"start":{"line":58,"column":33},"end":{"line":58,"column":34}},"loc":{"start":{"line":58,"column":56},"end":{"line":58,"column":77}},"line":58},"9":{"name":"(anonymous_9)","decl":{"start":{"line":60,"column":4},"end":{"line":60,"column":5}},"loc":{"start":{"line":60,"column":27},"end":{"line":60,"column":null}},"line":60},"10":{"name":"(anonymous_10)","decl":{"start":{"line":68,"column":32},"end":{"line":68,"column":33}},"loc":{"start":{"line":68,"column":70},"end":{"line":85,"column":5}},"line":68},"11":{"name":"(anonymous_11)","decl":{"start":{"line":97,"column":32},"end":{"line":97,"column":33}},"loc":{"start":{"line":97,"column":39},"end":{"line":97,"column":60}},"line":97},"12":{"name":"(anonymous_12)","decl":{"start":{"line":98,"column":46},"end":{"line":98,"column":47}},"loc":{"start":{"line":98,"column":59},"end":{"line":101,"column":6}},"line":98}},"branchMap":{"0":{"loc":{"start":{"line":31,"column":2},"end":{"line":34,"column":null}},"type":"if","locations":[{"start":{"line":31,"column":2},"end":{"line":34,"column":null}},{"start":{},"end":{}}],"line":31},"1":{"loc":{"start":{"line":47,"column":38},"end":{"line":47,"column":50}},"type":"binary-expr","locations":[{"start":{"line":47,"column":38},"end":{"line":47,"column":49}},{"start":{"line":47,"column":49},"end":{"line":47,"column":50}}],"line":47},"2":{"loc":{"start":{"line":51,"column":38},"end":{"line":51,"column":52}},"type":"binary-expr","locations":[{"start":{"line":51,"column":38},"end":{"line":51,"column":51}},{"start":{"line":51,"column":51},"end":{"line":51,"column":52}}],"line":51},"3":{"loc":{"start":{"line":55,"column":32},"end":{"line":55,"column":null}},"type":"binary-expr","locations":[{"start":{"line":55,"column":32},"end":{"line":55,"column":49}},{"start":{"line":55,"column":49},"end":{"line":55,"column":null}}],"line":55},"4":{"loc":{"start":{"line":58,"column":61},"end":{"line":58,"column":77}},"type":"binary-expr","locations":[{"start":{"line":58,"column":61},"end":{"line":58,"column":73}},{"start":{"line":58,"column":73},"end":{"line":58,"column":77}}],"line":58},"5":{"loc":{"start":{"line":60,"column":32},"end":{"line":60,"column":null}},"type":"binary-expr","locations":[{"start":{"line":60,"column":32},"end":{"line":60,"column":49}},{"start":{"line":60,"column":49},"end":{"line":60,"column":null}}],"line":60},"6":{"loc":{"start":{"line":63,"column":15},"end":{"line":63,"column":null}},"type":"cond-expr","locations":[{"start":{"line":63,"column":32},"end":{"line":63,"column":60}},{"start":{"line":63,"column":60},"end":{"line":63,"column":null}}],"line":63},"7":{"loc":{"start":{"line":64,"column":14},"end":{"line":64,"column":null}},"type":"cond-expr","locations":[{"start":{"line":64,"column":38},"end":{"line":64,"column":78}},{"start":{"line":64,"column":78},"end":{"line":64,"column":null}}],"line":64},"8":{"loc":{"start":{"line":65,"column":14},"end":{"line":65,"column":null}},"type":"cond-expr","locations":[{"start":{"line":65,"column":32},"end":{"line":65,"column":59}},{"start":{"line":65,"column":59},"end":{"line":65,"column":null}}],"line":65},"9":{"loc":{"start":{"line":66,"column":14},"end":{"line":66,"column":null}},"type":"cond-expr","locations":[{"start":{"line":66,"column":37},"end":{"line":66,"column":69}},{"start":{"line":66,"column":69},"end":{"line":66,"column":null}}],"line":66},"10":{"loc":{"start":{"line":69,"column":14},"end":{"line":69,"column":null}},"type":"binary-expr","locations":[{"start":{"line":69,"column":14},"end":{"line":69,"column":28}},{"start":{"line":69,"column":28},"end":{"line":69,"column":null}}],"line":69},"11":{"loc":{"start":{"line":70,"column":4},"end":{"line":78,"column":null}},"type":"if","locations":[{"start":{"line":70,"column":4},"end":{"line":78,"column":null}},{"start":{},"end":{}}],"line":70},"12":{"loc":{"start":{"line":79,"column":27},"end":{"line":79,"column":39}},"type":"binary-expr","locations":[{"start":{"line":79,"column":27},"end":{"line":79,"column":38}},{"start":{"line":79,"column":38},"end":{"line":79,"column":39}}],"line":79},"13":{"loc":{"start":{"line":80,"column":29},"end":{"line":80,"column":43}},"type":"binary-expr","locations":[{"start":{"line":80,"column":29},"end":{"line":80,"column":42}},{"start":{"line":80,"column":42},"end":{"line":80,"column":43}}],"line":80},"14":{"loc":{"start":{"line":81,"column":26},"end":{"line":81,"column":null}},"type":"binary-expr","locations":[{"start":{"line":81,"column":26},"end":{"line":81,"column":43}},{"start":{"line":81,"column":43},"end":{"line":81,"column":null}}],"line":81},"15":{"loc":{"start":{"line":82,"column":21},"end":{"line":82,"column":null}},"type":"binary-expr","locations":[{"start":{"line":82,"column":21},"end":{"line":82,"column":33}},{"start":{"line":82,"column":33},"end":{"line":82,"column":null}}],"line":82},"16":{"loc":{"start":{"line":100,"column":12},"end":{"line":100,"column":null}},"type":"cond-expr","locations":[{"start":{"line":100,"column":26},"end":{"line":100,"column":48}},{"start":{"line":100,"column":48},"end":{"line":100,"column":null}}],"line":100}},"s":{"0":10,"1":10,"2":1,"3":1,"4":10,"5":1,"6":1,"7":10,"8":1,"9":1,"10":1,"11":0,"12":0,"13":1,"14":10,"15":1,"16":1,"17":1,"18":10,"19":1,"20":1,"21":2,"22":1,"23":2,"24":1,"25":2,"26":1,"27":2,"28":1,"29":2,"30":1,"31":1,"32":1,"33":1,"34":1,"35":2,"36":2,"37":2,"38":2,"39":2,"40":2,"41":2,"42":2,"43":2,"44":1,"45":2,"46":2},"f":{"0":1,"1":1,"2":1,"3":1,"4":1,"5":2,"6":2,"7":2,"8":2,"9":2,"10":2,"11":2,"12":2},"b":{"0":[0,1],"1":[2,0],"2":[2,0],"3":[2,1],"4":[2,1],"5":[2,1],"6":[1,0],"7":[1,0],"8":[1,0],"9":[1,0],"10":[2,0],"11":[2,0],"12":[2,0],"13":[2,0],"14":[2,1],"15":[2,1],"16":[2,0]},"meta":{"lastBranch":17,"lastFunction":13,"lastStatement":47,"seen":{"s:6:6:6:Infinity":0,"s:8:0:14:Infinity":1,"f:8:28:8:35":0,"s:9:14:12:Infinity":2,"s:13:2:13:Infinity":3,"s:16:0:22:Infinity":4,"f:16:29:16:36":1,"s:17:21:20:Infinity":5,"s:21:2:21:Infinity":6,"s:24:0:36:Infinity":7,"f:24:34:24:41":2,"s:25:13:25:Infinity":8,"s:26:20:30:Infinity":9,"b:31:2:34:Infinity:undefined:undefined:undefined:undefined":0,"s:31:2:34:Infinity":10,"s:32:4:32:Infinity":11,"s:33:4:33:Infinity":12,"s:35:2:35:Infinity":13,"s:38:0:42:Infinity":14,"f:38:35:38:42":3,"s:39:13:39:Infinity":15,"s:40:2:40:Infinity":16,"s:41:2:41:Infinity":17,"s:44:0:103:Infinity":18,"f:44:34:44:41":4,"s:45:14:45:Infinity":19,"s:46:21:49:Infinity":20,"f:47:4:47:5":5,"s:47:27:47:Infinity":21,"b:47:38:47:49:47:49:47:50":1,"s:50:23:53:Infinity":22,"f:51:4:51:5":6,"s:51:27:51:Infinity":23,"b:51:38:51:51:51:51:51:52":2,"s:54:27:57:Infinity":24,"f:55:4:55:5":7,"s:55:27:55:Infinity":25,"b:55:32:55:49:55:49:55:Infinity":3,"s:58:22:58:Infinity":26,"f:58:33:58:34":8,"s:58:56:58:77":27,"b:58:61:58:73:58:73:58:77":4,"s:59:27:62:Infinity":28,"f:60:4:60:5":9,"s:60:27:60:Infinity":29,"b:60:32:60:49:60:49:60:Infinity":5,"s:63:15:63:Infinity":30,"b:63:32:63:60:63:60:63:Infinity":6,"s:64:14:64:Infinity":31,"b:64:38:64:78:64:78:64:Infinity":7,"s:65:14:65:Infinity":32,"b:65:32:65:59:65:59:65:Infinity":8,"s:66:14:66:Infinity":33,"b:66:37:66:69:66:69:66:Infinity":9,"s:68:21:85:Infinity":34,"f:68:32:68:33":10,"s:69:14:69:Infinity":35,"b:69:14:69:28:69:28:69:Infinity":10,"b:70:4:78:Infinity:undefined:undefined:undefined:undefined":11,"s:70:4:78:Infinity":36,"s:71:6:78:Infinity":37,"s:79:4:79:Infinity":38,"b:79:27:79:38:79:38:79:39":12,"s:80:4:80:Infinity":39,"b:80:29:80:42:80:42:80:43":13,"s:81:4:81:Infinity":40,"b:81:26:81:43:81:43:81:Infinity":14,"s:82:4:82:Infinity":41,"b:82:21:82:33:82:33:82:Infinity":15,"s:83:4:83:Infinity":42,"s:84:4:84:Infinity":43,"s:87:2:102:Infinity":44,"f:97:32:97:33":11,"s:97:39:97:60":45,"f:98:46:98:47":12,"s:98:59:101:6":46,"b:100:26:100:48:100:48:100:Infinity":16},"fnNames":{}}}
,"C:\\Users\\trendaryo\\Desktop\\Drop-Ship-Automatezip2\\Drop-Ship-Automatezip\\artifacts\\api-server\\src\\routes\\ai-settings.ts": {"path":"C:\\Users\\trendaryo\\Desktop\\Drop-Ship-Automatezip2\\Drop-Ship-Automatezip\\artifacts\\api-server\\src\\routes\\ai-settings.ts","statementMap":{"0":{"start":{"line":5,"column":6},"end":{"line":5,"column":null}},"1":{"start":{"line":8,"column":2},"end":{"line":8,"column":null}},"2":{"start":{"line":12,"column":2},"end":{"line":18,"column":null}},"3":{"start":{"line":13,"column":26},"end":{"line":13,"column":null}},"4":{"start":{"line":14,"column":37},"end":{"line":14,"column":null}},"5":{"start":{"line":15,"column":38},"end":{"line":15,"column":null}},"6":{"start":{"line":16,"column":54},"end":{"line":16,"column":null}},"7":{"start":{"line":17,"column":35},"end":{"line":17,"column":null}},"8":{"start":{"line":21,"column":18},"end":{"line":64,"column":null}},"9":{"start":{"line":66,"column":0},"end":{"line":68,"column":null}},"10":{"start":{"line":67,"column":2},"end":{"line":67,"column":null}},"11":{"start":{"line":70,"column":0},"end":{"line":96,"column":null}},"12":{"start":{"line":71,"column":2},"end":{"line":82,"column":null}},"13":{"start":{"line":72,"column":17},"end":{"line":72,"column":null}},"14":{"start":{"line":73,"column":19},"end":{"line":79,"column":null}},"15":{"start":{"line":73,"column":41},"end":{"line":79,"column":6}},"16":{"start":{"line":80,"column":4},"end":{"line":80,"column":null}},"17":{"start":{"line":81,"column":4},"end":{"line":81,"column":null}},"18":{"start":{"line":83,"column":15},"end":{"line":83,"column":null}},"19":{"start":{"line":84,"column":17},"end":{"line":94,"column":null}},"20":{"start":{"line":86,"column":6},"end":{"line":86,"column":null}},"21":{"start":{"line":87,"column":4},"end":{"line":93,"column":null}},"22":{"start":{"line":95,"column":2},"end":{"line":95,"column":null}},"23":{"start":{"line":98,"column":0},"end":{"line":157,"column":null}},"24":{"start":{"line":99,"column":23},"end":{"line":99,"column":null}},"25":{"start":{"line":100,"column":28},"end":{"line":100,"column":null}},"26":{"start":{"line":102,"column":2},"end":{"line":105,"column":null}},"27":{"start":{"line":102,"column":29},"end":{"line":102,"column":46}},"28":{"start":{"line":103,"column":4},"end":{"line":103,"column":null}},"29":{"start":{"line":104,"column":4},"end":{"line":104,"column":null}},"30":{"start":{"line":106,"column":2},"end":{"line":109,"column":null}},"31":{"start":{"line":107,"column":4},"end":{"line":107,"column":null}},"32":{"start":{"line":108,"column":4},"end":{"line":108,"column":null}},"33":{"start":{"line":111,"column":2},"end":{"line":133,"column":null}},"34":{"start":{"line":112,"column":17},"end":{"line":112,"column":null}},"35":{"start":{"line":113,"column":4},"end":{"line":117,"column":null}},"36":{"start":{"line":118,"column":16},"end":{"line":118,"column":null}},"37":{"start":{"line":119,"column":4},"end":{"line":122,"column":null}},"38":{"start":{"line":120,"column":6},"end":{"line":120,"column":null}},"39":{"start":{"line":121,"column":6},"end":{"line":121,"column":null}},"40":{"start":{"line":124,"column":6},"end":{"line":124,"column":null}},"41":{"start":{"line":125,"column":4},"end":{"line":131,"column":null}},"42":{"start":{"line":132,"column":4},"end":{"line":132,"column":null}},"43":{"start":{"line":135,"column":16},"end":{"line":146,"column":null}},"44":{"start":{"line":149,"column":4},"end":{"line":149,"column":null}},"45":{"start":{"line":150,"column":2},"end":{"line":156,"column":null}},"46":{"start":{"line":159,"column":0},"end":{"line":170,"column":null}},"47":{"start":{"line":160,"column":23},"end":{"line":160,"column":null}},"48":{"start":{"line":161,"column":2},"end":{"line":165,"column":null}},"49":{"start":{"line":162,"column":4},"end":{"line":162,"column":null}},"50":{"start":{"line":163,"column":4},"end":{"line":163,"column":null}},"51":{"start":{"line":164,"column":4},"end":{"line":164,"column":null}},"52":{"start":{"line":166,"column":2},"end":{"line":168,"column":null}},"53":{"start":{"line":169,"column":2},"end":{"line":169,"column":null}},"54":{"start":{"line":172,"column":0},"end":{"line":268,"column":null}},"55":{"start":{"line":173,"column":23},"end":{"line":173,"column":null}},"56":{"start":{"line":174,"column":14},"end":{"line":183,"column":null}},"57":{"start":{"line":185,"column":2},"end":{"line":190,"column":null}},"58":{"start":{"line":186,"column":4},"end":{"line":188,"column":null}},"59":{"start":{"line":189,"column":4},"end":{"line":189,"column":null}},"60":{"start":{"line":193,"column":4},"end":{"line":193,"column":null}},"61":{"start":{"line":195,"column":2},"end":{"line":267,"column":null}},"62":{"start":{"line":196,"column":4},"end":{"line":207,"column":null}},"63":{"start":{"line":197,"column":21},"end":{"line":202,"column":null}},"64":{"start":{"line":203,"column":16},"end":{"line":203,"column":null}},"65":{"start":{"line":204,"column":6},"end":{"line":204,"column":null}},"66":{"start":{"line":204,"column":17},"end":{"line":204,"column":null}},"67":{"start":{"line":205,"column":6},"end":{"line":205,"column":null}},"68":{"start":{"line":206,"column":6},"end":{"line":206,"column":null}},"69":{"start":{"line":209,"column":46},"end":{"line":215,"column":null}},"70":{"start":{"line":217,"column":16},"end":{"line":217,"column":null}},"71":{"start":{"line":218,"column":4},"end":{"line":224,"column":null}},"72":{"start":{"line":219,"column":6},"end":{"line":222,"column":null}},"73":{"start":{"line":223,"column":6},"end":{"line":223,"column":null}},"74":{"start":{"line":227,"column":42},"end":{"line":230,"column":null}},"75":{"start":{"line":232,"column":4},"end":{"line":252,"column":null}},"76":{"start":{"line":233,"column":6},"end":{"line":237,"column":null}},"77":{"start":{"line":238,"column":4},"end":{"line":252,"column":null}},"78":{"start":{"line":239,"column":6},"end":{"line":239,"column":null}},"79":{"start":{"line":240,"column":6},"end":{"line":240,"column":null}},"80":{"start":{"line":241,"column":6},"end":{"line":245,"column":null}},"81":{"start":{"line":247,"column":6},"end":{"line":251,"column":null}},"82":{"start":{"line":254,"column":14},"end":{"line":258,"column":null}},"83":{"start":{"line":259,"column":4},"end":{"line":262,"column":null}},"84":{"start":{"line":260,"column":22},"end":{"line":260,"column":null}},"85":{"start":{"line":261,"column":6},"end":{"line":261,"column":null}},"86":{"start":{"line":263,"column":4},"end":{"line":263,"column":null}},"87":{"start":{"line":265,"column":16},"end":{"line":265,"column":null}},"88":{"start":{"line":266,"column":4},"end":{"line":266,"column":null}}},"fnMap":{"0":{"name":"isFirestoreMode","decl":{"start":{"line":7,"column":9},"end":{"line":7,"column":36}},"loc":{"start":{"line":7,"column":36},"end":{"line":9,"column":null}},"line":7},"1":{"name":"aiSettingsRepo","decl":{"start":{"line":11,"column":9},"end":{"line":11,"column":26}},"loc":{"start":{"line":11,"column":26},"end":{"line":19,"column":null}},"line":11},"2":{"name":"(anonymous_2)","decl":{"start":{"line":13,"column":14},"end":{"line":13,"column":26}},"loc":{"start":{"line":13,"column":26},"end":{"line":13,"column":null}},"line":13},"3":{"name":"(anonymous_3)","decl":{"start":{"line":14,"column":14},"end":{"line":14,"column":21}},"loc":{"start":{"line":14,"column":37},"end":{"line":14,"column":null}},"line":14},"4":{"name":"(anonymous_4)","decl":{"start":{"line":15,"column":13},"end":{"line":15,"column":20}},"loc":{"start":{"line":15,"column":38},"end":{"line":15,"column":null}},"line":15},"5":{"name":"(anonymous_5)","decl":{"start":{"line":16,"column":18},"end":{"line":16,"column":25}},"loc":{"start":{"line":16,"column":54},"end":{"line":16,"column":null}},"line":16},"6":{"name":"(anonymous_6)","decl":{"start":{"line":17,"column":12},"end":{"line":17,"column":19}},"loc":{"start":{"line":17,"column":35},"end":{"line":17,"column":null}},"line":17},"7":{"name":"(anonymous_7)","decl":{"start":{"line":66,"column":37},"end":{"line":66,"column":38}},"loc":{"start":{"line":66,"column":52},"end":{"line":68,"column":1}},"line":66},"8":{"name":"(anonymous_8)","decl":{"start":{"line":70,"column":27},"end":{"line":70,"column":34}},"loc":{"start":{"line":70,"column":48},"end":{"line":96,"column":1}},"line":70},"9":{"name":"(anonymous_9)","decl":{"start":{"line":73,"column":28},"end":{"line":73,"column":29}},"loc":{"start":{"line":73,"column":41},"end":{"line":79,"column":6}},"line":73},"10":{"name":"(anonymous_10)","decl":{"start":{"line":84,"column":26},"end":{"line":84,"column":27}},"loc":{"start":{"line":84,"column":33},"end":{"line":94,"column":3}},"line":84},"11":{"name":"(anonymous_11)","decl":{"start":{"line":98,"column":37},"end":{"line":98,"column":44}},"loc":{"start":{"line":98,"column":57},"end":{"line":157,"column":1}},"line":98},"12":{"name":"(anonymous_12)","decl":{"start":{"line":102,"column":22},"end":{"line":102,"column":23}},"loc":{"start":{"line":102,"column":29},"end":{"line":102,"column":46}},"line":102},"13":{"name":"(anonymous_13)","decl":{"start":{"line":159,"column":40},"end":{"line":159,"column":47}},"loc":{"start":{"line":159,"column":60},"end":{"line":170,"column":1}},"line":159},"14":{"name":"(anonymous_14)","decl":{"start":{"line":172,"column":43},"end":{"line":172,"column":50}},"loc":{"start":{"line":172,"column":63},"end":{"line":268,"column":1}},"line":172}},"branchMap":{"0":{"loc":{"start":{"line":8,"column":10},"end":{"line":8,"column":37}},"type":"binary-expr","locations":[{"start":{"line":8,"column":10},"end":{"line":8,"column":33}},{"start":{"line":8,"column":33},"end":{"line":8,"column":37}}],"line":8},"1":{"loc":{"start":{"line":71,"column":2},"end":{"line":82,"column":null}},"type":"if","locations":[{"start":{"line":71,"column":2},"end":{"line":82,"column":null}},{"start":{},"end":{}}],"line":71},"2":{"loc":{"start":{"line":86,"column":6},"end":{"line":86,"column":null}},"type":"cond-expr","locations":[{"start":{"line":86,"column":37},"end":{"line":86,"column":48}},{"start":{"line":86,"column":48},"end":{"line":86,"column":null}}],"line":86},"3":{"loc":{"start":{"line":86,"column":55},"end":{"line":86,"column":69}},"type":"binary-expr","locations":[{"start":{"line":86,"column":55},"end":{"line":86,"column":67}},{"start":{"line":86,"column":67},"end":{"line":86,"column":69}}],"line":86},"4":{"loc":{"start":{"line":102,"column":2},"end":{"line":105,"column":null}},"type":"if","locations":[{"start":{"line":102,"column":2},"end":{"line":105,"column":null}},{"start":{},"end":{}}],"line":102},"5":{"loc":{"start":{"line":106,"column":2},"end":{"line":109,"column":null}},"type":"if","locations":[{"start":{"line":106,"column":2},"end":{"line":109,"column":null}},{"start":{},"end":{}}],"line":106},"6":{"loc":{"start":{"line":106,"column":6},"end":{"line":106,"column":33}},"type":"binary-expr","locations":[{"start":{"line":106,"column":6},"end":{"line":106,"column":17}},{"start":{"line":106,"column":17},"end":{"line":106,"column":33}}],"line":106},"7":{"loc":{"start":{"line":111,"column":2},"end":{"line":133,"column":null}},"type":"if","locations":[{"start":{"line":111,"column":2},"end":{"line":133,"column":null}},{"start":{},"end":{}}],"line":111},"8":{"loc":{"start":{"line":116,"column":13},"end":{"line":116,"column":null}},"type":"binary-expr","locations":[{"start":{"line":116,"column":13},"end":{"line":116,"column":30}},{"start":{"line":116,"column":30},"end":{"line":116,"column":null}}],"line":116},"9":{"loc":{"start":{"line":119,"column":4},"end":{"line":122,"column":null}},"type":"if","locations":[{"start":{"line":119,"column":4},"end":{"line":122,"column":null}},{"start":{},"end":{}}],"line":119},"10":{"loc":{"start":{"line":124,"column":6},"end":{"line":124,"column":null}},"type":"cond-expr","locations":[{"start":{"line":124,"column":39},"end":{"line":124,"column":52}},{"start":{"line":124,"column":52},"end":{"line":124,"column":null}}],"line":124},"11":{"loc":{"start":{"line":124,"column":59},"end":{"line":124,"column":75}},"type":"binary-expr","locations":[{"start":{"line":124,"column":59},"end":{"line":124,"column":73}},{"start":{"line":124,"column":73},"end":{"line":124,"column":75}}],"line":124},"12":{"loc":{"start":{"line":137,"column":54},"end":{"line":137,"column":76}},"type":"binary-expr","locations":[{"start":{"line":137,"column":54},"end":{"line":137,"column":71}},{"start":{"line":137,"column":71},"end":{"line":137,"column":76}}],"line":137},"13":{"loc":{"start":{"line":142,"column":15},"end":{"line":142,"column":null}},"type":"binary-expr","locations":[{"start":{"line":142,"column":15},"end":{"line":142,"column":32}},{"start":{"line":142,"column":32},"end":{"line":142,"column":null}}],"line":142},"14":{"loc":{"start":{"line":149,"column":4},"end":{"line":149,"column":null}},"type":"cond-expr","locations":[{"start":{"line":149,"column":37},"end":{"line":149,"column":50}},{"start":{"line":149,"column":50},"end":{"line":149,"column":null}}],"line":149},"15":{"loc":{"start":{"line":149,"column":57},"end":{"line":149,"column":73}},"type":"binary-expr","locations":[{"start":{"line":149,"column":57},"end":{"line":149,"column":71}},{"start":{"line":149,"column":71},"end":{"line":149,"column":73}}],"line":149},"16":{"loc":{"start":{"line":161,"column":2},"end":{"line":165,"column":null}},"type":"if","locations":[{"start":{"line":161,"column":2},"end":{"line":165,"column":null}},{"start":{},"end":{}}],"line":161},"17":{"loc":{"start":{"line":174,"column":14},"end":{"line":183,"column":null}},"type":"cond-expr","locations":[{"start":{"line":175,"column":6},"end":{"line":177,"column":null}},{"start":{"line":177,"column":7},"end":{"line":183,"column":null}}],"line":174},"18":{"loc":{"start":{"line":185,"column":2},"end":{"line":190,"column":null}},"type":"if","locations":[{"start":{"line":185,"column":2},"end":{"line":190,"column":null}},{"start":{},"end":{}}],"line":185},"19":{"loc":{"start":{"line":193,"column":4},"end":{"line":193,"column":null}},"type":"cond-expr","locations":[{"start":{"line":193,"column":37},"end":{"line":193,"column":50}},{"start":{"line":193,"column":50},"end":{"line":193,"column":null}}],"line":193},"20":{"loc":{"start":{"line":193,"column":57},"end":{"line":193,"column":73}},"type":"binary-expr","locations":[{"start":{"line":193,"column":57},"end":{"line":193,"column":71}},{"start":{"line":193,"column":71},"end":{"line":193,"column":73}}],"line":193},"21":{"loc":{"start":{"line":196,"column":4},"end":{"line":207,"column":null}},"type":"if","locations":[{"start":{"line":196,"column":4},"end":{"line":207,"column":null}},{"start":{},"end":{}}],"line":196},"22":{"loc":{"start":{"line":204,"column":6},"end":{"line":204,"column":null}},"type":"if","locations":[{"start":{"line":204,"column":6},"end":{"line":204,"column":null}},{"start":{},"end":{}}],"line":204},"23":{"loc":{"start":{"line":218,"column":4},"end":{"line":224,"column":null}},"type":"if","locations":[{"start":{"line":218,"column":4},"end":{"line":224,"column":null}},{"start":{},"end":{}}],"line":218},"24":{"loc":{"start":{"line":232,"column":4},"end":{"line":252,"column":null}},"type":"if","locations":[{"start":{"line":232,"column":4},"end":{"line":252,"column":null}},{"start":{"line":238,"column":4},"end":{"line":252,"column":null}}],"line":232},"25":{"loc":{"start":{"line":234,"column":15},"end":{"line":234,"column":null}},"type":"binary-expr","locations":[{"start":{"line":234,"column":15},"end":{"line":234,"column":28}},{"start":{"line":234,"column":28},"end":{"line":234,"column":null}}],"line":234},"26":{"loc":{"start":{"line":238,"column":4},"end":{"line":252,"column":null}},"type":"if","locations":[{"start":{"line":238,"column":4},"end":{"line":252,"column":null}},{"start":{"line":246,"column":11},"end":{"line":252,"column":null}}],"line":238},"27":{"loc":{"start":{"line":242,"column":15},"end":{"line":242,"column":null}},"type":"binary-expr","locations":[{"start":{"line":242,"column":15},"end":{"line":242,"column":28}},{"start":{"line":242,"column":28},"end":{"line":242,"column":null}}],"line":242},"28":{"loc":{"start":{"line":248,"column":15},"end":{"line":248,"column":null}},"type":"binary-expr","locations":[{"start":{"line":248,"column":15},"end":{"line":248,"column":28}},{"start":{"line":248,"column":28},"end":{"line":248,"column":null}}],"line":248},"29":{"loc":{"start":{"line":259,"column":4},"end":{"line":262,"column":null}},"type":"if","locations":[{"start":{"line":259,"column":4},"end":{"line":262,"column":null}},{"start":{},"end":{}}],"line":259},"30":{"loc":{"start":{"line":265,"column":16},"end":{"line":265,"column":null}},"type":"cond-expr","locations":[{"start":{"line":265,"column":39},"end":{"line":265,"column":53}},{"start":{"line":265,"column":53},"end":{"line":265,"column":null}}],"line":265}},"s":{"0":10,"1":4,"2":0,"3":0,"4":0,"5":0,"6":0,"7":0,"8":10,"9":10,"10":1,"11":10,"12":1,"13":0,"14":0,"15":0,"16":0,"17":0,"18":1,"19":1,"20":1,"21":1,"22":1,"23":10,"24":1,"25":1,"26":1,"27":1,"28":0,"29":0,"30":1,"31":0,"32":0,"33":1,"34":0,"35":0,"36":0,"37":0,"38":0,"39":0,"40":0,"41":0,"42":0,"43":1,"44":1,"45":1,"46":10,"47":1,"48":1,"49":0,"50":0,"51":0,"52":1,"53":1,"54":10,"55":1,"56":1,"57":1,"58":0,"59":0,"60":1,"61":1,"62":1,"63":0,"64":0,"65":0,"66":0,"67":0,"68":0,"69":1,"70":1,"71":1,"72":0,"73":0,"74":1,"75":1,"76":0,"77":1,"78":0,"79":0,"80":0,"81":1,"82":1,"83":1,"84":0,"85":0,"86":1,"87":0,"88":0},"f":{"0":4,"1":0,"2":0,"3":0,"4":0,"5":0,"6":0,"7":1,"8":1,"9":0,"10":1,"11":1,"12":1,"13":1,"14":1},"b":{"0":[4,4],"1":[0,1],"2":[1,0],"3":[0,0],"4":[0,1],"5":[0,1],"6":[1,1],"7":[0,1],"8":[0,0],"9":[0,0],"10":[0,0],"11":[0,0],"12":[1,0],"13":[1,0],"14":[1,0],"15":[0,0],"16":[0,1],"17":[0,1],"18":[0,1],"19":[1,0],"20":[0,0],"21":[0,1],"22":[0,0],"23":[0,1],"24":[0,1],"25":[0,0],"26":[0,1],"27":[0,0],"28":[1,0],"29":[0,1],"30":[0,0]},"meta":{"lastBranch":31,"lastFunction":15,"lastStatement":89,"seen":{"s:5:6:5:Infinity":0,"f:7:9:7:36":0,"s:8:2:8:Infinity":1,"b:8:10:8:33:8:33:8:37":0,"f:11:9:11:26":1,"s:12:2:18:Infinity":2,"f:13:14:13:26":2,"s:13:26:13:Infinity":3,"f:14:14:14:21":3,"s:14:37:14:Infinity":4,"f:15:13:15:20":4,"s:15:38:15:Infinity":5,"f:16:18:16:25":5,"s:16:54:16:Infinity":6,"f:17:12:17:19":6,"s:17:35:17:Infinity":7,"s:21:18:64:Infinity":8,"s:66:0:68:Infinity":9,"f:66:37:66:38":7,"s:67:2:67:Infinity":10,"s:70:0:96:Infinity":11,"f:70:27:70:34":8,"b:71:2:82:Infinity:undefined:undefined:undefined:undefined":1,"s:71:2:82:Infinity":12,"s:72:17:72:Infinity":13,"s:73:19:79:Infinity":14,"f:73:28:73:29":9,"s:73:41:79:6":15,"s:80:4:80:Infinity":16,"s:81:4:81:Infinity":17,"s:83:15:83:Infinity":18,"s:84:17:94:Infinity":19,"f:84:26:84:27":10,"s:86:6:86:Infinity":20,"b:86:37:86:48:86:48:86:Infinity":2,"b:86:55:86:67:86:67:86:69":3,"s:87:4:93:Infinity":21,"s:95:2:95:Infinity":22,"s:98:0:157:Infinity":23,"f:98:37:98:44":11,"s:99:23:99:Infinity":24,"s:100:28:100:Infinity":25,"b:102:2:105:Infinity:undefined:undefined:undefined:undefined":4,"s:102:2:105:Infinity":26,"f:102:22:102:23":12,"s:102:29:102:46":27,"s:103:4:103:Infinity":28,"s:104:4:104:Infinity":29,"b:106:2:109:Infinity:undefined:undefined:undefined:undefined":5,"s:106:2:109:Infinity":30,"b:106:6:106:17:106:17:106:33":6,"s:107:4:107:Infinity":31,"s:108:4:108:Infinity":32,"b:111:2:133:Infinity:undefined:undefined:undefined:undefined":7,"s:111:2:133:Infinity":33,"s:112:17:112:Infinity":34,"s:113:4:117:Infinity":35,"b:116:13:116:30:116:30:116:Infinity":8,"s:118:16:118:Infinity":36,"b:119:4:122:Infinity:undefined:undefined:undefined:undefined":9,"s:119:4:122:Infinity":37,"s:120:6:120:Infinity":38,"s:121:6:121:Infinity":39,"s:124:6:124:Infinity":40,"b:124:39:124:52:124:52:124:Infinity":10,"b:124:59:124:73:124:73:124:75":11,"s:125:4:131:Infinity":41,"s:132:4:132:Infinity":42,"s:135:16:146:Infinity":43,"b:137:54:137:71:137:71:137:76":12,"b:142:15:142:32:142:32:142:Infinity":13,"s:149:4:149:Infinity":44,"b:149:37:149:50:149:50:149:Infinity":14,"b:149:57:149:71:149:71:149:73":15,"s:150:2:156:Infinity":45,"s:159:0:170:Infinity":46,"f:159:40:159:47":13,"s:160:23:160:Infinity":47,"b:161:2:165:Infinity:undefined:undefined:undefined:undefined":16,"s:161:2:165:Infinity":48,"s:162:4:162:Infinity":49,"s:163:4:163:Infinity":50,"s:164:4:164:Infinity":51,"s:166:2:168:Infinity":52,"s:169:2:169:Infinity":53,"s:172:0:268:Infinity":54,"f:172:43:172:50":14,"s:173:23:173:Infinity":55,"s:174:14:183:Infinity":56,"b:175:6:177:Infinity:177:7:183:Infinity":17,"b:185:2:190:Infinity:undefined:undefined:undefined:undefined":18,"s:185:2:190:Infinity":57,"s:186:4:188:Infinity":58,"s:189:4:189:Infinity":59,"s:193:4:193:Infinity":60,"b:193:37:193:50:193:50:193:Infinity":19,"b:193:57:193:71:193:71:193:73":20,"s:195:2:267:Infinity":61,"b:196:4:207:Infinity:undefined:undefined:undefined:undefined":21,"s:196:4:207:Infinity":62,"s:197:21:202:Infinity":63,"s:203:16:203:Infinity":64,"b:204:6:204:Infinity:undefined:undefined:undefined:undefined":22,"s:204:6:204:Infinity":65,"s:204:17:204:Infinity":66,"s:205:6:205:Infinity":67,"s:206:6:206:Infinity":68,"s:209:46:215:Infinity":69,"s:217:16:217:Infinity":70,"b:218:4:224:Infinity:undefined:undefined:undefined:undefined":23,"s:218:4:224:Infinity":71,"s:219:6:222:Infinity":72,"s:223:6:223:Infinity":73,"s:227:42:230:Infinity":74,"b:232:4:252:Infinity:238:4:252:Infinity":24,"s:232:4:252:Infinity":75,"s:233:6:237:Infinity":76,"b:234:15:234:28:234:28:234:Infinity":25,"b:238:4:252:Infinity:246:11:252:Infinity":26,"s:238:4:252:Infinity":77,"s:239:6:239:Infinity":78,"s:240:6:240:Infinity":79,"s:241:6:245:Infinity":80,"b:242:15:242:28:242:28:242:Infinity":27,"s:247:6:251:Infinity":81,"b:248:15:248:28:248:28:248:Infinity":28,"s:254:14:258:Infinity":82,"b:259:4:262:Infinity:undefined:undefined:undefined:undefined":29,"s:259:4:262:Infinity":83,"s:260:22:260:Infinity":84,"s:261:6:261:Infinity":85,"s:263:4:263:Infinity":86,"s:265:16:265:Infinity":87,"b:265:39:265:53:265:53:265:Infinity":30,"s:266:4:266:Infinity":88},"fnNames":{}}}
,"C:\\Users\\trendaryo\\Desktop\\Drop-Ship-Automatezip2\\Drop-Ship-Automatezip\\artifacts\\api-server\\src\\routes\\cash-flow.ts": {"path":"C:\\Users\\trendaryo\\Desktop\\Drop-Ship-Automatezip2\\Drop-Ship-Automatezip\\artifacts\\api-server\\src\\routes\\cash-flow.ts","statementMap":{"0":{"start":{"line":10,"column":6},"end":{"line":10,"column":null}},"1":{"start":{"line":12,"column":0},"end":{"line":123,"column":null}},"2":{"start":{"line":13,"column":14},"end":{"line":13,"column":null}},"3":{"start":{"line":14,"column":14},"end":{"line":14,"column":null}},"4":{"start":{"line":16,"column":44},"end":{"line":20,"column":null}},"5":{"start":{"line":22,"column":23},"end":{"line":28,"column":null}},"6":{"start":{"line":23,"column":24},"end":{"line":23,"column":48}},"7":{"start":{"line":26,"column":8},"end":{"line":26,"column":null}},"8":{"start":{"line":30,"column":20},"end":{"line":36,"column":null}},"9":{"start":{"line":31,"column":24},"end":{"line":31,"column":48}},"10":{"start":{"line":34,"column":8},"end":{"line":34,"column":null}},"11":{"start":{"line":38,"column":25},"end":{"line":46,"column":null}},"12":{"start":{"line":40,"column":6},"end":{"line":40,"column":null}},"13":{"start":{"line":44,"column":8},"end":{"line":44,"column":null}},"14":{"start":{"line":48,"column":23},"end":{"line":50,"column":null}},"15":{"start":{"line":49,"column":24},"end":{"line":49,"column":79}},"16":{"start":{"line":50,"column":35},"end":{"line":50,"column":65}},"17":{"start":{"line":52,"column":24},"end":{"line":54,"column":null}},"18":{"start":{"line":53,"column":24},"end":{"line":53,"column":45}},"19":{"start":{"line":54,"column":35},"end":{"line":54,"column":61}},"20":{"start":{"line":56,"column":22},"end":{"line":56,"column":null}},"21":{"start":{"line":57,"column":26},"end":{"line":57,"column":null}},"22":{"start":{"line":62,"column":6},"end":{"line":62,"column":null}},"23":{"start":{"line":63,"column":2},"end":{"line":71,"column":null}},"24":{"start":{"line":63,"column":15},"end":{"line":63,"column":18}},"25":{"start":{"line":64,"column":14},"end":{"line":64,"column":null}},"26":{"start":{"line":65,"column":16},"end":{"line":65,"column":null}},"27":{"start":{"line":66,"column":18},"end":{"line":69,"column":null}},"28":{"start":{"line":70,"column":4},"end":{"line":70,"column":null}},"29":{"start":{"line":73,"column":2},"end":{"line":81,"column":null}},"30":{"start":{"line":74,"column":4},"end":{"line":74,"column":null}},"31":{"start":{"line":74,"column":50},"end":{"line":74,"column":null}},"32":{"start":{"line":75,"column":14},"end":{"line":75,"column":null}},"33":{"start":{"line":76,"column":16},"end":{"line":76,"column":null}},"34":{"start":{"line":77,"column":4},"end":{"line":80,"column":null}},"35":{"start":{"line":78,"column":6},"end":{"line":78,"column":null}},"36":{"start":{"line":79,"column":6},"end":{"line":79,"column":null}},"37":{"start":{"line":83,"column":2},"end":{"line":91,"column":null}},"38":{"start":{"line":84,"column":4},"end":{"line":85,"column":null}},"39":{"start":{"line":85,"column":6},"end":{"line":85,"column":null}},"40":{"start":{"line":86,"column":14},"end":{"line":86,"column":null}},"41":{"start":{"line":87,"column":16},"end":{"line":87,"column":null}},"42":{"start":{"line":88,"column":4},"end":{"line":90,"column":null}},"43":{"start":{"line":89,"column":6},"end":{"line":89,"column":null}},"44":{"start":{"line":93,"column":27},"end":{"line":96,"column":null}},"45":{"start":{"line":93,"column":61},"end":{"line":96,"column":4}},"46":{"start":{"line":98,"column":28},"end":{"line":107,"column":null}},"47":{"start":{"line":100,"column":16},"end":{"line":100,"column":null}},"48":{"start":{"line":101,"column":6},"end":{"line":101,"column":null}},"49":{"start":{"line":101,"column":19},"end":{"line":101,"column":null}},"50":{"start":{"line":102,"column":6},"end":{"line":102,"column":null}},"51":{"start":{"line":103,"column":6},"end":{"line":103,"column":null}},"52":{"start":{"line":104,"column":6},"end":{"line":104,"column":null}},"53":{"start":{"line":109,"column":2},"end":{"line":122,"column":null}}},"fnMap":{"0":{"name":"(anonymous_0)","decl":{"start":{"line":12,"column":34},"end":{"line":12,"column":41}},"loc":{"start":{"line":12,"column":55},"end":{"line":123,"column":1}},"line":12},"1":{"name":"(anonymous_1)","decl":{"start":{"line":23,"column":12},"end":{"line":23,"column":13}},"loc":{"start":{"line":23,"column":24},"end":{"line":23,"column":48}},"line":23},"2":{"name":"(anonymous_2)","decl":{"start":{"line":25,"column":6},"end":{"line":25,"column":7}},"loc":{"start":{"line":26,"column":8},"end":{"line":26,"column":null}},"line":26},"3":{"name":"(anonymous_3)","decl":{"start":{"line":31,"column":12},"end":{"line":31,"column":13}},"loc":{"start":{"line":31,"column":24},"end":{"line":31,"column":48}},"line":31},"4":{"name":"(anonymous_4)","decl":{"start":{"line":33,"column":6},"end":{"line":33,"column":7}},"loc":{"start":{"line":34,"column":8},"end":{"line":34,"column":null}},"line":34},"5":{"name":"(anonymous_5)","decl":{"start":{"line":39,"column":12},"end":{"line":39,"column":13}},"loc":{"start":{"line":40,"column":6},"end":{"line":40,"column":null}},"line":40},"6":{"name":"(anonymous_6)","decl":{"start":{"line":43,"column":6},"end":{"line":43,"column":7}},"loc":{"start":{"line":44,"column":8},"end":{"line":44,"column":null}},"line":44},"7":{"name":"(anonymous_7)","decl":{"start":{"line":49,"column":12},"end":{"line":49,"column":13}},"loc":{"start":{"line":49,"column":24},"end":{"line":49,"column":79}},"line":49},"8":{"name":"(anonymous_8)","decl":{"start":{"line":50,"column":12},"end":{"line":50,"column":13}},"loc":{"start":{"line":50,"column":35},"end":{"line":50,"column":65}},"line":50},"9":{"name":"(anonymous_9)","decl":{"start":{"line":53,"column":12},"end":{"line":53,"column":13}},"loc":{"start":{"line":53,"column":24},"end":{"line":53,"column":45}},"line":53},"10":{"name":"(anonymous_10)","decl":{"start":{"line":54,"column":12},"end":{"line":54,"column":13}},"loc":{"start":{"line":54,"column":35},"end":{"line":54,"column":61}},"line":54},"11":{"name":"(anonymous_11)","decl":{"start":{"line":93,"column":53},"end":{"line":93,"column":54}},"loc":{"start":{"line":93,"column":61},"end":{"line":96,"column":4}},"line":93},"12":{"name":"(anonymous_12)","decl":{"start":{"line":99,"column":4},"end":{"line":99,"column":5}},"loc":{"start":{"line":99,"column":73},"end":{"line":105,"column":null}},"line":99}},"branchMap":{"0":{"loc":{"start":{"line":26,"column":19},"end":{"line":26,"column":35}},"type":"binary-expr","locations":[{"start":{"line":26,"column":19},"end":{"line":26,"column":34}},{"start":{"line":26,"column":34},"end":{"line":26,"column":35}}],"line":26},"1":{"loc":{"start":{"line":26,"column":46},"end":{"line":26,"column":61}},"type":"binary-expr","locations":[{"start":{"line":26,"column":46},"end":{"line":26,"column":60}},{"start":{"line":26,"column":60},"end":{"line":26,"column":61}}],"line":26},"2":{"loc":{"start":{"line":34,"column":19},"end":{"line":34,"column":35}},"type":"binary-expr","locations":[{"start":{"line":34,"column":19},"end":{"line":34,"column":34}},{"start":{"line":34,"column":34},"end":{"line":34,"column":35}}],"line":34},"3":{"loc":{"start":{"line":34,"column":46},"end":{"line":34,"column":61}},"type":"binary-expr","locations":[{"start":{"line":34,"column":46},"end":{"line":34,"column":60}},{"start":{"line":34,"column":60},"end":{"line":34,"column":61}}],"line":34},"4":{"loc":{"start":{"line":40,"column":52},"end":{"line":40,"column":66}},"type":"binary-expr","locations":[{"start":{"line":40,"column":52},"end":{"line":40,"column":64}},{"start":{"line":40,"column":64},"end":{"line":40,"column":66}}],"line":40},"5":{"loc":{"start":{"line":44,"column":19},"end":{"line":44,"column":35}},"type":"binary-expr","locations":[{"start":{"line":44,"column":19},"end":{"line":44,"column":34}},{"start":{"line":44,"column":34},"end":{"line":44,"column":35}}],"line":44},"6":{"loc":{"start":{"line":44,"column":46},"end":{"line":44,"column":61}},"type":"binary-expr","locations":[{"start":{"line":44,"column":46},"end":{"line":44,"column":60}},{"start":{"line":44,"column":60},"end":{"line":44,"column":61}}],"line":44},"7":{"loc":{"start":{"line":49,"column":64},"end":{"line":49,"column":78}},"type":"binary-expr","locations":[{"start":{"line":49,"column":64},"end":{"line":49,"column":76}},{"start":{"line":49,"column":76},"end":{"line":49,"column":78}}],"line":49},"8":{"loc":{"start":{"line":50,"column":46},"end":{"line":50,"column":62}},"type":"binary-expr","locations":[{"start":{"line":50,"column":46},"end":{"line":50,"column":61}},{"start":{"line":50,"column":61},"end":{"line":50,"column":62}}],"line":50},"9":{"loc":{"start":{"line":54,"column":46},"end":{"line":54,"column":58}},"type":"binary-expr","locations":[{"start":{"line":54,"column":46},"end":{"line":54,"column":57}},{"start":{"line":54,"column":57},"end":{"line":54,"column":58}}],"line":54},"10":{"loc":{"start":{"line":74,"column":4},"end":{"line":74,"column":null}},"type":"if","locations":[{"start":{"line":74,"column":4},"end":{"line":74,"column":null}},{"start":{},"end":{}}],"line":74},"11":{"loc":{"start":{"line":74,"column":8},"end":{"line":74,"column":50}},"type":"binary-expr","locations":[{"start":{"line":74,"column":8},"end":{"line":74,"column":24}},{"start":{"line":74,"column":24},"end":{"line":74,"column":50}}],"line":74},"12":{"loc":{"start":{"line":77,"column":4},"end":{"line":80,"column":null}},"type":"if","locations":[{"start":{"line":77,"column":4},"end":{"line":80,"column":null}},{"start":{},"end":{}}],"line":77},"13":{"loc":{"start":{"line":78,"column":35},"end":{"line":78,"column":51}},"type":"binary-expr","locations":[{"start":{"line":78,"column":35},"end":{"line":78,"column":50}},{"start":{"line":78,"column":50},"end":{"line":78,"column":51}}],"line":78},"14":{"loc":{"start":{"line":78,"column":62},"end":{"line":78,"column":77}},"type":"binary-expr","locations":[{"start":{"line":78,"column":62},"end":{"line":78,"column":76}},{"start":{"line":78,"column":76},"end":{"line":78,"column":77}}],"line":78},"15":{"loc":{"start":{"line":79,"column":36},"end":{"line":79,"column":52}},"type":"binary-expr","locations":[{"start":{"line":79,"column":36},"end":{"line":79,"column":51}},{"start":{"line":79,"column":51},"end":{"line":79,"column":52}}],"line":79},"16":{"loc":{"start":{"line":79,"column":63},"end":{"line":79,"column":78}},"type":"binary-expr","locations":[{"start":{"line":79,"column":63},"end":{"line":79,"column":77}},{"start":{"line":79,"column":77},"end":{"line":79,"column":78}}],"line":79},"17":{"loc":{"start":{"line":84,"column":4},"end":{"line":85,"column":null}},"type":"if","locations":[{"start":{"line":84,"column":4},"end":{"line":85,"column":null}},{"start":{},"end":{}}],"line":84},"18":{"loc":{"start":{"line":84,"column":8},"end":{"line":84,"column":null}},"type":"binary-expr","locations":[{"start":{"line":84,"column":8},"end":{"line":84,"column":24}},{"start":{"line":84,"column":24},"end":{"line":84,"column":null}}],"line":84},"19":{"loc":{"start":{"line":84,"column":59},"end":{"line":84,"column":73}},"type":"binary-expr","locations":[{"start":{"line":84,"column":59},"end":{"line":84,"column":71}},{"start":{"line":84,"column":71},"end":{"line":84,"column":73}}],"line":84},"20":{"loc":{"start":{"line":88,"column":4},"end":{"line":90,"column":null}},"type":"if","locations":[{"start":{"line":88,"column":4},"end":{"line":90,"column":null}},{"start":{},"end":{}}],"line":88},"21":{"loc":{"start":{"line":89,"column":36},"end":{"line":89,"column":52}},"type":"binary-expr","locations":[{"start":{"line":89,"column":36},"end":{"line":89,"column":51}},{"start":{"line":89,"column":51},"end":{"line":89,"column":52}}],"line":89},"22":{"loc":{"start":{"line":100,"column":16},"end":{"line":100,"column":null}},"type":"binary-expr","locations":[{"start":{"line":100,"column":16},"end":{"line":100,"column":30}},{"start":{"line":100,"column":30},"end":{"line":100,"column":null}}],"line":100},"23":{"loc":{"start":{"line":101,"column":6},"end":{"line":101,"column":null}},"type":"if","locations":[{"start":{"line":101,"column":6},"end":{"line":101,"column":null}},{"start":{},"end":{}}],"line":101},"24":{"loc":{"start":{"line":102,"column":29},"end":{"line":102,"column":41}},"type":"binary-expr","locations":[{"start":{"line":102,"column":29},"end":{"line":102,"column":40}},{"start":{"line":102,"column":40},"end":{"line":102,"column":41}}],"line":102},"25":{"loc":{"start":{"line":103,"column":31},"end":{"line":103,"column":45}},"type":"binary-expr","locations":[{"start":{"line":103,"column":31},"end":{"line":103,"column":44}},{"start":{"line":103,"column":44},"end":{"line":103,"column":45}}],"line":103}},"s":{"0":10,"1":10,"2":1,"3":1,"4":1,"5":1,"6":2,"7":1,"8":1,"9":2,"10":1,"11":1,"12":2,"13":0,"14":1,"15":2,"16":1,"17":1,"18":2,"19":1,"20":1,"21":1,"22":1,"23":1,"24":1,"25":6,"26":6,"27":6,"28":6,"29":1,"30":2,"31":1,"32":1,"33":1,"34":1,"35":0,"36":0,"37":1,"38":2,"39":1,"40":1,"41":1,"42":1,"43":0,"44":1,"45":6,"46":1,"47":2,"48":2,"49":2,"50":2,"51":2,"52":2,"53":1},"f":{"0":1,"1":2,"2":1,"3":2,"4":1,"5":2,"6":0,"7":2,"8":1,"9":2,"10":1,"11":6,"12":2},"b":{"0":[1,0],"1":[1,0],"2":[1,0],"3":[1,0],"4":[2,0],"5":[0,0],"6":[0,0],"7":[2,0],"8":[1,0],"9":[1,0],"10":[1,1],"11":[2,2],"12":[0,1],"13":[0,0],"14":[0,0],"15":[0,0],"16":[0,0],"17":[1,1],"18":[2,2],"19":[2,0],"20":[0,1],"21":[0,0],"22":[2,0],"23":[2,0],"24":[2,0],"25":[2,0]},"meta":{"lastBranch":26,"lastFunction":13,"lastStatement":54,"seen":{"s:10:6:10:Infinity":0,"s:12:0:123:Infinity":1,"f:12:34:12:41":0,"s:13:14:13:Infinity":2,"s:14:14:14:Infinity":3,"s:16:44:20:Infinity":4,"s:22:23:28:Infinity":5,"f:23:12:23:13":1,"s:23:24:23:48":6,"f:25:6:25:7":2,"s:26:8:26:Infinity":7,"b:26:19:26:34:26:34:26:35":0,"b:26:46:26:60:26:60:26:61":1,"s:30:20:36:Infinity":8,"f:31:12:31:13":3,"s:31:24:31:48":9,"f:33:6:33:7":4,"s:34:8:34:Infinity":10,"b:34:19:34:34:34:34:34:35":2,"b:34:46:34:60:34:60:34:61":3,"s:38:25:46:Infinity":11,"f:39:12:39:13":5,"s:40:6:40:Infinity":12,"b:40:52:40:64:40:64:40:66":4,"f:43:6:43:7":6,"s:44:8:44:Infinity":13,"b:44:19:44:34:44:34:44:35":5,"b:44:46:44:60:44:60:44:61":6,"s:48:23:50:Infinity":14,"f:49:12:49:13":7,"s:49:24:49:79":15,"b:49:64:49:76:49:76:49:78":7,"f:50:12:50:13":8,"s:50:35:50:65":16,"b:50:46:50:61:50:61:50:62":8,"s:52:24:54:Infinity":17,"f:53:12:53:13":9,"s:53:24:53:45":18,"f:54:12:54:13":10,"s:54:35:54:61":19,"b:54:46:54:57:54:57:54:58":9,"s:56:22:56:Infinity":20,"s:57:26:57:Infinity":21,"s:62:6:62:Infinity":22,"s:63:2:71:Infinity":23,"s:63:15:63:18":24,"s:64:14:64:Infinity":25,"s:65:16:65:Infinity":26,"s:66:18:69:Infinity":27,"s:70:4:70:Infinity":28,"s:73:2:81:Infinity":29,"b:74:4:74:Infinity:undefined:undefined:undefined:undefined":10,"s:74:4:74:Infinity":30,"b:74:8:74:24:74:24:74:50":11,"s:74:50:74:Infinity":31,"s:75:14:75:Infinity":32,"s:76:16:76:Infinity":33,"b:77:4:80:Infinity:undefined:undefined:undefined:undefined":12,"s:77:4:80:Infinity":34,"s:78:6:78:Infinity":35,"b:78:35:78:50:78:50:78:51":13,"b:78:62:78:76:78:76:78:77":14,"s:79:6:79:Infinity":36,"b:79:36:79:51:79:51:79:52":15,"b:79:63:79:77:79:77:79:78":16,"s:83:2:91:Infinity":37,"b:84:4:85:Infinity:undefined:undefined:undefined:undefined":17,"s:84:4:85:Infinity":38,"b:84:8:84:24:84:24:84:Infinity":18,"b:84:59:84:71:84:71:84:73":19,"s:85:6:85:Infinity":39,"s:86:14:86:Infinity":40,"s:87:16:87:Infinity":41,"b:88:4:90:Infinity:undefined:undefined:undefined:undefined":20,"s:88:4:90:Infinity":42,"s:89:6:89:Infinity":43,"b:89:36:89:51:89:51:89:52":21,"s:93:27:96:Infinity":44,"f:93:53:93:54":11,"s:93:61:96:4":45,"s:98:28:107:Infinity":46,"f:99:4:99:5":12,"s:100:16:100:Infinity":47,"b:100:16:100:30:100:30:100:Infinity":22,"b:101:6:101:Infinity:undefined:undefined:undefined:undefined":23,"s:101:6:101:Infinity":48,"s:101:19:101:Infinity":49,"s:102:6:102:Infinity":50,"b:102:29:102:40:102:40:102:41":24,"s:103:6:103:Infinity":51,"b:103:31:103:44:103:44:103:45":25,"s:104:6:104:Infinity":52,"s:109:2:122:Infinity":53},"fnNames":{}}}
,"C:\\Users\\trendaryo\\Desktop\\Drop-Ship-Automatezip2\\Drop-Ship-Automatezip\\artifacts\\api-server\\src\\routes\\customer-insights.ts": {"path":"C:\\Users\\trendaryo\\Desktop\\Drop-Ship-Automatezip2\\Drop-Ship-Automatezip\\artifacts\\api-server\\src\\routes\\customer-insights.ts","statementMap":{"0":{"start":{"line":5,"column":6},"end":{"line":5,"column":null}},"1":{"start":{"line":7,"column":0},"end":{"line":98,"column":null}},"2":{"start":{"line":8,"column":20},"end":{"line":11,"column":null}},"3":{"start":{"line":22,"column":14},"end":{"line":22,"column":null}},"4":{"start":{"line":24,"column":2},"end":{"line":56,"column":null}},"5":{"start":{"line":26,"column":6},"end":{"line":27,"column":null}},"6":{"start":{"line":29,"column":4},"end":{"line":38,"column":null}},"7":{"start":{"line":30,"column":6},"end":{"line":37,"column":null}},"8":{"start":{"line":40,"column":19},"end":{"line":40,"column":null}},"9":{"start":{"line":41,"column":17},"end":{"line":41,"column":null}},"10":{"start":{"line":42,"column":16},"end":{"line":42,"column":null}},"11":{"start":{"line":43,"column":19},"end":{"line":43,"column":null}},"12":{"start":{"line":45,"column":4},"end":{"line":45,"column":null}},"13":{"start":{"line":46,"column":4},"end":{"line":46,"column":null}},"14":{"start":{"line":48,"column":4},"end":{"line":53,"column":null}},"15":{"start":{"line":49,"column":6},"end":{"line":52,"column":null}},"16":{"start":{"line":55,"column":4},"end":{"line":55,"column":null}},"17":{"start":{"line":58,"column":22},"end":{"line":66,"column":null}},"18":{"start":{"line":58,"column":58},"end":{"line":66,"column":null}},"19":{"start":{"line":68,"column":19},"end":{"line":92,"column":null}},"20":{"start":{"line":70,"column":25},"end":{"line":70,"column":null}},"21":{"start":{"line":71,"column":21},"end":{"line":73,"column":null}},"22":{"start":{"line":72,"column":18},"end":{"line":72,"column":null}},"23":{"start":{"line":75,"column":8},"end":{"line":77,"column":null}},"24":{"start":{"line":76,"column":58},"end":{"line":76,"column":69}},"25":{"start":{"line":79,"column":6},"end":{"line":90,"column":null}},"26":{"start":{"line":92,"column":20},"end":{"line":92,"column":51}},"27":{"start":{"line":94,"column":2},"end":{"line":97,"column":null}}},"fnMap":{"0":{"name":"(anonymous_0)","decl":{"start":{"line":7,"column":40},"end":{"line":7,"column":47}},"loc":{"start":{"line":7,"column":76},"end":{"line":98,"column":1}},"line":7},"1":{"name":"(anonymous_1)","decl":{"start":{"line":58,"column":22},"end":{"line":58,"column":23}},"loc":{"start":{"line":58,"column":58},"end":{"line":66,"column":null}},"line":58},"2":{"name":"(anonymous_2)","decl":{"start":{"line":69,"column":9},"end":{"line":69,"column":10}},"loc":{"start":{"line":69,"column":16},"end":{"line":91,"column":5}},"line":69},"3":{"name":"(anonymous_3)","decl":{"start":{"line":72,"column":8},"end":{"line":72,"column":9}},"loc":{"start":{"line":72,"column":18},"end":{"line":72,"column":null}},"line":72},"4":{"name":"(anonymous_4)","decl":{"start":{"line":76,"column":48},"end":{"line":76,"column":49}},"loc":{"start":{"line":76,"column":58},"end":{"line":76,"column":69}},"line":76},"5":{"name":"(anonymous_5)","decl":{"start":{"line":92,"column":10},"end":{"line":92,"column":11}},"loc":{"start":{"line":92,"column":20},"end":{"line":92,"column":51}},"line":92}},"branchMap":{"0":{"loc":{"start":{"line":26,"column":6},"end":{"line":27,"column":null}},"type":"binary-expr","locations":[{"start":{"line":26,"column":6},"end":{"line":26,"column":null}},{"start":{"line":27,"column":6},"end":{"line":27,"column":null}}],"line":26},"1":{"loc":{"start":{"line":29,"column":4},"end":{"line":38,"column":null}},"type":"if","locations":[{"start":{"line":29,"column":4},"end":{"line":38,"column":null}},{"start":{},"end":{}}],"line":29},"2":{"loc":{"start":{"line":32,"column":23},"end":{"line":32,"column":null}},"type":"binary-expr","locations":[{"start":{"line":32,"column":23},"end":{"line":32,"column":42}},{"start":{"line":32,"column":42},"end":{"line":32,"column":null}}],"line":32},"3":{"loc":{"start":{"line":41,"column":17},"end":{"line":41,"column":null}},"type":"cond-expr","locations":[{"start":{"line":41,"column":39},"end":{"line":41,"column":61}},{"start":{"line":41,"column":61},"end":{"line":41,"column":null}}],"line":41},"4":{"loc":{"start":{"line":42,"column":16},"end":{"line":42,"column":null}},"type":"binary-expr","locations":[{"start":{"line":42,"column":16},"end":{"line":42,"column":30}},{"start":{"line":42,"column":30},"end":{"line":42,"column":null}}],"line":42},"5":{"loc":{"start":{"line":43,"column":19},"end":{"line":43,"column":null}},"type":"cond-expr","locations":[{"start":{"line":43,"column":38},"end":{"line":43,"column":57}},{"start":{"line":43,"column":57},"end":{"line":43,"column":null}}],"line":43},"6":{"loc":{"start":{"line":48,"column":4},"end":{"line":53,"column":null}},"type":"if","locations":[{"start":{"line":48,"column":4},"end":{"line":53,"column":null}},{"start":{},"end":{}}],"line":48},"7":{"loc":{"start":{"line":51,"column":9},"end":{"line":51,"column":57}},"type":"binary-expr","locations":[{"start":{"line":51,"column":9},"end":{"line":51,"column":52}},{"start":{"line":51,"column":52},"end":{"line":51,"column":57}}],"line":51},"8":{"loc":{"start":{"line":60,"column":15},"end":{"line":60,"column":null}},"type":"cond-expr","locations":[{"start":{"line":60,"column":37},"end":{"line":60,"column":59}},{"start":{"line":60,"column":59},"end":{"line":60,"column":null}}],"line":60},"9":{"loc":{"start":{"line":61,"column":15},"end":{"line":61,"column":null}},"type":"cond-expr","locations":[{"start":{"line":61,"column":37},"end":{"line":61,"column":59}},{"start":{"line":61,"column":59},"end":{"line":61,"column":null}}],"line":61},"10":{"loc":{"start":{"line":62,"column":12},"end":{"line":62,"column":null}},"type":"cond-expr","locations":[{"start":{"line":62,"column":31},"end":{"line":62,"column":50}},{"start":{"line":62,"column":50},"end":{"line":62,"column":null}}],"line":62},"11":{"loc":{"start":{"line":65,"column":14},"end":{"line":65,"column":null}},"type":"cond-expr","locations":[{"start":{"line":65,"column":35},"end":{"line":65,"column":62}},{"start":{"line":65,"column":62},"end":{"line":65,"column":null}}],"line":65},"12":{"loc":{"start":{"line":75,"column":8},"end":{"line":77,"column":null}},"type":"cond-expr","locations":[{"start":{"line":76,"column":12},"end":{"line":76,"column":null}},{"start":{"line":77,"column":12},"end":{"line":77,"column":null}}],"line":75}},"s":{"0":11,"1":11,"2":1,"3":1,"4":1,"5":2,"6":2,"7":2,"8":2,"9":2,"10":2,"11":2,"12":2,"13":2,"14":2,"15":0,"16":2,"17":1,"18":2,"19":1,"20":2,"21":2,"22":0,"23":2,"24":0,"25":2,"26":1,"27":1},"f":{"0":1,"1":2,"2":2,"3":0,"4":0,"5":1},"b":{"0":[2,2],"1":[2,0],"2":[2,2],"3":[2,0],"4":[2,2],"5":[0,2],"6":[0,2],"7":[0,0],"8":[0,2],"9":[2,0],"10":[0,2],"11":[0,2],"12":[0,2]},"meta":{"lastBranch":13,"lastFunction":6,"lastStatement":28,"seen":{"s:5:6:5:Infinity":0,"s:7:0:98:Infinity":1,"f:7:40:7:47":0,"s:8:20:11:Infinity":2,"s:22:14:22:Infinity":3,"s:24:2:56:Infinity":4,"s:26:6:27:Infinity":5,"b:26:6:26:Infinity:27:6:27:Infinity":0,"b:29:4:38:Infinity:undefined:undefined:undefined:undefined":1,"s:29:4:38:Infinity":6,"s:30:6:37:Infinity":7,"b:32:23:32:42:32:42:32:Infinity":2,"s:40:19:40:Infinity":8,"s:41:17:41:Infinity":9,"b:41:39:41:61:41:61:41:Infinity":3,"s:42:16:42:Infinity":10,"b:42:16:42:30:42:30:42:Infinity":4,"s:43:19:43:Infinity":11,"b:43:38:43:57:43:57:43:Infinity":5,"s:45:4:45:Infinity":12,"s:46:4:46:Infinity":13,"b:48:4:53:Infinity:undefined:undefined:undefined:undefined":6,"s:48:4:53:Infinity":14,"s:49:6:52:Infinity":15,"b:51:9:51:52:51:52:51:57":7,"s:55:4:55:Infinity":16,"s:58:22:66:Infinity":17,"f:58:22:58:23":1,"s:58:58:66:Infinity":18,"b:60:37:60:59:60:59:60:Infinity":8,"b:61:37:61:59:61:59:61:Infinity":9,"b:62:31:62:50:62:50:62:Infinity":10,"b:65:35:65:62:65:62:65:Infinity":11,"s:68:19:92:Infinity":19,"f:69:9:69:10":2,"s:70:25:70:Infinity":20,"s:71:21:73:Infinity":21,"f:72:8:72:9":3,"s:72:18:72:Infinity":22,"s:75:8:77:Infinity":23,"b:76:12:76:Infinity:77:12:77:Infinity":12,"f:76:48:76:49":4,"s:76:58:76:69":24,"s:79:6:90:Infinity":25,"f:92:10:92:11":5,"s:92:20:92:51":26,"s:94:2:97:Infinity":27},"fnNames":{}}}
,"C:\\Users\\trendaryo\\Desktop\\Drop-Ship-Automatezip2\\Drop-Ship-Automatezip\\artifacts\\api-server\\src\\routes\\dashboard.ts": {"path":"C:\\Users\\trendaryo\\Desktop\\Drop-Ship-Automatezip2\\Drop-Ship-Automatezip\\artifacts\\api-server\\src\\routes\\dashboard.ts","statementMap":{"0":{"start":{"line":5,"column":6},"end":{"line":5,"column":null}},"1":{"start":{"line":8,"column":17},"end":{"line":8,"column":null}},"2":{"start":{"line":9,"column":2},"end":{"line":9,"column":null}},"3":{"start":{"line":13,"column":2},"end":{"line":51,"column":null}},"4":{"start":{"line":14,"column":27},"end":{"line":16,"column":null}},"5":{"start":{"line":17,"column":28},"end":{"line":19,"column":null}},"6":{"start":{"line":20,"column":25},"end":{"line":26,"column":null}},"7":{"start":{"line":27,"column":27},"end":{"line":30,"column":null}},"8":{"start":{"line":31,"column":29},"end":{"line":34,"column":null}},"9":{"start":{"line":36,"column":4},"end":{"line":42,"column":null}},"10":{"start":{"line":44,"column":4},"end":{"line":50,"column":null}},"11":{"start":{"line":54,"column":0},"end":{"line":100,"column":null}},"12":{"start":{"line":61,"column":6},"end":{"line":61,"column":null}},"13":{"start":{"line":63,"column":22},"end":{"line":63,"column":null}},"14":{"start":{"line":64,"column":20},"end":{"line":64,"column":null}},"15":{"start":{"line":66,"column":4},"end":{"line":66,"column":null}},"16":{"start":{"line":68,"column":55},"end":{"line":68,"column":null}},"17":{"start":{"line":69,"column":2},"end":{"line":76,"column":null}},"18":{"start":{"line":70,"column":4},"end":{"line":73,"column":null}},"19":{"start":{"line":75,"column":4},"end":{"line":75,"column":null}},"20":{"start":{"line":78,"column":20},"end":{"line":78,"column":null}},"21":{"start":{"line":79,"column":20},"end":{"line":79,"column":null}},"22":{"start":{"line":80,"column":2},"end":{"line":87,"column":null}},"23":{"start":{"line":81,"column":4},"end":{"line":86,"column":null}},"24":{"start":{"line":82,"column":6},"end":{"line":84,"column":null}},"25":{"start":{"line":85,"column":6},"end":{"line":85,"column":null}},"26":{"start":{"line":88,"column":20},"end":{"line":88,"column":null}},"27":{"start":{"line":90,"column":2},"end":{"line":99,"column":null}},"28":{"start":{"line":102,"column":0},"end":{"line":282,"column":null}},"29":{"start":{"line":104,"column":5},"end":{"line":104,"column":null}},"30":{"start":{"line":105,"column":14},"end":{"line":105,"column":null}},"31":{"start":{"line":119,"column":4},"end":{"line":124,"column":null}},"32":{"start":{"line":119,"column":52},"end":{"line":124,"column":6}},"33":{"start":{"line":128,"column":14},"end":{"line":128,"column":null}},"34":{"start":{"line":129,"column":4},"end":{"line":129,"column":null}},"35":{"start":{"line":130,"column":4},"end":{"line":130,"column":null}},"36":{"start":{"line":139,"column":26},"end":{"line":163,"column":null}},"37":{"start":{"line":141,"column":15},"end":{"line":162,"column":null}},"38":{"start":{"line":165,"column":2},"end":{"line":213,"column":null}},"39":{"start":{"line":166,"column":16},"end":{"line":166,"column":null}},"40":{"start":{"line":167,"column":18},"end":{"line":167,"column":null}},"41":{"start":{"line":168,"column":4},"end":{"line":168,"column":null}},"42":{"start":{"line":169,"column":4},"end":{"line":169,"column":null}},"43":{"start":{"line":170,"column":4},"end":{"line":170,"column":null}},"44":{"start":{"line":172,"column":4},"end":{"line":178,"column":null}},"45":{"start":{"line":175,"column":8},"end":{"line":175,"column":null}},"46":{"start":{"line":177,"column":13},"end":{"line":177,"column":null}},"47":{"start":{"line":180,"column":4},"end":{"line":184,"column":null}},"48":{"start":{"line":181,"column":19},"end":{"line":181,"column":null}},"49":{"start":{"line":182,"column":18},"end":{"line":182,"column":null}},"50":{"start":{"line":183,"column":6},"end":{"line":183,"column":null}},"51":{"start":{"line":187,"column":23},"end":{"line":187,"column":null}},"52":{"start":{"line":188,"column":4},"end":{"line":188,"column":null}},"53":{"start":{"line":189,"column":4},"end":{"line":189,"column":null}},"54":{"start":{"line":190,"column":4},"end":{"line":190,"column":null}},"55":{"start":{"line":192,"column":4},"end":{"line":204,"column":null}},"56":{"start":{"line":195,"column":8},"end":{"line":195,"column":null}},"57":{"start":{"line":198,"column":8},"end":{"line":202,"column":null}},"58":{"start":{"line":205,"column":4},"end":{"line":205,"column":null}},"59":{"start":{"line":207,"column":4},"end":{"line":212,"column":null}},"60":{"start":{"line":208,"column":12},"end":{"line":210,"column":null}},"61":{"start":{"line":211,"column":6},"end":{"line":211,"column":null}},"62":{"start":{"line":215,"column":46},"end":{"line":215,"column":null}},"63":{"start":{"line":216,"column":2},"end":{"line":223,"column":null}},"64":{"start":{"line":217,"column":4},"end":{"line":220,"column":null}},"65":{"start":{"line":222,"column":4},"end":{"line":222,"column":null}},"66":{"start":{"line":225,"column":2},"end":{"line":234,"column":null}},"67":{"start":{"line":226,"column":16},"end":{"line":226,"column":null}},"68":{"start":{"line":227,"column":4},"end":{"line":227,"column":null}},"69":{"start":{"line":227,"column":17},"end":{"line":227,"column":null}},"70":{"start":{"line":228,"column":17},"end":{"line":228,"column":null}},"71":{"start":{"line":229,"column":16},"end":{"line":229,"column":null}},"72":{"start":{"line":230,"column":19},"end":{"line":230,"column":null}},"73":{"start":{"line":231,"column":4},"end":{"line":231,"column":null}},"74":{"start":{"line":232,"column":4},"end":{"line":232,"column":null}},"75":{"start":{"line":233,"column":4},"end":{"line":233,"column":null}},"76":{"start":{"line":236,"column":23},"end":{"line":236,"column":null}},"77":{"start":{"line":236,"column":48},"end":{"line":236,"column":63}},"78":{"start":{"line":237,"column":22},"end":{"line":237,"column":null}},"79":{"start":{"line":237,"column":47},"end":{"line":237,"column":61}},"80":{"start":{"line":238,"column":22},"end":{"line":238,"column":null}},"81":{"start":{"line":238,"column":47},"end":{"line":238,"column":65}},"82":{"start":{"line":241,"column":51},"end":{"line":241,"column":null}},"83":{"start":{"line":242,"column":2},"end":{"line":253,"column":null}},"84":{"start":{"line":243,"column":4},"end":{"line":250,"column":null}},"85":{"start":{"line":252,"column":4},"end":{"line":252,"column":null}},"86":{"start":{"line":255,"column":22},"end":{"line":255,"column":null}},"87":{"start":{"line":256,"column":21},"end":{"line":256,"column":null}},"88":{"start":{"line":257,"column":25},"end":{"line":257,"column":null}},"89":{"start":{"line":259,"column":15},"end":{"line":259,"column":null}},"90":{"start":{"line":261,"column":20},"end":{"line":266,"column":null}},"91":{"start":{"line":262,"column":4},"end":{"line":266,"column":null}},"92":{"start":{"line":268,"column":2},"end":{"line":281,"column":null}},"93":{"start":{"line":270,"column":27},"end":{"line":274,"column":6}},"94":{"start":{"line":277,"column":39},"end":{"line":277,"column":57}},"95":{"start":{"line":284,"column":0},"end":{"line":300,"column":null}},"96":{"start":{"line":285,"column":17},"end":{"line":289,"column":null}},"97":{"start":{"line":290,"column":17},"end":{"line":298,"column":null}},"98":{"start":{"line":290,"column":36},"end":{"line":298,"column":4}},"99":{"start":{"line":299,"column":2},"end":{"line":299,"column":null}}},"fnMap":{"0":{"name":"safeNumber","decl":{"start":{"line":7,"column":9},"end":{"line":7,"column":20}},"loc":{"start":{"line":7,"column":36},"end":{"line":10,"column":null}},"line":7},"1":{"name":"getCounts","decl":{"start":{"line":12,"column":15},"end":{"line":12,"column":27}},"loc":{"start":{"line":12,"column":27},"end":{"line":52,"column":null}},"line":12},"2":{"name":"(anonymous_2)","decl":{"start":{"line":54,"column":31},"end":{"line":54,"column":38}},"loc":{"start":{"line":54,"column":67},"end":{"line":100,"column":1}},"line":54},"3":{"name":"(anonymous_3)","decl":{"start":{"line":102,"column":35},"end":{"line":102,"column":42}},"loc":{"start":{"line":102,"column":70},"end":{"line":282,"column":1}},"line":102},"4":{"name":"buildBuckets","decl":{"start":{"line":114,"column":11},"end":{"line":114,"column":null}},"loc":{"start":{"line":118,"column":14},"end":{"line":125,"column":null}},"line":118},"5":{"name":"(anonymous_5)","decl":{"start":{"line":119,"column":41},"end":{"line":119,"column":42}},"loc":{"start":{"line":119,"column":52},"end":{"line":124,"column":6}},"line":119},"6":{"name":"toMidnight","decl":{"start":{"line":127,"column":11},"end":{"line":127,"column":22}},"loc":{"start":{"line":127,"column":37},"end":{"line":131,"column":null}},"line":127},"7":{"name":"(anonymous_7)","decl":{"start":{"line":141,"column":4},"end":{"line":141,"column":5}},"loc":{"start":{"line":141,"column":15},"end":{"line":162,"column":null}},"line":141},"8":{"name":"(anonymous_8)","decl":{"start":{"line":174,"column":6},"end":{"line":174,"column":7}},"loc":{"start":{"line":174,"column":13},"end":{"line":176,"column":null}},"line":174},"9":{"name":"(anonymous_9)","decl":{"start":{"line":177,"column":6},"end":{"line":177,"column":7}},"loc":{"start":{"line":177,"column":13},"end":{"line":177,"column":null}},"line":177},"10":{"name":"(anonymous_10)","decl":{"start":{"line":180,"column":15},"end":{"line":180,"column":16}},"loc":{"start":{"line":180,"column":28},"end":{"line":184,"column":null}},"line":180},"11":{"name":"(anonymous_11)","decl":{"start":{"line":194,"column":6},"end":{"line":194,"column":7}},"loc":{"start":{"line":194,"column":13},"end":{"line":196,"column":null}},"line":194},"12":{"name":"(anonymous_12)","decl":{"start":{"line":197,"column":6},"end":{"line":197,"column":7}},"loc":{"start":{"line":197,"column":13},"end":{"line":203,"column":null}},"line":197},"13":{"name":"(anonymous_13)","decl":{"start":{"line":207,"column":15},"end":{"line":207,"column":16}},"loc":{"start":{"line":207,"column":28},"end":{"line":212,"column":null}},"line":207},"14":{"name":"(anonymous_14)","decl":{"start":{"line":236,"column":38},"end":{"line":236,"column":39}},"loc":{"start":{"line":236,"column":48},"end":{"line":236,"column":63}},"line":236},"15":{"name":"(anonymous_15)","decl":{"start":{"line":237,"column":37},"end":{"line":237,"column":38}},"loc":{"start":{"line":237,"column":47},"end":{"line":237,"column":61}},"line":237},"16":{"name":"(anonymous_16)","decl":{"start":{"line":238,"column":37},"end":{"line":238,"column":38}},"loc":{"start":{"line":238,"column":47},"end":{"line":238,"column":65}},"line":238},"17":{"name":"(anonymous_17)","decl":{"start":{"line":261,"column":20},"end":{"line":261,"column":21}},"loc":{"start":{"line":262,"column":4},"end":{"line":266,"column":null}},"line":262},"18":{"name":"(anonymous_18)","decl":{"start":{"line":270,"column":19},"end":{"line":270,"column":20}},"loc":{"start":{"line":270,"column":27},"end":{"line":274,"column":6}},"line":270},"19":{"name":"(anonymous_19)","decl":{"start":{"line":277,"column":29},"end":{"line":277,"column":30}},"loc":{"start":{"line":277,"column":39},"end":{"line":277,"column":57}},"line":277},"20":{"name":"(anonymous_20)","decl":{"start":{"line":284,"column":39},"end":{"line":284,"column":46}},"loc":{"start":{"line":284,"column":75},"end":{"line":300,"column":1}},"line":284},"21":{"name":"(anonymous_21)","decl":{"start":{"line":290,"column":28},"end":{"line":290,"column":29}},"loc":{"start":{"line":290,"column":36},"end":{"line":298,"column":4}},"line":290}},"branchMap":{"0":{"loc":{"start":{"line":8,"column":17},"end":{"line":8,"column":null}},"type":"cond-expr","locations":[{"start":{"line":8,"column":45},"end":{"line":8,"column":53}},{"start":{"line":8,"column":53},"end":{"line":8,"column":null}}],"line":8},"1":{"loc":{"start":{"line":9,"column":9},"end":{"line":9,"column":null}},"type":"cond-expr","locations":[{"start":{"line":9,"column":35},"end":{"line":9,"column":44}},{"start":{"line":9,"column":44},"end":{"line":9,"column":null}}],"line":9},"2":{"loc":{"start":{"line":63,"column":33},"end":{"line":63,"column":55}},"type":"binary-expr","locations":[{"start":{"line":63,"column":33},"end":{"line":63,"column":54}},{"start":{"line":63,"column":54},"end":{"line":63,"column":55}}],"line":63},"3":{"loc":{"start":{"line":64,"column":31},"end":{"line":64,"column":57}},"type":"binary-expr","locations":[{"start":{"line":64,"column":31},"end":{"line":64,"column":56}},{"start":{"line":64,"column":56},"end":{"line":64,"column":57}}],"line":64},"4":{"loc":{"start":{"line":66,"column":4},"end":{"line":66,"column":null}},"type":"cond-expr","locations":[{"start":{"line":66,"column":22},"end":{"line":66,"column":68}},{"start":{"line":66,"column":68},"end":{"line":66,"column":null}}],"line":66},"5":{"loc":{"start":{"li
[...]
"end":{"line":201,"column":null}},"type":"if","locations":[{"start":{"line":162,"column":6},"end":{"line":201,"column":null}},{"start":{},"end":{}}],"line":162},"37":{"loc":{"start":{"line":162,"column":10},"end":{"line":162,"column":31}},"type":"binary-expr","locations":[{"start":{"line":162,"column":10},"end":{"line":162,"column":18}},{"start":{"line":162,"column":18},"end":{"line":162,"column":31}}],"line":162},"38":{"loc":{"start":{"line":164,"column":8},"end":{"line":200,"column":null}},"type":"if","locations":[{"start":{"line":164,"column":8},"end":{"line":200,"column":null}},{"start":{"line":184,"column":8},"end":{"line":200,"column":null}}],"line":164},"39":{"loc":{"start":{"line":165,"column":10},"end":{"line":167,"column":null}},"type":"binary-expr","locations":[{"start":{"line":165,"column":10},"end":{"line":165,"column":null}},{"start":{"line":166,"column":10},"end":{"line":166,"column":null}},{"start":{"line":167,"column":10},"end":{"line":167,"column":null}}],"line":165},"40":{"loc":{"start":{"line":173,"column":25},"end":{"line":173,"column":null}},"type":"binary-expr","locations":[{"start":{"line":173,"column":25},"end":{"line":173,"column":60}},{"start":{"line":173,"column":60},"end":{"line":173,"column":null}}],"line":173},"41":{"loc":{"start":{"line":174,"column":24},"end":{"line":174,"column":null}},"type":"binary-expr","locations":[{"start":{"line":174,"column":24},"end":{"line":174,"column":75}},{"start":{"line":174,"column":75},"end":{"line":174,"column":null}}],"line":174},"42":{"loc":{"start":{"line":184,"column":8},"end":{"line":200,"column":null}},"type":"if","locations":[{"start":{"line":184,"column":8},"end":{"line":200,"column":null}},{"start":{},"end":{}}],"line":184},"43":{"loc":{"start":{"line":184,"column":19},"end":{"line":184,"column":65}},"type":"binary-expr","locations":[{"start":{"line":184,"column":19},"end":{"line":184,"column":50}},{"start":{"line":184,"column":50},"end":{"line":184,"column":65}}],"line":184},"44":{"loc":{"start":{"line":189,"column":25},"end":{"line":189,"column":null}},"type":"binary-expr","locations":[{"start":{"line":189,"column":25},"end":{"line":189,"column":60}},{"start":{"line":189,"column":60},"end":{"line":189,"column":null}}],"line":189},"45":{"loc":{"start":{"line":190,"column":24},"end":{"line":190,"column":null}},"type":"binary-expr","locations":[{"start":{"line":190,"column":24},"end":{"line":190,"column":75}},{"start":{"line":190,"column":75},"end":{"line":190,"column":null}}],"line":190},"46":{"loc":{"start":{"line":218,"column":2},"end":{"line":218,"column":null}},"type":"if","locations":[{"start":{"line":218,"column":2},"end":{"line":218,"column":null}},{"start":{},"end":{}}],"line":218},"47":{"loc":{"start":{"line":225,"column":23},"end":{"line":225,"column":null}},"type":"binary-expr","locations":[{"start":{"line":225,"column":23},"end":{"line":225,"column":33}},{"start":{"line":225,"column":33},"end":{"line":225,"column":null}}],"line":225}},"s":{"0":2,"1":2,"2":2,"3":0,"4":0,"5":0,"6":0,"7":0,"8":0,"9":0,"10":0,"11":0,"12":0,"13":0,"14":0,"15":0,"16":0,"17":0,"18":0,"19":0,"20":0,"21":0,"22":0,"23":0,"24":0,"25":0,"26":2,"27":2,"28":2,"29":2,"30":2,"31":1,"32":1,"33":0,"34":1,"35":0,"36":1,"37":1,"38":1,"39":1,"40":1,"41":1,"42":1,"43":1,"44":1,"45":0,"46":0,"47":0,"48":0,"49":0,"50":0,"51":0,"52":0,"53":0,"54":1,"55":1,"56":1,"57":0,"58":1,"59":1},"f":{"0":2,"1":0,"2":2,"3":1,"4":1},"b":{"0":[2,0],"1":[0,0],"2":[0,0],"3":[0,0],"4":[0,0],"5":[0,0],"6":[0,0],"7":[0,0],"8":[0,0],"9":[0,0],"10":[0,0],"11":[0,0],"12":[0,0],"13":[0,0],"14":[0,0],"15":[0,0],"16":[2,0],"17":[2,2],"18":[2,0],"19":[2,0],"20":[2,2],"21":[2,0],"22":[2,2],"23":[2,2],"24":[2,0],"25":[2,0],"26":[2,2],"27":[2,0],"28":[0,1],"29":[0,1],"30":[1,0],"31":[1,1],"32":[1,1],"33":[1,0],"34":[1,0],"35":[0,1],"36":[0,0],"37":[0,0],"38":[0,0],"39":[0,0,0],"40":[0,0],"41":[0,0],"42":[0,0],"43":[0,0],"44":[0,0],"45":[0,0],"46":[0,1],"47":[1,0]},"meta":{"lastBranch":48,"lastFunction":5,"lastStatement":60,"seen":{"f:25:15:25:33":0,"s:31:20:34:Infinity":0,"b:35:2:35:Infinity:undefined:undefined:undefined:undefined":0,"s:35:2:35:Infinity":1,"s:35:30:35:Infinity":2,"s:37:8:37:Infinity":3,"s:38:13:38:Infinity":4,"s:39:18:39:Infinity":5,"s:40:19:40:Infinity":6,"s:42:2:62:Infinity":7,"s:43:16:43:Infinity":8,"b:43:23:43:35:43:35:43:36":1,"s:44:22:47:Infinity":9,"f:47:12:47:13":1,"s:47:19:47:72":10,"b:47:19:47:60:47:60:47:72":2,"b:48:4:50:Infinity:undefined:undefined:undefined:undefined":3,"s:48:4:50:Infinity":11,"s:49:6:49:Infinity":12,"b:51:4:52:Infinity:51:64:52:Infinity":4,"s:51:4:52:Infinity":13,"b:51:8:51:34:51:34:51:55":5,"s:51:55:51:Infinity":14,"b:51:64:52:Infinity:undefined:undefined:undefined:undefined":6,"s:51:64:52:Infinity":15,"b:52:13:52:39:52:39:52:61":7,"s:52:61:52:Infinity":16,"b:53:4:53:Infinity:undefined:undefined:undefined:undefined":8,"s:53:4:53:Infinity":17,"s:53:51:53:Infinity":18,"b:55:4:61:Infinity:undefined:undefined:undefined:undefined":9,"s:55:4:61:Infinity":19,"s:56:6:56:Infinity":20,"s:57:6:57:Infinity":21,"s:58:6:60:Infinity":22,"b:59:10:59:Infinity:60:10:60:Infinity":10,"b:59:62:59:77:59:77:59:78":11,"b:60:44:60:59:60:59:60:60":12,"b:60:83:60:117:60:117:60:119":13,"s:64:26:64:Infinity":23,"s:65:24:65:Infinity":24,"s:67:2:73:Infinity":25,"b:72:6:72:20:72:20:72:Infinity":14,"b:72:55:72:70:72:70:72:71":15,"f:76:22:76:39":2,"s:77:20:77:Infinity":26,"b:77:38:77:64:77:64:77:Infinity":16,"s:79:16:79:Infinity":27,"s:82:4:82:Infinity":28,"b:82:4:82:29:82:29:82:Infinity":17,"b:82:41:82:60:82:60:82:Infinity":18,"s:84:4:86:Infinity":29,"b:85:8:85:Infinity:86:8:86:Infinity":19,"b:84:4:84:17:84:17:84:Infinity":20,"s:88:2:104:Infinity":30,"b:94:15:94:40:94:40:94:Infinity":21,"b:95:16:95:37:95:37:95:Infinity":22,"b:96:18:96:41:96:41:96:Infinity":23,"b:97:19:97:48:97:48:97:Infinity":24,"b:98:21:98:52:98:52:98:Infinity":25,"b:100:6:100:28:100:28:100:Infinity":26,"b:103:17:103:38:103:38:103:Infinity":27,"f:107:22:107:Infinity":3,"s:110:17:113:Infinity":31,"b:114:2:114:Infinity:undefined:undefined:undefined:undefined":28,"s:114:2:114:Infinity":32,"s:114:13:114:Infinity":33,"b:115:2:116:Infinity:undefined:undefined:undefined:undefined":29,"s:115:2:116:Infinity":34,"s:116:4:116:Infinity":35,"s:118:16:118:Infinity":36,"s:119:19:119:Infinity":37,"s:121:19:121:Infinity":38,"b:121:40:121:69:121:69:121:Infinity":30,"s:122:20:122:Infinity":39,"s:124:15:134:Infinity":40,"b:128:18:128:37:128:37:128:Infinity":31,"b:129:20:129:41:129:41:129:Infinity":32,"s:136:2:142:Infinity":41,"b:140:25:140:47:140:47:140:Infinity":33,"b:141:27:141:50:141:50:141:Infinity":34,"s:144:2:147:Infinity":42,"s:149:2:152:Infinity":43,"b:156:2:205:Infinity:undefined:undefined:undefined:undefined":35,"s:156:2:205:Infinity":44,"s:157:4:204:Infinity":45,"s:158:21:161:Infinity":46,"b:162:6:201:Infinity:undefined:undefined:undefined:undefined":36,"s:162:6:201:Infinity":47,"b:162:10:162:18:162:18:162:31":37,"s:163:23:163:Infinity":48,"b:164:8:200:Infinity:184:8:200:Infinity":38,"s:164:8:200:Infinity":49,"b:165:10:165:Infinity:166:10:166:Infinity:167:10:167:Infinity":39,"s:169:10:183:Infinity":50,"b:173:25:173:60:173:60:173:Infinity":40,"b:174:24:174:75:174:75:174:Infinity":41,"b:184:8:200:Infinity:undefined:undefined:undefined:undefined":42,"s:184:8:200:Infinity":51,"b:184:19:184:50:184:50:184:65":43,"s:185:10:199:Infinity":52,"b:189:25:189:60:189:60:189:Infinity":44,"b:190:24:190:75:190:75:190:Infinity":45,"s:203:6:203:Infinity":53,"s:207:2:207:Infinity":54,"f:210:22:210:Infinity":4,"s:214:17:217:Infinity":55,"b:218:2:218:Infinity:undefined:undefined:undefined:undefined":46,"s:218:2:218:Infinity":56,"s:218:13:218:Infinity":57,"s:220:2:227:Infinity":58,"b:225:23:225:33:225:33:225:Infinity":47,"s:229:2:229:Infinity":59},"fnNames":{}}}
,"C:\\Users\\trendaryo\\Desktop\\Drop-Ship-Automatezip2\\Drop-Ship-Automatezip\\artifacts\\api-server\\src\\services\\fulfillment-utils.ts": {"path":"C:\\Users\\trendaryo\\Desktop\\Drop-Ship-Automatezip2\\Drop-Ship-Automatezip\\artifacts\\api-server\\src\\services\\fulfillment-utils.ts","statementMap":{"0":{"start":{"line":2,"column":12},"end":{"line":2,"column":null}},"1":{"start":{"line":3,"column":2},"end":{"line":8,"column":null}},"2":{"start":{"line":8,"column":4},"end":{"line":8,"column":null}},"3":{"start":{"line":9,"column":2},"end":{"line":10,"column":null}},"4":{"start":{"line":10,"column":4},"end":{"line":10,"column":null}},"5":{"start":{"line":11,"column":2},"end":{"line":16,"column":null}},"6":{"start":{"line":16,"column":4},"end":{"line":16,"column":null}},"7":{"start":{"line":17,"column":2},"end":{"line":18,"column":null}},"8":{"start":{"line":18,"column":4},"end":{"line":18,"column":null}},"9":{"start":{"line":19,"column":2},"end":{"line":20,"column":null}},"10":{"start":{"line":20,"column":4},"end":{"line":20,"column":null}},"11":{"start":{"line":21,"column":2},"end":{"line":21,"column":null}},"12":{"start":{"line":21,"column":52},"end":{"line":21,"column":null}},"13":{"start":{"line":22,"column":2},"end":{"line":23,"column":null}},"14":{"start":{"line":23,"column":4},"end":{"line":23,"column":null}},"15":{"start":{"line":24,"column":2},"end":{"line":24,"column":null}}},"fnMap":{"0":{"name":"detectCategory","decl":{"start":{"line":1,"column":16},"end":{"line":1,"column":31}},"loc":{"start":{"line":1,"column":53},"end":{"line":25,"column":null}},"line":1}},"branchMap":{"0":{"loc":{"start":{"line":3,"column":2},"end":{"line":8,"column":null}},"type":"if","locations":[{"start":{"line":3,"column":2},"end":{"line":8,"column":null}},{"start":{},"end":{}}],"line":3},"1":{"loc":{"start":{"line":9,"column":2},"end":{"line":10,"column":null}},"type":"if","locations":[{"start":{"line":9,"column":2},"end":{"line":10,"column":null}},{"start":{},"end":{}}],"line":9},"2":{"loc":{"start":{"line":11,"column":2},"end":{"line":16,"column":null}},"type":"if","locations":[{"start":{"line":11,"column":2},"end":{"line":16,"column":null}},{"start":{},"end":{}}],"line":11},"3":{"loc":{"start":{"line":17,"column":2},"end":{"line":18,"column":null}},"type":"if","locations":[{"start":{"line":17,"column":2},"end":{"line":18,"column":null}},{"start":{},"end":{}}],"line":17},"4":{"loc":{"start":{"line":19,"column":2},"end":{"line":20,"column":null}},"type":"if","locations":[{"start":{"line":19,"column":2},"end":{"line":20,"column":null}},{"start":{},"end":{}}],"line":19},"5":{"loc":{"start":{"line":21,"column":2},"end":{"line":21,"column":null}},"type":"if","locations":[{"start":{"line":21,"column":2},"end":{"line":21,"column":null}},{"start":{},"end":{}}],"line":21},"6":{"loc":{"start":{"line":22,"column":2},"end":{"line":23,"column":null}},"type":"if","locations":[{"start":{"line":22,"column":2},"end":{"line":23,"column":null}},{"start":{},"end":{}}],"line":22}},"s":{"0":20,"1":20,"2":5,"3":15,"4":2,"5":13,"6":2,"7":11,"8":2,"9":9,"10":2,"11":7,"12":2,"13":5,"14":2,"15":3},"f":{"0":20},"b":{"0":[5,15],"1":[2,13],"2":[2,11],"3":[2,9],"4":[2,7],"5":[2,5],"6":[2,3]},"meta":{"lastBranch":7,"lastFunction":1,"lastStatement":16,"seen":{"f:1:16:1:31":0,"s:2:12:2:Infinity":0,"b:3:2:8:Infinity:undefined:undefined:undefined:undefined":0,"s:3:2:8:Infinity":1,"s:8:4:8:Infinity":2,"b:9:2:10:Infinity:undefined:undefined:undefined:undefined":1,"s:9:2:10:Infinity":3,"s:10:4:10:Infinity":4,"b:11:2:16:Infinity:undefined:undefined:undefined:undefined":2,"s:11:2:16:Infinity":5,"s:16:4:16:Infinity":6,"b:17:2:18:Infinity:undefined:undefined:undefined:undefined":3,"s:17:2:18:Infinity":7,"s:18:4:18:Infinity":8,"b:19:2:20:Infinity:undefined:undefined:undefined:undefined":4,"s:19:2:20:Infinity":9,"s:20:4:20:Infinity":10,"b:21:2:21:Infinity:undefined:undefined:undefined:undefined":5,"s:21:2:21:Infinity":11,"s:21:52:21:Infinity":12,"b:22:2:23:Infinity:undefined:undefined:undefined:undefined":6,"s:22:2:23:Infinity":13,"s:23:4:23:Infinity":14,"s:24:2:24:Infinity":15},"fnNames":{}}}
,"C:\\Users\\trendaryo\\Desktop\\Drop-Ship-Automatezip2\\Drop-Ship-Automatezip\\artifacts\\api-server\\src\\services\\zendrop.ts": {"path":"C:\\Users\\trendaryo\\Desktop\\Drop-Ship-Automatezip2\\Drop-Ship-Automatezip\\artifacts\\api-server\\src\\services\\zendrop.ts","statementMap":{"0":{"start":{"line":10,"column":2},"end":{"line":49,"column":null}},"1":{"start":{"line":11,"column":19},"end":{"line":11,"column":null}},"2":{"start":{"line":13,"column":7},"end":{"line":13,"column":null}},"3":{"start":{"line":15,"column":4},"end":{"line":17,"column":null}},"4":{"start":{"line":16,"column":6},"end":{"line":16,"column":null}},"5":{"start":{"line":19,"column":16},"end":{"line":19,"column":null}},"6":{"start":{"line":21,"column":21},"end":{"line":27,"column":null}},"7":{"start":{"line":29,"column":18},"end":{"line":29,"column":null}},"8":{"start":{"line":35,"column":4},"end":{"line":40,"column":null}},"9":{"start":{"line":36,"column":6},"end":{"line":39,"column":null}},"10":{"start":{"line":42,"column":25},"end":{"line":42,"column":null}},"11":{"start":{"line":43,"column":4},"end":{"line":43,"column":null}},"12":{"start":{"line":45,"column":4},"end":{"line":48,"column":null}},"13":{"start":{"line":67,"column":17},"end":{"line":67,"column":null}},"14":{"start":{"line":69,"column":2},"end":{"line":71,"column":null}},"15":{"start":{"line":70,"column":4},"end":{"line":70,"column":null}},"16":{"start":{"line":73,"column":18},"end":{"line":73,"column":null}},"17":{"start":{"line":74,"column":14},"end":{"line":74,"column":null}},"18":{"start":{"line":76,"column":19},"end":{"line":87,"column":null}},"19":{"start":{"line":89,"column":2},"end":{"line":91,"column":null}},"20":{"start":{"line":90,"column":4},"end":{"line":90,"column":null}},"21":{"start":{"line":93,"column":2},"end":{"line":93,"column":null}},"22":{"start":{"line":97,"column":17},"end":{"line":97,"column":null}},"23":{"start":{"line":99,"column":2},"end":{"line":101,"column":null}},"24":{"start":{"line":100,"column":4},"end":{"line":100,"column":null}},"25":{"start":{"line":103,"column":18},"end":{"line":103,"column":null}},"26":{"start":{"line":104,"column":14},"end":{"line":104,"column":null}},"27":{"start":{"line":106,"column":19},"end":{"line":112,"column":null}},"28":{"start":{"line":114,"column":2},"end":{"line":116,"column":null}},"29":{"start":{"line":115,"column":4},"end":{"line":115,"column":null}},"30":{"start":{"line":118,"column":16},"end":{"line":118,"column":null}},"31":{"start":{"line":119,"column":2},"end":{"line":119,"column":null}}},"fnMap":{"0":{"name":"testZendrop","decl":{"start":{"line":7,"column":22},"end":{"line":7,"column":null}},"loc":{"start":{"line":9,"column":62},"end":{"line":50,"column":null}},"line":9},"1":{"name":"placeZendropOrder","decl":{"start":{"line":52,"column":22},"end":{"line":52,"column":40}},"loc":{"start":{"line":66,"column":3},"end":{"line":94,"column":null}},"line":66},"2":{"name":"getZendropInventory","decl":{"start":{"line":96,"column":22},"end":{"line":96,"column":42}},"loc":{"start":{"line":96,"column":61},"end":{"line":120,"column":null}},"line":96}},"branchMap":{"0":{"loc":{"start":{"line":13,"column":7},"end":{"line":13,"column":null}},"type":"binary-expr","locations":[{"start":{"line":13,"column":7},"end":{"line":13,"column":49}},{"start":{"line":13,"column":49},"end":{"line":13,"column":null}}],"line":13},"1":{"loc":{"start":{"line":15,"column":4},"end":{"line":17,"column":null}},"type":"if","locations":[{"start":{"line":15,"column":4},"end":{"line":17,"column":null}},{"start":{},"end":{}}],"line":15},"2":{"loc":{"start":{"line":35,"column":4},"end":{"line":40,"column":null}},"type":"if","locations":[{"start":{"line":35,"column":4},"end":{"line":40,"column":null}},{"start":{},"end":{}}],"line":35},"3":{"loc":{"start":{"line":35,"column":8},"end":{"line":35,"column":34}},"type":"binary-expr","locations":[{"start":{"line":35,"column":8},"end":{"line":35,"column":23}},{"start":{"line":35,"column":23},"end":{"line":35,"column":34}}],"line":35},"4":{"loc":{"start":{"line":38,"column":33},"end":{"line":38,"column":69}},"type":"binary-expr","locations":[{"start":{"line":38,"column":33},"end":{"line":38,"column":52}},{"start":{"line":38,"column":52},"end":{"line":38,"column":69}}],"line":38},"5":{"loc":{"start":{"line":42,"column":25},"end":{"line":42,"column":null}},"type":"binary-expr","locations":[{"start":{"line":42,"column":25},"end":{"line":42,"column":41}},{"start":{"line":42,"column":41},"end":{"line":42,"column":55}},{"start":{"line":42,"column":55},"end":{"line":42,"column":null}}],"line":42},"6":{"loc":{"start":{"line":47,"column":43},"end":{"line":47,"column":99}},"type":"cond-expr","locations":[{"start":{"line":47,"column":68},"end":{"line":47,"column":84}},{"start":{"line":47,"column":84},"end":{"line":47,"column":99}}],"line":47},"7":{"loc":{"start":{"line":69,"column":2},"end":{"line":71,"column":null}},"type":"if","locations":[{"start":{"line":69,"column":2},"end":{"line":71,"column":null}},{"start":{},"end":{}}],"line":69},"8":{"loc":{"start":{"line":73,"column":18},"end":{"line":73,"column":null}},"type":"binary-expr","locations":[{"start":{"line":73,"column":18},"end":{"line":73,"column":50}},{"start":{"line":73,"column":50},"end":{"line":73,"column":null}}],"line":73},"9":{"loc":{"start":{"line":89,"column":2},"end":{"line":91,"column":null}},"type":"if","locations":[{"start":{"line":89,"column":2},"end":{"line":91,"column":null}},{"start":{},"end":{}}],"line":89},"10":{"loc":{"start":{"line":99,"column":2},"end":{"line":101,"column":null}},"type":"if","locations":[{"start":{"line":99,"column":2},"end":{"line":101,"column":null}},{"start":{},"end":{}}],"line":99},"11":{"loc":{"start":{"line":103,"column":18},"end":{"line":103,"column":null}},"type":"binary-expr","locations":[{"start":{"line":103,"column":18},"end":{"line":103,"column":50}},{"start":{"line":103,"column":50},"end":{"line":103,"column":null}}],"line":103},"12":{"loc":{"start":{"line":114,"column":2},"end":{"line":116,"column":null}},"type":"if","locations":[{"start":{"line":114,"column":2},"end":{"line":116,"column":null}},{"start":{},"end":{}}],"line":114}},"s":{"0":4,"1":4,"2":4,"3":4,"4":1,"5":3,"6":3,"7":2,"8":2,"9":1,"10":1,"11":4,"12":1,"13":3,"14":3,"15":1,"16":2,"17":3,"18":3,"19":2,"20":1,"21":1,"22":3,"23":3,"24":1,"25":2,"26":3,"27":3,"28":2,"29":1,"30":1,"31":1},"f":{"0":4,"1":3,"2":3},"b":{"0":[4,1],"1":[1,3],"2":[1,1],"3":[2,2],"4":[1,0],"5":[1,1,1],"6":[1,0],"7":[1,2],"8":[2,2],"9":[1,1],"10":[1,2],"11":[2,2],"12":[1,1]},"meta":{"lastBranch":13,"lastFunction":3,"lastStatement":32,"seen":{"f:7:22:7:Infinity":0,"s:10:2:49:Infinity":0,"s:11:19:11:Infinity":1,"s:13:7:13:Infinity":2,"b:13:7:13:49:13:49:13:Infinity":0,"b:15:4:17:Infinity:undefined:undefined:undefined:undefined":1,"s:15:4:17:Infinity":3,"s:16:6:16:Infinity":4,"s:19:16:19:Infinity":5,"s:21:21:27:Infinity":6,"s:29:18:29:Infinity":7,"b:35:4:40:Infinity:undefined:undefined:undefined:undefined":2,"s:35:4:40:Infinity":8,"b:35:8:35:23:35:23:35:34":3,"s:36:6:39:Infinity":9,"b:38:33:38:52:38:52:38:69":4,"s:42:25:42:Infinity":10,"b:42:25:42:41:42:41:42:55:42:55:42:Infinity":5,"s:43:4:43:Infinity":11,"s:45:4:48:Infinity":12,"b:47:68:47:84:47:84:47:99":6,"f:52:22:52:40":1,"s:67:17:67:Infinity":13,"b:69:2:71:Infinity:undefined:undefined:undefined:undefined":7,"s:69:2:71:Infinity":14,"s:70:4:70:Infinity":15,"s:73:18:73:Infinity":16,"b:73:18:73:50:73:50:73:Infinity":8,"s:74:14:74:Infinity":17,"s:76:19:87:Infinity":18,"b:89:2:91:Infinity:undefined:undefined:undefined:undefined":9,"s:89:2:91:Infinity":19,"s:90:4:90:Infinity":20,"s:93:2:93:Infinity":21,"f:96:22:96:42":2,"s:97:17:97:Infinity":22,"b:99:2:101:Infinity:undefined:undefined:undefined:undefined":10,"s:99:2:101:Infinity":23,"s:100:4:100:Infinity":24,"s:103:18:103:Infinity":25,"b:103:18:103:50:103:50:103:Infinity":11,"s:104:14:104:Infinity":26,"s:106:19:112:Infinity":27,"b:114:2:116:Infinity:undefined:undefined:undefined:undefined":12,"s:114:2:116:Infinity":28,"s:115:4:115:Infinity":29,"s:118:16:118:Infinity":30,"s:119:2:119:Infinity":31},"fnNames":{}}}
}
