TN:
SF:src\app.ts
FN:13,req
FN:20,res
FN:35,(anonymous_2)
FNF:3
FNH:2
FNDA:108,req
FNDA:108,res
FNDA:0,(anonymous_2)
DA:7,10
DA:9,10
DA:14,108
DA:21,108
DA:28,10
DA:29,10
DA:30,10
DA:32,10
DA:34,10
DA:41,0
DA:42,0
DA:43,0
DA:44,0
DA:46,0
LF:14
LH:9
BRDA:42,0,0,0
BRDA:42,0,1,0
BRDA:43,1,0,0
BRDA:43,1,1,0
BRF:4
BRH:0
end_of_record
TN:
SF:src\index.ts
FN:16,startServer
FN:22,(anonymous_1)
FNF:2
FNH:2
FNDA:2,startServer
FNDA:2,(anonymous_1)
DA:1,4
DA:2,4
DA:4,4
DA:5,1
DA:10,3
DA:12,3
DA:13,1
DA:17,2
DA:22,2
DA:23,2
DA:24,0
DA:25,0
DA:28,2
DA:31,2
DA:32,1
DA:34,1
DA:38,2
LF:17
LH:15
BRDA:4,0,0,1
BRDA:4,0,1,3
BRDA:12,1,0,1
BRDA:12,1,1,2
BRDA:12,2,0,3
BRDA:12,2,1,2
BRDA:23,3,0,0
BRDA:23,3,1,2
BRDA:31,4,0,1
BRDA:31,4,1,1
BRF:10
BRH:9
end_of_record
TN:
SF:src\lib\logger.ts
FNF:0
FNH:0
DA:3,13
DA:5,13
LF:2
LH:2
BRDA:6,0,0,13
BRDA:6,0,1,13
BRDA:12,1,0,0
BRDA:12,1,1,13
BRF:4
BRH:3
end_of_record
TN:
SF:src\routes\ad-campaigns.ts
FN:8,(anonymous_0)
FN:16,(anonymous_1)
FN:24,(anonymous_2)
FN:38,(anonymous_3)
FN:44,(anonymous_4)
FN:47,(anonymous_5)
FN:51,(anonymous_6)
FN:55,(anonymous_7)
FN:58,(anonymous_8)
FN:60,(anonymous_9)
FN:68,(anonymous_10)
FN:97,(anonymous_11)
FN:98,(anonymous_12)
FNF:13
FNH:13
FNDA:1,(anonymous_0)
FNDA:1,(anonymous_1)
FNDA:1,(anonymous_2)
FNDA:1,(anonymous_3)
FNDA:1,(anonymous_4)
FNDA:2,(anonymous_5)
FNDA:2,(anonymous_6)
FNDA:2,(anonymous_7)
FNDA:2,(anonymous_8)
FNDA:2,(anonymous_9)
FNDA:2,(anonymous_10)
FNDA:2,(anonymous_11)
FNDA:2,(anonymous_12)
DA:6,10
DA:8,10
DA:9,1
DA:13,1
DA:16,10
DA:17,1
DA:21,1
DA:24,10
DA:25,1
DA:26,1
DA:31,1
DA:32,0
DA:33,0
DA:35,1
DA:38,10
DA:39,1
DA:40,1
DA:41,1
DA:44,10
DA:45,1
DA:46,1
DA:47,2
DA:50,1
DA:51,2
DA:54,1
DA:55,2
DA:58,2
DA:59,1
DA:60,2
DA:63,1
DA:64,1
DA:65,1
DA:66,1
DA:68,1
DA:69,2
DA:70,2
DA:71,2
DA:79,2
DA:80,2
DA:81,2
DA:82,2
DA:83,2
DA:84,2
DA:87,1
DA:97,2
DA:98,2
LF:46
LH:44
BRDA:31,0,0,0
BRDA:31,0,1,1
BRDA:47,1,0,2
BRDA:47,1,1,0
BRDA:51,2,0,2
BRDA:51,2,1,0
BRDA:55,3,0,2
BRDA:55,3,1,1
BRDA:58,4,0,2
BRDA:58,4,1,1
BRDA:60,5,0,2
BRDA:60,5,1,1
BRDA:63,6,0,1
BRDA:63,6,1,0
BRDA:64,7,0,1
BRDA:64,7,1,0
BRDA:65,8,0,1
BRDA:65,8,1,0
BRDA:66,9,0,1
BRDA:66,9,1,0
BRDA:69,10,0,2
BRDA:69,10,1,0
BRDA:70,11,0,2
BRDA:70,11,1,0
BRDA:79,12,0,2
BRDA:79,12,1,0
BRDA:80,13,0,2
BRDA:80,13,1,0
BRDA:81,14,0,2
BRDA:81,14,1,1
BRDA:82,15,0,2
BRDA:82,15,1,1
BRDA:100,16,0,2
BRDA:100,16,1,0
BRF:34
BRH:22
end_of_record
TN:
SF:src\routes\ai-settings.ts
FN:7,isFirestoreMode
FN:11,aiSettingsRepo
FN:13,(anonymous_2)
FN:14,(anonymous_3)
FN:15,(anonymous_4)
FN:16,(anonymous_5)
FN:17,(anonymous_6)
FN:66,(anonymous_7)
FN:70,(anonymous_8)
FN:73,(anonymous_9)
FN:84,(anonymous_10)
FN:98,(anonymous_11)
FN:102,(anonymous_12)
FN:159,(anonymous_13)
FN:172,(anonymous_14)
FNF:15
FNH:8
FNDA:4,isFirestoreMode
FNDA:0,aiSettingsRepo
FNDA:0,(anonymous_2)
FNDA:0,(anonymous_3)
FNDA:0,(anonymous_4)
FNDA:0,(anonymous_5)
FNDA:0,(anonymous_6)
FNDA:1,(anonymous_7)
FNDA:1,(anonymous_8)
FNDA:0,(anonymous_9)
FNDA:1,(anonymous_10)
FNDA:1,(anonymous_11)
FNDA:1,(anonymous_12)
FNDA:1,(anonymous_13)
FNDA:1,(anonymous_14)
DA:5,10
DA:8,4
DA:12,0
DA:13,0
DA:14,0
DA:15,0
DA:16,0
DA:17,0
DA:21,10
DA:66,10
DA:67,1
DA:70,10
DA:71,1
DA:72,0
DA:73,0
DA:80,0
DA:81,0
DA:83,1
DA:84,1
DA:86,1
DA:87,1
DA:95,1
DA:98,10
DA:99,1
DA:100,1
DA:102,1
DA:103,0
DA:104,0
DA:106,1
DA:107,0
DA:108,0
DA:111,1
DA:112,0
DA:113,0
DA:118,0
DA:119,0
DA:120,0
DA:121,0
DA:124,0
DA:125,0
DA:132,0
DA:135,1
DA:149,1
DA:150,1
DA:159,10
DA:160,1
DA:161,1
DA:162,0
DA:163,0
DA:164,0
DA:166,1
DA:169,1
DA:172,10
DA:173,1
DA:174,1
DA:185,1
DA:186,0
DA:189,0
DA:193,1
DA:195,1
DA:196,1
DA:197,0
DA:203,0
DA:204,0
DA:205,0
DA:206,0
DA:209,1
DA:217,1
DA:218,1
DA:219,0
DA:223,0
DA:227,1
DA:232,1
DA:233,0
DA:238,1
DA:239,0
DA:240,0
DA:241,0
DA:247,1
DA:254,1
DA:259,1
DA:260,0
DA:261,0
DA:263,1
DA:265,0
DA:266,0
LF:86
LH:43
BRDA:8,0,0,4
BRDA:8,0,1,4
BRDA:71,1,0,0
BRDA:71,1,1,1
BRDA:86,2,0,1
BRDA:86,2,1,0
BRDA:86,3,0,0
BRDA:86,3,1,0
BRDA:102,4,0,0
BRDA:102,4,1,1
BRDA:106,5,0,0
BRDA:106,5,1,1
BRDA:106,6,0,1
BRDA:106,6,1,1
BRDA:111,7,0,0
BRDA:111,7,1,1
BRDA:116,8,0,0
BRDA:116,8,1,0
BRDA:119,9,0,0
BRDA:119,9,1,0
BRDA:124,10,0,0
BRDA:124,10,1,0
BRDA:124,11,0,0
BRDA:124,11,1,0
BRDA:137,12,0,1
BRDA:137,12,1,0
BRDA:142,13,0,1
BRDA:142,13,1,0
BRDA:149,14,0,1
BRDA:149,14,1,0
BRDA:149,15,0,0
BRDA:149,15,1,0
BRDA:161,16,0,0
BRDA:161,16,1,1
BRDA:174,17,0,0
BRDA:174,17,1,1
BRDA:185,18,0,0
BRDA:185,18,1,1
BRDA:193,19,0,1
BRDA:193,19,1,0
BRDA:193,20,0,0
BRDA:193,20,1,0
BRDA:196,21,0,0
BRDA:196,21,1,1
BRDA:204,22,0,0
BRDA:204,22,1,0
BRDA:218,23,0,0
BRDA:218,23,1,1
BRDA:232,24,0,0
BRDA:232,24,1,1
BRDA:234,25,0,0
BRDA:234,25,1,0
BRDA:238,26,0,0
BRDA:238,26,1,1
BRDA:242,27,0,0
BRDA:242,27,1,0
BRDA:248,28,0,1
BRDA:248,28,1,0
BRDA:259,29,0,0
BRDA:259,29,1,1
BRDA:265,30,0,0
BRDA:265,30,1,0
BRF:62
BRH:22
end_of_record
TN:
SF:src\routes\cash-flow.ts
FN:12,(anonymous_0)
FN:23,(anonymous_1)
FN:25,(anonymous_2)
FN:31,(anonymous_3)
FN:33,(anonymous_4)
FN:39,(anonymous_5)
FN:43,(anonymous_6)
FN:49,(anonymous_7)
FN:50,(anonymous_8)
FN:53,(anonymous_9)
FN:54,(anonymous_10)
FN:93,(anonymous_11)
FN:99,(anonymous_12)
FNF:13
FNH:12
FNDA:1,(anonymous_0)
FNDA:2,(anonymous_1)
FNDA:1,(anonymous_2)
FNDA:2,(anonymous_3)
FNDA:1,(anonymous_4)
FNDA:2,(anonymous_5)
FNDA:0,(anonymous_6)
FNDA:2,(anonymous_7)
FNDA:1,(anonymous_8)
FNDA:2,(anonymous_9)
FNDA:1,(anonymous_10)
FNDA:6,(anonymous_11)
FNDA:2,(anonymous_12)
DA:10,10
DA:12,10
DA:13,1
DA:14,1
DA:16,1
DA:22,1
DA:23,2
DA:26,1
DA:30,1
DA:31,2
DA:34,1
DA:38,1
DA:40,2
DA:44,0
DA:48,1
DA:49,2
DA:50,1
DA:52,1
DA:53,2
DA:54,1
DA:56,1
DA:57,1
DA:62,1
DA:63,1
DA:64,6
DA:65,6
DA:66,6
DA:70,6
DA:73,1
DA:74,2
DA:75,1
DA:76,1
DA:77,1
DA:78,0
DA:79,0
DA:83,1
DA:84,2
DA:85,1
DA:86,1
DA:87,1
DA:88,1
DA:89,0
DA:93,6
DA:98,1
DA:100,2
DA:101,2
DA:102,2
DA:103,2
DA:104,2
DA:109,1
LF:50
LH:46
BRDA:26,0,0,1
BRDA:26,0,1,0
BRDA:26,1,0,1
BRDA:26,1,1,0
BRDA:34,2,0,1
BRDA:34,2,1,0
BRDA:34,3,0,1
BRDA:34,3,1,0
BRDA:40,4,0,2
BRDA:40,4,1,0
BRDA:44,5,0,0
BRDA:44,5,1,0
BRDA:44,6,0,0
BRDA:44,6,1,0
BRDA:49,7,0,2
BRDA:49,7,1,0
BRDA:50,8,0,1
BRDA:50,8,1,0
BRDA:54,9,0,1
BRDA:54,9,1,0
BRDA:74,10,0,1
BRDA:74,10,1,1
BRDA:74,11,0,2
BRDA:74,11,1,2
BRDA:77,12,0,0
BRDA:77,12,1,1
BRDA:78,13,0,0
BRDA:78,13,1,0
BRDA:78,14,0,0
BRDA:78,14,1,0
BRDA:79,15,0,0
BRDA:79,15,1,0
BRDA:79,16,0,0
BRDA:79,16,1,0
BRDA:84,17,0,1
BRDA:84,17,1,1
BRDA:84,18,0,2
BRDA:84,18,1,2
BRDA:84,19,0,2
BRDA:84,19,1,0
BRDA:88,20,0,0
BRDA:88,20,1,1
BRDA:89,21,0,0
BRDA:89,21,1,0
BRDA:100,22,0,2
BRDA:100,22,1,0
BRDA:101,23,0,2
BRDA:101,23,1,0
BRDA:102,24,0,2
BRDA:102,24,1,0
BRDA:103,25,0,2
BRDA:103,25,1,0
BRF:52
BRH:23
end_of_record
TN:
SF:src\routes\customer-insights.ts
FN:7,(anonymous_0)
FN:58,(anonymous_1)
FN:69,(anonymous_2)
FN:72,(anonymous_3)
FN:76,(anonymous_4)
FN:92,(anonymous_5)
FNF:6
FNH:4
FNDA:1,(anonymous_0)
FNDA:2,(anonymous_1)
FNDA:2,(anonymous_2)
FNDA:0,(anonymous_3)
FNDA:0,(anonymous_4)
FNDA:1,(anonymous_5)
DA:5,11
DA:7,11
DA:8,1
DA:22,1
DA:24,1
DA:26,2
DA:29,2
DA:30,2
DA:40,2
DA:41,2
DA:42,2
DA:43,2
DA:45,2
DA:46,2
DA:48,2
DA:49,0
DA:55,2
DA:58,2
DA:68,1
DA:70,2
DA:71,2
DA:72,0
DA:75,2
DA:76,0
DA:79,2
DA:92,1
DA:94,1
LF:27
LH:24
BRDA:26,0,0,2
BRDA:26,0,1,2
BRDA:29,1,0,2
BRDA:29,1,1,0
BRDA:32,2,0,2
BRDA:32,2,1,2
BRDA:41,3,0,2
BRDA:41,3,1,0
BRDA:42,4,0,2
BRDA:42,4,1,2
BRDA:43,5,0,0
BRDA:43,5,1,2
BRDA:48,6,0,0
BRDA:48,6,1,2
BRDA:51,7,0,0
BRDA:51,7,1,0
BRDA:60,8,0,0
BRDA:60,8,1,2
BRDA:61,9,0,2
BRDA:61,9,1,0
BRDA:62,10,0,0
BRDA:62,10,1,2
BRDA:65,11,0,0
BRDA:65,11,1,2
BRDA:75,12,0,0
BRDA:75,12,1,2
BRF:26
BRH:15
end_of_record
TN:
SF:src\routes\dashboard.ts
FN:7,safeNumber
FN:12,getCounts
FN:54,(anonymous_2)
FN:102,(anonymous_3)
FN:114,buildBuckets
FN:119,(anonymous_5)
FN:127,toMidnight
FN:141,(anonymous_7)
FN:174,(anonymous_8)
FN:177,(anonymous_9)
FN:180,(anonymous_10)
FN:194,(anonymous_11)
FN:197,(anonymous_12)
FN:207,(anonymous_13)
FN:236,(anonymous_14)
FN:237,(anonymous_15)
FN:238,(anonymous_16)
FN:261,(anonymous_17)
FN:270,(anonymous_18)
FN:277,(anonymous_19)
FN:284,(anonymous_20)
FN:290,(anonymous_21)
FNF:22
FNH:18
FNDA:23,safeNumber
FNDA:2,getCounts
FNDA:2,(anonymous_2)
FNDA:3,(anonymous_3)
FNDA:3,buildBuckets
FNDA:31,(anonymous_5)
FNDA:1,toMidnight
FNDA:31,(anonymous_7)
FNDA:7,(anonymous_8)
FNDA:7,(anonymous_9)
FNDA:0,(anonymous_10)
FNDA:24,(anonymous_11)
FNDA:24,(anonymous_12)
FNDA:0,(anonymous_13)
FNDA:31,(anonymous_14)
FNDA:31,(anonymous_15)
FNDA:31,(anonymous_16)
FNDA:9,(anonymous_17)
FNDA:31,(anonymous_18)
FNDA:31,(anonymous_19)
FNDA:0,(anonymous_20)
FNDA:0,(anonymous_21)
DA:5,11
DA:8,23
DA:9,23
DA:13,2
DA:14,2
DA:17,2
DA:20,2
DA:27,2
DA:31,2
DA:36,2
DA:44,0
DA:54,11
DA:61,2
DA:63,2
DA:64,2
DA:66,2
DA:68,2
DA:69,2
DA:70,2
DA:75,0
DA:78,2
DA:79,2
DA:80,2
DA:81,0
DA:82,0
DA:85,0
DA:88,2
DA:90,2
DA:102,11
DA:104,3
DA:105,3
DA:119,31
DA:128,1
DA:129,1
DA:130,1
DA:139,3
DA:141,31
DA:165,3
DA:166,1
DA:167,1
DA:168,1
DA:169,1
DA:170,1
DA:172,1
DA:175,7
DA:177,7
DA:180,1
DA:181,0
DA:182,0
DA:183,0
DA:187,2
DA:188,2
DA:189,2
DA:190,2
DA:192,2
DA:195,24
DA:198,24
DA:205,2
DA:207,2
DA:208,0
DA:211,0
DA:215,3
DA:216,3
DA:217,3
DA:222,0
DA:225,3
DA:226,0
DA:227,0
DA:228,0
DA:229,0
DA:230,0
DA:231,0
DA:232,0
DA:233,0
DA:236,31
DA:237,31
DA:238,31
DA:241,3
DA:242,3
DA:243,3
DA:252,0
DA:255,3
DA:256,3
DA:257,3
DA:259,3
DA:261,3
DA:262,9
DA:268,3
DA:270,31
DA:277,31
DA:284,11
DA:285,0
DA:290,0
DA:299,0
LF:94
LH:71
BRDA:8,0,0,23
BRDA:8,0,1,0
BRDA:9,1,0,23
BRDA:9,1,1,0
BRDA:63,2,0,2
BRDA:63,2,1,0
BRDA:64,3,0,2
BRDA:64,3,1,0
BRDA:66,4,0,0
BRDA:66,4,1,2
BRDA:81,5,0,0
BRDA:81,5,1,0
BRDA:81,6,0,0
BRDA:81,6,1,0
BRDA:81,6,2,0
BRDA:88,7,0,0
BRDA:88,7,1,2
BRDA:91,8,0,2
BRDA:91,8,1,0
BRDA:92,9,0,2
BRDA:92,9,1,0
BRDA:94,10,0,2
BRDA:94,10,1,0
BRDA:95,11,0,2
BRDA:95,11,1,0
BRDA:96,12,0,2
BRDA:96,12,1,0
BRDA:104,13,0,2
BRDA:104,13,1,1
BRDA:140,14,0,1
BRDA:140,14,1,2
BRDA:143,15,0,7
BRDA:143,15,1,24
BRDA:165,16,0,1
BRDA:165,16,1,2
BRDA:183,17,0,0
BRDA:183,17,1,0
BRDA:183,18,0,0
BRDA:183,18,1,0
BRDA:211,19,0,0
BRDA:211,19,1,0
BRDA:211,20,0,0
BRDA:211,20,1,0
BRDA:227,21,0,0
BRDA:227,21,1,0
BRDA:228,22,0,0
BRDA:228,22,1,0
BRDA:229,23,0,0
BRDA:229,23,1,0
BRDA:230,24,0,0
BRDA:230,24,1,0
BRDA:255,25,0,3
BRDA:255,25,1,0
BRDA:256,26,0,3
BRDA:256,26,1,0
BRDA:257,27,0,3
BRDA:257,27,1,0
BRDA:259,28,0,3
BRDA:259,28,1,0
BRDA:262,29,0,9
BRDA:262,29,1,0
BRDA:263,30,0,0
BRDA:263,30,1,9
BRDA:292,31,0,0
BRDA:292,31,1,0
BRDA:293,32,0,0
BRDA:293,32,1,0
BRDA:294,33,0,0
BRDA:294,33,1,0
BRDA:297,34,0,0
BRDA:297,34,1,0
BRF:71
BRH:25
end_of_record
TN:
SF:src\routes\fulfillment.ts
FN:13,loadFulfillmentEngine
FN:18,(anonymous_1)
FN:19,(anonymous_2)
FN:22,(anonymous_3)
FN:33,setExternalServiceLoader
FN:39,resetExternalServiceLoader
FN:43,(anonymous_6)
FN:49,(anonymous_7)
FN:62,(anonymous_8)
FN:64,(anonymous_9)
FN:65,(anonymous_10)
FN:66,(anonymous_11)
FN:68,(anonymous_12)
FN:69,(anonymous_13)
FN:71,(anonymous_14)
FN:72,(anonymous_15)
FN:83,(anonymous_16)
FN:94,(anonymous_17)
FN:106,(anonymous_18)
FN:113,(anonymous_19)
FN:115,(anonymous_20)
FN:119,(anonymous_21)
FN:163,(anonymous_22)
FN:171,(anonymous_23)
FN:196,fulfillOrderExternal
FNF:25
FNH:17
FNDA:3,loadFulfillmentEngine
FNDA:0,(anonymous_1)
FNDA:0,(anonymous_2)
FNDA:0,(anonymous_3)
FNDA:2,setExternalServiceLoader
FNDA:2,resetExternalServiceLoader
FNDA:1,(anonymous_6)
FNDA:3,(anonymous_7)
FNDA:1,(anonymous_8)
FNDA:3,(anonymous_9)
FNDA:3,(anonymous_10)
FNDA:3,(anonymous_11)
FNDA:3,(anonymous_12)
FNDA:1,(anonymous_13)
FNDA:3,(anonymous_14)
FNDA:1,(anonymous_15)
FNDA:1,(anonymous_16)
FNDA:1,(anonymous_17)
FNDA:0,(anonymous_18)
FNDA:0,(anonymous_19)
FNDA:0,(anonymous_20)
FNDA:2,(anonymous_21)
FNDA:0,(anonymous_22)
FNDA:0,(anonymous_23)
FNDA:2,fulfillOrderExternal
DA:11,12
DA:14,3
DA:17,12
DA:18,0
DA:19,0
DA:22,12
DA:23,0
DA:24,0
DA:25,0
DA:27,0
DA:31,12
DA:36,2
DA:40,2
DA:43,12
DA:44,1
DA:48,1
DA:49,3
DA:62,12
DA:63,1
DA:64,3
DA:65,3
DA:66,3
DA:67,1
DA:68,3
DA:69,1
DA:70,1
DA:71,3
DA:72,1
DA:73,1
DA:83,12
DA:84,1
DA:85,1
DA:86,1
DA:87,1
DA:88,0
DA:89,0
DA:91,1
DA:94,12
DA:95,1
DA:96,1
DA:97,1
DA:98,1
DA:99,1
DA:100,0
DA:101,0
DA:103,1
DA:106,12
DA:107,0
DA:108,0
DA:112,0
DA:113,0
DA:115,0
DA:116,0
DA:119,12
DA:120,2
DA:121,2
DA:122,1
DA:123,1
DA:126,1
DA:130,1
DA:131,0
DA:132,0
DA:135,1
DA:144,1
DA:145,0
DA:146,0
DA:149,1
DA:150,1
DA:160,1
DA:163,12
DA:164,0
DA:168,0
DA:171,12
DA:172,0
DA:173,0
DA:178,0
DA:187,0
DA:188,0
DA:189,0
DA:191,0
DA:200,2
DA:204,2
DA:205,0
DA:206,0
DA:209,2
DA:213,2
DA:215,2
DA:219,2
DA:220,2
DA:222,2
DA:223,2
DA:224,2
DA:226,2
DA:227,1
DA:228,1
DA:243,1
DA:246,1
DA:247,1
DA:248,1
LF:99
LH:68
BRDA:24,0,0,0
BRDA:24,0,1,0
BRDA:51,1,0,3
BRDA:51,1,1,0
BRDA:52,2,0,1
BRDA:52,2,1,2
BRDA:53,3,0,0
BRDA:53,3,1,3
BRDA:56,4,0,3
BRDA:56,4,1,3
BRDA:57,5,0,3
BRDA:57,5,1,3
BRDA:68,6,0,3
BRDA:68,6,1,1
BRDA:71,7,0,3
BRDA:71,7,1,1
BRDA:87,8,0,0
BRDA:87,8,1,1
BRDA:99,9,0,0
BRDA:99,9,1,1
BRDA:121,10,0,1
BRDA:121,10,1,1
BRDA:130,11,0,0
BRDA:130,11,1,1
BRDA:144,12,0,0
BRDA:144,12,1,1
BRDA:154,13,0,1
BRDA:154,13,1,0
BRDA:156,14,0,2
BRDA:156,14,1,0
BRDA:181,15,0,0
BRDA:181,15,1,0
BRDA:182,16,0,0
BRDA:182,16,1,0
BRDA:183,17,0,0
BRDA:183,17,1,0
BRDA:187,18,0,0
BRDA:187,18,1,0
BRDA:204,19,0,0
BRDA:204,19,1,2
BRDA:222,20,0,0
BRDA:222,20,1,2
BRDA:223,21,0,2
BRDA:223,21,1,2
BRDA:223,21,2,0
BRDA:224,22,0,2
BRDA:224,22,1,2
BRDA:226,23,0,1
BRDA:226,23,1,1
BRDA:229,24,0,1
BRDA:229,24,1,1
BRDA:230,25,0,1
BRDA:230,25,1,0
BRDA:232,26,0,1
BRDA:232,26,1,0
BRDA:233,27,0,1
BRDA:233,27,1,1
BRDA:246,28,0,1
BRDA:246,28,1,0
BRDA:249,29,0,1
BRDA:249,29,1,1
BRDA:250,30,0,1
BRDA:250,30,1,0
BRDA:252,31,0,1
BRDA:252,31,1,0
BRDA:253,32,0,1
BRDA:253,32,1,1
BRF:67
BRH:41
end_of_record
TN:
SF:src\routes\health.ts
FN:6,(anonymous_0)
FNF:1
FNH:1
FNDA:3,(anonymous_0)
DA:4,12
DA:6,12
DA:7,3
DA:8,3
LF:4
LH:4
BRF:0
BRH:0
end_of_record
TN:
SF:src\routes\index.ts
FNF:0
FNH:0
DA:26,10
DA:28,10
DA:29,10
DA:30,10
DA:31,10
DA:32,10
DA:33,10
DA:34,10
DA:35,10
DA:36,10
DA:37,10
DA:38,10
DA:39,10
DA:40,10
DA:41,10
DA:42,10
DA:43,10
DA:44,10
DA:45,10
DA:46,10
DA:47,10
DA:48,10
DA:49,10
DA:50,10
LF:24
LH:24
BRF:0
BRH:0
end_of_record
TN:
SF:src\routes\launches.ts
FN:53,(anonymous_0)
FN:61,(anonymous_1)
FN:86,(anonymous_2)
FN:100,(anonymous_3)
FNF:4
FNH:4
FNDA:1,(anonymous_0)
FNDA:2,(anonymous_1)
FNDA:2,(anonymous_2)
FNDA:1,(anonymous_3)
DA:6,10
DA:8,10
DA:53,10
DA:54,1
DA:58,1
DA:61,10
DA:62,2
DA:68,2
DA:69,1
DA:70,1
DA:72,1
DA:83,1
DA:86,10
DA:87,2
DA:88,2
DA:93,2
DA:94,1
DA:95,1
DA:97,1
DA:100,10
DA:101,1
DA:102,1
DA:103,1
LF:23
LH:23
BRDA:68,0,0,1
BRDA:68,0,1,1
BRDA:76,1,0,1
BRDA:76,1,1,1
BRDA:77,2,0,1
BRDA:77,2,1,0
BRDA:78,3,0,2
BRDA:78,3,1,0
BRDA:93,4,0,1
BRDA:93,4,1,1
BRF:10
BRH:8
end_of_record
TN:
SF:src\routes\order-timeline.ts
FN:8,(anonymous_0)
FN:18,(anonymous_1)
FNF:2
FNH:2
FNDA:2,(anonymous_0)
FNDA:1,(anonymous_1)
DA:6,10
DA:8,10
DA:9,2
DA:10,2
DA:15,2
DA:18,10
DA:19,1
DA:20,1
DA:24,1
LF:9
LH:9
BRF:0
BRH:0
end_of_record
TN:
SF:src\routes\orders.ts
FN:23,(anonymous_0)
FN:33,(anonymous_1)
FN:69,(anonymous_2)
FN:87,(anonymous_3)
FN:145,(anonymous_4)
FN:159,(anonymous_5)
FN:193,(anonymous_6)
FN:210,(anonymous_7)
FN:295,(anonymous_8)
FNF:9
FNH:9
FNDA:11,(anonymous_0)
FNDA:2,(anonymous_1)
FNDA:1,(anonymous_2)
FNDA:2,(anonymous_3)
FNDA:3,(anonymous_4)
FNDA:2,(anonymous_5)
FNDA:3,(anonymous_6)
FNDA:2,(anonymous_7)
FNDA:2,(anonymous_8)
DA:19,11
DA:21,11
DA:23,11
DA:33,11
DA:34,2
DA:35,2
DA:36,0
DA:37,0
DA:39,2
DA:40,2
DA:41,0
DA:44,0
DA:49,2
DA:56,2
DA:57,2
DA:58,2
DA:60,2
DA:67,2
DA:68,1
DA:69,1
DA:71,1
DA:72,1
DA:81,2
DA:87,11
DA:88,2
DA:89,2
DA:90,0
DA:91,0
DA:93,2
DA:94,2
DA:96,2
DA:97,3
DA:98,3
DA:99,1
DA:100,1
DA:102,2
DA:104,2
DA:108,3
DA:111,3
DA:113,3
DA:116,3
DA:136,2
DA:138,0
DA:142,2
DA:145,11
DA:146,3
DA:147,3
DA:148,0
DA:149,0
DA:151,3
DA:152,3
DA:153,0
DA:155,3
DA:156,3
DA:159,11
DA:160,2
DA:161,2
DA:162,0
DA:163,0
DA:165,2
DA:166,2
DA:167,2
DA:168,2
DA:170,2
DA:171,2
DA:172,2
DA:184,2
DA:190,2
DA:193,11
DA:194,3
DA:195,3
DA:196,0
DA:197,0
DA:199,3
DA:203,3
DA:204,1
DA:205,1
DA:207,2
DA:210,11
DA:211,2
DA:212,2
DA:213,0
DA:214,0
DA:216,2
DA:217,2
DA:218,0
DA:219,0
DA:221,2
DA:222,2
DA:223,2
DA:224,0
DA:225,2
DA:226,0
DA:227,2
DA:228,0
DA:230,2
DA:234,2
DA:235,0
DA:236,0
DA:239,2
DA:241,0
DA:249,0
DA:256,0
DA:257,0
DA:258,0
DA:262,2
DA:269,2
DA:274,0
DA:283,2
DA:284,2
DA:292,2
DA:295,11
DA:296,2
DA:297,2
DA:298,0
DA:299,0
DA:301,2
DA:305,2
DA:306,0
DA:307,0
DA:309,2
LF:121
LH:88
BRDA:25,0,0,5
BRDA:25,0,1,6
BRDA:26,1,0,6
BRDA:26,1,1,5
BRDA:27,2,0,5
BRDA:27,2,1,6
BRDA:30,3,0,0
BRDA:30,3,1,11
BRDA:35,4,0,0
BRDA:35,4,1,2
BRDA:40,5,0,0
BRDA:40,5,1,2
BRDA:40,6,0,2
BRDA:40,6,1,0
BRDA:49,7,0,1
BRDA:49,7,1,1
BRDA:57,8,0,2
BRDA:57,8,1,0
BRDA:58,9,0,0
BRDA:58,9,1,2
BRDA:67,10,0,1
BRDA:67,10,1,1
BRDA:69,11,0,1
BRDA:69,11,1,1
BRDA:89,12,0,0
BRDA:89,12,1,2
BRDA:89,13,0,2
BRDA:89,13,1,2
BRDA:98,14,0,1
BRDA:98,14,1,2
BRDA:98,15,0,3
BRDA:98,15,1,2
BRDA:104,16,0,0
BRDA:104,16,1,2
BRDA:104,17,0,2
BRDA:104,17,1,0
BRDA:108,18,0,1
BRDA:108,18,1,1
BRDA:108,19,0,3
BRDA:108,19,1,1
BRDA:111,20,0,1
BRDA:111,20,1,1
BRDA:113,21,0,0
BRDA:113,21,1,2
BRDA:113,22,0,3
BRDA:113,22,1,0
BRDA:119,23,0,0
BRDA:119,23,1,2
BRDA:123,24,0,0
BRDA:123,24,1,2
BRDA:124,25,0,0
BRDA:124,25,1,2
BRDA:126,26,0,3
BRDA:126,26,1,2
BRDA:127,27,0,0
BRDA:127,27,1,2
BRDA:128,28,0,1
BRDA:128,28,1,1
BRDA:129,29,0,3
BRDA:129,29,1,2
BRDA:130,30,0,0
BRDA:130,30,1,2
BRDA:133,31,0,0
BRDA:133,31,1,2
BRDA:138,32,0,0
BRDA:138,32,1,0
BRDA:147,33,0,0
BRDA:147,33,1,3
BRDA:152,34,0,0
BRDA:152,34,1,3
BRDA:161,35,0,0
BRDA:161,35,1,2
BRDA:167,36,0,2
BRDA:167,36,1,0
BRDA:168,37,0,2
BRDA:168,37,1,0
BRDA:170,38,0,2
BRDA:170,38,1,0
BRDA:170,39,0,2
BRDA:170,39,1,2
BRDA:170,40,0,2
BRDA:170,40,1,0
BRDA:171,41,0,2
BRDA:171,41,1,2
BRDA:177,42,0,2
BRDA:177,42,1,0
BRDA:178,43,0,2
BRDA:178,43,1,0
BRDA:179,44,0,2
BRDA:179,44,1,0
BRDA:195,45,0,0
BRDA:195,45,1,3
BRDA:203,46,0,1
BRDA:203,46,1,2
BRDA:212,47,0,0
BRDA:212,47,1,2
BRDA:217,48,0,0
BRDA:217,48,1,2
BRDA:223,49,0,0
BRDA:223,49,1,2
BRDA:224,50,0,0
BRDA:224,50,1,0
BRDA:225,51,0,0
BRDA:225,51,1,2
BRDA:226,52,0,0
BRDA:226,52,1,0
BRDA:227,53,0,0
BRDA:227,53,1,2
BRDA:228,54,0,0
BRDA:228,54,1,0
BRDA:234,55,0,0
BRDA:234,55,1,2
BRDA:239,56,0,0
BRDA:239,56,1,2
BRDA:239,57,0,2
BRDA:239,57,1,2
BRDA:241,58,0,0
BRDA:241,58,1,0
BRDA:242,59,0,0
BRDA:242,59,1,0
BRDA:245,60,0,0
BRDA:245,60,1,0
BRDA:249,61,0,0
BRDA:249,61,1,0
BRDA:250,62,0,0
BRDA:250,62,1,0
BRDA:253,63,0,0
BRDA:253,63,1,0
BRDA:256,64,0,0
BRDA:256,64,1,0
BRDA:257,65,0,0
BRDA:257,65,1,0
BRDA:257,66,0,0
BRDA:257,66,1,0
BRDA:269,67,0,0
BRDA:269,67,1,2
BRDA:270,68,0,2
BRDA:270,68,1,0
BRDA:270,68,2,0
BRDA:283,69,0,2
BRDA:283,69,1,0
BRDA:283,70,0,2
BRDA:283,70,1,2
BRDA:297,71,0,0
BRDA:297,71,1,2
BRDA:305,72,0,0
BRDA:305,72,1,2
BRF:147
BRH:80
end_of_record
TN:
SF:src\routes\price-watch.ts
FN:7,(anonymous_0)
FN:14,(anonymous_1)
FN:45,(anonymous_2)
FN:103,(anonymous_3)
FN:113,(anonymous_4)
FN:127,(anonymous_5)
FN:135,(anonymous_6)
FNF:7
FNH:6
FNDA:1,(anonymous_0)
FNDA:0,(anonymous_1)
FNDA:3,(anonymous_2)
FNDA:1,(anonymous_3)
FNDA:2,(anonymous_4)
FNDA:1,(anonymous_5)
FNDA:1,(anonymous_6)
DA:5,11
DA:7,11
DA:8,1
DA:13,1
DA:15,0
DA:25,0
DA:30,0
DA:42,1
DA:45,11
DA:46,3
DA:56,3
DA:58,3
DA:59,3
DA:63,3
DA:65,3
DA:69,3
DA:70,3
DA:72,3
DA:73,1
DA:74,1
DA:77,2
DA:92,2
DA:103,11
DA:104,1
DA:105,1
DA:106,1
DA:107,1
DA:109,0
DA:110,0
DA:113,11
DA:114,2
DA:115,2
DA:116,0
DA:117,0
DA:120,2
DA:126,2
DA:127,1
DA:135,11
DA:136,1
DA:137,1
DA:138,0
DA:139,0
DA:142,1
DA:143,1
DA:144,0
DA:145,0
DA:148,1
DA:154,1
DA:159,1
LF:49
LH:38
BRDA:32,0,0,0
BRDA:32,0,1,0
BRDA:33,1,0,0
BRDA:33,1,1,0
BRDA:34,2,0,0
BRDA:34,2,1,0
BRDA:35,3,0,0
BRDA:35,3,1,0
BRDA:56,4,0,1
BRDA:56,4,1,2
BRDA:56,5,0,3
BRDA:56,5,1,1
BRDA:58,6,0,1
BRDA:58,6,1,2
BRDA:58,7,0,3
BRDA:58,7,1,1
BRDA:60,8,0,3
BRDA:60,8,1,2
BRDA:60,8,2,2
BRDA:60,8,3,1
BRDA:63,9,0,1
BRDA:63,9,1,2
BRDA:65,10,0,1
BRDA:65,10,1,2
BRDA:69,11,0,3
BRDA:69,11,1,2
BRDA:70,12,0,3
BRDA:70,12,1,2
BRDA:72,13,0,1
BRDA:72,13,1,2
BRDA:72,14,0,3
BRDA:72,14,1,2
BRDA:72,14,2,2
BRDA:83,15,0,0
BRDA:83,15,1,2
BRDA:85,16,0,1
BRDA:85,16,1,1
BRDA:88,17,0,3
BRDA:88,17,1,2
BRDA:94,18,0,1
BRDA:94,18,1,1
BRDA:105,19,0,1
BRDA:105,19,1,0
BRDA:115,20,0,0
BRDA:115,20,1,2
BRDA:137,21,0,0
BRDA:137,21,1,1
BRDA:143,22,0,0
BRDA:143,22,1,1
BRDA:143,23,0,1
BRDA:143,23,1,1
BRDA:150,24,0,1
BRDA:150,24,1,1
BRF:53
BRH:40
end_of_record
TN:
SF:src\routes\product-scorer.ts
FN:6,seededRandom
FN:11,(anonymous_1)
FN:63,detectCategory
FN:87,fallbackScore
FN:98,(anonymous_4)
FN:164,(anonymous_5)
FNF:6
FNH:6
FNDA:5,seededRandom
FNDA:48,(anonymous_1)
FNDA:8,detectCategory
FNDA:5,fallbackScore
FNDA:20,(anonymous_4)
FNDA:6,(anonymous_5)
DA:4,10
DA:7,5
DA:8,5
DA:9,128
DA:11,5
DA:12,48
DA:13,48
DA:14,48
DA:15,48
DA:19,10
DA:30,10
DA:64,8
DA:65,8
DA:70,0
DA:71,8
DA:74,0
DA:75,8
DA:76,0
DA:77,8
DA:78,2
DA:79,6
DA:80,0
DA:81,6
DA:82,6
DA:83,4
DA:84,2
DA:93,5
DA:96,5
DA:97,5
DA:98,20
DA:99,5
DA:105,5
DA:111,5
DA:113,5
DA:121,5
DA:122,5
DA:123,5
DA:124,5
DA:126,5
DA:133,5
DA:134,5
DA:136,5
DA:140,5
DA:147,5
DA:164,10
DA:170,6
DA:176,6
DA:177,1
DA:178,1
DA:181,5
DA:182,5
DA:188,0
DA:190,0
DA:193,6
DA:201,5
DA:202,5
DA:203,5
DA:205,0
LF:58
LH:51
BRDA:65,0,0,0
BRDA:65,0,1,8
BRDA:71,1,0,0
BRDA:71,1,1,8
BRDA:75,2,0,0
BRDA:75,2,1,8
BRDA:77,3,0,2
BRDA:77,3,1,6
BRDA:79,4,0,0
BRDA:79,4,1,6
BRDA:81,5,0,0
BRDA:81,5,1,6
BRDA:82,6,0,4
BRDA:82,6,1,2
BRDA:94,7,0,5
BRDA:94,7,1,4
BRDA:96,8,0,5
BRDA:96,8,1,4
BRDA:97,9,0,5
BRDA:97,9,1,0
BRDA:113,10,0,1
BRDA:113,10,1,4
BRDA:115,11,0,2
BRDA:115,11,1,2
BRDA:117,12,0,2
BRDA:117,12,1,0
BRDA:121,13,0,2
BRDA:121,13,1,3
BRDA:121,14,0,2
BRDA:121,14,1,1
BRDA:126,15,0,0
BRDA:126,15,1,5
BRDA:128,16,0,3
BRDA:128,16,1,2
BRDA:130,17,0,2
BRDA:130,17,1,0
BRDA:133,18,0,5
BRDA:133,18,1,2
BRDA:136,19,0,4
BRDA:136,19,1,1
BRDA:136,20,0,5
BRDA:136,20,1,4
BRDA:136,20,2,4
BRDA:140,21,0,1
BRDA:140,21,1,4
BRDA:142,22,0,4
BRDA:142,22,1,0
BRDA:144,23,0,0
BRDA:144,23,1,0
BRDA:176,24,0,1
BRDA:176,24,1,5
BRDA:184,25,0,5
BRDA:184,25,1,4
BRDA:190,26,0,0
BRDA:190,26,1,0
BRDA:190,27,0,0
BRDA:190,27,1,0
BRDA:190,27,2,0
BRDA:196,28,0,6
BRDA:196,28,1,0
BRDA:201,29,0,5
BRDA:201,29,1,0
BRDA:202,30,0,5
BRDA:202,30,1,0
BRF:64
BRH:44
end_of_record
TN:
SF:src\routes\product-tags.ts
FN:8,(anonymous_0)
FN:16,(anonymous_1)
FN:21,(anonymous_2)
FN:30,(anonymous_3)
FN:46,(anonymous_4)
FN:52,(anonymous_5)
FN:62,(anonymous_6)
FNF:7
FNH:7
FNDA:1,(anonymous_0)
FNDA:1,(anonymous_1)
FNDA:1,(anonymous_2)
FNDA:2,(anonymous_3)
FNDA:2,(anonymous_4)
FNDA:1,(anonymous_5)
FNDA:1,(anonymous_6)
DA:6,10
DA:8,10
DA:9,1
DA:13,1
DA:16,10
DA:17,1
DA:18,1
DA:21,10
DA:22,1
DA:23,1
DA:26,1
DA:27,1
DA:30,10
DA:31,2
DA:32,2
DA:36,2
DA:37,1
DA:38,1
DA:40,1
DA:46,2
DA:49,1
DA:52,10
DA:53,1
DA:54,1
DA:55,1
DA:59,1
DA:62,10
DA:63,1
DA:64,1
DA:65,1
DA:68,1
LF:31
LH:31
BRDA:36,0,0,1
BRDA:36,0,1,1
BRF:2
BRH:2
end_of_record
TN:
SF:src\routes\products.ts
FN:16,(anonymous_0)
FN:27,(anonymous_1)
FN:45,(anonymous_2)
FN:79,(anonymous_3)
FN:84,(anonymous_4)
FN:89,(anonymous_5)
FN:97,(anonymous_6)
FN:102,(anonymous_7)
FN:110,(anonymous_8)
FN:126,(anonymous_9)
FN:130,(anonymous_10)
FN:163,(anonymous_11)
FN:209,(anonymous_12)
FN:226,(anonymous_13)
FN:279,(anonymous_14)
FNF:15
FNH:11
FNDA:3,(anonymous_0)
FNDA:1,(anonymous_1)
FNDA:2,(anonymous_2)
FNDA:2,(anonymous_3)
FNDA:2,(anonymous_4)
FNDA:1,(anonymous_5)
FNDA:0,(anonymous_6)
FNDA:1,(anonymous_7)
FNDA:0,(anonymous_8)
FNDA:0,(anonymous_9)
FNDA:2,(anonymous_10)
FNDA:1,(anonymous_11)
FNDA:2,(anonymous_12)
FNDA:1,(anonymous_13)
FNDA:0,(anonymous_14)
DA:14,11
DA:16,11
DA:17,3
DA:18,3
DA:19,0
DA:20,0
DA:22,3
DA:23,3
DA:24,0
DA:26,3
DA:27,3
DA:42,3
DA:45,11
DA:46,2
DA:47,2
DA:48,0
DA:49,0
DA:51,2
DA:52,2
DA:60,2
DA:79,11
DA:80,2
DA:82,2
DA:85,2
DA:89,1
DA:97,0
DA:99,2
DA:102,11
DA:103,1
DA:109,1
DA:111,0
DA:112,0
DA:114,0
DA:117,0
DA:126,0
DA:127,1
DA:130,11
DA:131,2
DA:132,2
DA:133,0
DA:134,0
DA:136,2
DA:140,2
DA:141,1
DA:142,1
DA:144,1
DA:163,11
DA:164,1
DA:165,1
DA:166,0
DA:167,0
DA:169,1
DA:170,1
DA:171,0
DA:172,0
DA:174,1
DA:175,1
DA:176,1
DA:177,0
DA:178,1
DA:179,1
DA:181,1
DA:186,1
DA:187,0
DA:188,0
DA:190,1
DA:209,11
DA:210,2
DA:211,2
DA:212,0
DA:213,0
DA:215,2
DA:219,2
DA:220,1
DA:221,1
DA:223,1
DA:226,11
DA:227,1
DA:228,1
DA:229,0
DA:230,0
DA:232,1
DA:233,1
DA:235,1
DA:236,2
DA:237,2
DA:238,1
DA:239,1
DA:241,1
DA:243,1
DA:247,2
DA:250,2
DA:268,1
DA:270,0
DA:274,1
DA:277,11
DA:280,0
DA:281,0
DA:282,0
DA:283,0
DA:285,0
DA:289,0
DA:290,0
DA:291,0
DA:294,0
DA:295,0
DA:296,0
DA:298,0
DA:303,0
DA:304,0
DA:305,0
DA:311,0
DA:313,0
DA:318,0
DA:324,0
LF:115
LH:71
BRDA:18,0,0,0
BRDA:18,0,1,3
BRDA:23,1,0,0
BRDA:23,1,1,3
BRDA:29,2,0,1
BRDA:29,2,1,0
BRDA:30,3,0,1
BRDA:30,3,1,0
BRDA:32,4,0,1
BRDA:32,4,1,0
BRDA:32,5,0,1
BRDA:32,5,1,1
BRDA:32,5,2,1
BRDA:47,6,0,0
BRDA:47,6,1,2
BRDA:56,7,0,2
BRDA:56,7,1,0
BRDA:57,8,0,2
BRDA:57,8,1,0
BRDA:62,9,0,2
BRDA:62,9,1,0
BRDA:63,10,0,2
BRDA:63,10,1,0
BRDA:65,11,0,2
BRDA:65,11,1,0
BRDA:65,12,0,2
BRDA:65,12,1,2
BRDA:65,12,2,2
BRDA:85,13,0,2
BRDA:85,13,1,1
BRDA:85,13,2,1
BRDA:111,14,0,0
BRDA:111,14,1,0
BRDA:112,15,0,0
BRDA:112,15,1,0
BRDA:114,16,0,0
BRDA:114,16,1,0
BRDA:114,17,0,0
BRDA:114,17,1,0
BRDA:114,17,2,0
BRDA:126,18,0,0
BRDA:126,18,1,0
BRDA:126,19,0,0
BRDA:126,19,1,0
BRDA:132,20,0,0
BRDA:132,20,1,2
BRDA:140,21,0,1
BRDA:140,21,1,1
BRDA:146,22,0,1
BRDA:146,22,1,0
BRDA:147,23,0,1
BRDA:147,23,1,0
BRDA:149,24,0,1
BRDA:149,24,1,0
BRDA:149,25,0,2
BRDA:149,25,1,1
BRDA:149,25,2,1
BRDA:165,26,0,0
BRDA:165,26,1,1
BRDA:170,27,0,0
BRDA:170,27,1,1
BRDA:176,28,0,0
BRDA:176,28,1,1
BRDA:177,29,0,0
BRDA:177,29,1,0
BRDA:178,30,0,1
BRDA:178,30,1,0
BRDA:179,31,0,1
BRDA:179,31,1,0
BRDA:186,32,0,0
BRDA:186,32,1,1
BRDA:192,33,0,1
BRDA:192,33,1,0
BRDA:193,34,0,1
BRDA:193,34,1,0
BRDA:195,35,0,1
BRDA:195,35,1,0
BRDA:195,36,0,1
BRDA:195,36,1,1
BRDA:195,36,2,1
BRDA:211,37,0,0
BRDA:211,37,1,2
BRDA:219,38,0,1
BRDA:219,38,1,1
BRDA:228,39,0,0
BRDA:228,39,1,1
BRDA:228,40,0,1
BRDA:228,40,1,1
BRDA:237,41,0,1
BRDA:237,41,1,1
BRDA:237,42,0,2
BRDA:237,42,1,1
BRDA:243,43,0,1
BRDA:243,43,1,0
BRDA:243,44,0,1
BRDA:243,44,1,1
BRDA:247,45,0,1
BRDA:247,45,1,0
BRDA:247,46,0,2
BRDA:247,46,1,1
BRDA:254,47,0,0
BRDA:254,47,1,1
BRDA:255,48,0,0
BRDA:255,48,1,1
BRDA:256,49,0,2
BRDA:256,49,1,1
BRDA:259,50,0,0
BRDA:259,50,1,1
BRDA:260,51,0,0
BRDA:260,51,1,1
BRDA:262,52,0,0
BRDA:262,52,1,1
BRDA:264,53,0,0
BRDA:264,53,1,1
BRDA:265,54,0,0
BRDA:265,54,1,1
BRDA:270,55,0,0
BRDA:270,55,1,0
BRDA:281,56,0,0
BRDA:281,56,1,0
BRDA:289,57,0,0
BRDA:289,57,1,0
BRDA:295,58,0,0
BRDA:295,58,1,0
BRDA:296,59,0,0
BRDA:296,59,1,0
BRDA:298,60,0,0
BRDA:298,60,1,0
BRDA:309,61,0,0
BRDA:309,61,1,0
BRDA:314,62,0,0
BRDA:314,62,1,0
BRDA:315,63,0,0
BRDA:315,63,1,0
BRDA:326,64,0,0
BRDA:326,64,1,0
BRDA:327,65,0,0
BRDA:327,65,1,0
BRDA:329,66,0,0
BRDA:329,66,1,0
BRDA:329,67,0,0
BRDA:329,67,1,0
BRDA:329,67,2,0
BRF:143
BRH:66
end_of_record
TN:
SF:src\routes\promotions.ts
FN:8,(anonymous_0)
FN:16,(anonymous_1)
FN:21,(anonymous_2)
FN:32,(anonymous_3)
FNF:4
FNH:4
FNDA:1,(anonymous_0)
FNDA:1,(anonymous_1)
FNDA:2,(anonymous_2)
FNDA:1,(anonymous_3)
DA:6,11
DA:8,11
DA:9,1
DA:13,1
DA:16,11
DA:17,1
DA:18,1
DA:21,11
DA:22,2
DA:23,2
DA:28,2
DA:29,1
DA:32,11
DA:33,1
DA:34,1
DA:35,1
LF:16
LH:16
BRDA:28,0,0,1
BRDA:28,0,1,1
BRF:2
BRH:2
end_of_record
TN:
SF:src\routes\purchase-orders.ts
FN:8,(anonymous_0)
FN:16,(anonymous_1)
FN:30,(anonymous_2)
FN:35,(anonymous_3)
FN:45,(anonymous_4)
FN:60,(anonymous_5)
FN:78,(anonymous_6)
FNF:7
FNH:7
FNDA:1,(anonymous_0)
FNDA:2,(anonymous_1)
FNDA:2,(anonymous_2)
FNDA:2,(anonymous_3)
FNDA:2,(anonymous_4)
FNDA:2,(anonymous_5)
FNDA:1,(anonymous_6)
DA:6,10
DA:8,10
DA:9,1
DA:13,1
DA:16,10
DA:17,2
DA:18,2
DA:22,2
DA:23,1
DA:27,1
DA:30,10
DA:31,2
DA:32,2
DA:33,2
DA:34,2
DA:36,2
DA:39,2
DA:43,2
DA:44,1
DA:45,2
DA:57,2
DA:60,10
DA:61,2
DA:62,2
DA:63,2
DA:64,2
DA:65,2
DA:66,0
DA:67,2
DA:68,0
DA:69,2
DA:74,2
DA:75,1
DA:78,10
DA:79,1
DA:80,1
DA:83,1
DA:84,1
LF:38
LH:36
BRDA:22,0,0,1
BRDA:22,0,1,1
BRDA:31,1,0,2
BRDA:36,2,0,2
BRDA:36,2,1,0
BRDA:36,3,0,2
BRDA:36,3,1,0
BRDA:43,4,0,1
BRDA:43,4,1,1
BRDA:48,5,0,2
BRDA:48,5,1,2
BRDA:49,6,0,2
BRDA:49,6,1,0
BRDA:50,7,0,2
BRDA:50,7,1,0
BRDA:51,8,0,2
BRDA:51,8,1,0
BRDA:52,9,0,2
BRDA:52,9,1,0
BRDA:64,10,0,2
BRDA:64,10,1,0
BRDA:64,11,0,2
BRDA:64,11,1,2
BRDA:65,12,0,0
BRDA:65,12,1,2
BRDA:65,13,0,2
BRDA:65,13,1,0
BRDA:67,14,0,0
BRDA:67,14,1,2
BRDA:67,15,0,2
BRDA:67,15,1,0
BRDA:74,16,0,1
BRDA:74,16,1,1
BRF:33
BRH:22
end_of_record
TN:
SF:src\routes\reports.ts
FN:7,(anonymous_0)
FN:89,(anonymous_1)
FN:90,(anonymous_2)
FN:101,(anonymous_3)
FN:102,(anonymous_4)
FN:103,(anonymous_5)
FN:104,(anonymous_6)
FNF:7
FNH:6
FNDA:5,(anonymous_0)
FNDA:0,(anonymous_1)
FNDA:3,(anonymous_2)
FNDA:3,(anonymous_3)
FNDA:3,(anonymous_4)
FNDA:3,(anonymous_5)
FNDA:3,(anonymous_6)
DA:5,11
DA:7,11
DA:12,5
DA:17,5
DA:18,5
DA:19,1
DA:22,1
DA:25,4
DA:26,4
DA:28,4
DA:30,4
DA:31,1
DA:32,1
DA:35,3
DA:53,3
DA:55,3
DA:57,3
DA:58,1
DA:59,2
DA:60,1
DA:62,1
DA:65,3
DA:66,3
DA:67,3
DA:68,3
DA:69,3
DA:71,3
DA:72,3
DA:73,0
DA:74,0
DA:75,0
DA:76,0
DA:78,3
DA:88,3
DA:89,0
DA:90,3
DA:101,3
DA:102,3
DA:103,3
DA:104,3
DA:106,3
DA:110,5
DA:123,0
DA:124,0
LF:44
LH:37
BRDA:11,0,0,5
BRDA:18,1,0,1
BRDA:18,1,1,4
BRDA:18,2,0,5
BRDA:18,2,1,4
BRDA:30,3,0,1
BRDA:30,3,1,3
BRDA:30,4,0,4
BRDA:30,4,1,4
BRDA:57,5,0,1
BRDA:57,5,1,2
BRDA:58,6,0,1
BRDA:58,6,1,0
BRDA:59,7,0,1
BRDA:59,7,1,1
BRDA:62,8,0,1
BRDA:62,8,1,1
BRDA:65,9,0,3
BRDA:65,9,1,1
BRDA:66,10,0,3
BRDA:66,10,1,0
BRDA:67,11,0,3
BRDA:67,11,1,0
BRDA:72,12,0,0
BRDA:72,12,1,3
BRDA:96,13,0,3
BRDA:96,13,1,0
BRDA:106,14,0,3
BRDA:106,14,1,0
BRF:29
BRH:23
end_of_record
TN:
SF:src\routes\research.ts
FN:90,seededRandom
FN:95,(anonymous_1)
FN:103,detectCategory
FN:133,buildFallback
FN:151,(anonymous_4)
FN:152,(anonymous_5)
FN:153,(anonymous_6)
FN:154,(anonymous_7)
FN:189,(anonymous_8)
FN:237,(anonymous_9)
FN:244,(anonymous_10)
FN:254,(anonymous_11)
FNF:12
FNH:11
FNDA:2,seededRandom
FNDA:94,(anonymous_1)
FNDA:2,detectCategory
FNDA:2,buildFallback
FNDA:8,(anonymous_4)
FNDA:9,(anonymous_5)
FNDA:43,(anonymous_6)
FNDA:31,(anonymous_7)
FNDA:3,(anonymous_8)
FNDA:2,(anonymous_9)
FNDA:1,(anonymous_10)
FNDA:0,(anonymous_11)
DA:7,11
DA:9,11
DA:67,11
DA:79,11
DA:91,2
DA:92,2
DA:93,28
DA:95,2
DA:96,94
DA:97,94
DA:98,94
DA:99,94
DA:104,2
DA:105,2
DA:110,1
DA:111,1
DA:116,0
DA:117,1
DA:122,0
DA:123,1
DA:124,0
DA:125,1
DA:126,0
DA:127,1
DA:128,1
DA:129,0
DA:130,1
DA:134,2
DA:135,2
DA:136,2
DA:137,2
DA:138,2
DA:140,2
DA:147,2
DA:148,2
DA:149,2
DA:151,8
DA:152,9
DA:153,43
DA:154,31
DA:155,2
DA:156,2
DA:158,2
DA:167,2
DA:174,2
DA:175,2
DA:189,11
DA:190,3
DA:191,3
DA:192,1
DA:193,1
DA:197,2
DA:199,2
DA:200,2
DA:201,0
DA:202,0
DA:203,0
DA:205,2
DA:206,2
DA:207,2
DA:208,0
DA:211,2
DA:227,2
DA:237,11
DA:238,2
DA:243,2
DA:244,1
DA:254,11
DA:255,0
DA:256,0
DA:257,0
DA:258,0
DA:260,0
DA:264,0
DA:265,0
DA:266,0
DA:268,0
LF:77
LH:59
BRDA:105,0,0,1
BRDA:105,0,1,1
BRDA:111,1,0,0
BRDA:111,1,1,1
BRDA:117,2,0,0
BRDA:117,2,1,1
BRDA:123,3,0,0
BRDA:123,3,1,1
BRDA:125,4,0,0
BRDA:125,4,1,1
BRDA:127,5,0,0
BRDA:127,5,1,1
BRDA:128,6,0,0
BRDA:128,6,1,1
BRDA:140,7,0,2
BRDA:140,7,1,0
BRDA:142,8,0,0
BRDA:142,8,1,0
BRDA:144,9,0,0
BRDA:144,9,1,0
BRDA:159,10,0,2
BRDA:159,10,1,0
BRDA:161,11,0,0
BRDA:161,11,1,0
BRDA:163,12,0,0
BRDA:163,12,1,0
BRDA:167,13,0,1
BRDA:167,13,1,1
BRDA:169,14,0,1
BRDA:169,14,1,0
BRDA:171,15,0,0
BRDA:171,15,1,0
BRDA:174,16,0,2
BRDA:174,16,1,0
BRDA:174,17,0,2
BRDA:174,17,1,1
BRDA:174,18,0,0
BRDA:174,18,1,0
BRDA:191,19,0,1
BRDA:191,19,1,2
BRDA:191,20,0,3
BRDA:191,20,1,2
BRDA:205,21,0,2
BRDA:205,21,1,0
BRDA:207,22,0,0
BRDA:207,22,1,2
BRDA:256,23,0,0
BRDA:256,23,1,0
BRDA:264,24,0,0
BRDA:264,24,1,0
BRF:50
BRH:22
end_of_record
TN:
SF:src\routes\returns.ts
FN:8,(anonymous_0)
FN:16,(anonymous_1)
FN:26,(anonymous_2)
FN:37,(anonymous_3)
FNF:4
FNH:4
FNDA:1,(anonymous_0)
FNDA:1,(anonymous_1)
FNDA:2,(anonymous_2)
FNDA:1,(anonymous_3)
DA:6,11
DA:8,11
DA:9,1
DA:13,1
DA:16,11
DA:17,1
DA:18,1
DA:19,1
DA:23,1
DA:26,11
DA:27,2
DA:28,2
DA:33,2
DA:34,1
DA:37,11
DA:38,1
DA:39,1
DA:40,1
LF:18
LH:18
BRDA:33,0,0,1
BRDA:33,0,1,1
BRF:2
BRH:2
end_of_record
TN:
SF:src\routes\rfm.ts
FN:7,(anonymous_0)
FN:51,(anonymous_1)
FN:54,(anonymous_2)
FN:55,(anonymous_3)
FN:57,percentileScore
FN:58,(anonymous_5)
FN:59,(anonymous_6)
FN:65,(anonymous_7)
FN:103,(anonymous_8)
FN:107,(anonymous_9)
FNF:10
FNH:10
FNDA:3,(anonymous_0)
FNDA:4,(anonymous_1)
FNDA:4,(anonymous_2)
FNDA:4,(anonymous_3)
FNDA:12,percentileScore
FNDA:24,(anonymous_5)
FNDA:30,(anonymous_6)
FNDA:4,(anonymous_7)
FNDA:2,(anonymous_8)
FNDA:4,(anonymous_9)
DA:5,10
DA:7,10
DA:8,3
DA:9,3
DA:21,3
DA:23,3
DA:24,7
DA:25,6
DA:26,7
DA:27,6
DA:28,4
DA:37,6
DA:38,6
DA:39,6
DA:40,7
DA:41,6
DA:42,7
DA:45,3
DA:46,3
DA:47,1
DA:48,1
DA:51,2
DA:52,4
DA:54,4
DA:55,4
DA:58,24
DA:59,30
DA:60,12
DA:61,12
DA:62,12
DA:65,2
DA:66,4
DA:67,4
DA:68,4
DA:69,4
DA:72,4
DA:73,3
DA:74,3
DA:75,3
DA:76,2
DA:77,1
DA:78,1
DA:79,0
DA:81,4
DA:82,4
DA:97,2
DA:98,2
DA:99,4
DA:102,2
DA:103,2
DA:107,4
LF:51
LH:50
BRDA:24,0,0,1
BRDA:24,0,1,6
BRDA:25,1,0,6
BRDA:25,1,1,1
BRDA:25,1,2,0
BRDA:26,2,0,0
BRDA:26,2,1,7
BRDA:27,3,0,4
BRDA:27,3,1,2
BRDA:29,4,0,4
BRDA:29,4,1,0
BRDA:30,5,0,4
BRDA:30,5,1,1
BRDA:39,6,0,6
BRDA:39,6,1,0
BRDA:40,7,0,4
BRDA:40,7,1,3
BRDA:41,8,0,6
BRDA:41,8,1,0
BRDA:41,9,0,7
BRDA:41,9,1,0
BRDA:46,10,0,1
BRDA:46,10,1,2
BRDA:57,11,0,12
BRDA:61,12,0,4
BRDA:61,12,1,8
BRDA:72,13,0,1
BRDA:72,13,1,3
BRDA:72,14,0,4
BRDA:72,14,1,1
BRDA:72,14,2,1
BRDA:72,15,0,0
BRDA:72,15,1,3
BRDA:73,16,0,3
BRDA:73,16,1,0
BRDA:73,16,2,0
BRDA:73,17,0,0
BRDA:73,17,1,3
BRDA:74,18,0,3
BRDA:74,18,1,0
BRDA:74,19,0,0
BRDA:74,19,1,3
BRDA:75,20,0,3
BRDA:75,20,1,0
BRDA:75,20,2,0
BRDA:75,21,0,2
BRDA:75,21,1,1
BRDA:76,22,0,3
BRDA:76,22,1,3
BRDA:76,22,2,2
BRDA:76,23,0,0
BRDA:76,23,1,1
BRDA:77,24,0,1
BRDA:77,24,1,1
BRDA:77,24,2,0
BRDA:77,25,0,1
BRDA:77,25,1,0
BRDA:78,26,0,1
BRDA:78,26,1,1
BRDA:99,27,0,4
BRDA:99,27,1,4
BRF:61
BRH:44
end_of_record
TN:
SF:src\routes\store-connections.ts
FN:16,generateApiKey
FN:20,(anonymous_1)
FN:28,(anonymous_2)
FN:58,(anonymous_3)
FN:83,(anonymous_4)
FN:91,(anonymous_5)
FN:102,(anonymous_6)
FN:117,(anonymous_7)
FN:152,(anonymous_8)
FN:242,(anonymous_9)
FNF:10
FNH:9
FNDA:3,generateApiKey
FNDA:1,(anonymous_1)
FNDA:2,(anonymous_2)
FNDA:2,(anonymous_3)
FNDA:1,(anonymous_4)
FNDA:1,(anonymous_5)
FNDA:2,(anonymous_6)
FNDA:2,(anonymous_7)
FNDA:5,(anonymous_8)
FNDA:0,(anonymous_9)
DA:14,10
DA:17,3
DA:20,10
DA:21,1
DA:25,1
DA:28,10
DA:29,2
DA:36,2
DA:37,1
DA:38,1
DA:40,1
DA:41,1
DA:53,1
DA:58,10
DA:59,2
DA:60,2
DA:61,2
DA:65,2
DA:66,0
DA:68,2
DA:73,2
DA:74,1
DA:75,1
DA:77,1
DA:83,10
DA:84,1
DA:85,1
DA:88,1
DA:91,10
DA:92,1
DA:93,1
DA:99,1
DA:102,10
DA:103,2
DA:104,2
DA:105,2
DA:110,2
DA:111,1
DA:112,1
DA:114,1
DA:117,10
DA:118,2
DA:119,2
DA:123,2
DA:124,1
DA:125,1
DA:128,1
DA:129,1
DA:132,2
DA:134,2
DA:135,0
DA:136,0
DA:137,0
DA:139,1
DA:140,0
DA:141,0
DA:142,0
DA:145,1
DA:147,0
DA:148,0
DA:152,10
DA:153,5
DA:154,5
DA:155,1
DA:156,1
DA:159,4
DA:163,4
DA:164,1
DA:165,1
DA:167,3
DA:168,1
DA:169,1
DA:172,2
DA:198,2
DA:199,2
DA:201,2
DA:202,2
DA:203,1
DA:204,1
DA:206,1
DA:208,1
DA:219,1
DA:229,1
DA:233,1
DA:234,1
DA:245,1
DA:248,1
DA:249,1
DA:252,2
DA:260,2
DA:261,1
DA:263,1
LF:92
LH:83
BRDA:36,0,0,1
BRDA:36,0,1,1
BRDA:45,1,0,1
BRDA:45,1,1,0
BRDA:46,2,0,2
BRDA:46,2,1,0
BRDA:48,3,0,2
BRDA:48,3,1,1
BRDA:50,4,0,0
BRDA:50,4,1,1
BRDA:55,5,0,0
BRDA:55,5,1,1
BRDA:65,6,0,0
BRDA:65,6,1,2
BRDA:66,7,0,0
BRDA:66,7,1,0
BRDA:73,8,0,1
BRDA:73,8,1,1
BRDA:79,9,0,0
BRDA:79,9,1,1
BRDA:110,10,0,1
BRDA:110,10,1,1
BRDA:123,11,0,1
BRDA:123,11,1,1
BRDA:129,12,0,0
BRDA:129,12,1,1
BRDA:134,13,0,0
BRDA:134,13,1,2
BRDA:139,14,0,0
BRDA:139,14,1,1
BRDA:147,15,0,0
BRDA:147,15,1,0
BRDA:154,16,0,1
BRDA:154,16,1,4
BRDA:163,17,0,1
BRDA:163,17,1,3
BRDA:167,18,0,1
BRDA:167,18,1,2
BRDA:202,19,0,1
BRDA:202,19,1,1
BRDA:202,20,0,2
BRDA:202,20,1,1
BRDA:203,21,0,0
BRDA:203,21,1,1
BRDA:206,22,0,1
BRDA:206,22,1,0
BRDA:210,23,0,1
BRDA:210,23,1,0
BRDA:211,24,0,1
BRDA:211,24,1,1
BRDA:212,25,0,1
BRDA:212,25,1,0
BRDA:213,26,0,1
BRDA:213,26,1,0
BRDA:214,27,0,1
BRDA:214,27,1,0
BRDA:215,28,0,1
BRDA:215,28,1,0
BRDA:216,29,0,1
BRDA:216,29,1,1
BRDA:217,30,0,1
BRDA:217,30,1,1
BRDA:233,31,0,1
BRDA:233,31,1,0
BRDA:236,32,0,1
BRDA:236,32,1,0
BRDA:237,33,0,1
BRDA:237,33,1,0
BRDA:238,34,0,1
BRDA:238,34,1,0
BRDA:239,35,0,1
BRDA:239,35,1,0
BRDA:240,36,0,1
BRDA:240,36,1,0
BRDA:241,37,0,1
BRDA:241,37,1,0
BRDA:249,38,0,1
BRDA:249,38,1,0
BRDA:254,39,0,2
BRDA:254,39,1,0
BRDA:260,40,0,1
BRDA:260,40,1,1
BRF:82
BRH:53
end_of_record
TN:
SF:src\routes\supplier-finder.ts
FN:162,detectCategory
FN:187,seededRandom
FN:192,(anonymous_2)
FN:200,(anonymous_3)
FN:275,(anonymous_4)
FN:305,(anonymous_5)
FN:336,(anonymous_6)
FN:343,(anonymous_7)
FN:356,(anonymous_8)
FNF:9
FNH:9
FNDA:2,detectCategory
FNDA:2,seededRandom
FNDA:26,(anonymous_2)
FNDA:3,(anonymous_3)
FNDA:6,(anonymous_4)
FNDA:2,(anonymous_5)
FNDA:1,(anonymous_6)
FNDA:1,(anonymous_7)
FNDA:3,(anonymous_8)
DA:6,10
DA:26,10
DA:129,10
DA:163,2
DA:164,2
DA:169,1
DA:170,1
DA:175,1
DA:176,0
DA:181,0
DA:182,0
DA:183,0
DA:184,0
DA:188,2
DA:189,2
DA:190,42
DA:192,2
DA:193,26
DA:194,26
DA:195,26
DA:196,26
DA:200,10
DA:201,3
DA:207,3
DA:208,1
DA:209,1
DA:212,2
DA:213,2
DA:214,2
DA:219,2
DA:234,2
DA:237,2
DA:238,2
DA:240,2
DA:242,2
DA:247,2
DA:248,2
DA:253,2
DA:257,2
DA:274,2
DA:275,6
DA:276,3
DA:277,4
DA:282,2
DA:283,2
DA:286,4
DA:288,4
DA:305,2
DA:307,2
DA:308,3
DA:313,3
DA:326,2
DA:336,10
DA:337,1
DA:342,1
DA:343,1
DA:354,10
DA:357,3
DA:358,3
DA:359,1
DA:360,1
DA:362,2
DA:366,2
DA:367,1
DA:368,1
DA:370,1
LF:66
LH:61
BRDA:164,0,0,1
BRDA:164,0,1,1
BRDA:170,1,0,1
BRDA:170,1,1,0
BRDA:176,2,0,0
BRDA:176,2,1,0
BRDA:182,3,0,0
BRDA:182,3,1,0
BRDA:207,4,0,1
BRDA:207,4,1,2
BRDA:207,5,0,3
BRDA:207,5,1,2
BRDA:238,6,0,2
BRDA:238,6,1,0
BRDA:240,7,0,1
BRDA:240,7,1,1
BRDA:240,8,0,2
BRDA:240,8,1,2
BRDA:242,9,0,2
BRDA:242,9,1,0
BRDA:242,10,0,2
BRDA:242,10,1,2
BRDA:244,11,0,0
BRDA:244,11,1,0
BRDA:244,12,0,0
BRDA:244,12,1,0
BRDA:253,13,0,2
BRDA:253,13,1,0
BRDA:260,14,0,2
BRDA:260,14,1,0
BRDA:262,15,0,2
BRDA:262,15,1,0
BRDA:263,16,0,2
BRDA:263,16,1,0
BRDA:265,17,0,2
BRDA:265,17,1,0
BRDA:265,18,0,1
BRDA:265,18,1,1
BRDA:265,19,0,2
BRDA:265,19,1,0
BRDA:268,20,0,2
BRDA:268,20,1,0
BRDA:269,21,0,2
BRDA:269,21,1,0
BRDA:274,22,0,2
BRDA:274,22,1,0
BRDA:277,23,0,2
BRDA:277,23,1,2
BRDA:278,24,0,4
BRDA:278,24,1,2
BRDA:278,24,2,2
BRDA:283,25,0,0
BRDA:283,25,1,2
BRDA:307,26,0,2
BRDA:307,26,1,0
BRDA:308,27,0,3
BRDA:308,27,1,0
BRDA:318,28,0,1
BRDA:318,28,1,1
BRDA:319,29,0,3
BRDA:319,29,1,1
BRDA:329,30,0,1
BRDA:329,30,1,1
BRDA:346,31,0,0
BRDA:346,31,1,1
BRDA:358,32,0,1
BRDA:358,32,1,2
BRDA:366,33,0,1
BRDA:366,33,1,1
BRF:69
BRH:45
end_of_record
TN:
SF:src\routes\suppliers.ts
FN:16,(anonymous_0)
FN:23,(anonymous_1)
FN:37,(anonymous_2)
FN:51,(anonymous_3)
FN:68,(anonymous_4)
FN:96,(anonymous_5)
FN:113,(anonymous_6)
FN:124,(anonymous_7)
FNF:8
FNH:8
FNDA:6,(anonymous_0)
FNDA:3,(anonymous_1)
FNDA:2,(anonymous_2)
FNDA:2,(anonymous_3)
FNDA:1,(anonymous_4)
FNDA:1,(anonymous_5)
FNDA:1,(anonymous_6)
FNDA:1,(anonymous_7)
DA:14,11
DA:16,11
DA:23,11
DA:24,3
DA:25,3
DA:26,0
DA:27,0
DA:29,3
DA:30,3
DA:31,2
DA:33,3
DA:34,3
DA:37,11
DA:38,2
DA:39,2
DA:40,0
DA:41,0
DA:43,2
DA:44,2
DA:48,2
DA:51,11
DA:52,2
DA:53,2
DA:54,0
DA:55,0
DA:57,2
DA:61,2
DA:62,1
DA:63,1
DA:65,1
DA:68,11
DA:69,1
DA:70,1
DA:71,0
DA:72,0
DA:74,1
DA:75,1
DA:76,0
DA:77,0
DA:79,1
DA:80,1
DA:81,1
DA:82,1
DA:84,1
DA:89,1
DA:90,0
DA:91,0
DA:93,1
DA:96,11
DA:97,1
DA:98,1
DA:99,0
DA:100,0
DA:102,1
DA:106,1
DA:107,0
DA:108,0
DA:110,1
DA:113,11
DA:114,1
DA:115,1
DA:116,0
DA:117,0
DA:119,1
DA:124,1
DA:139,1
LF:66
LH:48
BRDA:18,0,0,1
BRDA:18,0,1,5
BRDA:25,1,0,0
BRDA:25,1,1,3
BRDA:30,2,0,2
BRDA:30,2,1,1
BRDA:39,3,0,0
BRDA:39,3,1,2
BRDA:46,4,0,0
BRDA:46,4,1,2
BRDA:53,5,0,0
BRDA:53,5,1,2
BRDA:61,6,0,1
BRDA:61,6,1,1
BRDA:70,7,0,0
BRDA:70,7,1,1
BRDA:75,8,0,0
BRDA:75,8,1,1
BRDA:81,9,0,1
BRDA:81,9,1,0
BRDA:82,10,0,1
BRDA:82,10,1,0
BRDA:89,11,0,0
BRDA:89,11,1,1
BRDA:98,12,0,0
BRDA:98,12,1,1
BRDA:106,13,0,0
BRDA:106,13,1,1
BRDA:115,14,0,0
BRDA:115,14,1,1
BRDA:126,15,0,0
BRDA:126,15,1,1
BRDA:127,16,0,0
BRDA:127,16,1,1
BRDA:129,17,0,0
BRDA:129,17,1,1
BRDA:129,18,0,1
BRDA:129,18,1,0
BRDA:129,18,2,0
BRF:39
BRH:22
end_of_record
TN:
SF:src\services\ai.ts
FN:7,getKey
FN:15,getModel
FN:23,hasKey
FN:28,chatGroq
FN:55,chatMistral
FN:86,chatDeepSeek
FN:117,chatOpenRouter
FN:153,serpSearch
FN:172,tryProviders
FN:203,scoreProduct
FN:238,researchProduct
FN:260,generateDescription
FN:280,findSuppliers
FN:293,(anonymous_13)
FNF:14
FNH:7
FNDA:44,getKey
FNDA:2,getModel
FNDA:3,hasKey
FNDA:2,chatGroq
FNDA:0,chatMistral
FNDA:0,chatDeepSeek
FNDA:0,chatOpenRouter
FNDA:0,serpSearch
FNDA:11,tryProviders
FNDA:5,scoreProduct
FNDA:2,researchProduct
FNDA:0,generateDescription
FNDA:0,findSuppliers
FNDA:0,(anonymous_13)
DA:8,44
DA:12,44
DA:16,2
DA:20,2
DA:24,3
DA:25,3
DA:29,2
DA:30,2
DA:31,2
DA:32,2
DA:48,2
DA:49,2
DA:52,2
DA:59,0
DA:60,0
DA:61,0
DA:62,0
DA:78,0
DA:79,0
DA:80,0
DA:83,0
DA:90,0
DA:91,0
DA:92,0
DA:93,0
DA:109,0
DA:110,0
DA:111,0
DA:114,0
DA:121,0
DA:122,0
DA:123,0
DA:127,0
DA:145,0
DA:146,0
DA:147,0
DA:150,0
DA:156,0
DA:157,0
DA:158,0
DA:164,0
DA:165,0
DA:166,0
DA:169,0
DA:177,11
DA:184,11
DA:185,11
DA:186,38
DA:187,38
DA:188,2
DA:189,2
DA:190,0
DA:191,0
DA:192,0
DA:193,0
DA:194,0
DA:195,0
DA:197,0
DA:200,9
DA:210,5
DA:213,5
DA:231,5
DA:239,2
DA:253,2
DA:266,0
DA:273,0
DA:284,0
DA:285,0
DA:286,0
DA:287,0
DA:288,0
DA:291,0
DA:293,0
DA:298,0
DA:319,0
LF:75
LH:26
BRDA:12,0,0,44
BRDA:12,0,1,39
BRDA:20,1,0,2
BRDA:20,1,1,0
BRDA:30,2,0,0
BRDA:30,2,1,2
BRDA:48,3,0,0
BRDA:48,3,1,2
BRDA:60,4,0,0
BRDA:60,4,1,0
BRDA:78,5,0,0
BRDA:78,5,1,0
BRDA:91,6,0,0
BRDA:91,6,1,0
BRDA:109,7,0,0
BRDA:109,7,1,0
BRDA:122,8,0,0
BRDA:122,8,1,0
BRDA:145,9,0,0
BRDA:145,9,1,0
BRDA:157,10,0,0
BRDA:157,10,1,0
BRDA:165,11,0,0
BRDA:165,11,1,0
BRDA:169,12,0,0
BRDA:169,12,1,0
BRDA:187,13,0,36
BRDA:187,13,1,2
BRDA:189,14,0,2
BRDA:189,14,1,0
BRDA:190,15,0,0
BRDA:190,15,1,0
BRDA:192,16,0,0
BRDA:192,16,1,0
BRDA:194,17,0,0
BRDA:194,17,1,0
BRDA:210,18,0,4
BRDA:210,18,1,1
BRDA:210,19,0,5
BRDA:210,19,1,4
BRDA:216,20,0,4
BRDA:216,20,1,1
BRDA:270,21,0,0
BRDA:270,21,1,0
BRDA:286,22,0,0
BRDA:286,22,1,0
BRDA:299,23,0,0
BRDA:299,23,1,0
BRF:48
BRH:14
end_of_record
TN:
SF:src\services\cjdropshipping.ts
FN:8,testCJDropshipping
FN:62,placeCJOrder
FN:109,getCJInventory
FNF:3
FNH:3
FNDA:6,testCJDropshipping
FNDA:1,placeCJOrder
FNDA:1,getCJInventory
DA:11,6
DA:12,6
DA:13,6
DA:15,6
DA:18,6
DA:19,3
DA:25,3
DA:27,3
DA:32,3
DA:39,2
DA:45,2
DA:46,2
DA:52,0
DA:53,6
DA:55,1
DA:77,1
DA:78,1
DA:80,1
DA:81,1
DA:84,0
DA:85,1
DA:88,1
DA:102,0
DA:103,0
DA:106,0
DA:110,1
DA:111,1
DA:113,1
DA:114,1
DA:117,0
DA:118,1
DA:120,1
DA:126,1
DA:133,0
DA:134,0
DA:137,0
DA:138,0
LF:37
LH:27
BRDA:15,0,0,6
BRDA:15,0,1,4
BRDA:18,1,0,3
BRDA:18,1,1,3
BRDA:18,2,0,6
BRDA:18,2,1,3
BRDA:45,3,0,2
BRDA:45,3,1,0
BRDA:45,4,0,2
BRDA:45,4,1,2
BRDA:48,5,0,2
BRDA:48,5,1,0
BRDA:52,6,0,0
BRDA:52,6,1,0
BRDA:52,6,2,0
BRDA:57,7,0,1
BRDA:57,7,1,0
BRDA:80,8,0,1
BRDA:80,8,1,0
BRDA:80,9,0,1
BRDA:80,9,1,0
BRDA:84,10,0,0
BRDA:84,10,1,0
BRDA:102,11,0,0
BRDA:102,11,1,0
BRDA:113,12,0,1
BRDA:113,12,1,0
BRDA:113,13,0,1
BRDA:113,13,1,0
BRDA:117,14,0,0
BRDA:117,14,1,0
BRDA:133,15,0,0
BRDA:133,15,1,0
BRF:33
BRH:15
end_of_record
TN:
SF:src\services\fulfillment-engine.ts
FN:25,matchBestSupplier
FN:47,(anonymous_1)
FN:76,autoFulfillOrder
FN:107,approveFulfillmentItem
FN:210,rejectFulfillmentItem
FNF:5
FNH:4
FNDA:2,matchBestSupplier
FNDA:0,(anonymous_1)
FNDA:2,autoFulfillOrder
FNDA:1,approveFulfillmentItem
FNDA:1,rejectFulfillmentItem
DA:31,2
DA:35,2
DA:37,0
DA:38,0
DA:39,0
DA:40,0
DA:42,0
DA:43,0
DA:44,0
DA:47,0
DA:48,0
DA:49,0
DA:51,0
DA:52,0
DA:53,0
DA:55,0
DA:56,0
DA:57,0
DA:58,0
DA:64,0
DA:65,0
DA:67,0
DA:77,2
DA:79,2
DA:82,2
DA:84,2
DA:88,2
DA:110,1
DA:114,1
DA:115,1
DA:116,0
DA:118,1
DA:119,1
DA:121,1
DA:122,1
DA:124,1
DA:136,1
DA:144,1
DA:149,1
DA:156,1
DA:157,0
DA:158,0
DA:162,0
DA:163,0
DA:164,0
DA:169,0
DA:184,0
DA:185,0
DA:203,0
DA:207,1
DA:214,1
DA:218,1
DA:220,1
DA:229,1
LF:54
LH:24
BRDA:35,0,0,2
BRDA:35,0,1,0
BRDA:43,1,0,0
BRDA:43,1,1,0
BRDA:47,2,0,0
BRDA:47,2,1,0
BRDA:48,3,0,0
BRDA:48,3,1,0
BRDA:51,4,0,0
BRDA:51,4,1,0
BRDA:51,5,0,0
BRDA:51,5,1,0
BRDA:51,6,0,0
BRDA:51,6,1,0
BRDA:52,7,0,0
BRDA:52,7,1,0
BRDA:53,8,0,0
BRDA:53,8,1,0
BRDA:55,9,0,0
BRDA:55,9,1,0
BRDA:58,10,0,0
BRDA:58,10,1,0
BRDA:59,11,0,0
BRDA:59,11,1,0
BRDA:60,12,0,0
BRDA:60,12,1,0
BRDA:60,13,0,0
BRDA:60,13,1,0
BRDA:72,14,0,0
BRDA:72,14,1,0
BRDA:72,15,0,0
BRDA:72,15,1,0
BRDA:77,16,0,2
BRDA:77,16,1,0
BRDA:82,17,0,2
BRDA:82,17,1,2
BRDA:82,18,0,2
BRDA:82,18,1,0
BRDA:84,19,0,2
BRDA:84,19,1,0
BRDA:84,20,0,2
BRDA:84,20,1,2
BRDA:94,21,0,2
BRDA:94,21,1,0
BRDA:95,22,0,2
BRDA:95,22,1,2
BRDA:96,23,0,2
BRDA:96,23,1,2
BRDA:97,24,0,2
BRDA:97,24,1,0
BRDA:98,25,0,2
BRDA:98,25,1,0
BRDA:100,26,0,2
BRDA:100,26,1,2
BRDA:103,27,0,2
BRDA:103,27,1,0
BRDA:114,28,0,0
BRDA:114,28,1,1
BRDA:115,29,0,0
BRDA:115,29,1,1
BRDA:121,30,0,1
BRDA:121,30,1,0
BRDA:128,31,0,1
BRDA:128,31,1,1
BRDA:129,32,0,1
BRDA:129,32,1,1
BRDA:140,33,0,1
BRDA:140,33,1,0
BRDA:141,34,0,1
BRDA:141,34,1,0
BRDA:156,35,0,0
BRDA:156,35,1,1
BRDA:162,36,0,0
BRDA:162,36,1,0
BRDA:162,37,0,0
BRDA:162,37,1,0
BRDA:164,38,0,0
BRDA:164,38,1,0
BRDA:165,39,0,0
BRDA:165,39,1,0
BRDA:165,39,2,0
BRDA:173,40,0,0
BRDA:173,40,1,0
BRDA:174,41,0,0
BRDA:174,41,1,0
BRDA:184,42,0,0
BRDA:184,42,1,0
BRDA:184,43,0,0
BRDA:184,43,1,0
BRDA:189,44,0,0
BRDA:189,44,1,0
BRDA:190,45,0,0
BRDA:190,45,1,0
BRDA:218,46,0,0
BRDA:218,46,1,1
BRDA:225,47,0,1
BRDA:225,47,1,0
BRF:97
BRH:30
end_of_record
TN:
SF:src\services\fulfillment-utils.ts
FN:1,detectCategory
FNF:1
FNH:1
FNDA:20,detectCategory
DA:2,20
DA:3,20
DA:8,5
DA:9,15
DA:10,2
DA:11,13
DA:16,2
DA:17,11
DA:18,2
DA:19,9
DA:20,2
DA:21,7
DA:22,5
DA:23,2
DA:24,3
LF:15
LH:15
BRDA:3,0,0,5
BRDA:3,0,1,15
BRDA:9,1,0,2
BRDA:9,1,1,13
BRDA:11,2,0,2
BRDA:11,2,1,11
BRDA:17,3,0,2
BRDA:17,3,1,9
BRDA:19,4,0,2
BRDA:19,4,1,7
BRDA:21,5,0,2
BRDA:21,5,1,5
BRDA:22,6,0,2
BRDA:22,6,1,3
BRF:14
BRH:14
end_of_record
TN:
SF:src\services\zendrop.ts
FN:7,testZendrop
FN:52,placeZendropOrder
FN:96,getZendropInventory
FNF:3
FNH:3
FNDA:4,testZendrop
FNDA:3,placeZendropOrder
FNDA:3,getZendropInventory
DA:10,4
DA:11,4
DA:13,4
DA:15,4
DA:16,1
DA:19,3
DA:21,3
DA:29,2
DA:35,2
DA:36,1
DA:42,1
DA:43,4
DA:45,1
DA:67,3
DA:69,3
DA:70,1
DA:73,2
DA:74,3
DA:76,3
DA:89,2
DA:90,1
DA:93,1
DA:97,3
DA:99,3
DA:100,1
DA:103,2
DA:104,3
DA:106,3
DA:114,2
DA:115,1
DA:118,1
DA:119,1
LF:32
LH:32
BRDA:13,0,0,4
BRDA:13,0,1,1
BRDA:15,1,0,1
BRDA:15,1,1,3
BRDA:35,2,0,1
BRDA:35,2,1,1
BRDA:35,3,0,2
BRDA:35,3,1,2
BRDA:38,4,0,1
BRDA:38,4,1,0
BRDA:42,5,0,1
BRDA:42,5,1,1
BRDA:42,5,2,1
BRDA:47,6,0,1
BRDA:47,6,1,0
BRDA:69,7,0,1
BRDA:69,7,1,2
BRDA:73,8,0,2
BRDA:73,8,1,2
BRDA:89,9,0,1
BRDA:89,9,1,1
BRDA:99,10,0,1
BRDA:99,10,1,2
BRDA:103,11,0,2
BRDA:103,11,1,2
BRDA:114,12,0,1
BRDA:114,12,1,1
BRF:27
BRH:25
end_of_record
